This file contains any messages produced by compilers while
running configure, to aid debugging if configure makes a mistake.

It was created by escape configure 0.99.0, which was
generated by GNU Autoconf 2.67.  Invocation command line was

  $ ./configure --prefix=/media/ps3dev/ps3dev/portlibs/ppu --host=powerpc64-ps3-elf --includedir=/media/ps3dev/ps3dev/portlibs/ppu/include --libdir=/media/ps3dev/ps3dev/portlibs/ppu/lib

## --------- ##
## Platform. ##
## --------- ##

hostname = Linux
uname -m = i686
uname -r = 2.6.35-32-generic
uname -s = Linux
uname -v = #67-Ubuntu SMP Mon Mar 5 19:35:26 UTC 2012

/usr/bin/uname -p = unknown
/bin/uname -X     = unknown

/bin/arch              = unknown
/usr/bin/arch -k       = unknown
/usr/convex/getsysinfo = unknown
/usr/bin/hostinfo      = unknown
/bin/machine           = unknown
/usr/bin/oslevel       = unknown
/bin/universe          = unknown

PATH: /usr/local/sbin
PATH: /usr/local/bin
PATH: /usr/sbin
PATH: /usr/bin
PATH: /sbin
PATH: /bin
PATH: /usr/games
PATH: /media/ps3dev/ps3dev/bin
PATH: /media/ps3dev/ps3dev/ppu/bin
PATH: /media/ps3dev/ps3dev/spu/bin


## ----------- ##
## Core tests. ##
## ----------- ##

configure:2526: checking build system type
configure:2540: result: i686-pc-linux-gnu
configure:2560: checking host system type
configure:2573: result: powerpc64-ps3-elf
configure:2601: checking for powerpc64-ps3-elf-gcc
configure:2628: result: powerpc64-ps3-elf-gcc
configure:2897: checking for C compiler version
configure:2906: powerpc64-ps3-elf-gcc --version >&5
powerpc64-ps3-elf-gcc (GCC) 4.5.2
Copyright (C) 2010 Free Software Foundation, Inc.
This is free software; see the source for copying conditions.  There is NO
warranty; not even for MERCHANTABILITY or FITNESS FOR A PARTICULAR PURPOSE.

configure:2917: $? = 0
configure:2906: powerpc64-ps3-elf-gcc -v >&5
Using built-in specs.
COLLECT_GCC=powerpc64-ps3-elf-gcc
COLLECT_LTO_WRAPPER=/media/ps3dev/ps3dev/ppu/bin/../libexec/gcc/powerpc64-ps3-elf/4.5.2/lto-wrapper
Target: powerpc64-ps3-elf
Configured with: ../configure --prefix=/media/20GB/usr/local/ps3dev/ppu --target=powerpc64-ps3-elf --disable-dependency-tracking --disable-libstdcxx-pch --disable-multilib --disable-nls --disable-shared --disable-win32-registry --enable-languages=c,c++,objc,obj-c++ --enable-long-double-128 --enable-lto --enable-threads --with-cpu=cell --with-newlib : (reconfigured) ../configure --prefix=/media/20GB/usr/local/ps3dev/ppu --target=powerpc64-ps3-elf --disable-dependency-tracking --disable-libstdcxx-pch --disable-multilib --disable-nls --disable-shared --disable-win32-registry --enable-languages=c,c++,objc,obj-c++ --enable-long-double-128 --enable-lto --enable-threads --with-cpu=cell --with-newlib
Thread model: single
gcc version 4.5.2 (GCC) 
configure:2917: $? = 0
configure:2906: powerpc64-ps3-elf-gcc -V >&5
powerpc64-ps3-elf-gcc: '-V' option must have argument
configure:2917: $? = 1
configure:2906: powerpc64-ps3-elf-gcc -qversion >&5
powerpc64-ps3-elf-gcc: unrecognized option '-qversion'
powerpc64-ps3-elf-gcc: no input files
configure:2917: $? = 1
configure:2937: checking whether the C compiler works
configure:2959: powerpc64-ps3-elf-gcc -g -O3 -O2 -Wall -mcpu=cell -I/media/ps3dev/ps3dev/libpsl1ght/ppu/include -I/media/ps3dev/ps3dev/portlibs/ppu/include -mminimal-toc -I/media/ps3dev/ps3dev/ppu/lib/gcc/powerpc64-ps3-elf/4.5.2/plugin/include/ -I/media/ps3dev/ps3dev/libpsl1ght/ppu/include -I/media/ps3dev/ps3dev/portlibs/ppu/include -L/media/ps3dev/ps3dev/libpsl1ght/ppu/lib -L/media/ps3dev/ps3dev/portlibs/ppu/lib conftest.c  >&5
configure:2963: $? = 0
configure:3011: result: yes
configure:3014: checking for C compiler default output file name
configure:3016: result: a.out
configure:3022: checking for suffix of executables
configure:3029: powerpc64-ps3-elf-gcc -o conftest -g -O3 -O2 -Wall -mcpu=cell -I/media/ps3dev/ps3dev/libpsl1ght/ppu/include -I/media/ps3dev/ps3dev/portlibs/ppu/include -mminimal-toc -I/media/ps3dev/ps3dev/ppu/lib/gcc/powerpc64-ps3-elf/4.5.2/plugin/include/ -I/media/ps3dev/ps3dev/libpsl1ght/ppu/include -I/media/ps3dev/ps3dev/portlibs/ppu/include -L/media/ps3dev/ps3dev/libpsl1ght/ppu/lib -L/media/ps3dev/ps3dev/portlibs/ppu/lib conftest.c  >&5
configure:3033: $? = 0
configure:3055: result: 
configure:3077: checking whether we are cross compiling
configure:3085: powerpc64-ps3-elf-gcc -o conftest -g -O3 -O2 -Wall -mcpu=cell -I/media/ps3dev/ps3dev/libpsl1ght/ppu/include -I/media/ps3dev/ps3dev/portlibs/ppu/include -mminimal-toc -I/media/ps3dev/ps3dev/ppu/lib/gcc/powerpc64-ps3-elf/4.5.2/plugin/include/ -I/media/ps3dev/ps3dev/libpsl1ght/ppu/include -I/media/ps3dev/ps3dev/portlibs/ppu/include -L/media/ps3dev/ps3dev/libpsl1ght/ppu/lib -L/media/ps3dev/ps3dev/portlibs/ppu/lib conftest.c  >&5
configure:3089: $? = 0
configure:3096: ./conftest
./configure: line 3098: ./conftest: cannot execute binary file
configure:3100: $? = 126
configure:3115: result: yes
configure:3120: checking for suffix of object files
configure:3142: powerpc64-ps3-elf-gcc -c -g -O3 -O2 -Wall -mcpu=cell -I/media/ps3dev/ps3dev/libpsl1ght/ppu/include -I/media/ps3dev/ps3dev/portlibs/ppu/include -mminimal-toc -I/media/ps3dev/ps3dev/ppu/lib/gcc/powerpc64-ps3-elf/4.5.2/plugin/include/ -I/media/ps3dev/ps3dev/libpsl1ght/ppu/include -I/media/ps3dev/ps3dev/portlibs/ppu/include conftest.c >&5
configure:3146: $? = 0
configure:3167: result: o
configure:3171: checking whether we are using the GNU C compiler
configure:3190: powerpc64-ps3-elf-gcc -c -g -O3 -O2 -Wall -mcpu=cell -I/media/ps3dev/ps3dev/libpsl1ght/ppu/include -I/media/ps3dev/ps3dev/portlibs/ppu/include -mminimal-toc -I/media/ps3dev/ps3dev/ppu/lib/gcc/powerpc64-ps3-elf/4.5.2/plugin/include/ -I/media/ps3dev/ps3dev/libpsl1ght/ppu/include -I/media/ps3dev/ps3dev/portlibs/ppu/include conftest.c >&5
configure:3190: $? = 0
configure:3199: result: yes
configure:3208: checking whether powerpc64-ps3-elf-gcc accepts -g
configure:3228: powerpc64-ps3-elf-gcc -c -g -I/media/ps3dev/ps3dev/libpsl1ght/ppu/include -I/media/ps3dev/ps3dev/portlibs/ppu/include conftest.c >&5
configure:3228: $? = 0
configure:3269: result: yes
configure:3286: checking for powerpc64-ps3-elf-gcc option to accept ISO C89
configure:3350: powerpc64-ps3-elf-gcc  -c -g -O3 -O2 -Wall -mcpu=cell -I/media/ps3dev/ps3dev/libpsl1ght/ppu/include -I/media/ps3dev/ps3dev/portlibs/ppu/include -mminimal-toc -I/media/ps3dev/ps3dev/ppu/lib/gcc/powerpc64-ps3-elf/4.5.2/plugin/include/ -I/media/ps3dev/ps3dev/libpsl1ght/ppu/include -I/media/ps3dev/ps3dev/portlibs/ppu/include conftest.c >&5
configure:3350: $? = 0
configure:3363: result: none needed
configure:3383: checking for a sed that does not truncate output
configure:3447: result: /bin/sed
configure:3465: checking for grep that handles long lines and -e
configure:3523: result: /bin/grep
configure:3528: checking for egrep
configure:3590: result: /bin/grep -E
configure:3595: checking for fgrep
configure:3657: result: /bin/grep -F
configure:3692: checking for ld used by powerpc64-ps3-elf-gcc
configure:3759: result: /media/ps3dev/ps3dev/ppu/powerpc64-ps3-elf/bin/ld
configure:3766: checking if the linker (/media/ps3dev/ps3dev/ppu/powerpc64-ps3-elf/bin/ld) is GNU ld
configure:3781: result: yes
configure:3793: checking for BSD- or MS-compatible name lister (nm)
configure:3842: result: /media/ps3dev/ps3dev/ppu/bin/powerpc64-ps3-elf-nm -B
configure:3960: checking the name lister (/media/ps3dev/ps3dev/ppu/bin/powerpc64-ps3-elf-nm -B) interface
configure:3967: powerpc64-ps3-elf-gcc -c -g -O3 -O2 -Wall -mcpu=cell -I/media/ps3dev/ps3dev/libpsl1ght/ppu/include -I/media/ps3dev/ps3dev/portlibs/ppu/include -mminimal-toc -I/media/ps3dev/ps3dev/ppu/lib/gcc/powerpc64-ps3-elf/4.5.2/plugin/include/ -I/media/ps3dev/ps3dev/libpsl1ght/ppu/include -I/media/ps3dev/ps3dev/portlibs/ppu/include conftest.c >&5
configure:3970: /media/ps3dev/ps3dev/ppu/bin/powerpc64-ps3-elf-nm -B "conftest.o"
configure:3973: output
0000000000000000 B some_variable
configure:3980: result: BSD nm
configure:3983: checking whether ln -s works
configure:3987: result: yes
configure:3995: checking the maximum length of command line arguments
configure:4115: result: 1572864
configure:4132: checking whether the shell understands some XSI constructs
configure:4142: result: yes
configure:4146: checking whether the shell understands "+="
configure:4152: result: yes
configure:4187: checking for /media/ps3dev/ps3dev/ppu/powerpc64-ps3-elf/bin/ld option to reload object files
configure:4194: result: -r
configure:4223: checking for powerpc64-ps3-elf-objdump
configure:4239: found /media/ps3dev/ps3dev/ppu/bin/powerpc64-ps3-elf-objdump
configure:4250: result: powerpc64-ps3-elf-objdump
configure:4322: checking how to recognize dependent libraries
configure:4518: result: unknown
configure:4538: checking for powerpc64-ps3-elf-ar
configure:4565: result: powerpc64-ps3-elf-ar
configure:4643: checking for powerpc64-ps3-elf-strip
configure:4659: found /media/ps3dev/ps3dev/ppu/bin/powerpc64-ps3-elf-strip
configure:4670: result: powerpc64-ps3-elf-strip
configure:4742: checking for powerpc64-ps3-elf-ranlib
configure:4769: result: powerpc64-ps3-elf-ranlib
configure:4899: checking command to parse /media/ps3dev/ps3dev/ppu/bin/powerpc64-ps3-elf-nm -B output from powerpc64-ps3-elf-gcc object
configure:5017: powerpc64-ps3-elf-gcc -c -g -O3 -O2 -Wall -mcpu=cell -I/media/ps3dev/ps3dev/libpsl1ght/ppu/include -I/media/ps3dev/ps3dev/portlibs/ppu/include -mminimal-toc -I/media/ps3dev/ps3dev/ppu/lib/gcc/powerpc64-ps3-elf/4.5.2/plugin/include/ -I/media/ps3dev/ps3dev/libpsl1ght/ppu/include -I/media/ps3dev/ps3dev/portlibs/ppu/include conftest.c >&5
configure:5020: $? = 0
configure:5024: /media/ps3dev/ps3dev/ppu/bin/powerpc64-ps3-elf-nm -B conftest.o \| sed -n -e 's/^.*[	 ]\([ABCDGIRSTW][ABCDGIRSTW]*\)[	 ][	 ]*\([_A-Za-z][_A-Za-z0-9]*\)$/\1 \2 \2/p' \> conftest.nm
configure:5027: $? = 0
configure:5081: powerpc64-ps3-elf-gcc -o conftest -g -O3 -O2 -Wall -mcpu=cell -I/media/ps3dev/ps3dev/libpsl1ght/ppu/include -I/media/ps3dev/ps3dev/portlibs/ppu/include -mminimal-toc -I/media/ps3dev/ps3dev/ppu/lib/gcc/powerpc64-ps3-elf/4.5.2/plugin/include/ -I/media/ps3dev/ps3dev/libpsl1ght/ppu/include -I/media/ps3dev/ps3dev/portlibs/ppu/include -L/media/ps3dev/ps3dev/libpsl1ght/ppu/lib -L/media/ps3dev/ps3dev/portlibs/ppu/lib conftest.c conftstm.o >&5
configure:5084: $? = 0
configure:5122: result: ok
configure:5931: checking how to run the C preprocessor
configure:5962: powerpc64-ps3-elf-gcc -E -I/media/ps3dev/ps3dev/libpsl1ght/ppu/include -I/media/ps3dev/ps3dev/portlibs/ppu/include conftest.c
configure:5962: $? = 0
configure:5976: powerpc64-ps3-elf-gcc -E -I/media/ps3dev/ps3dev/libpsl1ght/ppu/include -I/media/ps3dev/ps3dev/portlibs/ppu/include conftest.c
conftest.c:9:28: fatal error: ac_nonexistent.h: No such file or directory
compilation terminated.
configure:5976: $? = 1
configure: failed program was:
| /* confdefs.h */
| #define PACKAGE_NAME "escape"
| #define PACKAGE_TARNAME "escape"
| #define PACKAGE_VERSION "0.99.0"
| #define PACKAGE_STRING "escape 0.99.0"
| #define PACKAGE_BUGREPORT "enlightenment-devel@lists.sourceforge.net"
| #define PACKAGE_URL ""
| /* end confdefs.h.  */
| #include <ac_nonexistent.h>
configure:6001: result: powerpc64-ps3-elf-gcc -E
configure:6021: powerpc64-ps3-elf-gcc -E -I/media/ps3dev/ps3dev/libpsl1ght/ppu/include -I/media/ps3dev/ps3dev/portlibs/ppu/include conftest.c
configure:6021: $? = 0
configure:6035: powerpc64-ps3-elf-gcc -E -I/media/ps3dev/ps3dev/libpsl1ght/ppu/include -I/media/ps3dev/ps3dev/portlibs/ppu/include conftest.c
conftest.c:9:28: fatal error: ac_nonexistent.h: No such file or directory
compilation terminated.
configure:6035: $? = 1
configure: failed program was:
| /* confdefs.h */
| #define PACKAGE_NAME "escape"
| #define PACKAGE_TARNAME "escape"
| #define PACKAGE_VERSION "0.99.0"
| #define PACKAGE_STRING "escape 0.99.0"
| #define PACKAGE_BUGREPORT "enlightenment-devel@lists.sourceforge.net"
| #define PACKAGE_URL ""
| /* end confdefs.h.  */
| #include <ac_nonexistent.h>
configure:6064: checking for ANSI C header files
configure:6084: powerpc64-ps3-elf-gcc -c -g -O3 -O2 -Wall -mcpu=cell -I/media/ps3dev/ps3dev/libpsl1ght/ppu/include -I/media/ps3dev/ps3dev/portlibs/ppu/include -mminimal-toc -I/media/ps3dev/ps3dev/ppu/lib/gcc/powerpc64-ps3-elf/4.5.2/plugin/include/ -I/media/ps3dev/ps3dev/libpsl1ght/ppu/include -I/media/ps3dev/ps3dev/portlibs/ppu/include conftest.c >&5
configure:6084: $? = 0
configure:6168: result: yes
configure:6181: checking for sys/types.h
configure:6181: powerpc64-ps3-elf-gcc -c -g -O3 -O2 -Wall -mcpu=cell -I/media/ps3dev/ps3dev/libpsl1ght/ppu/include -I/media/ps3dev/ps3dev/portlibs/ppu/include -mminimal-toc -I/media/ps3dev/ps3dev/ppu/lib/gcc/powerpc64-ps3-elf/4.5.2/plugin/include/ -I/media/ps3dev/ps3dev/libpsl1ght/ppu/include -I/media/ps3dev/ps3dev/portlibs/ppu/include conftest.c >&5
configure:6181: $? = 0
configure:6181: result: yes
configure:6181: checking for sys/stat.h
configure:6181: powerpc64-ps3-elf-gcc -c -g -O3 -O2 -Wall -mcpu=cell -I/media/ps3dev/ps3dev/libpsl1ght/ppu/include -I/media/ps3dev/ps3dev/portlibs/ppu/include -mminimal-toc -I/media/ps3dev/ps3dev/ppu/lib/gcc/powerpc64-ps3-elf/4.5.2/plugin/include/ -I/media/ps3dev/ps3dev/libpsl1ght/ppu/include -I/media/ps3dev/ps3dev/portlibs/ppu/include conftest.c >&5
configure:6181: $? = 0
configure:6181: result: yes
configure:6181: checking for stdlib.h
configure:6181: powerpc64-ps3-elf-gcc -c -g -O3 -O2 -Wall -mcpu=cell -I/media/ps3dev/ps3dev/libpsl1ght/ppu/include -I/media/ps3dev/ps3dev/portlibs/ppu/include -mminimal-toc -I/media/ps3dev/ps3dev/ppu/lib/gcc/powerpc64-ps3-elf/4.5.2/plugin/include/ -I/media/ps3dev/ps3dev/libpsl1ght/ppu/include -I/media/ps3dev/ps3dev/portlibs/ppu/include conftest.c >&5
configure:6181: $? = 0
configure:6181: result: yes
configure:6181: checking for string.h
configure:6181: powerpc64-ps3-elf-gcc -c -g -O3 -O2 -Wall -mcpu=cell -I/media/ps3dev/ps3dev/libpsl1ght/ppu/include -I/media/ps3dev/ps3dev/portlibs/ppu/include -mminimal-toc -I/media/ps3dev/ps3dev/ppu/lib/gcc/powerpc64-ps3-elf/4.5.2/plugin/include/ -I/media/ps3dev/ps3dev/libpsl1ght/ppu/include -I/media/ps3dev/ps3dev/portlibs/ppu/include conftest.c >&5
configure:6181: $? = 0
configure:6181: result: yes
configure:6181: checking for memory.h
configure:6181: powerpc64-ps3-elf-gcc -c -g -O3 -O2 -Wall -mcpu=cell -I/media/ps3dev/ps3dev/libpsl1ght/ppu/include -I/media/ps3dev/ps3dev/portlibs/ppu/include -mminimal-toc -I/media/ps3dev/ps3dev/ppu/lib/gcc/powerpc64-ps3-elf/4.5.2/plugin/include/ -I/media/ps3dev/ps3dev/libpsl1ght/ppu/include -I/media/ps3dev/ps3dev/portlibs/ppu/include conftest.c >&5
conftest.c:48:20: fatal error: memory.h: No such file or directory
compilation terminated.
configure:6181: $? = 1
configure: failed program was:
| /* confdefs.h */
| #define PACKAGE_NAME "escape"
| #define PACKAGE_TARNAME "escape"
| #define PACKAGE_VERSION "0.99.0"
| #define PACKAGE_STRING "escape 0.99.0"
| #define PACKAGE_BUGREPORT "enlightenment-devel@lists.sourceforge.net"
| #define PACKAGE_URL ""
| #define STDC_HEADERS 1
| #define HAVE_SYS_TYPES_H 1
| #define HAVE_SYS_STAT_H 1
| #define HAVE_STDLIB_H 1
| #define HAVE_STRING_H 1
| /* end confdefs.h.  */
| #include <stdio.h>
| #ifdef HAVE_SYS_TYPES_H
| # include <sys/types.h>
| #endif
| #ifdef HAVE_SYS_STAT_H
| # include <sys/stat.h>
| #endif
| #ifdef STDC_HEADERS
| # include <stdlib.h>
| # include <stddef.h>
| #else
| # ifdef HAVE_STDLIB_H
| #  include <stdlib.h>
| # endif
| #endif
| #ifdef HAVE_STRING_H
| # if !defined STDC_HEADERS && defined HAVE_MEMORY_H
| #  include <memory.h>
| # endif
| # include <string.h>
| #endif
| #ifdef HAVE_STRINGS_H
| # include <strings.h>
| #endif
| #ifdef HAVE_INTTYPES_H
| # include <inttypes.h>
| #endif
| #ifdef HAVE_STDINT_H
| # include <stdint.h>
| #endif
| #ifdef HAVE_UNISTD_H
| # include <unistd.h>
| #endif
| 
| #include <memory.h>
configure:6181: result: no
configure:6181: checking for strings.h
configure:6181: powerpc64-ps3-elf-gcc -c -g -O3 -O2 -Wall -mcpu=cell -I/media/ps3dev/ps3dev/libpsl1ght/ppu/include -I/media/ps3dev/ps3dev/portlibs/ppu/include -mminimal-toc -I/media/ps3dev/ps3dev/ppu/lib/gcc/powerpc64-ps3-elf/4.5.2/plugin/include/ -I/media/ps3dev/ps3dev/libpsl1ght/ppu/include -I/media/ps3dev/ps3dev/portlibs/ppu/include conftest.c >&5
configure:6181: $? = 0
configure:6181: result: yes
configure:6181: checking for inttypes.h
configure:6181: powerpc64-ps3-elf-gcc -c -g -O3 -O2 -Wall -mcpu=cell -I/media/ps3dev/ps3dev/libpsl1ght/ppu/include -I/media/ps3dev/ps3dev/portlibs/ppu/include -mminimal-toc -I/media/ps3dev/ps3dev/ppu/lib/gcc/powerpc64-ps3-elf/4.5.2/plugin/include/ -I/media/ps3dev/ps3dev/libpsl1ght/ppu/include -I/media/ps3dev/ps3dev/portlibs/ppu/include conftest.c >&5
configure:6181: $? = 0
configure:6181: result: yes
configure:6181: checking for stdint.h
configure:6181: powerpc64-ps3-elf-gcc -c -g -O3 -O2 -Wall -mcpu=cell -I/media/ps3dev/ps3dev/libpsl1ght/ppu/include -I/media/ps3dev/ps3dev/portlibs/ppu/include -mminimal-toc -I/media/ps3dev/ps3dev/ppu/lib/gcc/powerpc64-ps3-elf/4.5.2/plugin/include/ -I/media/ps3dev/ps3dev/libpsl1ght/ppu/include -I/media/ps3dev/ps3dev/portlibs/ppu/include conftest.c >&5
configure:6181: $? = 0
configure:6181: result: yes
configure:6181: checking for unistd.h
configure:6181: powerpc64-ps3-elf-gcc -c -g -O3 -O2 -Wall -mcpu=cell -I/media/ps3dev/ps3dev/libpsl1ght/ppu/include -I/media/ps3dev/ps3dev/portlibs/ppu/include -mminimal-toc -I/media/ps3dev/ps3dev/ppu/lib/gcc/powerpc64-ps3-elf/4.5.2/plugin/include/ -I/media/ps3dev/ps3dev/libpsl1ght/ppu/include -I/media/ps3dev/ps3dev/portlibs/ppu/include conftest.c >&5
configure:6181: $? = 0
configure:6181: result: yes
configure:6195: checking for dlfcn.h
configure:6195: powerpc64-ps3-elf-gcc -c -g -O3 -O2 -Wall -mcpu=cell -I/media/ps3dev/ps3dev/libpsl1ght/ppu/include -I/media/ps3dev/ps3dev/portlibs/ppu/include -mminimal-toc -I/media/ps3dev/ps3dev/ppu/lib/gcc/powerpc64-ps3-elf/4.5.2/plugin/include/ -I/media/ps3dev/ps3dev/libpsl1ght/ppu/include -I/media/ps3dev/ps3dev/portlibs/ppu/include conftest.c >&5
conftest.c:52:19: fatal error: dlfcn.h: No such file or directory
compilation terminated.
configure:6195: $? = 1
configure: failed program was:
| /* confdefs.h */
| #define PACKAGE_NAME "escape"
| #define PACKAGE_TARNAME "escape"
| #define PACKAGE_VERSION "0.99.0"
| #define PACKAGE_STRING "escape 0.99.0"
| #define PACKAGE_BUGREPORT "enlightenment-devel@lists.sourceforge.net"
| #define PACKAGE_URL ""
| #define STDC_HEADERS 1
| #define HAVE_SYS_TYPES_H 1
| #define HAVE_SYS_STAT_H 1
| #define HAVE_STDLIB_H 1
| #define HAVE_STRING_H 1
| #define HAVE_STRINGS_H 1
| #define HAVE_INTTYPES_H 1
| #define HAVE_STDINT_H 1
| #define HAVE_UNISTD_H 1
| /* end confdefs.h.  */
| #include <stdio.h>
| #ifdef HAVE_SYS_TYPES_H
| # include <sys/types.h>
| #endif
| #ifdef HAVE_SYS_STAT_H
| # include <sys/stat.h>
| #endif
| #ifdef STDC_HEADERS
| # include <stdlib.h>
| # include <stddef.h>
| #else
| # ifdef HAVE_STDLIB_H
| #  include <stdlib.h>
| # endif
| #endif
| #ifdef HAVE_STRING_H
| # if !defined STDC_HEADERS && defined HAVE_MEMORY_H
| #  include <memory.h>
| # endif
| # include <string.h>
| #endif
| #ifdef HAVE_STRINGS_H
| # include <strings.h>
| #endif
| #ifdef HAVE_INTTYPES_H
| # include <inttypes.h>
| #endif
| #ifdef HAVE_STDINT_H
| # include <stdint.h>
| #endif
| #ifdef HAVE_UNISTD_H
| # include <unistd.h>
| #endif
| 
| #include <dlfcn.h>
configure:6195: result: no
configure:6379: checking for objdir
configure:6394: result: .libs
configure:6690: checking if powerpc64-ps3-elf-gcc supports -fno-rtti -fno-exceptions
configure:6708: powerpc64-ps3-elf-gcc -c -g -O3 -O2 -Wall -mcpu=cell -I/media/ps3dev/ps3dev/libpsl1ght/ppu/include -I/media/ps3dev/ps3dev/portlibs/ppu/include -mminimal-toc -I/media/ps3dev/ps3dev/ppu/lib/gcc/powerpc64-ps3-elf/4.5.2/plugin/include/ -I/media/ps3dev/ps3dev/libpsl1ght/ppu/include -I/media/ps3dev/ps3dev/portlibs/ppu/include -fno-rtti -fno-exceptions conftest.c >&5
cc1: warning: command line option "-fno-rtti" is valid for C++/ObjC++ but not for C
configure:6712: $? = 0
configure:6725: result: no
configure:6745: checking for powerpc64-ps3-elf-gcc option to produce PIC
configure:7017: result: -fPIC -DPIC
configure:7029: checking if powerpc64-ps3-elf-gcc PIC flag -fPIC -DPIC works
configure:7047: powerpc64-ps3-elf-gcc -c -g -O3 -O2 -Wall -mcpu=cell -I/media/ps3dev/ps3dev/libpsl1ght/ppu/include -I/media/ps3dev/ps3dev/portlibs/ppu/include -mminimal-toc -I/media/ps3dev/ps3dev/ppu/lib/gcc/powerpc64-ps3-elf/4.5.2/plugin/include/ -I/media/ps3dev/ps3dev/libpsl1ght/ppu/include -I/media/ps3dev/ps3dev/portlibs/ppu/include -fPIC -DPIC -DPIC conftest.c >&5
configure:7051: $? = 0
configure:7064: result: yes
configure:7088: checking if powerpc64-ps3-elf-gcc static flag -static works
configure:7116: result: yes
configure:7131: checking if powerpc64-ps3-elf-gcc supports -c -o file.o
configure:7152: powerpc64-ps3-elf-gcc -c -g -O3 -O2 -Wall -mcpu=cell -I/media/ps3dev/ps3dev/libpsl1ght/ppu/include -I/media/ps3dev/ps3dev/portlibs/ppu/include -mminimal-toc -I/media/ps3dev/ps3dev/ppu/lib/gcc/powerpc64-ps3-elf/4.5.2/plugin/include/ -I/media/ps3dev/ps3dev/libpsl1ght/ppu/include -I/media/ps3dev/ps3dev/portlibs/ppu/include -o out/conftest2.o conftest.c >&5
configure:7156: $? = 0
configure:7178: result: yes
configure:7186: checking if powerpc64-ps3-elf-gcc supports -c -o file.o
configure:7233: result: yes
configure:7266: checking whether the powerpc64-ps3-elf-gcc linker (/media/ps3dev/ps3dev/ppu/powerpc64-ps3-elf/bin/ld) supports shared libraries
configure:8257: result: yes
configure:8294: checking whether -lc should be explicitly linked in
configure:8299: powerpc64-ps3-elf-gcc -c -g -O3 -O2 -Wall -mcpu=cell -I/media/ps3dev/ps3dev/libpsl1ght/ppu/include -I/media/ps3dev/ps3dev/portlibs/ppu/include -mminimal-toc -I/media/ps3dev/ps3dev/ppu/lib/gcc/powerpc64-ps3-elf/4.5.2/plugin/include/ -I/media/ps3dev/ps3dev/libpsl1ght/ppu/include -I/media/ps3dev/ps3dev/portlibs/ppu/include conftest.c >&5
configure:8302: $? = 0
configure:8317: powerpc64-ps3-elf-gcc -shared conftest.o  -v -Wl,-soname -Wl,conftest -o conftest 2\>\&1 \| /bin/grep  -lc  \>/dev/null 2\>\&1
configure:8320: $? = 0
configure:8332: result: no
configure:8496: checking dynamic linker characteristics
configure:9159: result: no
configure:9261: checking how to hardcode library paths into programs
configure:9286: result: immediate
configure:9806: checking whether stripping libraries is possible
configure:9811: result: yes
configure:9846: checking if libtool supports shared libraries
configure:9848: result: no
configure:9851: checking whether to build shared libraries
configure:9872: result: no
configure:9875: checking whether to build static libraries
configure:9879: result: yes
configure:9940: checking for a BSD-compatible install
configure:10008: result: /usr/bin/install -c
configure:10019: checking whether build environment is sane
configure:10069: result: yes
configure:10118: checking for powerpc64-ps3-elf-strip
configure:10145: result: powerpc64-ps3-elf-strip
configure:10210: checking for a thread-safe mkdir -p
configure:10249: result: /bin/mkdir -p
configure:10262: checking for gawk
configure:10292: result: no
configure:10262: checking for mawk
configure:10278: found /usr/bin/mawk
configure:10289: result: mawk
configure:10300: checking whether make sets $(MAKE)
configure:10322: result: yes
configure:10352: checking for style of include used by make
configure:10380: result: GNU
configure:10465: checking dependency style of powerpc64-ps3-elf-gcc
configure:10575: result: gcc3
configure:10623: checking dependency style of powerpc64-ps3-elf-gcc
configure:10731: result: gcc3
configure:10760: checking for powerpc64-ps3-elf-g++
configure:10776: found /media/ps3dev/ps3dev/ppu/bin/powerpc64-ps3-elf-g++
configure:10787: result: powerpc64-ps3-elf-g++
configure:10858: checking for C++ compiler version
configure:10867: powerpc64-ps3-elf-g++ --version >&5
powerpc64-ps3-elf-g++ (GCC) 4.5.2
Copyright (C) 2010 Free Software Foundation, Inc.
This is free software; see the source for copying conditions.  There is NO
warranty; not even for MERCHANTABILITY or FITNESS FOR A PARTICULAR PURPOSE.

configure:10878: $? = 0
configure:10867: powerpc64-ps3-elf-g++ -v >&5
Using built-in specs.
COLLECT_GCC=powerpc64-ps3-elf-g++
COLLECT_LTO_WRAPPER=/media/ps3dev/ps3dev/ppu/bin/../libexec/gcc/powerpc64-ps3-elf/4.5.2/lto-wrapper
Target: powerpc64-ps3-elf
Configured with: ../configure --prefix=/media/20GB/usr/local/ps3dev/ppu --target=powerpc64-ps3-elf --disable-dependency-tracking --disable-libstdcxx-pch --disable-multilib --disable-nls --disable-shared --disable-win32-registry --enable-languages=c,c++,objc,obj-c++ --enable-long-double-128 --enable-lto --enable-threads --with-cpu=cell --with-newlib : (reconfigured) ../configure --prefix=/media/20GB/usr/local/ps3dev/ppu --target=powerpc64-ps3-elf --disable-dependency-tracking --disable-libstdcxx-pch --disable-multilib --disable-nls --disable-shared --disable-win32-registry --enable-languages=c,c++,objc,obj-c++ --enable-long-double-128 --enable-lto --enable-threads --with-cpu=cell --with-newlib
Thread model: single
gcc version 4.5.2 (GCC) 
configure:10878: $? = 0
configure:10867: powerpc64-ps3-elf-g++ -V >&5
powerpc64-ps3-elf-g++: '-V' option must have argument
configure:10878: $? = 1
configure:10867: powerpc64-ps3-elf-g++ -qversion >&5
powerpc64-ps3-elf-g++: unrecognized option '-qversion'
powerpc64-ps3-elf-g++: no input files
configure:10878: $? = 1
configure:10882: checking whether we are using the GNU C++ compiler
configure:10901: powerpc64-ps3-elf-g++ -c -I/media/ps3dev/ps3dev/libpsl1ght/ppu/include -I/media/ps3dev/ps3dev/portlibs/ppu/include -I/media/ps3dev/ps3dev/libpsl1ght/ppu/include -I/media/ps3dev/ps3dev/portlibs/ppu/include conftest.cpp >&5
configure:10901: $? = 0
configure:10910: result: yes
configure:10919: checking whether powerpc64-ps3-elf-g++ accepts -g
configure:10939: powerpc64-ps3-elf-g++ -c -g -I/media/ps3dev/ps3dev/libpsl1ght/ppu/include -I/media/ps3dev/ps3dev/portlibs/ppu/include conftest.cpp >&5
configure:10939: $? = 0
configure:10980: result: yes
configure:11116: checking for C++ compiler version
configure:11125: powerpc64-ps3-elf-g++ --version >&5
powerpc64-ps3-elf-g++ (GCC) 4.5.2
Copyright (C) 2010 Free Software Foundation, Inc.
This is free software; see the source for copying conditions.  There is NO
warranty; not even for MERCHANTABILITY or FITNESS FOR A PARTICULAR PURPOSE.

configure:11136: $? = 0
configure:11125: powerpc64-ps3-elf-g++ -v >&5
Using built-in specs.
COLLECT_GCC=powerpc64-ps3-elf-g++
COLLECT_LTO_WRAPPER=/media/ps3dev/ps3dev/ppu/bin/../libexec/gcc/powerpc64-ps3-elf/4.5.2/lto-wrapper
Target: powerpc64-ps3-elf
Configured with: ../configure --prefix=/media/20GB/usr/local/ps3dev/ppu --target=powerpc64-ps3-elf --disable-dependency-tracking --disable-libstdcxx-pch --disable-multilib --disable-nls --disable-shared --disable-win32-registry --enable-languages=c,c++,objc,obj-c++ --enable-long-double-128 --enable-lto --enable-threads --with-cpu=cell --with-newlib : (reconfigured) ../configure --prefix=/media/20GB/usr/local/ps3dev/ppu --target=powerpc64-ps3-elf --disable-dependency-tracking --disable-libstdcxx-pch --disable-multilib --disable-nls --disable-shared --disable-win32-registry --enable-languages=c,c++,objc,obj-c++ --enable-long-double-128 --enable-lto --enable-threads --with-cpu=cell --with-newlib
Thread model: single
gcc version 4.5.2 (GCC) 
configure:11136: $? = 0
configure:11125: powerpc64-ps3-elf-g++ -V >&5
powerpc64-ps3-elf-g++: '-V' option must have argument
configure:11136: $? = 1
configure:11125: powerpc64-ps3-elf-g++ -qversion >&5
powerpc64-ps3-elf-g++: unrecognized option '-qversion'
powerpc64-ps3-elf-g++: no input files
configure:11136: $? = 1
configure:11140: checking whether we are using the GNU C++ compiler
configure:11168: result: yes
configure:11177: checking whether powerpc64-ps3-elf-g++ accepts -g
configure:11238: result: yes
configure:11263: checking dependency style of powerpc64-ps3-elf-g++
configure:11373: result: gcc3
configure:11396: checking how to run the C++ preprocessor
configure:11423: powerpc64-ps3-elf-g++ -E -I/media/ps3dev/ps3dev/libpsl1ght/ppu/include -I/media/ps3dev/ps3dev/portlibs/ppu/include conftest.cpp
configure:11423: $? = 0
configure:11437: powerpc64-ps3-elf-g++ -E -I/media/ps3dev/ps3dev/libpsl1ght/ppu/include -I/media/ps3dev/ps3dev/portlibs/ppu/include conftest.cpp
conftest.cpp:21:28: fatal error: ac_nonexistent.h: No such file or directory
compilation terminated.
configure:11437: $? = 1
configure: failed program was:
| /* confdefs.h */
| #define PACKAGE_NAME "escape"
| #define PACKAGE_TARNAME "escape"
| #define PACKAGE_VERSION "0.99.0"
| #define PACKAGE_STRING "escape 0.99.0"
| #define PACKAGE_BUGREPORT "enlightenment-devel@lists.sourceforge.net"
| #define PACKAGE_URL ""
| #define STDC_HEADERS 1
| #define HAVE_SYS_TYPES_H 1
| #define HAVE_SYS_STAT_H 1
| #define HAVE_STDLIB_H 1
| #define HAVE_STRING_H 1
| #define HAVE_STRINGS_H 1
| #define HAVE_INTTYPES_H 1
| #define HAVE_STDINT_H 1
| #define HAVE_UNISTD_H 1
| #define LT_OBJDIR ".libs/"
| #define PACKAGE "escape"
| #define VERSION "0.99.0"
| /* end confdefs.h.  */
| #include <ac_nonexistent.h>
configure:11462: result: powerpc64-ps3-elf-g++ -E
configure:11482: powerpc64-ps3-elf-g++ -E -I/media/ps3dev/ps3dev/libpsl1ght/ppu/include -I/media/ps3dev/ps3dev/portlibs/ppu/include conftest.cpp
configure:11482: $? = 0
configure:11496: powerpc64-ps3-elf-g++ -E -I/media/ps3dev/ps3dev/libpsl1ght/ppu/include -I/media/ps3dev/ps3dev/portlibs/ppu/include conftest.cpp
conftest.cpp:21:28: fatal error: ac_nonexistent.h: No such file or directory
compilation terminated.
configure:11496: $? = 1
configure: failed program was:
| /* confdefs.h */
| #define PACKAGE_NAME "escape"
| #define PACKAGE_TARNAME "escape"
| #define PACKAGE_VERSION "0.99.0"
| #define PACKAGE_STRING "escape 0.99.0"
| #define PACKAGE_BUGREPORT "enlightenment-devel@lists.sourceforge.net"
| #define PACKAGE_URL ""
| #define STDC_HEADERS 1
| #define HAVE_SYS_TYPES_H 1
| #define HAVE_SYS_STAT_H 1
| #define HAVE_STDLIB_H 1
| #define HAVE_STRING_H 1
| #define HAVE_STRINGS_H 1
| #define HAVE_INTTYPES_H 1
| #define HAVE_STDINT_H 1
| #define HAVE_UNISTD_H 1
| #define LT_OBJDIR ".libs/"
| #define PACKAGE "escape"
| #define VERSION "0.99.0"
| /* end confdefs.h.  */
| #include <ac_nonexistent.h>
configure:11664: checking for ld used by powerpc64-ps3-elf-g++
configure:11731: result: /media/ps3dev/ps3dev/ppu/powerpc64-ps3-elf/bin/ld
configure:11738: checking if the linker (/media/ps3dev/ps3dev/ppu/powerpc64-ps3-elf/bin/ld) is GNU ld
configure:11753: result: yes
configure:11808: checking whether the powerpc64-ps3-elf-g++ linker (/media/ps3dev/ps3dev/ppu/powerpc64-ps3-elf/bin/ld) supports shared libraries
configure:12721: result: no
configure:12749: powerpc64-ps3-elf-g++ -c -I/media/ps3dev/ps3dev/libpsl1ght/ppu/include -I/media/ps3dev/ps3dev/portlibs/ppu/include -I/media/ps3dev/ps3dev/libpsl1ght/ppu/include -I/media/ps3dev/ps3dev/portlibs/ppu/include conftest.cpp >&5
configure:12752: $? = 0
configure:12934: checking for powerpc64-ps3-elf-g++ option to produce PIC
configure:13251: result: -fPIC -DPIC
configure:13260: checking if powerpc64-ps3-elf-g++ PIC flag -fPIC -DPIC works
configure:13278: powerpc64-ps3-elf-g++ -c -I/media/ps3dev/ps3dev/libpsl1ght/ppu/include -I/media/ps3dev/ps3dev/portlibs/ppu/include -I/media/ps3dev/ps3dev/libpsl1ght/ppu/include -I/media/ps3dev/ps3dev/portlibs/ppu/include -fPIC -DPIC -DPIC conftest.cpp >&5
configure:13282: $? = 0
configure:13295: result: yes
configure:13316: checking if powerpc64-ps3-elf-g++ static flag -static works
configure:13344: result: yes
configure:13356: checking if powerpc64-ps3-elf-g++ supports -c -o file.o
configure:13377: powerpc64-ps3-elf-g++ -c -I/media/ps3dev/ps3dev/libpsl1ght/ppu/include -I/media/ps3dev/ps3dev/portlibs/ppu/include -I/media/ps3dev/ps3dev/libpsl1ght/ppu/include -I/media/ps3dev/ps3dev/portlibs/ppu/include -o out/conftest2.o conftest.cpp >&5
configure:13381: $? = 0
configure:13403: result: yes
configure:13408: checking if powerpc64-ps3-elf-g++ supports -c -o file.o
configure:13455: result: yes
configure:13485: checking whether the powerpc64-ps3-elf-g++ linker (/media/ps3dev/ps3dev/ppu/powerpc64-ps3-elf/bin/ld) supports shared libraries
configure:13514: result: no
configure:13651: checking dynamic linker characteristics
configure:14262: result: no
configure:14313: checking how to hardcode library paths into programs
configure:14338: result: immediate
configure:14379: checking dependency style of powerpc64-ps3-elf-g++
configure:14489: result: gcc3
configure:14515: checking how to run the C preprocessor
configure:14585: result: powerpc64-ps3-elf-gcc -E
configure:14605: powerpc64-ps3-elf-gcc -E -I/media/ps3dev/ps3dev/libpsl1ght/ppu/include -I/media/ps3dev/ps3dev/portlibs/ppu/include conftest.c
configure:14605: $? = 0
configure:14619: powerpc64-ps3-elf-gcc -E -I/media/ps3dev/ps3dev/libpsl1ght/ppu/include -I/media/ps3dev/ps3dev/portlibs/ppu/include conftest.c
conftest.c:21:28: fatal error: ac_nonexistent.h: No such file or directory
compilation terminated.
configure:14619: $? = 1
configure: failed program was:
| /* confdefs.h */
| #define PACKAGE_NAME "escape"
| #define PACKAGE_TARNAME "escape"
| #define PACKAGE_VERSION "0.99.0"
| #define PACKAGE_STRING "escape 0.99.0"
| #define PACKAGE_BUGREPORT "enlightenment-devel@lists.sourceforge.net"
| #define PACKAGE_URL ""
| #define STDC_HEADERS 1
| #define HAVE_SYS_TYPES_H 1
| #define HAVE_SYS_STAT_H 1
| #define HAVE_STDLIB_H 1
| #define HAVE_STRING_H 1
| #define HAVE_STRINGS_H 1
| #define HAVE_INTTYPES_H 1
| #define HAVE_STDINT_H 1
| #define HAVE_UNISTD_H 1
| #define LT_OBJDIR ".libs/"
| #define PACKAGE "escape"
| #define VERSION "0.99.0"
| /* end confdefs.h.  */
| #include <ac_nonexistent.h>
configure:14655: checking for powerpc64-ps3-elf-gcc
configure:14682: result: powerpc64-ps3-elf-gcc
configure:14951: checking for C compiler version
configure:14960: powerpc64-ps3-elf-gcc --version >&5
powerpc64-ps3-elf-gcc (GCC) 4.5.2
Copyright (C) 2010 Free Software Foundation, Inc.
This is free software; see the source for copying conditions.  There is NO
warranty; not even for MERCHANTABILITY or FITNESS FOR A PARTICULAR PURPOSE.

configure:14971: $? = 0
configure:14960: powerpc64-ps3-elf-gcc -v >&5
Using built-in specs.
COLLECT_GCC=powerpc64-ps3-elf-gcc
COLLECT_LTO_WRAPPER=/media/ps3dev/ps3dev/ppu/bin/../libexec/gcc/powerpc64-ps3-elf/4.5.2/lto-wrapper
Target: powerpc64-ps3-elf
Configured with: ../configure --prefix=/media/20GB/usr/local/ps3dev/ppu --target=powerpc64-ps3-elf --disable-dependency-tracking --disable-libstdcxx-pch --disable-multilib --disable-nls --disable-shared --disable-win32-registry --enable-languages=c,c++,objc,obj-c++ --enable-long-double-128 --enable-lto --enable-threads --with-cpu=cell --with-newlib : (reconfigured) ../configure --prefix=/media/20GB/usr/local/ps3dev/ppu --target=powerpc64-ps3-elf --disable-dependency-tracking --disable-libstdcxx-pch --disable-multilib --disable-nls --disable-shared --disable-win32-registry --enable-languages=c,c++,objc,obj-c++ --enable-long-double-128 --enable-lto --enable-threads --with-cpu=cell --with-newlib
Thread model: single
gcc version 4.5.2 (GCC) 
configure:14971: $? = 0
configure:14960: powerpc64-ps3-elf-gcc -V >&5
powerpc64-ps3-elf-gcc: '-V' option must have argument
configure:14971: $? = 1
configure:14960: powerpc64-ps3-elf-gcc -qversion >&5
powerpc64-ps3-elf-gcc: unrecognized option '-qversion'
powerpc64-ps3-elf-gcc: no input files
configure:14971: $? = 1
configure:14975: checking whether we are using the GNU C compiler
configure:15003: result: yes
configure:15012: checking whether powerpc64-ps3-elf-gcc accepts -g
configure:15073: result: yes
configure:15090: checking for powerpc64-ps3-elf-gcc option to accept ISO C89
configure:15167: result: none needed
configure:15201: checking errno.h usability
configure:15201: powerpc64-ps3-elf-gcc -c -g -O3 -O2 -Wall -mcpu=cell -I/media/ps3dev/ps3dev/libpsl1ght/ppu/include -I/media/ps3dev/ps3dev/portlibs/ppu/include -mminimal-toc -I/media/ps3dev/ps3dev/ppu/lib/gcc/powerpc64-ps3-elf/4.5.2/plugin/include/ -I/media/ps3dev/ps3dev/libpsl1ght/ppu/include -I/media/ps3dev/ps3dev/portlibs/ppu/include conftest.c >&5
configure:15201: $? = 0
configure:15201: result: yes
configure:15201: checking errno.h presence
configure:15201: powerpc64-ps3-elf-gcc -E -I/media/ps3dev/ps3dev/libpsl1ght/ppu/include -I/media/ps3dev/ps3dev/portlibs/ppu/include conftest.c
configure:15201: $? = 0
configure:15201: result: yes
configure:15201: checking for errno.h
configure:15201: result: yes
configure:15224: checking for PATH_MAX in limits.h
configure:15241: powerpc64-ps3-elf-gcc -c -g -O3 -O2 -Wall -mcpu=cell -I/media/ps3dev/ps3dev/libpsl1ght/ppu/include -I/media/ps3dev/ps3dev/portlibs/ppu/include -mminimal-toc -I/media/ps3dev/ps3dev/ppu/lib/gcc/powerpc64-ps3-elf/4.5.2/plugin/include/ -I/media/ps3dev/ps3dev/libpsl1ght/ppu/include -I/media/ps3dev/ps3dev/portlibs/ppu/include conftest.c >&5
conftest.c: In function 'main':
conftest.c:29:9: error: 'PATH_MAX' undeclared (first use in this function)
conftest.c:29:9: note: each undeclared identifier is reported only once for each function it appears in
conftest.c:29:5: warning: unused variable 'i'
configure:15241: $? = 1
configure: failed program was:
| /* confdefs.h */
| #define PACKAGE_NAME "escape"
| #define PACKAGE_TARNAME "escape"
| #define PACKAGE_VERSION "0.99.0"
| #define PACKAGE_STRING "escape 0.99.0"
| #define PACKAGE_BUGREPORT "enlightenment-devel@lists.sourceforge.net"
| #define PACKAGE_URL ""
| #define STDC_HEADERS 1
| #define HAVE_SYS_TYPES_H 1
| #define HAVE_SYS_STAT_H 1
| #define HAVE_STDLIB_H 1
| #define HAVE_STRING_H 1
| #define HAVE_STRINGS_H 1
| #define HAVE_INTTYPES_H 1
| #define HAVE_STDINT_H 1
| #define HAVE_UNISTD_H 1
| #define LT_OBJDIR ".libs/"
| #define PACKAGE "escape"
| #define VERSION "0.99.0"
| #define HAVE_ERRNO_H 1
| /* end confdefs.h.  */
| 
| #include <limits.h>
| 
| int
| main ()
| {
| 
| int i = PATH_MAX;
| 
|   ;
|   return 0;
| }
configure:15251: result: no: using 4096
configure:15271: checking for an ANSI C-conforming const
configure:15336: powerpc64-ps3-elf-gcc -c -g -O3 -O2 -Wall -mcpu=cell -I/media/ps3dev/ps3dev/libpsl1ght/ppu/include -I/media/ps3dev/ps3dev/portlibs/ppu/include -mminimal-toc -I/media/ps3dev/ps3dev/ppu/lib/gcc/powerpc64-ps3-elf/4.5.2/plugin/include/ -I/media/ps3dev/ps3dev/libpsl1ght/ppu/include -I/media/ps3dev/ps3dev/portlibs/ppu/include conftest.c >&5
conftest.c: In function 'main':
conftest.c:52:10: warning: 't' is used uninitialized in this function
conftest.c:68:23: warning: 'b' is used uninitialized in this function
configure:15336: $? = 0
configure:15343: result: yes
configure:15492: creating ./config.status

## ---------------------- ##
## Running config.status. ##
## ---------------------- ##

This file was extended by escape config.status 0.99.0, which was
generated by GNU Autoconf 2.67.  Invocation command line was

  CONFIG_FILES    = 
  CONFIG_HEADERS  = 
  CONFIG_LINKS    = 
  CONFIG_COMMANDS = 
  $ ./config.status 

on Linux

config.status:1144: creating Makefile
config.status:1144: creating escape.pc
config.status:1144: creating src/Makefile
config.status:1144: creating src/lib/Makefile
config.status:1144: creating config.h
config.status:1324: config.h is unchanged
config.status:1372: executing libtool commands
config.status:1372: executing depfiles commands

## ---------------- ##
## Cache variables. ##
## ---------------- ##

ac_cv_build=i686-pc-linux-gnu
ac_cv_c_compiler_gnu=yes
ac_cv_c_const=yes
ac_cv_cxx_compiler_gnu=yes
ac_cv_env_CCASFLAGS_set=
ac_cv_env_CCASFLAGS_value=
ac_cv_env_CCAS_set=
ac_cv_env_CCAS_value=
ac_cv_env_CCC_set=
ac_cv_env_CCC_value=
ac_cv_env_CC_set=set
ac_cv_env_CC_value=powerpc64-ps3-elf-gcc
ac_cv_env_CFLAGS_set=set
ac_cv_env_CFLAGS_value='-g -O3 -O2 -Wall -mcpu=cell -I/media/ps3dev/ps3dev/libpsl1ght/ppu/include -I/media/ps3dev/ps3dev/portlibs/ppu/include -mminimal-toc -I/media/ps3dev/ps3dev/ppu/lib/gcc/powerpc64-ps3-elf/4.5.2/plugin/include/'
ac_cv_env_CPPFLAGS_set=set
ac_cv_env_CPPFLAGS_value='-I/media/ps3dev/ps3dev/libpsl1ght/ppu/include -I/media/ps3dev/ps3dev/portlibs/ppu/include'
ac_cv_env_CPP_set=
ac_cv_env_CPP_value=
ac_cv_env_CXXCPP_set=
ac_cv_env_CXXCPP_value=
ac_cv_env_CXXFLAGS_set=set
ac_cv_env_CXXFLAGS_value='-I/media/ps3dev/ps3dev/libpsl1ght/ppu/include -I/media/ps3dev/ps3dev/portlibs/ppu/include'
ac_cv_env_CXX_set=
ac_cv_env_CXX_value=
ac_cv_env_LDFLAGS_set=set
ac_cv_env_LDFLAGS_value='-L/media/ps3dev/ps3dev/libpsl1ght/ppu/lib -L/media/ps3dev/ps3dev/portlibs/ppu/lib'
ac_cv_env_LIBS_set=
ac_cv_env_LIBS_value=
ac_cv_env_build_alias_set=
ac_cv_env_build_alias_value=
ac_cv_env_host_alias_set=set
ac_cv_env_host_alias_value=powerpc64-ps3-elf
ac_cv_env_target_alias_set=
ac_cv_env_target_alias_value=
ac_cv_header_dlfcn_h=no
ac_cv_header_errno_h=yes
ac_cv_header_inttypes_h=yes
ac_cv_header_memory_h=no
ac_cv_header_stdc=yes
ac_cv_header_stdint_h=yes
ac_cv_header_stdlib_h=yes
ac_cv_header_string_h=yes
ac_cv_header_strings_h=yes
ac_cv_header_sys_stat_h=yes
ac_cv_header_sys_types_h=yes
ac_cv_header_unistd_h=yes
ac_cv_host=powerpc64-ps3-elf
ac_cv_objext=o
ac_cv_path_EGREP='/bin/grep -E'
ac_cv_path_FGREP='/bin/grep -F'
ac_cv_path_GREP=/bin/grep
ac_cv_path_SED=/bin/sed
ac_cv_path_install='/usr/bin/install -c'
ac_cv_path_mkdir=/bin/mkdir
ac_cv_prog_AR=powerpc64-ps3-elf-ar
ac_cv_prog_AWK=mawk
ac_cv_prog_CC=powerpc64-ps3-elf-gcc
ac_cv_prog_CPP='powerpc64-ps3-elf-gcc -E'
ac_cv_prog_CXX=powerpc64-ps3-elf-g++
ac_cv_prog_CXXCPP='powerpc64-ps3-elf-g++ -E'
ac_cv_prog_OBJDUMP=powerpc64-ps3-elf-objdump
ac_cv_prog_RANLIB=powerpc64-ps3-elf-ranlib
ac_cv_prog_STRIP=powerpc64-ps3-elf-strip
ac_cv_prog_cc_c89=
ac_cv_prog_cc_g=yes
ac_cv_prog_cxx_g=yes
ac_cv_prog_make_make_set=yes
am_cv_CCAS_dependencies_compiler_type=gcc3
am_cv_CC_dependencies_compiler_type=gcc3
am_cv_CXX_dependencies_compiler_type=gcc3
lt_cv_deplibs_check_method=unknown
lt_cv_file_magic_cmd='$MAGIC_CMD'
lt_cv_file_magic_test_file=
lt_cv_ld_reload_flag=-r
lt_cv_nm_interface='BSD nm'
lt_cv_objdir=.libs
lt_cv_path_LD=/media/ps3dev/ps3dev/ppu/powerpc64-ps3-elf/bin/ld
lt_cv_path_LDCXX=/media/ps3dev/ps3dev/ppu/powerpc64-ps3-elf/bin/ld
lt_cv_path_NM='/media/ps3dev/ps3dev/ppu/bin/powerpc64-ps3-elf-nm -B'
lt_cv_prog_compiler_c_o=yes
lt_cv_prog_compiler_c_o_CXX=yes
lt_cv_prog_compiler_pic_works=yes
lt_cv_prog_compiler_pic_works_CXX=yes
lt_cv_prog_compiler_rtti_exceptions=no
lt_cv_prog_compiler_static_works=yes
lt_cv_prog_compiler_static_works_CXX=yes
lt_cv_prog_gnu_ld=yes
lt_cv_prog_gnu_ldcxx=yes
lt_cv_sys_global_symbol_pipe='sed -n -e '\''s/^.*[	 ]\([ABCDGIRSTW][ABCDGIRSTW]*\)[	 ][	 ]*\([_A-Za-z][_A-Za-z0-9]*\)$/\1 \2 \2/p'\'''
lt_cv_sys_global_symbol_to_c_name_address='sed -n -e '\''s/^: \([^ ]*\) $/  {\"\1\", (void *) 0},/p'\'' -e '\''s/^[ABCDGIRSTW]* \([^ ]*\) \([^ ]*\)$/  {"\2", (void *) \&\2},/p'\'''
lt_cv_sys_global_symbol_to_c_name_address_lib_prefix='sed -n -e '\''s/^: \([^ ]*\) $/  {\"\1\", (void *) 0},/p'\'' -e '\''s/^[ABCDGIRSTW]* \([^ ]*\) \(lib[^ ]*\)$/  {"\2", (void *) \&\2},/p'\'' -e '\''s/^[ABCDGIRSTW]* \([^ ]*\) \([^ ]*\)$/  {"lib\2", (void *) \&\2},/p'\'''
lt_cv_sys_global_symbol_to_cdecl='sed -n -e '\''s/^T .* \(.*\)$/extern int \1();/p'\'' -e '\''s/^[ABCDGIRSTW]* .* \(.*\)$/extern char \1;/p'\'''
lt_cv_sys_max_cmd_len=1572864

## ----------------- ##
## Output variables. ##
## ----------------- ##

ACLOCAL='${SHELL} /home/wargio/efl/escape/missing --run aclocal-1.11'
AMDEPBACKSLASH='\'
AMDEP_FALSE='#'
AMDEP_TRUE=''
AMTAR='${SHELL} /home/wargio/efl/escape/missing --run tar'
AM_BACKSLASH='\'
AM_DEFAULT_VERBOSITY='0'
AR='powerpc64-ps3-elf-ar'
AUTOCONF='${SHELL} /home/wargio/efl/escape/missing --run autoconf'
AUTOHEADER='${SHELL} /home/wargio/efl/escape/missing --run autoheader'
AUTOMAKE='${SHELL} /home/wargio/efl/escape/missing --run automake-1.11'
AWK='mawk'
CC='powerpc64-ps3-elf-gcc'
CCAS='powerpc64-ps3-elf-gcc'
CCASDEPMODE='depmode=gcc3'
CCASFLAGS='-g -O3 -O2 -Wall -mcpu=cell -I/media/ps3dev/ps3dev/libpsl1ght/ppu/include -I/media/ps3dev/ps3dev/portlibs/ppu/include -mminimal-toc -I/media/ps3dev/ps3dev/ppu/lib/gcc/powerpc64-ps3-elf/4.5.2/plugin/include/'
CCDEPMODE='depmode=gcc3'
CFLAGS='-g -O3 -O2 -Wall -mcpu=cell -I/media/ps3dev/ps3dev/libpsl1ght/ppu/include -I/media/ps3dev/ps3dev/portlibs/ppu/include -mminimal-toc -I/media/ps3dev/ps3dev/ppu/lib/gcc/powerpc64-ps3-elf/4.5.2/plugin/include/'
CPP='powerpc64-ps3-elf-gcc -E'
CPPFLAGS='-I/media/ps3dev/ps3dev/libpsl1ght/ppu/include -I/media/ps3dev/ps3dev/portlibs/ppu/include'
CXX='powerpc64-ps3-elf-g++'
CXXCPP='powerpc64-ps3-elf-g++ -E'
CXXDEPMODE='depmode=gcc3'
CXXFLAGS='-I/media/ps3dev/ps3dev/libpsl1ght/ppu/include -I/media/ps3dev/ps3dev/portlibs/ppu/include'
CYGPATH_W='echo'
DEFS='-DHAVE_CONFIG_H'
DEPDIR='.deps'
DSYMUTIL=''
DUMPBIN=''
ECHO_C=''
ECHO_N='-n'
ECHO_T=''
EGREP='/bin/grep -E'
ESCAPE_CFLAGS=''
ESCAPE_CPPFLAGS=''
ESCAPE_LIBS='-llv2'
EXEEXT=''
FGREP='/bin/grep -F'
GREP='/bin/grep'
INSTALL_DATA='${INSTALL} -m 644'
INSTALL_PROGRAM='${INSTALL}'
INSTALL_SCRIPT='${INSTALL}'
INSTALL_STRIP_PROGRAM='$(install_sh) -c -s'
LD='/media/ps3dev/ps3dev/ppu/powerpc64-ps3-elf/bin/ld'
LDFLAGS='-L/media/ps3dev/ps3dev/libpsl1ght/ppu/lib -L/media/ps3dev/ps3dev/portlibs/ppu/lib'
LIBOBJS=''
LIBS=''
LIBTOOL='$(SHELL) $(top_builddir)/libtool'
LIPO=''
LN_S='ln -s'
LTLIBOBJS=''
MAKEINFO='${SHELL} /home/wargio/efl/escape/missing --run makeinfo'
MKDIR_P='/bin/mkdir -p'
NM='/media/ps3dev/ps3dev/ppu/bin/powerpc64-ps3-elf-nm -B'
NMEDIT=''
OBJDUMP='powerpc64-ps3-elf-objdump'
OBJEXT='o'
OTOOL64=''
OTOOL=''
PACKAGE='escape'
PACKAGE_BUGREPORT='enlightenment-devel@lists.sourceforge.net'
PACKAGE_NAME='escape'
PACKAGE_STRING='escape 0.99.0'
PACKAGE_TARNAME='escape'
PACKAGE_URL=''
PACKAGE_VERSION='0.99.0'
PATH_SEPARATOR=':'
RANLIB='powerpc64-ps3-elf-ranlib'
SED='/bin/sed'
SET_MAKE=''
SHELL='/bin/bash'
STRIP='powerpc64-ps3-elf-strip'
VERSION='0.99.0'
VMAJ='0'
ac_ct_CC=''
ac_ct_CXX=''
ac_ct_DUMPBIN=''
am__EXEEXT_FALSE=''
am__EXEEXT_TRUE='#'
am__fastdepCCAS_FALSE='#'
am__fastdepCCAS_TRUE=''
am__fastdepCC_FALSE='#'
am__fastdepCC_TRUE=''
am__fastdepCXX_FALSE='#'
am__fastdepCXX_TRUE=''
am__include='include'
am__isrc=''
am__leading_dot='.'
am__quote=''
am__tar='${AMTAR} chof - "$$tardir"'
am__untar='${AMTAR} xf -'
bindir='${exec_prefix}/bin'
build='i686-pc-linux-gnu'
build_alias=''
build_cpu='i686'
build_os='linux-gnu'
build_vendor='pc'
datadir='${datarootdir}'
datarootdir='${prefix}/share'
docdir='${datarootdir}/doc/${PACKAGE_TARNAME}'
dvidir='${docdir}'
exec_prefix='${prefix}'
host='powerpc64-ps3-elf'
host_alias='powerpc64-ps3-elf'
host_cpu='powerpc64'
host_os='elf'
host_vendor='ps3'
htmldir='${docdir}'
includedir='/media/ps3dev/ps3dev/portlibs/ppu/include'
infodir='${datarootdir}/info'
install_sh='${SHELL} /home/wargio/efl/escape/install-sh'
libdir='/media/ps3dev/ps3dev/portlibs/ppu/lib'
libexecdir='${exec_prefix}/libexec'
localedir='${datarootdir}/locale'
localstatedir='${prefix}/var'
lt_ECHO='echo'
mandir='${datarootdir}/man'
mkdir_p='/bin/mkdir -p'
oldincludedir='/usr/include'
pdfdir='${docdir}'
prefix='/media/ps3dev/ps3dev/portlibs/ppu'
program_transform_name='s,x,x,'
psdir='${docdir}'
sbindir='${exec_prefix}/sbin'
sharedstatedir='${prefix}/com'
sysconfdir='${prefix}/etc'
target_alias=''
version_info='99:0:99'

## ----------- ##
## confdefs.h. ##
## ----------- ##

/* confdefs.h */
#define PACKAGE_NAME "escape"
#define PACKAGE_TARNAME "escape"
#define PACKAGE_VERSION "0.99.0"
#define PACKAGE_STRING "escape 0.99.0"
#define PACKAGE_BUGREPORT "enlightenment-devel@lists.sourceforge.net"
#define PACKAGE_URL ""
#define STDC_HEADERS 1
#define HAVE_SYS_TYPES_H 1
#define HAVE_SYS_STAT_H 1
#define HAVE_STDLIB_H 1
#define HAVE_STRING_H 1
#define HAVE_STRINGS_H 1
#define HAVE_INTTYPES_H 1
#define HAVE_STDINT_H 1
#define HAVE_UNISTD_H 1
#define LT_OBJDIR ".libs/"
#define PACKAGE "escape"
#define VERSION "0.99.0"
#define HAVE_ERRNO_H 1
#define PATH_MAX 4096

configure: exit 0
