This file contains any messages produced by compilers while
running configure, to aid debugging if configure makes a mistake.

It was created by eet configure 1.5.99.esportato, which was
generated by GNU Autoconf 2.67.  Invocation command line was

  $ ./configure --prefix=/media/ps3dev/ps3dev/portlibs/ppu --host=powerpc64-ps3-elf --includedir=/media/ps3dev/ps3dev/portlibs/ppu/include --libdir=/media/ps3dev/ps3dev/portlibs/ppu/lib

## --------- ##
## Platform. ##
## --------- ##

hostname = Linux
uname -m = i686
uname -r = 2.6.35-32-generic
uname -s = Linux
uname -v = #67-Ubuntu SMP Mon Mar 5 19:35:26 UTC 2012

/usr/bin/uname -p = unknown
/bin/uname -X     = unknown

/bin/arch              = unknown
/usr/bin/arch -k       = unknown
/usr/convex/getsysinfo = unknown
/usr/bin/hostinfo      = unknown
/bin/machine           = unknown
/usr/bin/oslevel       = unknown
/bin/universe          = unknown

PATH: /usr/local/sbin
PATH: /usr/local/bin
PATH: /usr/sbin
PATH: /usr/bin
PATH: /sbin
PATH: /bin
PATH: /usr/games
PATH: /media/ps3dev/ps3dev/bin
PATH: /media/ps3dev/ps3dev/ppu/bin
PATH: /media/ps3dev/ps3dev/spu/bin


## ----------- ##
## Core tests. ##
## ----------- ##

configure:2487: checking for a BSD-compatible install
configure:2555: result: /usr/bin/install -c
configure:2566: checking whether build environment is sane
configure:2616: result: yes
configure:2665: checking for powerpc64-ps3-elf-strip
configure:2681: found /media/ps3dev/ps3dev/ppu/bin/powerpc64-ps3-elf-strip
configure:2692: result: powerpc64-ps3-elf-strip
configure:2757: checking for a thread-safe mkdir -p
configure:2796: result: /bin/mkdir -p
configure:2809: checking for gawk
configure:2839: result: no
configure:2809: checking for mawk
configure:2825: found /usr/bin/mawk
configure:2836: result: mawk
configure:2847: checking whether make sets $(MAKE)
configure:2869: result: yes
configure:2966: checking build system type
configure:2980: result: i686-pc-linux-gnu
configure:3000: checking host system type
configure:3013: result: powerpc64-ps3-elf
configure:3373: checking for style of include used by make
configure:3401: result: GNU
configure:3431: checking for powerpc64-ps3-elf-gcc
configure:3458: result: powerpc64-ps3-elf-gcc
configure:3727: checking for C compiler version
configure:3736: powerpc64-ps3-elf-gcc --version >&5
powerpc64-ps3-elf-gcc (GCC) 4.5.2
Copyright (C) 2010 Free Software Foundation, Inc.
This is free software; see the source for copying conditions.  There is NO
warranty; not even for MERCHANTABILITY or FITNESS FOR A PARTICULAR PURPOSE.

configure:3747: $? = 0
configure:3736: powerpc64-ps3-elf-gcc -v >&5
Using built-in specs.
COLLECT_GCC=powerpc64-ps3-elf-gcc
COLLECT_LTO_WRAPPER=/media/ps3dev/ps3dev/ppu/bin/../libexec/gcc/powerpc64-ps3-elf/4.5.2/lto-wrapper
Target: powerpc64-ps3-elf
Configured with: ../configure --prefix=/media/20GB/usr/local/ps3dev/ppu --target=powerpc64-ps3-elf --disable-dependency-tracking --disable-libstdcxx-pch --disable-multilib --disable-nls --disable-shared --disable-win32-registry --enable-languages=c,c++,objc,obj-c++ --enable-long-double-128 --enable-lto --enable-threads --with-cpu=cell --with-newlib : (reconfigured) ../configure --prefix=/media/20GB/usr/local/ps3dev/ppu --target=powerpc64-ps3-elf --disable-dependency-tracking --disable-libstdcxx-pch --disable-multilib --disable-nls --disable-shared --disable-win32-registry --enable-languages=c,c++,objc,obj-c++ --enable-long-double-128 --enable-lto --enable-threads --with-cpu=cell --with-newlib
Thread model: single
gcc version 4.5.2 (GCC) 
configure:3747: $? = 0
configure:3736: powerpc64-ps3-elf-gcc -V >&5
powerpc64-ps3-elf-gcc: '-V' option must have argument
configure:3747: $? = 1
configure:3736: powerpc64-ps3-elf-gcc -qversion >&5
powerpc64-ps3-elf-gcc: unrecognized option '-qversion'
powerpc64-ps3-elf-gcc: no input files
configure:3747: $? = 1
configure:3767: checking whether the C compiler works
configure:3789: powerpc64-ps3-elf-gcc -g -O3 -O2 -Wall -mcpu=cell -I/media/ps3dev/ps3dev/libpsl1ght/ppu/include -I/media/ps3dev/ps3dev/portlibs/ppu/include -mminimal-toc  -I/media/ps3dev/ps3dev/libpsl1ght/ppu/include -I/media/ps3dev/ps3dev/portlibs/ppu/include -L/media/ps3dev/ps3dev/libpsl1ght/ppu/lib -L/media/ps3dev/ps3dev/portlibs/ppu/lib conftest.c  >&5
configure:3793: $? = 0
configure:3841: result: yes
configure:3844: checking for C compiler default output file name
configure:3846: result: a.out
configure:3852: checking for suffix of executables
configure:3859: powerpc64-ps3-elf-gcc -o conftest -g -O3 -O2 -Wall -mcpu=cell -I/media/ps3dev/ps3dev/libpsl1ght/ppu/include -I/media/ps3dev/ps3dev/portlibs/ppu/include -mminimal-toc  -I/media/ps3dev/ps3dev/libpsl1ght/ppu/include -I/media/ps3dev/ps3dev/portlibs/ppu/include -L/media/ps3dev/ps3dev/libpsl1ght/ppu/lib -L/media/ps3dev/ps3dev/portlibs/ppu/lib conftest.c  >&5
configure:3863: $? = 0
configure:3885: result: 
configure:3907: checking whether we are cross compiling
configure:3915: powerpc64-ps3-elf-gcc -o conftest -g -O3 -O2 -Wall -mcpu=cell -I/media/ps3dev/ps3dev/libpsl1ght/ppu/include -I/media/ps3dev/ps3dev/portlibs/ppu/include -mminimal-toc  -I/media/ps3dev/ps3dev/libpsl1ght/ppu/include -I/media/ps3dev/ps3dev/portlibs/ppu/include -L/media/ps3dev/ps3dev/libpsl1ght/ppu/lib -L/media/ps3dev/ps3dev/portlibs/ppu/lib conftest.c  >&5
configure:3919: $? = 0
configure:3926: ./conftest
./configure: line 3928: ./conftest: cannot execute binary file
configure:3930: $? = 126
configure:3945: result: yes
configure:3950: checking for suffix of object files
configure:3972: powerpc64-ps3-elf-gcc -c -g -O3 -O2 -Wall -mcpu=cell -I/media/ps3dev/ps3dev/libpsl1ght/ppu/include -I/media/ps3dev/ps3dev/portlibs/ppu/include -mminimal-toc  -I/media/ps3dev/ps3dev/libpsl1ght/ppu/include -I/media/ps3dev/ps3dev/portlibs/ppu/include conftest.c >&5
configure:3976: $? = 0
configure:3997: result: o
configure:4001: checking whether we are using the GNU C compiler
configure:4020: powerpc64-ps3-elf-gcc -c -g -O3 -O2 -Wall -mcpu=cell -I/media/ps3dev/ps3dev/libpsl1ght/ppu/include -I/media/ps3dev/ps3dev/portlibs/ppu/include -mminimal-toc  -I/media/ps3dev/ps3dev/libpsl1ght/ppu/include -I/media/ps3dev/ps3dev/portlibs/ppu/include conftest.c >&5
configure:4020: $? = 0
configure:4029: result: yes
configure:4038: checking whether powerpc64-ps3-elf-gcc accepts -g
configure:4058: powerpc64-ps3-elf-gcc -c -g -I/media/ps3dev/ps3dev/libpsl1ght/ppu/include -I/media/ps3dev/ps3dev/portlibs/ppu/include conftest.c >&5
configure:4058: $? = 0
configure:4099: result: yes
configure:4116: checking for powerpc64-ps3-elf-gcc option to accept ISO C89
configure:4180: powerpc64-ps3-elf-gcc  -c -g -O3 -O2 -Wall -mcpu=cell -I/media/ps3dev/ps3dev/libpsl1ght/ppu/include -I/media/ps3dev/ps3dev/portlibs/ppu/include -mminimal-toc  -I/media/ps3dev/ps3dev/libpsl1ght/ppu/include -I/media/ps3dev/ps3dev/portlibs/ppu/include conftest.c >&5
configure:4180: $? = 0
configure:4193: result: none needed
configure:4215: checking dependency style of powerpc64-ps3-elf-gcc
configure:4325: result: gcc3
configure:4340: checking for a sed that does not truncate output
configure:4404: result: /bin/sed
configure:4422: checking for grep that handles long lines and -e
configure:4480: result: /bin/grep
configure:4485: checking for egrep
configure:4547: result: /bin/grep -E
configure:4552: checking for fgrep
configure:4614: result: /bin/grep -F
configure:4649: checking for ld used by powerpc64-ps3-elf-gcc
configure:4716: result: /media/ps3dev/ps3dev/ppu/powerpc64-ps3-elf/bin/ld
configure:4723: checking if the linker (/media/ps3dev/ps3dev/ppu/powerpc64-ps3-elf/bin/ld) is GNU ld
configure:4738: result: yes
configure:4750: checking for BSD- or MS-compatible name lister (nm)
configure:4799: result: /media/ps3dev/ps3dev/ppu/bin/powerpc64-ps3-elf-nm -B
configure:4917: checking the name lister (/media/ps3dev/ps3dev/ppu/bin/powerpc64-ps3-elf-nm -B) interface
configure:4924: powerpc64-ps3-elf-gcc -c -g -O3 -O2 -Wall -mcpu=cell -I/media/ps3dev/ps3dev/libpsl1ght/ppu/include -I/media/ps3dev/ps3dev/portlibs/ppu/include -mminimal-toc  -I/media/ps3dev/ps3dev/libpsl1ght/ppu/include -I/media/ps3dev/ps3dev/portlibs/ppu/include conftest.c >&5
configure:4927: /media/ps3dev/ps3dev/ppu/bin/powerpc64-ps3-elf-nm -B "conftest.o"
configure:4930: output
0000000000000000 B some_variable
configure:4937: result: BSD nm
configure:4940: checking whether ln -s works
configure:4944: result: yes
configure:4952: checking the maximum length of command line arguments
configure:5072: result: 1572864
configure:5089: checking whether the shell understands some XSI constructs
configure:5099: result: yes
configure:5103: checking whether the shell understands "+="
configure:5109: result: yes
configure:5144: checking for /media/ps3dev/ps3dev/ppu/powerpc64-ps3-elf/bin/ld option to reload object files
configure:5151: result: -r
configure:5180: checking for powerpc64-ps3-elf-objdump
configure:5207: result: objdump
configure:5276: checking how to recognize dependent libraries
configure:5472: result: unknown
configure:5492: checking for powerpc64-ps3-elf-ar
configure:5519: result: powerpc64-ps3-elf-ar
configure:5597: checking for powerpc64-ps3-elf-strip
configure:5624: result: powerpc64-ps3-elf-strip
configure:5696: checking for powerpc64-ps3-elf-ranlib
configure:5723: result: powerpc64-ps3-elf-ranlib
configure:5853: checking command to parse /media/ps3dev/ps3dev/ppu/bin/powerpc64-ps3-elf-nm -B output from powerpc64-ps3-elf-gcc object
configure:5971: powerpc64-ps3-elf-gcc -c -g -O3 -O2 -Wall -mcpu=cell -I/media/ps3dev/ps3dev/libpsl1ght/ppu/include -I/media/ps3dev/ps3dev/portlibs/ppu/include -mminimal-toc  -I/media/ps3dev/ps3dev/libpsl1ght/ppu/include -I/media/ps3dev/ps3dev/portlibs/ppu/include conftest.c >&5
configure:5974: $? = 0
configure:5978: /media/ps3dev/ps3dev/ppu/bin/powerpc64-ps3-elf-nm -B conftest.o \| sed -n -e 's/^.*[	 ]\([ABCDGIRSTW][ABCDGIRSTW]*\)[	 ][	 ]*\([_A-Za-z][_A-Za-z0-9]*\)$/\1 \2 \2/p' \> conftest.nm
configure:5981: $? = 0
configure:6035: powerpc64-ps3-elf-gcc -o conftest -g -O3 -O2 -Wall -mcpu=cell -I/media/ps3dev/ps3dev/libpsl1ght/ppu/include -I/media/ps3dev/ps3dev/portlibs/ppu/include -mminimal-toc  -I/media/ps3dev/ps3dev/libpsl1ght/ppu/include -I/media/ps3dev/ps3dev/portlibs/ppu/include -L/media/ps3dev/ps3dev/libpsl1ght/ppu/lib -L/media/ps3dev/ps3dev/portlibs/ppu/lib conftest.c conftstm.o >&5
configure:6038: $? = 0
configure:6076: result: ok
configure:6885: checking how to run the C preprocessor
configure:6916: powerpc64-ps3-elf-gcc -E -I/media/ps3dev/ps3dev/libpsl1ght/ppu/include -I/media/ps3dev/ps3dev/portlibs/ppu/include conftest.c
configure:6916: $? = 0
configure:6930: powerpc64-ps3-elf-gcc -E -I/media/ps3dev/ps3dev/libpsl1ght/ppu/include -I/media/ps3dev/ps3dev/portlibs/ppu/include conftest.c
conftest.c:11:28: fatal error: ac_nonexistent.h: No such file or directory
compilation terminated.
configure:6930: $? = 1
configure: failed program was:
| /* confdefs.h */
| #define PACKAGE_NAME "eet"
| #define PACKAGE_TARNAME "eet"
| #define PACKAGE_VERSION "1.5.99.esportato"
| #define PACKAGE_STRING "eet 1.5.99.esportato"
| #define PACKAGE_BUGREPORT "enlightenment-devel@lists.sourceforge.net"
| #define PACKAGE_URL ""
| #define PACKAGE "eet"
| #define VERSION "1.5.99.esportato"
| /* end confdefs.h.  */
| #include <ac_nonexistent.h>
configure:6955: result: powerpc64-ps3-elf-gcc -E
configure:6975: powerpc64-ps3-elf-gcc -E -I/media/ps3dev/ps3dev/libpsl1ght/ppu/include -I/media/ps3dev/ps3dev/portlibs/ppu/include conftest.c
configure:6975: $? = 0
configure:6989: powerpc64-ps3-elf-gcc -E -I/media/ps3dev/ps3dev/libpsl1ght/ppu/include -I/media/ps3dev/ps3dev/portlibs/ppu/include conftest.c
conftest.c:11:28: fatal error: ac_nonexistent.h: No such file or directory
compilation terminated.
configure:6989: $? = 1
configure: failed program was:
| /* confdefs.h */
| #define PACKAGE_NAME "eet"
| #define PACKAGE_TARNAME "eet"
| #define PACKAGE_VERSION "1.5.99.esportato"
| #define PACKAGE_STRING "eet 1.5.99.esportato"
| #define PACKAGE_BUGREPORT "enlightenment-devel@lists.sourceforge.net"
| #define PACKAGE_URL ""
| #define PACKAGE "eet"
| #define VERSION "1.5.99.esportato"
| /* end confdefs.h.  */
| #include <ac_nonexistent.h>
configure:7018: checking for ANSI C header files
configure:7038: powerpc64-ps3-elf-gcc -c -g -O3 -O2 -Wall -mcpu=cell -I/media/ps3dev/ps3dev/libpsl1ght/ppu/include -I/media/ps3dev/ps3dev/portlibs/ppu/include -mminimal-toc  -I/media/ps3dev/ps3dev/libpsl1ght/ppu/include -I/media/ps3dev/ps3dev/portlibs/ppu/include conftest.c >&5
configure:7038: $? = 0
configure:7122: result: yes
configure:7135: checking for sys/types.h
configure:7135: powerpc64-ps3-elf-gcc -c -g -O3 -O2 -Wall -mcpu=cell -I/media/ps3dev/ps3dev/libpsl1ght/ppu/include -I/media/ps3dev/ps3dev/portlibs/ppu/include -mminimal-toc  -I/media/ps3dev/ps3dev/libpsl1ght/ppu/include -I/media/ps3dev/ps3dev/portlibs/ppu/include conftest.c >&5
configure:7135: $? = 0
configure:7135: result: yes
configure:7135: checking for sys/stat.h
configure:7135: powerpc64-ps3-elf-gcc -c -g -O3 -O2 -Wall -mcpu=cell -I/media/ps3dev/ps3dev/libpsl1ght/ppu/include -I/media/ps3dev/ps3dev/portlibs/ppu/include -mminimal-toc  -I/media/ps3dev/ps3dev/libpsl1ght/ppu/include -I/media/ps3dev/ps3dev/portlibs/ppu/include conftest.c >&5
configure:7135: $? = 0
configure:7135: result: yes
configure:7135: checking for stdlib.h
configure:7135: powerpc64-ps3-elf-gcc -c -g -O3 -O2 -Wall -mcpu=cell -I/media/ps3dev/ps3dev/libpsl1ght/ppu/include -I/media/ps3dev/ps3dev/portlibs/ppu/include -mminimal-toc  -I/media/ps3dev/ps3dev/libpsl1ght/ppu/include -I/media/ps3dev/ps3dev/portlibs/ppu/include conftest.c >&5
configure:7135: $? = 0
configure:7135: result: yes
configure:7135: checking for string.h
configure:7135: powerpc64-ps3-elf-gcc -c -g -O3 -O2 -Wall -mcpu=cell -I/media/ps3dev/ps3dev/libpsl1ght/ppu/include -I/media/ps3dev/ps3dev/portlibs/ppu/include -mminimal-toc  -I/media/ps3dev/ps3dev/libpsl1ght/ppu/include -I/media/ps3dev/ps3dev/portlibs/ppu/include conftest.c >&5
configure:7135: $? = 0
configure:7135: result: yes
configure:7135: checking for memory.h
configure:7135: powerpc64-ps3-elf-gcc -c -g -O3 -O2 -Wall -mcpu=cell -I/media/ps3dev/ps3dev/libpsl1ght/ppu/include -I/media/ps3dev/ps3dev/portlibs/ppu/include -mminimal-toc  -I/media/ps3dev/ps3dev/libpsl1ght/ppu/include -I/media/ps3dev/ps3dev/portlibs/ppu/include conftest.c >&5
conftest.c:50:20: fatal error: memory.h: No such file or directory
compilation terminated.
configure:7135: $? = 1
configure: failed program was:
| /* confdefs.h */
| #define PACKAGE_NAME "eet"
| #define PACKAGE_TARNAME "eet"
| #define PACKAGE_VERSION "1.5.99.esportato"
| #define PACKAGE_STRING "eet 1.5.99.esportato"
| #define PACKAGE_BUGREPORT "enlightenment-devel@lists.sourceforge.net"
| #define PACKAGE_URL ""
| #define PACKAGE "eet"
| #define VERSION "1.5.99.esportato"
| #define STDC_HEADERS 1
| #define HAVE_SYS_TYPES_H 1
| #define HAVE_SYS_STAT_H 1
| #define HAVE_STDLIB_H 1
| #define HAVE_STRING_H 1
| /* end confdefs.h.  */
| #include <stdio.h>
| #ifdef HAVE_SYS_TYPES_H
| # include <sys/types.h>
| #endif
| #ifdef HAVE_SYS_STAT_H
| # include <sys/stat.h>
| #endif
| #ifdef STDC_HEADERS
| # include <stdlib.h>
| # include <stddef.h>
| #else
| # ifdef HAVE_STDLIB_H
| #  include <stdlib.h>
| # endif
| #endif
| #ifdef HAVE_STRING_H
| # if !defined STDC_HEADERS && defined HAVE_MEMORY_H
| #  include <memory.h>
| # endif
| # include <string.h>
| #endif
| #ifdef HAVE_STRINGS_H
| # include <strings.h>
| #endif
| #ifdef HAVE_INTTYPES_H
| # include <inttypes.h>
| #endif
| #ifdef HAVE_STDINT_H
| # include <stdint.h>
| #endif
| #ifdef HAVE_UNISTD_H
| # include <unistd.h>
| #endif
| 
| #include <memory.h>
configure:7135: result: no
configure:7135: checking for strings.h
configure:7135: powerpc64-ps3-elf-gcc -c -g -O3 -O2 -Wall -mcpu=cell -I/media/ps3dev/ps3dev/libpsl1ght/ppu/include -I/media/ps3dev/ps3dev/portlibs/ppu/include -mminimal-toc  -I/media/ps3dev/ps3dev/libpsl1ght/ppu/include -I/media/ps3dev/ps3dev/portlibs/ppu/include conftest.c >&5
configure:7135: $? = 0
configure:7135: result: yes
configure:7135: checking for inttypes.h
configure:7135: powerpc64-ps3-elf-gcc -c -g -O3 -O2 -Wall -mcpu=cell -I/media/ps3dev/ps3dev/libpsl1ght/ppu/include -I/media/ps3dev/ps3dev/portlibs/ppu/include -mminimal-toc  -I/media/ps3dev/ps3dev/libpsl1ght/ppu/include -I/media/ps3dev/ps3dev/portlibs/ppu/include conftest.c >&5
configure:7135: $? = 0
configure:7135: result: yes
configure:7135: checking for stdint.h
configure:7135: powerpc64-ps3-elf-gcc -c -g -O3 -O2 -Wall -mcpu=cell -I/media/ps3dev/ps3dev/libpsl1ght/ppu/include -I/media/ps3dev/ps3dev/portlibs/ppu/include -mminimal-toc  -I/media/ps3dev/ps3dev/libpsl1ght/ppu/include -I/media/ps3dev/ps3dev/portlibs/ppu/include conftest.c >&5
configure:7135: $? = 0
configure:7135: result: yes
configure:7135: checking for unistd.h
configure:7135: powerpc64-ps3-elf-gcc -c -g -O3 -O2 -Wall -mcpu=cell -I/media/ps3dev/ps3dev/libpsl1ght/ppu/include -I/media/ps3dev/ps3dev/portlibs/ppu/include -mminimal-toc  -I/media/ps3dev/ps3dev/libpsl1ght/ppu/include -I/media/ps3dev/ps3dev/portlibs/ppu/include conftest.c >&5
configure:7135: $? = 0
configure:7135: result: yes
configure:7149: checking for dlfcn.h
configure:7149: powerpc64-ps3-elf-gcc -c -g -O3 -O2 -Wall -mcpu=cell -I/media/ps3dev/ps3dev/libpsl1ght/ppu/include -I/media/ps3dev/ps3dev/portlibs/ppu/include -mminimal-toc  -I/media/ps3dev/ps3dev/libpsl1ght/ppu/include -I/media/ps3dev/ps3dev/portlibs/ppu/include conftest.c >&5
conftest.c:54:19: fatal error: dlfcn.h: No such file or directory
compilation terminated.
configure:7149: $? = 1
configure: failed program was:
| /* confdefs.h */
| #define PACKAGE_NAME "eet"
| #define PACKAGE_TARNAME "eet"
| #define PACKAGE_VERSION "1.5.99.esportato"
| #define PACKAGE_STRING "eet 1.5.99.esportato"
| #define PACKAGE_BUGREPORT "enlightenment-devel@lists.sourceforge.net"
| #define PACKAGE_URL ""
| #define PACKAGE "eet"
| #define VERSION "1.5.99.esportato"
| #define STDC_HEADERS 1
| #define HAVE_SYS_TYPES_H 1
| #define HAVE_SYS_STAT_H 1
| #define HAVE_STDLIB_H 1
| #define HAVE_STRING_H 1
| #define HAVE_STRINGS_H 1
| #define HAVE_INTTYPES_H 1
| #define HAVE_STDINT_H 1
| #define HAVE_UNISTD_H 1
| /* end confdefs.h.  */
| #include <stdio.h>
| #ifdef HAVE_SYS_TYPES_H
| # include <sys/types.h>
| #endif
| #ifdef HAVE_SYS_STAT_H
| # include <sys/stat.h>
| #endif
| #ifdef STDC_HEADERS
| # include <stdlib.h>
| # include <stddef.h>
| #else
| # ifdef HAVE_STDLIB_H
| #  include <stdlib.h>
| # endif
| #endif
| #ifdef HAVE_STRING_H
| # if !defined STDC_HEADERS && defined HAVE_MEMORY_H
| #  include <memory.h>
| # endif
| # include <string.h>
| #endif
| #ifdef HAVE_STRINGS_H
| # include <strings.h>
| #endif
| #ifdef HAVE_INTTYPES_H
| # include <inttypes.h>
| #endif
| #ifdef HAVE_STDINT_H
| # include <stdint.h>
| #endif
| #ifdef HAVE_UNISTD_H
| # include <unistd.h>
| #endif
| 
| #include <dlfcn.h>
configure:7149: result: no
configure:7331: checking for objdir
configure:7346: result: .libs
configure:7642: checking if powerpc64-ps3-elf-gcc supports -fno-rtti -fno-exceptions
configure:7660: powerpc64-ps3-elf-gcc -c -g -O3 -O2 -Wall -mcpu=cell -I/media/ps3dev/ps3dev/libpsl1ght/ppu/include -I/media/ps3dev/ps3dev/portlibs/ppu/include -mminimal-toc  -I/media/ps3dev/ps3dev/libpsl1ght/ppu/include -I/media/ps3dev/ps3dev/portlibs/ppu/include -fno-rtti -fno-exceptions conftest.c >&5
cc1: warning: command line option "-fno-rtti" is valid for C++/ObjC++ but not for C
configure:7664: $? = 0
configure:7677: result: no
configure:7697: checking for powerpc64-ps3-elf-gcc option to produce PIC
configure:7969: result: -fPIC -DPIC
configure:7981: checking if powerpc64-ps3-elf-gcc PIC flag -fPIC -DPIC works
configure:7999: powerpc64-ps3-elf-gcc -c -g -O3 -O2 -Wall -mcpu=cell -I/media/ps3dev/ps3dev/libpsl1ght/ppu/include -I/media/ps3dev/ps3dev/portlibs/ppu/include -mminimal-toc  -I/media/ps3dev/ps3dev/libpsl1ght/ppu/include -I/media/ps3dev/ps3dev/portlibs/ppu/include -fPIC -DPIC -DPIC conftest.c >&5
configure:8003: $? = 0
configure:8016: result: yes
configure:8040: checking if powerpc64-ps3-elf-gcc static flag -static works
configure:8068: result: yes
configure:8083: checking if powerpc64-ps3-elf-gcc supports -c -o file.o
configure:8104: powerpc64-ps3-elf-gcc -c -g -O3 -O2 -Wall -mcpu=cell -I/media/ps3dev/ps3dev/libpsl1ght/ppu/include -I/media/ps3dev/ps3dev/portlibs/ppu/include -mminimal-toc  -I/media/ps3dev/ps3dev/libpsl1ght/ppu/include -I/media/ps3dev/ps3dev/portlibs/ppu/include -o out/conftest2.o conftest.c >&5
configure:8108: $? = 0
configure:8130: result: yes
configure:8138: checking if powerpc64-ps3-elf-gcc supports -c -o file.o
configure:8185: result: yes
configure:8218: checking whether the powerpc64-ps3-elf-gcc linker (/media/ps3dev/ps3dev/ppu/powerpc64-ps3-elf/bin/ld) supports shared libraries
configure:9209: result: yes
configure:9246: checking whether -lc should be explicitly linked in
configure:9251: powerpc64-ps3-elf-gcc -c -g -O3 -O2 -Wall -mcpu=cell -I/media/ps3dev/ps3dev/libpsl1ght/ppu/include -I/media/ps3dev/ps3dev/portlibs/ppu/include -mminimal-toc  -I/media/ps3dev/ps3dev/libpsl1ght/ppu/include -I/media/ps3dev/ps3dev/portlibs/ppu/include conftest.c >&5
configure:9254: $? = 0
configure:9269: powerpc64-ps3-elf-gcc -shared conftest.o  -v -Wl,-soname -Wl,conftest -o conftest 2\>\&1 \| /bin/grep  -lc  \>/dev/null 2\>\&1
configure:9272: $? = 0
configure:9284: result: no
configure:9448: checking dynamic linker characteristics
configure:10111: result: no
configure:10213: checking how to hardcode library paths into programs
configure:10238: result: immediate
configure:10758: checking whether stripping libraries is possible
configure:10763: result: yes
configure:10798: checking if libtool supports shared libraries
configure:10800: result: no
configure:10803: checking whether to build shared libraries
configure:10824: result: no
configure:10827: checking whether to build static libraries
configure:10831: result: yes
configure:10960: checking whether to build eet binary
configure:10962: result: yes
configure:10995: checking whether to support old eet file format
configure:10997: result: yes
configure:11018: checking whether to use Gnutls
configure:11020: result: auto
configure:11032: checking whether to use gnutls_x509_crt_verify_hash
configure:11034: result: yes
configure:11038: checking for gnutls_x509_crt_verify_hash in -lgnutls
configure:11063: powerpc64-ps3-elf-gcc -o conftest -g -O3 -O2 -Wall -mcpu=cell -I/media/ps3dev/ps3dev/libpsl1ght/ppu/include -I/media/ps3dev/ps3dev/portlibs/ppu/include -mminimal-toc  -I/media/ps3dev/ps3dev/libpsl1ght/ppu/include -I/media/ps3dev/ps3dev/portlibs/ppu/include -L/media/ps3dev/ps3dev/libpsl1ght/ppu/lib -L/media/ps3dev/ps3dev/portlibs/ppu/lib conftest.c -lgnutls   >&5
/media/ps3dev/ps3dev/ppu/bin/../lib/gcc/powerpc64-ps3-elf/4.5.2/../../../../powerpc64-ps3-elf/bin/ld: cannot find -lgnutls
collect2: ld returned 1 exit status
configure:11063: $? = 1
configure: failed program was:
| /* confdefs.h */
| #define PACKAGE_NAME "eet"
| #define PACKAGE_TARNAME "eet"
| #define PACKAGE_VERSION "1.5.99.esportato"
| #define PACKAGE_STRING "eet 1.5.99.esportato"
| #define PACKAGE_BUGREPORT "enlightenment-devel@lists.sourceforge.net"
| #define PACKAGE_URL ""
| #define PACKAGE "eet"
| #define VERSION "1.5.99.esportato"
| #define STDC_HEADERS 1
| #define HAVE_SYS_TYPES_H 1
| #define HAVE_SYS_STAT_H 1
| #define HAVE_STDLIB_H 1
| #define HAVE_STRING_H 1
| #define HAVE_STRINGS_H 1
| #define HAVE_INTTYPES_H 1
| #define HAVE_STDINT_H 1
| #define HAVE_UNISTD_H 1
| #define LT_OBJDIR ".libs/"
| #define VMAJ 1
| #define VMIN 5
| #define VMIC 99
| #define VREV esportato
| #define EET_OLD_EET_FILE_FORMAT 1
| /* end confdefs.h.  */
| 
| /* Override any GCC internal prototype to avoid an error.
|    Use char because int might match the return type of a GCC
|    builtin and then its argument prototype would still apply.  */
| #ifdef __cplusplus
| extern "C"
| #endif
| char gnutls_x509_crt_verify_hash ();
| int
| main ()
| {
| return gnutls_x509_crt_verify_hash ();
|   ;
|   return 0;
| }
configure:11072: result: no
configure:11097: checking whether to use OpenSSL
configure:11099: result: auto
configure:11110: checking whether to use cipher
configure:11112: result: yes
configure:11121: checking whether to use signature
configure:11123: result: yes
configure:11291: checking pkg-config is at least version 0.9.0
configure:11294: result: yes
configure:11319: checking whether tests are built
configure:11321: result: no
configure:11430: checking whether to use profiling instrumentation
configure:11432: result: no
configure:11532: checking for powerpc64-ps3-elf-gcc
configure:11559: result: powerpc64-ps3-elf-gcc
configure:11828: checking for C compiler version
configure:11837: powerpc64-ps3-elf-gcc --version >&5
powerpc64-ps3-elf-gcc (GCC) 4.5.2
Copyright (C) 2010 Free Software Foundation, Inc.
This is free software; see the source for copying conditions.  There is NO
warranty; not even for MERCHANTABILITY or FITNESS FOR A PARTICULAR PURPOSE.

configure:11848: $? = 0
configure:11837: powerpc64-ps3-elf-gcc -v >&5
Using built-in specs.
COLLECT_GCC=powerpc64-ps3-elf-gcc
COLLECT_LTO_WRAPPER=/media/ps3dev/ps3dev/ppu/bin/../libexec/gcc/powerpc64-ps3-elf/4.5.2/lto-wrapper
Target: powerpc64-ps3-elf
Configured with: ../configure --prefix=/media/20GB/usr/local/ps3dev/ppu --target=powerpc64-ps3-elf --disable-dependency-tracking --disable-libstdcxx-pch --disable-multilib --disable-nls --disable-shared --disable-win32-registry --enable-languages=c,c++,objc,obj-c++ --enable-long-double-128 --enable-lto --enable-threads --with-cpu=cell --with-newlib : (reconfigured) ../configure --prefix=/media/20GB/usr/local/ps3dev/ppu --target=powerpc64-ps3-elf --disable-dependency-tracking --disable-libstdcxx-pch --disable-multilib --disable-nls --disable-shared --disable-win32-registry --enable-languages=c,c++,objc,obj-c++ --enable-long-double-128 --enable-lto --enable-threads --with-cpu=cell --with-newlib
Thread model: single
gcc version 4.5.2 (GCC) 
configure:11848: $? = 0
configure:11837: powerpc64-ps3-elf-gcc -V >&5
powerpc64-ps3-elf-gcc: '-V' option must have argument
configure:11848: $? = 1
configure:11837: powerpc64-ps3-elf-gcc -qversion >&5
powerpc64-ps3-elf-gcc: unrecognized option '-qversion'
powerpc64-ps3-elf-gcc: no input files
configure:11848: $? = 1
configure:11852: checking whether we are using the GNU C compiler
configure:11880: result: yes
configure:11889: checking whether powerpc64-ps3-elf-gcc accepts -g
configure:11950: result: yes
configure:11967: checking for powerpc64-ps3-elf-gcc option to accept ISO C89
configure:12044: result: none needed
configure:12066: checking dependency style of powerpc64-ps3-elf-gcc
configure:12176: result: gcc3
configure:12301: checking pkg-config is at least version 0.9.0
configure:12304: result: yes
configure:12340: checking whether to build documentation
configure:12342: result: yes
configure:12406: checking for doxygen
configure:12434: result: no
configure:12451: WARNING: no doxygen detected. Documentation will not be built
configure:12603: checking for EINA
configure:12610: $PKG_CONFIG --exists --print-errors "eina >= 1.1.0"
configure:12613: $? = 0
configure:12626: $PKG_CONFIG --exists --print-errors "eina >= 1.1.0"
configure:12629: $? = 0
configure:12686: result: yes
configure:12697: checking for GNUTLS
configure:12704: $PKG_CONFIG --exists --print-errors "gnutls >= 1.7.6"
Package gnutls was not found in the pkg-config search path.
Perhaps you should add the directory containing `gnutls.pc'
to the PKG_CONFIG_PATH environment variable
No package 'gnutls' found
configure:12707: $? = 1
configure:12720: $PKG_CONFIG --exists --print-errors "gnutls >= 1.7.6"
Package gnutls was not found in the pkg-config search path.
Perhaps you should add the directory containing `gnutls.pc'
to the PKG_CONFIG_PATH environment variable
No package 'gnutls' found
configure:12723: $? = 1
configure:12736: result: no
No package 'gnutls' found
configure:12889: checking for OPENSSL
configure:12896: $PKG_CONFIG --exists --print-errors "openssl"
Package openssl was not found in the pkg-config search path.
Perhaps you should add the directory containing `openssl.pc'
to the PKG_CONFIG_PATH environment variable
No package 'openssl' found
configure:12899: $? = 1
configure:12912: $PKG_CONFIG --exists --print-errors "openssl"
Package openssl was not found in the pkg-config search path.
Perhaps you should add the directory containing `openssl.pc'
to the PKG_CONFIG_PATH environment variable
No package 'openssl' found
configure:12915: $? = 1
configure:12928: result: no
No package 'openssl' found
configure:12985: checking whether to activate cipher support in eet
configure:12987: result: no
configure:13003: checking whether to activate signature support in eet
configure:13005: result: no
configure:13010: checking zlib.h usability
configure:13010: powerpc64-ps3-elf-gcc -c -g -O3 -O2 -Wall -mcpu=cell -I/media/ps3dev/ps3dev/libpsl1ght/ppu/include -I/media/ps3dev/ps3dev/portlibs/ppu/include -mminimal-toc  -I/media/ps3dev/ps3dev/libpsl1ght/ppu/include -I/media/ps3dev/ps3dev/portlibs/ppu/include conftest.c >&5
configure:13010: $? = 0
configure:13010: result: yes
configure:13010: checking zlib.h presence
configure:13010: powerpc64-ps3-elf-gcc -E -I/media/ps3dev/ps3dev/libpsl1ght/ppu/include -I/media/ps3dev/ps3dev/portlibs/ppu/include conftest.c
configure:13010: $? = 0
configure:13010: result: yes
configure:13010: checking for zlib.h
configure:13010: result: yes
configure:13019: checking jpeglib.h usability
configure:13019: powerpc64-ps3-elf-gcc -c -g -O3 -O2 -Wall -mcpu=cell -I/media/ps3dev/ps3dev/libpsl1ght/ppu/include -I/media/ps3dev/ps3dev/portlibs/ppu/include -mminimal-toc  -I/media/ps3dev/ps3dev/libpsl1ght/ppu/include -I/media/ps3dev/ps3dev/portlibs/ppu/include conftest.c >&5
configure:13019: $? = 0
configure:13019: result: yes
configure:13019: checking jpeglib.h presence
configure:13019: powerpc64-ps3-elf-gcc -E -I/media/ps3dev/ps3dev/libpsl1ght/ppu/include -I/media/ps3dev/ps3dev/portlibs/ppu/include conftest.c
configure:13019: $? = 0
configure:13019: result: yes
configure:13019: checking for jpeglib.h
configure:13019: result: yes
configure:13031: checking netinet/in.h usability
configure:13031: powerpc64-ps3-elf-gcc -c -g -O3 -O2 -Wall -mcpu=cell -I/media/ps3dev/ps3dev/libpsl1ght/ppu/include -I/media/ps3dev/ps3dev/portlibs/ppu/include -mminimal-toc  -I/media/ps3dev/ps3dev/libpsl1ght/ppu/include -I/media/ps3dev/ps3dev/portlibs/ppu/include conftest.c >&5
configure:13031: $? = 0
configure:13031: result: yes
configure:13031: checking netinet/in.h presence
configure:13031: powerpc64-ps3-elf-gcc -E -I/media/ps3dev/ps3dev/libpsl1ght/ppu/include -I/media/ps3dev/ps3dev/portlibs/ppu/include conftest.c
configure:13031: $? = 0
configure:13031: result: yes
configure:13031: checking for netinet/in.h
configure:13031: result: yes
configure:13031: checking for unistd.h
configure:13031: result: yes
configure:13051: checking for PATH_MAX in limits.h
configure:13068: powerpc64-ps3-elf-gcc -c -g -O3 -O2 -Wall -mcpu=cell -I/media/ps3dev/ps3dev/libpsl1ght/ppu/include -I/media/ps3dev/ps3dev/portlibs/ppu/include -mminimal-toc  -I/media/ps3dev/ps3dev/libpsl1ght/ppu/include -I/media/ps3dev/ps3dev/portlibs/ppu/include conftest.c >&5
conftest.c: In function 'main':
conftest.c:35:9: error: 'PATH_MAX' undeclared (first use in this function)
conftest.c:35:9: note: each undeclared identifier is reported only once for each function it appears in
conftest.c:35:5: warning: unused variable 'i'
configure:13068: $? = 1
configure: failed program was:
| /* confdefs.h */
| #define PACKAGE_NAME "eet"
| #define PACKAGE_TARNAME "eet"
| #define PACKAGE_VERSION "1.5.99.esportato"
| #define PACKAGE_STRING "eet 1.5.99.esportato"
| #define PACKAGE_BUGREPORT "enlightenment-devel@lists.sourceforge.net"
| #define PACKAGE_URL ""
| #define PACKAGE "eet"
| #define VERSION "1.5.99.esportato"
| #define STDC_HEADERS 1
| #define HAVE_SYS_TYPES_H 1
| #define HAVE_SYS_STAT_H 1
| #define HAVE_STDLIB_H 1
| #define HAVE_STRING_H 1
| #define HAVE_STRINGS_H 1
| #define HAVE_INTTYPES_H 1
| #define HAVE_STDINT_H 1
| #define HAVE_UNISTD_H 1
| #define LT_OBJDIR ".libs/"
| #define VMAJ 1
| #define VMIN 5
| #define VMIC 99
| #define VREV esportato
| #define EET_OLD_EET_FILE_FORMAT 1
| #define HAVE_NETINET_IN_H 1
| #define HAVE_UNISTD_H 1
| /* end confdefs.h.  */
| 
| #include <limits.h>
| 
| int
| main ()
| {
| 
| int i = PATH_MAX;
| 
|   ;
|   return 0;
| }
configure:13078: result: no: using 4096
configure:13101: checking whether powerpc64-ps3-elf-gcc and cc understand -c and -o together
configure:13132: powerpc64-ps3-elf-gcc -c conftest.c -o conftest2.o >&5
configure:13136: $? = 0
configure:13142: powerpc64-ps3-elf-gcc -c conftest.c -o conftest2.o >&5
configure:13146: $? = 0
configure:13157: cc -c conftest.c >&5
configure:13161: $? = 0
configure:13169: cc -c conftest.c -o conftest2.o >&5
configure:13173: $? = 0
configure:13179: cc -c conftest.c -o conftest2.o >&5
configure:13183: $? = 0
configure:13201: result: yes
configure:13226: checking for an ANSI C-conforming const
configure:13291: powerpc64-ps3-elf-gcc -c -g -O3 -O2 -Wall -mcpu=cell -I/media/ps3dev/ps3dev/libpsl1ght/ppu/include -I/media/ps3dev/ps3dev/portlibs/ppu/include -mminimal-toc  -I/media/ps3dev/ps3dev/libpsl1ght/ppu/include -I/media/ps3dev/ps3dev/portlibs/ppu/include conftest.c >&5
conftest.c: In function 'main':
conftest.c:58:10: warning: 't' is used uninitialized in this function
conftest.c:74:23: warning: 'b' is used uninitialized in this function
configure:13291: $? = 0
configure:13298: result: yes
configure:13306: checking for inline
configure:13322: powerpc64-ps3-elf-gcc -c -g -O3 -O2 -Wall -mcpu=cell -I/media/ps3dev/ps3dev/libpsl1ght/ppu/include -I/media/ps3dev/ps3dev/portlibs/ppu/include -mminimal-toc  -I/media/ps3dev/ps3dev/libpsl1ght/ppu/include -I/media/ps3dev/ps3dev/portlibs/ppu/include conftest.c >&5
configure:13322: $? = 0
configure:13330: result: inline
configure:13352: checking for powerpc64-ps3-elf-gcc option to accept ISO C99
configure:13501: powerpc64-ps3-elf-gcc  -c -g -O3 -O2 -Wall -mcpu=cell -I/media/ps3dev/ps3dev/libpsl1ght/ppu/include -I/media/ps3dev/ps3dev/portlibs/ppu/include -mminimal-toc  -I/media/ps3dev/ps3dev/libpsl1ght/ppu/include -I/media/ps3dev/ps3dev/portlibs/ppu/include conftest.c >&5
conftest.c:79:29: error: expected ';', ',' or ')' before 'text'
conftest.c: In function 'main':
conftest.c:131:3: warning: implicit declaration of function 'test_restrict'
conftest.c:133:18: error: expected '=', ',', ';', 'asm' or '__attribute__' before 'newvar'
conftest.c:133:18: error: 'newvar' undeclared (first use in this function)
conftest.c:133:18: note: each undeclared identifier is reported only once for each function it appears in
conftest.c:143:3: error: 'for' loop initial declarations are only allowed in C99 mode
conftest.c:143:3: note: use option -std=c99 or -std=gnu99 to compile your code
configure:13501: $? = 1
configure: failed program was:
| /* confdefs.h */
| #define PACKAGE_NAME "eet"
| #define PACKAGE_TARNAME "eet"
| #define PACKAGE_VERSION "1.5.99.esportato"
| #define PACKAGE_STRING "eet 1.5.99.esportato"
| #define PACKAGE_BUGREPORT "enlightenment-devel@lists.sourceforge.net"
| #define PACKAGE_URL ""
| #define PACKAGE "eet"
| #define VERSION "1.5.99.esportato"
| #define STDC_HEADERS 1
| #define HAVE_SYS_TYPES_H 1
| #define HAVE_SYS_STAT_H 1
| #define HAVE_STDLIB_H 1
| #define HAVE_STRING_H 1
| #define HAVE_STRINGS_H 1
| #define HAVE_INTTYPES_H 1
| #define HAVE_STDINT_H 1
| #define HAVE_UNISTD_H 1
| #define LT_OBJDIR ".libs/"
| #define VMAJ 1
| #define VMIN 5
| #define VMIC 99
| #define VREV esportato
| #define EET_OLD_EET_FILE_FORMAT 1
| #define HAVE_NETINET_IN_H 1
| #define HAVE_UNISTD_H 1
| #define PATH_MAX 4096
| /* end confdefs.h.  */
| #include <stdarg.h>
| #include <stdbool.h>
| #include <stdlib.h>
| #include <wchar.h>
| #include <stdio.h>
| 
| // Check varargs macros.  These examples are taken from C99 6.10.3.5.
| #define debug(...) fprintf (stderr, __VA_ARGS__)
| #define showlist(...) puts (#__VA_ARGS__)
| #define report(test,...) ((test) ? puts (#test) : printf (__VA_ARGS__))
| static void
| test_varargs_macros (void)
| {
|   int x = 1234;
|   int y = 5678;
|   debug ("Flag");
|   debug ("X = %d\n", x);
|   showlist (The first, second, and third items.);
|   report (x>y, "x is %d but y is %d", x, y);
| }
| 
| // Check long long types.
| #define BIG64 18446744073709551615ull
| #define BIG32 4294967295ul
| #define BIG_OK (BIG64 / BIG32 == 4294967297ull && BIG64 % BIG32 == 0)
| #if !BIG_OK
|   your preprocessor is broken;
| #endif
| #if BIG_OK
| #else
|   your preprocessor is broken;
| #endif
| static long long int bignum = -9223372036854775807LL;
| static unsigned long long int ubignum = BIG64;
| 
| struct incomplete_array
| {
|   int datasize;
|   double data[];
| };
| 
| struct named_init {
|   int number;
|   const wchar_t *name;
|   double average;
| };
| 
| typedef const char *ccp;
| 
| static inline int
| test_restrict (ccp restrict text)
| {
|   // See if C++-style comments work.
|   // Iterate through items via the restricted pointer.
|   // Also check for declarations in for loops.
|   for (unsigned int i = 0; *(text+i) != '\0'; ++i)
|     continue;
|   return 0;
| }
| 
| // Check varargs and va_copy.
| static void
| test_varargs (const char *format, ...)
| {
|   va_list args;
|   va_start (args, format);
|   va_list args_copy;
|   va_copy (args_copy, args);
| 
|   const char *str;
|   int number;
|   float fnumber;
| 
|   while (*format)
|     {
|       switch (*format++)
| 	{
| 	case 's': // string
| 	  str = va_arg (args_copy, const char *);
| 	  break;
| 	case 'd': // int
| 	  number = va_arg (args_copy, int);
| 	  break;
| 	case 'f': // float
| 	  fnumber = va_arg (args_copy, double);
| 	  break;
| 	default:
| 	  break;
| 	}
|     }
|   va_end (args_copy);
|   va_end (args);
| }
| 
| int
| main ()
| {
| 
|   // Check bool.
|   _Bool success = false;
| 
|   // Check restrict.
|   if (test_restrict ("String literal") == 0)
|     success = true;
|   char *restrict newvar = "Another string";
| 
|   // Check varargs.
|   test_varargs ("s, d' f .", "string", 65, 34.234);
|   test_varargs_macros ();
| 
|   // Check flexible array members.
|   struct incomplete_array *ia =
|     malloc (sizeof (struct incomplete_array) + (sizeof (double) * 10));
|   ia->datasize = 10;
|   for (int i = 0; i < ia->datasize; ++i)
|     ia->data[i] = i * 1.234;
| 
|   // Check named initializers.
|   struct named_init ni = {
|     .number = 34,
|     .name = L"Test wide string",
|     .average = 543.34343,
|   };
| 
|   ni.number = 58;
| 
|   int dynamic_array[ni.number];
|   dynamic_array[ni.number - 1] = 543;
| 
|   // work around unused variable warnings
|   return (!success || bignum == 0LL || ubignum == 0uLL || newvar[0] == 'x'
| 	  || dynamic_array[ni.number - 1] != 543);
| 
|   ;
|   return 0;
| }
configure:13501: powerpc64-ps3-elf-gcc -std=gnu99 -c -g -O3 -O2 -Wall -mcpu=cell -I/media/ps3dev/ps3dev/libpsl1ght/ppu/include -I/media/ps3dev/ps3dev/portlibs/ppu/include -mminimal-toc  -I/media/ps3dev/ps3dev/libpsl1ght/ppu/include -I/media/ps3dev/ps3dev/portlibs/ppu/include conftest.c >&5
configure:13501: $? = 0
configure:13521: result: -std=gnu99
configure:13623: checking for powerpc64-ps3-elf-gcc -std=gnu99 option to accept ISO Standard C
configure:13637: result: -std=gnu99
configure:13643: checking for __attribute__
configure:13668: powerpc64-ps3-elf-gcc -std=gnu99 -c -g -O3 -O2 -Wall -mcpu=cell -I/media/ps3dev/ps3dev/libpsl1ght/ppu/include -I/media/ps3dev/ps3dev/portlibs/ppu/include -mminimal-toc  -I/media/ps3dev/ps3dev/libpsl1ght/ppu/include -I/media/ps3dev/ps3dev/portlibs/ppu/include conftest.c >&5
configure:13668: $? = 0
configure:13678: result: yes
configure:13699: WARNING: Cannot check when cross-compiling -- assuming null is okay
configure:13725: checking value of the null pointer
configure:13727: result: yes
configure:13781: checking whether the compiler supports -Wl,--as-needed
configure:13795: powerpc64-ps3-elf-gcc -std=gnu99 -o conftest -g -O3 -O2 -Wall -mcpu=cell -I/media/ps3dev/ps3dev/libpsl1ght/ppu/include -I/media/ps3dev/ps3dev/portlibs/ppu/include -mminimal-toc  -Wl,--as-needed -I/media/ps3dev/ps3dev/libpsl1ght/ppu/include -I/media/ps3dev/ps3dev/portlibs/ppu/include -L/media/ps3dev/ps3dev/libpsl1ght/ppu/lib -L/media/ps3dev/ps3dev/portlibs/ppu/lib conftest.c  >&5
configure:13795: $? = 0
configure:13802: result: yes
configure:13821: checking for library containing strerror
configure:13852: powerpc64-ps3-elf-gcc -std=gnu99 -o conftest -g -O3 -O2 -Wall -mcpu=cell -I/media/ps3dev/ps3dev/libpsl1ght/ppu/include -I/media/ps3dev/ps3dev/portlibs/ppu/include -mminimal-toc  -Wl,--as-needed -I/media/ps3dev/ps3dev/libpsl1ght/ppu/include -I/media/ps3dev/ps3dev/portlibs/ppu/include -L/media/ps3dev/ps3dev/libpsl1ght/ppu/lib -L/media/ps3dev/ps3dev/portlibs/ppu/lib conftest.c  >&5
configure:13852: $? = 0
configure:13869: result: none required
configure:13879: checking for working alloca.h
configure:13896: powerpc64-ps3-elf-gcc -std=gnu99 -o conftest -g -O3 -O2 -Wall -mcpu=cell -I/media/ps3dev/ps3dev/libpsl1ght/ppu/include -I/media/ps3dev/ps3dev/portlibs/ppu/include -mminimal-toc  -Wl,--as-needed -I/media/ps3dev/ps3dev/libpsl1ght/ppu/include -I/media/ps3dev/ps3dev/portlibs/ppu/include -L/media/ps3dev/ps3dev/libpsl1ght/ppu/lib -L/media/ps3dev/ps3dev/portlibs/ppu/lib conftest.c  >&5
configure:13896: $? = 0
configure:13904: result: yes
configure:13912: checking for alloca
configure:13949: powerpc64-ps3-elf-gcc -std=gnu99 -o conftest -g -O3 -O2 -Wall -mcpu=cell -I/media/ps3dev/ps3dev/libpsl1ght/ppu/include -I/media/ps3dev/ps3dev/portlibs/ppu/include -mminimal-toc  -Wl,--as-needed -I/media/ps3dev/ps3dev/libpsl1ght/ppu/include -I/media/ps3dev/ps3dev/portlibs/ppu/include -L/media/ps3dev/ps3dev/libpsl1ght/ppu/lib -L/media/ps3dev/ps3dev/portlibs/ppu/lib conftest.c  >&5
configure:13949: $? = 0
configure:13957: result: yes
configure:14070: checking for fmemopen
configure:14070: powerpc64-ps3-elf-gcc -std=gnu99 -o conftest -g -O3 -O2 -Wall -mcpu=cell -I/media/ps3dev/ps3dev/libpsl1ght/ppu/include -I/media/ps3dev/ps3dev/portlibs/ppu/include -mminimal-toc  -Wl,--as-needed -I/media/ps3dev/ps3dev/libpsl1ght/ppu/include -I/media/ps3dev/ps3dev/portlibs/ppu/include -L/media/ps3dev/ps3dev/libpsl1ght/ppu/lib -L/media/ps3dev/ps3dev/portlibs/ppu/lib conftest.c  >&5
configure:14070: $? = 0
configure:14070: result: yes
configure:14070: checking for open_memstream
configure:14070: powerpc64-ps3-elf-gcc -std=gnu99 -o conftest -g -O3 -O2 -Wall -mcpu=cell -I/media/ps3dev/ps3dev/libpsl1ght/ppu/include -I/media/ps3dev/ps3dev/portlibs/ppu/include -mminimal-toc  -Wl,--as-needed -I/media/ps3dev/ps3dev/libpsl1ght/ppu/include -I/media/ps3dev/ps3dev/portlibs/ppu/include -L/media/ps3dev/ps3dev/libpsl1ght/ppu/lib -L/media/ps3dev/ps3dev/portlibs/ppu/lib conftest.c  >&5
configure:14070: $? = 0
configure:14070: result: yes
configure:14070: checking for realpath
configure:14070: powerpc64-ps3-elf-gcc -std=gnu99 -o conftest -g -O3 -O2 -Wall -mcpu=cell -I/media/ps3dev/ps3dev/libpsl1ght/ppu/include -I/media/ps3dev/ps3dev/portlibs/ppu/include -mminimal-toc  -Wl,--as-needed -I/media/ps3dev/ps3dev/libpsl1ght/ppu/include -I/media/ps3dev/ps3dev/portlibs/ppu/include -L/media/ps3dev/ps3dev/libpsl1ght/ppu/lib -L/media/ps3dev/ps3dev/portlibs/ppu/lib conftest.c  >&5
/tmp/ccrcfvW0.o: In function `main':
/home/wargio/efl/eet/conftest.c:70: undefined reference to `.realpath'
collect2: ld returned 1 exit status
configure:14070: $? = 1
configure: failed program was:
| /* confdefs.h */
| #define PACKAGE_NAME "eet"
| #define PACKAGE_TARNAME "eet"
| #define PACKAGE_VERSION "1.5.99.esportato"
| #define PACKAGE_STRING "eet 1.5.99.esportato"
| #define PACKAGE_BUGREPORT "enlightenment-devel@lists.sourceforge.net"
| #define PACKAGE_URL ""
| #define PACKAGE "eet"
| #define VERSION "1.5.99.esportato"
| #define STDC_HEADERS 1
| #define HAVE_SYS_TYPES_H 1
| #define HAVE_SYS_STAT_H 1
| #define HAVE_STDLIB_H 1
| #define HAVE_STRING_H 1
| #define HAVE_STRINGS_H 1
| #define HAVE_INTTYPES_H 1
| #define HAVE_STDINT_H 1
| #define HAVE_UNISTD_H 1
| #define LT_OBJDIR ".libs/"
| #define VMAJ 1
| #define VMIN 5
| #define VMIC 99
| #define VREV esportato
| #define EET_OLD_EET_FILE_FORMAT 1
| #define HAVE_NETINET_IN_H 1
| #define HAVE_UNISTD_H 1
| #define PATH_MAX 4096
| #define HAVE___ATTRIBUTE__ 1
| #define __UNUSED__ __attribute__((unused))
| #define _GNU_SOURCE /**/
| #define HAVE_ALLOCA_H 1
| #define HAVE_ALLOCA 1
| #define HAVE_FMEMOPEN 1
| #define HAVE_OPEN_MEMSTREAM 1
| /* end confdefs.h.  */
| /* Define realpath to an innocuous variant, in case <limits.h> declares realpath.
|    For example, HP-UX 11i <limits.h> declares gettimeofday.  */
| #define realpath innocuous_realpath
| 
| /* System header to define __stub macros and hopefully few prototypes,
|     which can conflict with char realpath (); below.
|     Prefer <limits.h> to <assert.h> if __STDC__ is defined, since
|     <limits.h> exists even on freestanding compilers.  */
| 
| #ifdef __STDC__
| # include <limits.h>
| #else
| # include <assert.h>
| #endif
| 
| #undef realpath
| 
| /* Override any GCC internal prototype to avoid an error.
|    Use char because int might match the return type of a GCC
|    builtin and then its argument prototype would still apply.  */
| #ifdef __cplusplus
| extern "C"
| #endif
| char realpath ();
| /* The GNU C library defines this for functions which it implements
|     to always fail with ENOSYS.  Some functions are actually named
|     something starting with __ and the normal name is an alias.  */
| #if defined __stub_realpath || defined __stub___realpath
| choke me
| #endif
| 
| int
| main ()
| {
| return realpath ();
|   ;
|   return 0;
| }
configure:14070: result: no
configure:14082: checking fnmatch.h usability
configure:14082: powerpc64-ps3-elf-gcc -std=gnu99 -c -g -O3 -O2 -Wall -mcpu=cell -I/media/ps3dev/ps3dev/libpsl1ght/ppu/include -I/media/ps3dev/ps3dev/portlibs/ppu/include -mminimal-toc  -Wl,--as-needed -I/media/ps3dev/ps3dev/libpsl1ght/ppu/include -I/media/ps3dev/ps3dev/portlibs/ppu/include conftest.c >&5
configure:14082: $? = 0
configure:14082: result: yes
configure:14082: checking fnmatch.h presence
configure:14082: powerpc64-ps3-elf-gcc -E -I/media/ps3dev/ps3dev/libpsl1ght/ppu/include -I/media/ps3dev/ps3dev/portlibs/ppu/include conftest.c
configure:14082: $? = 0
configure:14082: result: yes
configure:14082: checking for fnmatch.h
configure:14082: result: yes
configure:14092: checking for library containing fnmatch
configure:14123: powerpc64-ps3-elf-gcc -std=gnu99 -o conftest -g -O3 -O2 -Wall -mcpu=cell -I/media/ps3dev/ps3dev/libpsl1ght/ppu/include -I/media/ps3dev/ps3dev/portlibs/ppu/include -mminimal-toc  -Wl,--as-needed -I/media/ps3dev/ps3dev/libpsl1ght/ppu/include -I/media/ps3dev/ps3dev/portlibs/ppu/include -L/media/ps3dev/ps3dev/libpsl1ght/ppu/lib -L/media/ps3dev/ps3dev/portlibs/ppu/lib conftest.c  >&5
/tmp/ccvY5tEf.o: In function `main':
/home/wargio/efl/eet/conftest.c:47: undefined reference to `.fnmatch'
collect2: ld returned 1 exit status
configure:14123: $? = 1
configure: failed program was:
| /* confdefs.h */
| #define PACKAGE_NAME "eet"
| #define PACKAGE_TARNAME "eet"
| #define PACKAGE_VERSION "1.5.99.esportato"
| #define PACKAGE_STRING "eet 1.5.99.esportato"
| #define PACKAGE_BUGREPORT "enlightenment-devel@lists.sourceforge.net"
| #define PACKAGE_URL ""
| #define PACKAGE "eet"
| #define VERSION "1.5.99.esportato"
| #define STDC_HEADERS 1
| #define HAVE_SYS_TYPES_H 1
| #define HAVE_SYS_STAT_H 1
| #define HAVE_STDLIB_H 1
| #define HAVE_STRING_H 1
| #define HAVE_STRINGS_H 1
| #define HAVE_INTTYPES_H 1
| #define HAVE_STDINT_H 1
| #define HAVE_UNISTD_H 1
| #define LT_OBJDIR ".libs/"
| #define VMAJ 1
| #define VMIN 5
| #define VMIC 99
| #define VREV esportato
| #define EET_OLD_EET_FILE_FORMAT 1
| #define HAVE_NETINET_IN_H 1
| #define HAVE_UNISTD_H 1
| #define PATH_MAX 4096
| #define HAVE___ATTRIBUTE__ 1
| #define __UNUSED__ __attribute__((unused))
| #define _GNU_SOURCE /**/
| #define HAVE_ALLOCA_H 1
| #define HAVE_ALLOCA 1
| #define HAVE_FMEMOPEN 1
| #define HAVE_OPEN_MEMSTREAM 1
| /* end confdefs.h.  */
| 
| /* Override any GCC internal prototype to avoid an error.
|    Use char because int might match the return type of a GCC
|    builtin and then its argument prototype would still apply.  */
| #ifdef __cplusplus
| extern "C"
| #endif
| char fnmatch ();
| int
| main ()
| {
| return fnmatch ();
|   ;
|   return 0;
| }
configure:14123: powerpc64-ps3-elf-gcc -std=gnu99 -o conftest -g -O3 -O2 -Wall -mcpu=cell -I/media/ps3dev/ps3dev/libpsl1ght/ppu/include -I/media/ps3dev/ps3dev/portlibs/ppu/include -mminimal-toc  -Wl,--as-needed -I/media/ps3dev/ps3dev/libpsl1ght/ppu/include -I/media/ps3dev/ps3dev/portlibs/ppu/include -L/media/ps3dev/ps3dev/libpsl1ght/ppu/lib -L/media/ps3dev/ps3dev/portlibs/ppu/lib conftest.c -lfnmatch   >&5
/media/ps3dev/ps3dev/ppu/bin/../lib/gcc/powerpc64-ps3-elf/4.5.2/../../../../powerpc64-ps3-elf/bin/ld: cannot find -lfnmatch
collect2: ld returned 1 exit status
configure:14123: $? = 1
configure: failed program was:
| /* confdefs.h */
| #define PACKAGE_NAME "eet"
| #define PACKAGE_TARNAME "eet"
| #define PACKAGE_VERSION "1.5.99.esportato"
| #define PACKAGE_STRING "eet 1.5.99.esportato"
| #define PACKAGE_BUGREPORT "enlightenment-devel@lists.sourceforge.net"
| #define PACKAGE_URL ""
| #define PACKAGE "eet"
| #define VERSION "1.5.99.esportato"
| #define STDC_HEADERS 1
| #define HAVE_SYS_TYPES_H 1
| #define HAVE_SYS_STAT_H 1
| #define HAVE_STDLIB_H 1
| #define HAVE_STRING_H 1
| #define HAVE_STRINGS_H 1
| #define HAVE_INTTYPES_H 1
| #define HAVE_STDINT_H 1
| #define HAVE_UNISTD_H 1
| #define LT_OBJDIR ".libs/"
| #define VMAJ 1
| #define VMIN 5
| #define VMIC 99
| #define VREV esportato
| #define EET_OLD_EET_FILE_FORMAT 1
| #define HAVE_NETINET_IN_H 1
| #define HAVE_UNISTD_H 1
| #define PATH_MAX 4096
| #define HAVE___ATTRIBUTE__ 1
| #define __UNUSED__ __attribute__((unused))
| #define _GNU_SOURCE /**/
| #define HAVE_ALLOCA_H 1
| #define HAVE_ALLOCA 1
| #define HAVE_FMEMOPEN 1
| #define HAVE_OPEN_MEMSTREAM 1
| /* end confdefs.h.  */
| 
| /* Override any GCC internal prototype to avoid an error.
|    Use char because int might match the return type of a GCC
|    builtin and then its argument prototype would still apply.  */
| #ifdef __cplusplus
| extern "C"
| #endif
| char fnmatch ();
| int
| main ()
| {
| return fnmatch ();
|   ;
|   return 0;
| }
configure:14123: powerpc64-ps3-elf-gcc -std=gnu99 -o conftest -g -O3 -O2 -Wall -mcpu=cell -I/media/ps3dev/ps3dev/libpsl1ght/ppu/include -I/media/ps3dev/ps3dev/portlibs/ppu/include -mminimal-toc  -Wl,--as-needed -I/media/ps3dev/ps3dev/libpsl1ght/ppu/include -I/media/ps3dev/ps3dev/portlibs/ppu/include -L/media/ps3dev/ps3dev/libpsl1ght/ppu/lib -L/media/ps3dev/ps3dev/portlibs/ppu/lib conftest.c -levil   >&5
/media/ps3dev/ps3dev/ppu/bin/../lib/gcc/powerpc64-ps3-elf/4.5.2/../../../../powerpc64-ps3-elf/bin/ld: cannot find -levil
collect2: ld returned 1 exit status
configure:14123: $? = 1
configure: failed program was:
| /* confdefs.h */
| #define PACKAGE_NAME "eet"
| #define PACKAGE_TARNAME "eet"
| #define PACKAGE_VERSION "1.5.99.esportato"
| #define PACKAGE_STRING "eet 1.5.99.esportato"
| #define PACKAGE_BUGREPORT "enlightenment-devel@lists.sourceforge.net"
| #define PACKAGE_URL ""
| #define PACKAGE "eet"
| #define VERSION "1.5.99.esportato"
| #define STDC_HEADERS 1
| #define HAVE_SYS_TYPES_H 1
| #define HAVE_SYS_STAT_H 1
| #define HAVE_STDLIB_H 1
| #define HAVE_STRING_H 1
| #define HAVE_STRINGS_H 1
| #define HAVE_INTTYPES_H 1
| #define HAVE_STDINT_H 1
| #define HAVE_UNISTD_H 1
| #define LT_OBJDIR ".libs/"
| #define VMAJ 1
| #define VMIN 5
| #define VMIC 99
| #define VREV esportato
| #define EET_OLD_EET_FILE_FORMAT 1
| #define HAVE_NETINET_IN_H 1
| #define HAVE_UNISTD_H 1
| #define PATH_MAX 4096
| #define HAVE___ATTRIBUTE__ 1
| #define __UNUSED__ __attribute__((unused))
| #define _GNU_SOURCE /**/
| #define HAVE_ALLOCA_H 1
| #define HAVE_ALLOCA 1
| #define HAVE_FMEMOPEN 1
| #define HAVE_OPEN_MEMSTREAM 1
| /* end confdefs.h.  */
| 
| /* Override any GCC internal prototype to avoid an error.
|    Use char because int might match the return type of a GCC
|    builtin and then its argument prototype would still apply.  */
| #ifdef __cplusplus
| extern "C"
| #endif
| char fnmatch ();
| int
| main ()
| {
| return fnmatch ();
|   ;
|   return 0;
| }
configure:14123: powerpc64-ps3-elf-gcc -std=gnu99 -o conftest -g -O3 -O2 -Wall -mcpu=cell -I/media/ps3dev/ps3dev/libpsl1ght/ppu/include -I/media/ps3dev/ps3dev/portlibs/ppu/include -mminimal-toc  -Wl,--as-needed -I/media/ps3dev/ps3dev/libpsl1ght/ppu/include -I/media/ps3dev/ps3dev/portlibs/ppu/include -L/media/ps3dev/ps3dev/libpsl1ght/ppu/lib -L/media/ps3dev/ps3dev/portlibs/ppu/lib conftest.c -liberty   >&5
configure:14123: $? = 0
configure:14140: result: -liberty
configure:14324: creating ./config.status

## ---------------------- ##
## Running config.status. ##
## ---------------------- ##

This file was extended by eet config.status 1.5.99.esportato, which was
generated by GNU Autoconf 2.67.  Invocation command line was

  CONFIG_FILES    = 
  CONFIG_HEADERS  = 
  CONFIG_LINKS    = 
  CONFIG_COMMANDS = 
  $ ./config.status 

on Linux

config.status:1144: creating Makefile
config.status:1144: creating eet.pc
config.status:1144: creating doc/Makefile
config.status:1144: creating doc/Doxyfile
config.status:1144: creating doc/eet.dox
config.status:1144: creating src/Makefile
config.status:1144: creating src/lib/Makefile
config.status:1144: creating src/bin/Makefile
config.status:1144: creating src/tests/Makefile
config.status:1144: creating src/examples/Makefile
config.status:1144: creating eet.spec
config.status:1144: creating config.h
config.status:1324: config.h is unchanged
config.status:1372: executing depfiles commands
config.status:1372: executing libtool commands

## ---------------- ##
## Cache variables. ##
## ---------------- ##

ac_cv___attribute__=yes
ac_cv_build=i686-pc-linux-gnu
ac_cv_c_compiler_gnu=yes
ac_cv_c_const=yes
ac_cv_c_inline=inline
ac_cv_env_CC_set=set
ac_cv_env_CC_value=powerpc64-ps3-elf-gcc
ac_cv_env_CFLAGS_set=set
ac_cv_env_CFLAGS_value='-g -O3 -O2 -Wall -mcpu=cell -I/media/ps3dev/ps3dev/libpsl1ght/ppu/include -I/media/ps3dev/ps3dev/portlibs/ppu/include -mminimal-toc '
ac_cv_env_CHECK_CFLAGS_set=
ac_cv_env_CHECK_CFLAGS_value=
ac_cv_env_CHECK_LIBS_set=
ac_cv_env_CHECK_LIBS_value=
ac_cv_env_CPPFLAGS_set=set
ac_cv_env_CPPFLAGS_value='-I/media/ps3dev/ps3dev/libpsl1ght/ppu/include -I/media/ps3dev/ps3dev/portlibs/ppu/include'
ac_cv_env_CPP_set=
ac_cv_env_CPP_value=
ac_cv_env_EINA_CFLAGS_set=
ac_cv_env_EINA_CFLAGS_value=
ac_cv_env_EINA_LIBS_set=
ac_cv_env_EINA_LIBS_value=
ac_cv_env_EVIL_CFLAGS_set=
ac_cv_env_EVIL_CFLAGS_value=
ac_cv_env_EVIL_LIBS_set=
ac_cv_env_EVIL_LIBS_value=
ac_cv_env_GNUTLS_CFLAGS_set=
ac_cv_env_GNUTLS_CFLAGS_value=
ac_cv_env_GNUTLS_LIBS_set=
ac_cv_env_GNUTLS_LIBS_value=
ac_cv_env_LDFLAGS_set=set
ac_cv_env_LDFLAGS_value='-L/media/ps3dev/ps3dev/libpsl1ght/ppu/lib -L/media/ps3dev/ps3dev/portlibs/ppu/lib'
ac_cv_env_LIBS_set=
ac_cv_env_LIBS_value=
ac_cv_env_OPENSSL_CFLAGS_set=
ac_cv_env_OPENSSL_CFLAGS_value=
ac_cv_env_OPENSSL_LIBS_set=
ac_cv_env_OPENSSL_LIBS_value=
ac_cv_env_PKG_CONFIG_LIBDIR_set=set
ac_cv_env_PKG_CONFIG_LIBDIR_value=/media/ps3dev/ps3dev/libpsl1ght/ppu/lib/pkgconfig
ac_cv_env_PKG_CONFIG_PATH_set=set
ac_cv_env_PKG_CONFIG_PATH_value=/media/ps3dev/ps3dev/portlibs/ppu/lib/pkgconfig
ac_cv_env_PKG_CONFIG_set=set
ac_cv_env_PKG_CONFIG_value='pkg-config --static'
ac_cv_env_build_alias_set=
ac_cv_env_build_alias_value=
ac_cv_env_host_alias_set=set
ac_cv_env_host_alias_value=powerpc64-ps3-elf
ac_cv_env_target_alias_set=
ac_cv_env_target_alias_value=
ac_cv_func_alloca_works=yes
ac_cv_func_fmemopen=yes
ac_cv_func_open_memstream=yes
ac_cv_func_realpath=no
ac_cv_header_dlfcn_h=no
ac_cv_header_fnmatch_h=yes
ac_cv_header_inttypes_h=yes
ac_cv_header_jpeglib_h=yes
ac_cv_header_memory_h=no
ac_cv_header_netinet_in_h=yes
ac_cv_header_stdc=yes
ac_cv_header_stdint_h=yes
ac_cv_header_stdlib_h=yes
ac_cv_header_string_h=yes
ac_cv_header_strings_h=yes
ac_cv_header_sys_stat_h=yes
ac_cv_header_sys_types_h=yes
ac_cv_header_unistd_h=yes
ac_cv_header_zlib_h=yes
ac_cv_host=powerpc64-ps3-elf
ac_cv_lib_gnutls_gnutls_x509_crt_verify_hash=no
ac_cv_objext=o
ac_cv_path_EGREP='/bin/grep -E'
ac_cv_path_FGREP='/bin/grep -F'
ac_cv_path_GREP=/bin/grep
ac_cv_path_SED=/bin/sed
ac_cv_path_install='/usr/bin/install -c'
ac_cv_path_mkdir=/bin/mkdir
ac_cv_prog_AR=powerpc64-ps3-elf-ar
ac_cv_prog_AWK=mawk
ac_cv_prog_CC=powerpc64-ps3-elf-gcc
ac_cv_prog_CPP='powerpc64-ps3-elf-gcc -E'
ac_cv_prog_OBJDUMP=objdump
ac_cv_prog_RANLIB=powerpc64-ps3-elf-ranlib
ac_cv_prog_STRIP=powerpc64-ps3-elf-strip
ac_cv_prog_cc_c89=
ac_cv_prog_cc_c99=-std=gnu99
ac_cv_prog_cc_g=yes
ac_cv_prog_cc_powerpc64_ps3_elf_gcc_c_o=yes
ac_cv_prog_cc_stdc=-std=gnu99
ac_cv_prog_efl_have_doxygen=no
ac_cv_prog_make_make_set=yes
ac_cv_search_fnmatch=-liberty
ac_cv_search_strerror='none required'
ac_cv_working_alloca_h=yes
am_cv_CC_dependencies_compiler_type=gcc3
lt_cv_deplibs_check_method=unknown
lt_cv_file_magic_cmd='$MAGIC_CMD'
lt_cv_file_magic_test_file=
lt_cv_ld_reload_flag=-r
lt_cv_nm_interface='BSD nm'
lt_cv_objdir=.libs
lt_cv_path_LD=/media/ps3dev/ps3dev/ppu/powerpc64-ps3-elf/bin/ld
lt_cv_path_NM='/media/ps3dev/ps3dev/ppu/bin/powerpc64-ps3-elf-nm -B'
lt_cv_prog_compiler_c_o=yes
lt_cv_prog_compiler_pic_works=yes
lt_cv_prog_compiler_rtti_exceptions=no
lt_cv_prog_compiler_static_works=yes
lt_cv_prog_gnu_ld=yes
lt_cv_sys_global_symbol_pipe='sed -n -e '\''s/^.*[	 ]\([ABCDGIRSTW][ABCDGIRSTW]*\)[	 ][	 ]*\([_A-Za-z][_A-Za-z0-9]*\)$/\1 \2 \2/p'\'''
lt_cv_sys_global_symbol_to_c_name_address='sed -n -e '\''s/^: \([^ ]*\) $/  {\"\1\", (void *) 0},/p'\'' -e '\''s/^[ABCDGIRSTW]* \([^ ]*\) \([^ ]*\)$/  {"\2", (void *) \&\2},/p'\'''
lt_cv_sys_global_symbol_to_c_name_address_lib_prefix='sed -n -e '\''s/^: \([^ ]*\) $/  {\"\1\", (void *) 0},/p'\'' -e '\''s/^[ABCDGIRSTW]* \([^ ]*\) \(lib[^ ]*\)$/  {"\2", (void *) \&\2},/p'\'' -e '\''s/^[ABCDGIRSTW]* \([^ ]*\) \([^ ]*\)$/  {"lib\2", (void *) \&\2},/p'\'''
lt_cv_sys_global_symbol_to_cdecl='sed -n -e '\''s/^T .* \(.*\)$/extern int \1();/p'\'' -e '\''s/^[ABCDGIRSTW]* .* \(.*\)$/extern char \1;/p'\'''
lt_cv_sys_max_cmd_len=1572864
pkg_cv_EINA_CFLAGS='-I/media/ps3dev/ps3dev/portlibs/ppu/include/eina-1 -I/media/ps3dev/ps3dev/portlibs/ppu/include/eina-1/eina -I/media/ps3dev/ps3dev/portlibs/ppu/include/escape-0  '
pkg_cv_EINA_LIBS='-L/media/ps3dev/ps3dev/portlibs/ppu/lib -leina -lescape -lm -lnet -lsysmodule -liberty  '

## ----------------- ##
## Output variables. ##
## ----------------- ##

ACLOCAL='${SHELL} /home/wargio/efl/eet/missing --run aclocal-1.11'
ALLOCA=''
AMDEPBACKSLASH='\'
AMDEP_FALSE='#'
AMDEP_TRUE=''
AMTAR='${SHELL} /home/wargio/efl/eet/missing --run tar'
AM_BACKSLASH='\'
AM_DEFAULT_VERBOSITY='0'
AR='powerpc64-ps3-elf-ar'
AS='as'
AUTOCONF='${SHELL} /home/wargio/efl/eet/missing --run autoconf'
AUTOHEADER='${SHELL} /home/wargio/efl/eet/missing --run autoheader'
AUTOMAKE='${SHELL} /home/wargio/efl/eet/missing --run automake-1.11'
AWK='mawk'
BUILD_EET_FALSE='#'
BUILD_EET_TRUE=''
BUILD_EXAMPLES_FALSE=''
BUILD_EXAMPLES_TRUE='#'
CC='powerpc64-ps3-elf-gcc -std=gnu99'
CCDEPMODE='depmode=gcc3'
CFLAGS='-g -O3 -O2 -Wall -mcpu=cell -I/media/ps3dev/ps3dev/libpsl1ght/ppu/include -I/media/ps3dev/ps3dev/portlibs/ppu/include -mminimal-toc  -Wl,--as-needed'
CHECK_CFLAGS=''
CHECK_LIBS=''
CPP='powerpc64-ps3-elf-gcc -E'
CPPFLAGS='-I/media/ps3dev/ps3dev/libpsl1ght/ppu/include -I/media/ps3dev/ps3dev/portlibs/ppu/include'
CYGPATH_W='echo'
DEBUG_CFLAGS='-DNDEBUG'
DEFS='-DHAVE_CONFIG_H'
DEPDIR='.deps'
DLLTOOL='dlltool'
DSYMUTIL=''
DUMPBIN=''
ECHO_C=''
ECHO_N='-n'
ECHO_T=''
EET_AMALGAMATION_FALSE=''
EET_AMALGAMATION_TRUE='#'
EET_CFLAGS=''
EET_CPPFLAGS=''
EET_LIBS=''
EET_PRG='eet'
EFL_BUILD_DOC_FALSE=''
EFL_BUILD_DOC_TRUE='#'
EFL_COVERAGE_CFLAGS=''
EFL_COVERAGE_LIBS=''
EFL_EET_BUILD=''
EFL_ENABLE_COVERAGE_FALSE=''
EFL_ENABLE_COVERAGE_TRUE='#'
EFL_ENABLE_TESTS_FALSE=''
EFL_ENABLE_TESTS_TRUE='#'
EFL_FNMATCH_LIBS='-liberty'
EGREP='/bin/grep -E'
EINA_CFLAGS='-I/media/ps3dev/ps3dev/portlibs/ppu/include/eina-1 -I/media/ps3dev/ps3dev/portlibs/ppu/include/eina-1/eina -I/media/ps3dev/ps3dev/portlibs/ppu/include/escape-0  '
EINA_LIBS='-L/media/ps3dev/ps3dev/portlibs/ppu/lib -leina -lescape -lm -lnet -lsysmodule -liberty  '
EVIL_CFLAGS=''
EVIL_LIBS=''
EXEEXT=''
FGREP='/bin/grep -F'
GNUTLS_CFLAGS=''
GNUTLS_LIBS=''
GREP='/bin/grep'
INSTALL_DATA='${INSTALL} -m 644'
INSTALL_EXAMPLES_FALSE='#'
INSTALL_EXAMPLES_TRUE=''
INSTALL_PROGRAM='${INSTALL}'
INSTALL_SCRIPT='${INSTALL}'
INSTALL_STRIP_PROGRAM='$(install_sh) -c -s'
LD='/media/ps3dev/ps3dev/ppu/powerpc64-ps3-elf/bin/ld'
LDFLAGS='-L/media/ps3dev/ps3dev/libpsl1ght/ppu/lib -L/media/ps3dev/ps3dev/portlibs/ppu/lib'
LIBGCRYPT_CFLAGS=''
LIBGCRYPT_CONFIG=''
LIBGCRYPT_LIBS=''
LIBOBJS=''
LIBS='-liberty '
LIBTOOL='$(SHELL) $(top_builddir)/libtool'
LIPO=''
LN_S='ln -s'
LTLIBOBJS=''
MAKEINFO='${SHELL} /home/wargio/efl/eet/missing --run makeinfo'
MKDIR_P='/bin/mkdir -p'
NM='/media/ps3dev/ps3dev/ppu/bin/powerpc64-ps3-elf-nm -B'
NMEDIT=''
OBJDUMP='objdump'
OBJEXT='o'
OPENSSL_CFLAGS=''
OPENSSL_LIBS=''
OTOOL64=''
OTOOL=''
PACKAGE='eet'
PACKAGE_BUGREPORT='enlightenment-devel@lists.sourceforge.net'
PACKAGE_NAME='eet'
PACKAGE_STRING='eet 1.5.99.esportato'
PACKAGE_TARNAME='eet'
PACKAGE_URL=''
PACKAGE_VERSION='1.5.99.esportato'
PATH_SEPARATOR=':'
PKG_CONFIG='pkg-config --static'
PKG_CONFIG_LIBDIR='/media/ps3dev/ps3dev/libpsl1ght/ppu/lib/pkgconfig'
PKG_CONFIG_PATH='/media/ps3dev/ps3dev/portlibs/ppu/lib/pkgconfig'
RANLIB='powerpc64-ps3-elf-ranlib'
SED='/bin/sed'
SET_MAKE=''
SHELL='/bin/bash'
STRIP='powerpc64-ps3-elf-strip'
VERSION='1.5.99.esportato'
VMAJ='1'
ac_ct_CC=''
ac_ct_DUMPBIN=''
am__EXEEXT_FALSE=''
am__EXEEXT_TRUE='#'
am__fastdepCC_FALSE='#'
am__fastdepCC_TRUE=''
am__include='include'
am__isrc=''
am__leading_dot='.'
am__quote=''
am__tar='${AMTAR} chof - "$$tardir"'
am__untar='${AMTAR} xf -'
bindir='${exec_prefix}/bin'
build='i686-pc-linux-gnu'
build_alias=''
build_cpu='i686'
build_os='linux-gnu'
build_vendor='pc'
datadir='${datarootdir}'
datarootdir='${prefix}/share'
docdir='${datarootdir}/doc/${PACKAGE_TARNAME}'
dvidir='${docdir}'
efl_doxygen='doxygen'
efl_have_doxygen='no'
exec_prefix='${prefix}'
have_lcov=''
host='powerpc64-ps3-elf'
host_alias='powerpc64-ps3-elf'
host_cpu='powerpc64'
host_os='elf'
host_vendor='ps3'
htmldir='${docdir}'
includedir='/media/ps3dev/ps3dev/portlibs/ppu/include'
infodir='${datarootdir}/info'
install_sh='${SHELL} /home/wargio/efl/eet/install-sh'
libdir='/media/ps3dev/ps3dev/portlibs/ppu/lib'
libexecdir='${exec_prefix}/libexec'
localedir='${datarootdir}/locale'
localstatedir='${prefix}/var'
lt_ECHO='echo'
lt_enable_auto_import=''
mandir='${datarootdir}/man'
mkdir_p='/bin/mkdir -p'
oldincludedir='/usr/include'
pdfdir='${docdir}'
pkgconfig_requires_private='Requires.private'
prefix='/media/ps3dev/ps3dev/portlibs/ppu'
program_transform_name='s,x,x,'
psdir='${docdir}'
release_info=''
requirement_eet='eina >= 1.1.0 '
sbindir='${exec_prefix}/sbin'
sharedstatedir='${prefix}/com'
sysconfdir='${prefix}/etc'
target_alias=''
version_info='6:99:5'

## ----------- ##
## confdefs.h. ##
## ----------- ##

/* confdefs.h */
#define PACKAGE_NAME "eet"
#define PACKAGE_TARNAME "eet"
#define PACKAGE_VERSION "1.5.99.esportato"
#define PACKAGE_STRING "eet 1.5.99.esportato"
#define PACKAGE_BUGREPORT "enlightenment-devel@lists.sourceforge.net"
#define PACKAGE_URL ""
#define PACKAGE "eet"
#define VERSION "1.5.99.esportato"
#define STDC_HEADERS 1
#define HAVE_SYS_TYPES_H 1
#define HAVE_SYS_STAT_H 1
#define HAVE_STDLIB_H 1
#define HAVE_STRING_H 1
#define HAVE_STRINGS_H 1
#define HAVE_INTTYPES_H 1
#define HAVE_STDINT_H 1
#define HAVE_UNISTD_H 1
#define LT_OBJDIR ".libs/"
#define VMAJ 1
#define VMIN 5
#define VMIC 99
#define VREV esportato
#define EET_OLD_EET_FILE_FORMAT 1
#define HAVE_NETINET_IN_H 1
#define HAVE_UNISTD_H 1
#define PATH_MAX 4096
#define HAVE___ATTRIBUTE__ 1
#define __UNUSED__ __attribute__((unused))
#define _GNU_SOURCE /**/
#define HAVE_ALLOCA_H 1
#define HAVE_ALLOCA 1
#define HAVE_FMEMOPEN 1
#define HAVE_OPEN_MEMSTREAM 1

configure: exit 0
