This file contains any messages produced by compilers while
running configure, to aid debugging if configure makes a mistake.

It was created by embryo configure 1.1.99.esportato, which was
generated by GNU Autoconf 2.67.  Invocation command line was

  $ ./configure --prefix=/media/ps3dev/ps3dev/portlibs/ppu --host=powerpc64-ps3-elf --includedir=/media/ps3dev/ps3dev/portlibs/ppu/include --libdir=/media/ps3dev/ps3dev/portlibs/ppu/lib

## --------- ##
## Platform. ##
## --------- ##

hostname = Linux
uname -m = i686
uname -r = 2.6.35-32-generic
uname -s = Linux
uname -v = #67-Ubuntu SMP Mon Mar 5 19:35:26 UTC 2012

/usr/bin/uname -p = unknown
/bin/uname -X     = unknown

/bin/arch              = unknown
/usr/bin/arch -k       = unknown
/usr/convex/getsysinfo = unknown
/usr/bin/hostinfo      = unknown
/bin/machine           = unknown
/usr/bin/oslevel       = unknown
/bin/universe          = unknown

PATH: /usr/local/sbin
PATH: /usr/local/bin
PATH: /usr/sbin
PATH: /usr/bin
PATH: /sbin
PATH: /bin
PATH: /usr/games
PATH: /media/ps3dev/ps3dev/bin
PATH: /media/ps3dev/ps3dev/ppu/bin
PATH: /media/ps3dev/ps3dev/spu/bin


## ----------- ##
## Core tests. ##
## ----------- ##

configure:2412: checking for a BSD-compatible install
configure:2480: result: /usr/bin/install -c
configure:2491: checking whether build environment is sane
configure:2541: result: yes
configure:2590: checking for powerpc64-ps3-elf-strip
configure:2606: found /media/ps3dev/ps3dev/ppu/bin/powerpc64-ps3-elf-strip
configure:2617: result: powerpc64-ps3-elf-strip
configure:2682: checking for a thread-safe mkdir -p
configure:2721: result: /bin/mkdir -p
configure:2734: checking for gawk
configure:2764: result: no
configure:2734: checking for mawk
configure:2750: found /usr/bin/mawk
configure:2761: result: mawk
configure:2772: checking whether make sets $(MAKE)
configure:2794: result: yes
configure:2891: checking build system type
configure:2905: result: i686-pc-linux-gnu
configure:2925: checking host system type
configure:2938: result: powerpc64-ps3-elf
configure:3298: checking for style of include used by make
configure:3326: result: GNU
configure:3356: checking for powerpc64-ps3-elf-gcc
configure:3383: result: powerpc64-ps3-elf-gcc
configure:3652: checking for C compiler version
configure:3661: powerpc64-ps3-elf-gcc --version >&5
powerpc64-ps3-elf-gcc (GCC) 4.5.2
Copyright (C) 2010 Free Software Foundation, Inc.
This is free software; see the source for copying conditions.  There is NO
warranty; not even for MERCHANTABILITY or FITNESS FOR A PARTICULAR PURPOSE.

configure:3672: $? = 0
configure:3661: powerpc64-ps3-elf-gcc -v >&5
Using built-in specs.
COLLECT_GCC=powerpc64-ps3-elf-gcc
COLLECT_LTO_WRAPPER=/media/ps3dev/ps3dev/ppu/bin/../libexec/gcc/powerpc64-ps3-elf/4.5.2/lto-wrapper
Target: powerpc64-ps3-elf
Configured with: ../configure --prefix=/media/20GB/usr/local/ps3dev/ppu --target=powerpc64-ps3-elf --disable-dependency-tracking --disable-libstdcxx-pch --disable-multilib --disable-nls --disable-shared --disable-win32-registry --enable-languages=c,c++,objc,obj-c++ --enable-long-double-128 --enable-lto --enable-threads --with-cpu=cell --with-newlib : (reconfigured) ../configure --prefix=/media/20GB/usr/local/ps3dev/ppu --target=powerpc64-ps3-elf --disable-dependency-tracking --disable-libstdcxx-pch --disable-multilib --disable-nls --disable-shared --disable-win32-registry --enable-languages=c,c++,objc,obj-c++ --enable-long-double-128 --enable-lto --enable-threads --with-cpu=cell --with-newlib
Thread model: single
gcc version 4.5.2 (GCC) 
configure:3672: $? = 0
configure:3661: powerpc64-ps3-elf-gcc -V >&5
powerpc64-ps3-elf-gcc: '-V' option must have argument
configure:3672: $? = 1
configure:3661: powerpc64-ps3-elf-gcc -qversion >&5
powerpc64-ps3-elf-gcc: unrecognized option '-qversion'
powerpc64-ps3-elf-gcc: no input files
configure:3672: $? = 1
configure:3692: checking whether the C compiler works
configure:3714: powerpc64-ps3-elf-gcc -g -O3 -O2 -Wall -mcpu=cell -I/media/ps3dev/ps3dev/libpsl1ght/ppu/include -I/media/ps3dev/ps3dev/portlibs/ppu/include -mminimal-toc  -I/media/ps3dev/ps3dev/libpsl1ght/ppu/include -I/media/ps3dev/ps3dev/portlibs/ppu/include -L/media/ps3dev/ps3dev/libpsl1ght/ppu/lib -L/media/ps3dev/ps3dev/portlibs/ppu/lib conftest.c  >&5
configure:3718: $? = 0
configure:3766: result: yes
configure:3769: checking for C compiler default output file name
configure:3771: result: a.out
configure:3777: checking for suffix of executables
configure:3784: powerpc64-ps3-elf-gcc -o conftest -g -O3 -O2 -Wall -mcpu=cell -I/media/ps3dev/ps3dev/libpsl1ght/ppu/include -I/media/ps3dev/ps3dev/portlibs/ppu/include -mminimal-toc  -I/media/ps3dev/ps3dev/libpsl1ght/ppu/include -I/media/ps3dev/ps3dev/portlibs/ppu/include -L/media/ps3dev/ps3dev/libpsl1ght/ppu/lib -L/media/ps3dev/ps3dev/portlibs/ppu/lib conftest.c  >&5
configure:3788: $? = 0
configure:3810: result: 
configure:3832: checking whether we are cross compiling
configure:3840: powerpc64-ps3-elf-gcc -o conftest -g -O3 -O2 -Wall -mcpu=cell -I/media/ps3dev/ps3dev/libpsl1ght/ppu/include -I/media/ps3dev/ps3dev/portlibs/ppu/include -mminimal-toc  -I/media/ps3dev/ps3dev/libpsl1ght/ppu/include -I/media/ps3dev/ps3dev/portlibs/ppu/include -L/media/ps3dev/ps3dev/libpsl1ght/ppu/lib -L/media/ps3dev/ps3dev/portlibs/ppu/lib conftest.c  >&5
configure:3844: $? = 0
configure:3851: ./conftest
./configure: line 3853: ./conftest: cannot execute binary file
configure:3855: $? = 126
configure:3870: result: yes
configure:3875: checking for suffix of object files
configure:3897: powerpc64-ps3-elf-gcc -c -g -O3 -O2 -Wall -mcpu=cell -I/media/ps3dev/ps3dev/libpsl1ght/ppu/include -I/media/ps3dev/ps3dev/portlibs/ppu/include -mminimal-toc  -I/media/ps3dev/ps3dev/libpsl1ght/ppu/include -I/media/ps3dev/ps3dev/portlibs/ppu/include conftest.c >&5
configure:3901: $? = 0
configure:3922: result: o
configure:3926: checking whether we are using the GNU C compiler
configure:3945: powerpc64-ps3-elf-gcc -c -g -O3 -O2 -Wall -mcpu=cell -I/media/ps3dev/ps3dev/libpsl1ght/ppu/include -I/media/ps3dev/ps3dev/portlibs/ppu/include -mminimal-toc  -I/media/ps3dev/ps3dev/libpsl1ght/ppu/include -I/media/ps3dev/ps3dev/portlibs/ppu/include conftest.c >&5
configure:3945: $? = 0
configure:3954: result: yes
configure:3963: checking whether powerpc64-ps3-elf-gcc accepts -g
configure:3983: powerpc64-ps3-elf-gcc -c -g -I/media/ps3dev/ps3dev/libpsl1ght/ppu/include -I/media/ps3dev/ps3dev/portlibs/ppu/include conftest.c >&5
configure:3983: $? = 0
configure:4024: result: yes
configure:4041: checking for powerpc64-ps3-elf-gcc option to accept ISO C89
configure:4105: powerpc64-ps3-elf-gcc  -c -g -O3 -O2 -Wall -mcpu=cell -I/media/ps3dev/ps3dev/libpsl1ght/ppu/include -I/media/ps3dev/ps3dev/portlibs/ppu/include -mminimal-toc  -I/media/ps3dev/ps3dev/libpsl1ght/ppu/include -I/media/ps3dev/ps3dev/portlibs/ppu/include conftest.c >&5
configure:4105: $? = 0
configure:4118: result: none needed
configure:4140: checking dependency style of powerpc64-ps3-elf-gcc
configure:4250: result: gcc3
configure:4265: checking for a sed that does not truncate output
configure:4329: result: /bin/sed
configure:4347: checking for grep that handles long lines and -e
configure:4405: result: /bin/grep
configure:4410: checking for egrep
configure:4472: result: /bin/grep -E
configure:4477: checking for fgrep
configure:4539: result: /bin/grep -F
configure:4574: checking for ld used by powerpc64-ps3-elf-gcc
configure:4641: result: /media/ps3dev/ps3dev/ppu/powerpc64-ps3-elf/bin/ld
configure:4648: checking if the linker (/media/ps3dev/ps3dev/ppu/powerpc64-ps3-elf/bin/ld) is GNU ld
configure:4663: result: yes
configure:4675: checking for BSD- or MS-compatible name lister (nm)
configure:4724: result: /media/ps3dev/ps3dev/ppu/bin/powerpc64-ps3-elf-nm -B
configure:4842: checking the name lister (/media/ps3dev/ps3dev/ppu/bin/powerpc64-ps3-elf-nm -B) interface
configure:4849: powerpc64-ps3-elf-gcc -c -g -O3 -O2 -Wall -mcpu=cell -I/media/ps3dev/ps3dev/libpsl1ght/ppu/include -I/media/ps3dev/ps3dev/portlibs/ppu/include -mminimal-toc  -I/media/ps3dev/ps3dev/libpsl1ght/ppu/include -I/media/ps3dev/ps3dev/portlibs/ppu/include conftest.c >&5
configure:4852: /media/ps3dev/ps3dev/ppu/bin/powerpc64-ps3-elf-nm -B "conftest.o"
configure:4855: output
0000000000000000 B some_variable
configure:4862: result: BSD nm
configure:4865: checking whether ln -s works
configure:4869: result: yes
configure:4877: checking the maximum length of command line arguments
configure:4997: result: 1572864
configure:5014: checking whether the shell understands some XSI constructs
configure:5024: result: yes
configure:5028: checking whether the shell understands "+="
configure:5034: result: yes
configure:5069: checking for /media/ps3dev/ps3dev/ppu/powerpc64-ps3-elf/bin/ld option to reload object files
configure:5076: result: -r
configure:5105: checking for powerpc64-ps3-elf-objdump
configure:5132: result: objdump
configure:5201: checking how to recognize dependent libraries
configure:5397: result: unknown
configure:5417: checking for powerpc64-ps3-elf-ar
configure:5444: result: powerpc64-ps3-elf-ar
configure:5522: checking for powerpc64-ps3-elf-strip
configure:5549: result: powerpc64-ps3-elf-strip
configure:5621: checking for powerpc64-ps3-elf-ranlib
configure:5648: result: powerpc64-ps3-elf-ranlib
configure:5778: checking command to parse /media/ps3dev/ps3dev/ppu/bin/powerpc64-ps3-elf-nm -B output from powerpc64-ps3-elf-gcc object
configure:5896: powerpc64-ps3-elf-gcc -c -g -O3 -O2 -Wall -mcpu=cell -I/media/ps3dev/ps3dev/libpsl1ght/ppu/include -I/media/ps3dev/ps3dev/portlibs/ppu/include -mminimal-toc  -I/media/ps3dev/ps3dev/libpsl1ght/ppu/include -I/media/ps3dev/ps3dev/portlibs/ppu/include conftest.c >&5
configure:5899: $? = 0
configure:5903: /media/ps3dev/ps3dev/ppu/bin/powerpc64-ps3-elf-nm -B conftest.o \| sed -n -e 's/^.*[	 ]\([ABCDGIRSTW][ABCDGIRSTW]*\)[	 ][	 ]*\([_A-Za-z][_A-Za-z0-9]*\)$/\1 \2 \2/p' \> conftest.nm
configure:5906: $? = 0
configure:5960: powerpc64-ps3-elf-gcc -o conftest -g -O3 -O2 -Wall -mcpu=cell -I/media/ps3dev/ps3dev/libpsl1ght/ppu/include -I/media/ps3dev/ps3dev/portlibs/ppu/include -mminimal-toc  -I/media/ps3dev/ps3dev/libpsl1ght/ppu/include -I/media/ps3dev/ps3dev/portlibs/ppu/include -L/media/ps3dev/ps3dev/libpsl1ght/ppu/lib -L/media/ps3dev/ps3dev/portlibs/ppu/lib conftest.c conftstm.o >&5
configure:5963: $? = 0
configure:6001: result: ok
configure:6810: checking how to run the C preprocessor
configure:6841: powerpc64-ps3-elf-gcc -E -I/media/ps3dev/ps3dev/libpsl1ght/ppu/include -I/media/ps3dev/ps3dev/portlibs/ppu/include conftest.c
configure:6841: $? = 0
configure:6855: powerpc64-ps3-elf-gcc -E -I/media/ps3dev/ps3dev/libpsl1ght/ppu/include -I/media/ps3dev/ps3dev/portlibs/ppu/include conftest.c
conftest.c:11:28: fatal error: ac_nonexistent.h: No such file or directory
compilation terminated.
configure:6855: $? = 1
configure: failed program was:
| /* confdefs.h */
| #define PACKAGE_NAME "embryo"
| #define PACKAGE_TARNAME "embryo"
| #define PACKAGE_VERSION "1.1.99.esportato"
| #define PACKAGE_STRING "embryo 1.1.99.esportato"
| #define PACKAGE_BUGREPORT "enlightenment-devel@lists.sourceforge.net"
| #define PACKAGE_URL ""
| #define PACKAGE "embryo"
| #define VERSION "1.1.99.esportato"
| /* end confdefs.h.  */
| #include <ac_nonexistent.h>
configure:6880: result: powerpc64-ps3-elf-gcc -E
configure:6900: powerpc64-ps3-elf-gcc -E -I/media/ps3dev/ps3dev/libpsl1ght/ppu/include -I/media/ps3dev/ps3dev/portlibs/ppu/include conftest.c
configure:6900: $? = 0
configure:6914: powerpc64-ps3-elf-gcc -E -I/media/ps3dev/ps3dev/libpsl1ght/ppu/include -I/media/ps3dev/ps3dev/portlibs/ppu/include conftest.c
conftest.c:11:28: fatal error: ac_nonexistent.h: No such file or directory
compilation terminated.
configure:6914: $? = 1
configure: failed program was:
| /* confdefs.h */
| #define PACKAGE_NAME "embryo"
| #define PACKAGE_TARNAME "embryo"
| #define PACKAGE_VERSION "1.1.99.esportato"
| #define PACKAGE_STRING "embryo 1.1.99.esportato"
| #define PACKAGE_BUGREPORT "enlightenment-devel@lists.sourceforge.net"
| #define PACKAGE_URL ""
| #define PACKAGE "embryo"
| #define VERSION "1.1.99.esportato"
| /* end confdefs.h.  */
| #include <ac_nonexistent.h>
configure:6943: checking for ANSI C header files
configure:6963: powerpc64-ps3-elf-gcc -c -g -O3 -O2 -Wall -mcpu=cell -I/media/ps3dev/ps3dev/libpsl1ght/ppu/include -I/media/ps3dev/ps3dev/portlibs/ppu/include -mminimal-toc  -I/media/ps3dev/ps3dev/libpsl1ght/ppu/include -I/media/ps3dev/ps3dev/portlibs/ppu/include conftest.c >&5
configure:6963: $? = 0
configure:7047: result: yes
configure:7060: checking for sys/types.h
configure:7060: powerpc64-ps3-elf-gcc -c -g -O3 -O2 -Wall -mcpu=cell -I/media/ps3dev/ps3dev/libpsl1ght/ppu/include -I/media/ps3dev/ps3dev/portlibs/ppu/include -mminimal-toc  -I/media/ps3dev/ps3dev/libpsl1ght/ppu/include -I/media/ps3dev/ps3dev/portlibs/ppu/include conftest.c >&5
configure:7060: $? = 0
configure:7060: result: yes
configure:7060: checking for sys/stat.h
configure:7060: powerpc64-ps3-elf-gcc -c -g -O3 -O2 -Wall -mcpu=cell -I/media/ps3dev/ps3dev/libpsl1ght/ppu/include -I/media/ps3dev/ps3dev/portlibs/ppu/include -mminimal-toc  -I/media/ps3dev/ps3dev/libpsl1ght/ppu/include -I/media/ps3dev/ps3dev/portlibs/ppu/include conftest.c >&5
configure:7060: $? = 0
configure:7060: result: yes
configure:7060: checking for stdlib.h
configure:7060: powerpc64-ps3-elf-gcc -c -g -O3 -O2 -Wall -mcpu=cell -I/media/ps3dev/ps3dev/libpsl1ght/ppu/include -I/media/ps3dev/ps3dev/portlibs/ppu/include -mminimal-toc  -I/media/ps3dev/ps3dev/libpsl1ght/ppu/include -I/media/ps3dev/ps3dev/portlibs/ppu/include conftest.c >&5
configure:7060: $? = 0
configure:7060: result: yes
configure:7060: checking for string.h
configure:7060: powerpc64-ps3-elf-gcc -c -g -O3 -O2 -Wall -mcpu=cell -I/media/ps3dev/ps3dev/libpsl1ght/ppu/include -I/media/ps3dev/ps3dev/portlibs/ppu/include -mminimal-toc  -I/media/ps3dev/ps3dev/libpsl1ght/ppu/include -I/media/ps3dev/ps3dev/portlibs/ppu/include conftest.c >&5
configure:7060: $? = 0
configure:7060: result: yes
configure:7060: checking for memory.h
configure:7060: powerpc64-ps3-elf-gcc -c -g -O3 -O2 -Wall -mcpu=cell -I/media/ps3dev/ps3dev/libpsl1ght/ppu/include -I/media/ps3dev/ps3dev/portlibs/ppu/include -mminimal-toc  -I/media/ps3dev/ps3dev/libpsl1ght/ppu/include -I/media/ps3dev/ps3dev/portlibs/ppu/include conftest.c >&5
conftest.c:50:20: fatal error: memory.h: No such file or directory
compilation terminated.
configure:7060: $? = 1
configure: failed program was:
| /* confdefs.h */
| #define PACKAGE_NAME "embryo"
| #define PACKAGE_TARNAME "embryo"
| #define PACKAGE_VERSION "1.1.99.esportato"
| #define PACKAGE_STRING "embryo 1.1.99.esportato"
| #define PACKAGE_BUGREPORT "enlightenment-devel@lists.sourceforge.net"
| #define PACKAGE_URL ""
| #define PACKAGE "embryo"
| #define VERSION "1.1.99.esportato"
| #define STDC_HEADERS 1
| #define HAVE_SYS_TYPES_H 1
| #define HAVE_SYS_STAT_H 1
| #define HAVE_STDLIB_H 1
| #define HAVE_STRING_H 1
| /* end confdefs.h.  */
| #include <stdio.h>
| #ifdef HAVE_SYS_TYPES_H
| # include <sys/types.h>
| #endif
| #ifdef HAVE_SYS_STAT_H
| # include <sys/stat.h>
| #endif
| #ifdef STDC_HEADERS
| # include <stdlib.h>
| # include <stddef.h>
| #else
| # ifdef HAVE_STDLIB_H
| #  include <stdlib.h>
| # endif
| #endif
| #ifdef HAVE_STRING_H
| # if !defined STDC_HEADERS && defined HAVE_MEMORY_H
| #  include <memory.h>
| # endif
| # include <string.h>
| #endif
| #ifdef HAVE_STRINGS_H
| # include <strings.h>
| #endif
| #ifdef HAVE_INTTYPES_H
| # include <inttypes.h>
| #endif
| #ifdef HAVE_STDINT_H
| # include <stdint.h>
| #endif
| #ifdef HAVE_UNISTD_H
| # include <unistd.h>
| #endif
| 
| #include <memory.h>
configure:7060: result: no
configure:7060: checking for strings.h
configure:7060: powerpc64-ps3-elf-gcc -c -g -O3 -O2 -Wall -mcpu=cell -I/media/ps3dev/ps3dev/libpsl1ght/ppu/include -I/media/ps3dev/ps3dev/portlibs/ppu/include -mminimal-toc  -I/media/ps3dev/ps3dev/libpsl1ght/ppu/include -I/media/ps3dev/ps3dev/portlibs/ppu/include conftest.c >&5
configure:7060: $? = 0
configure:7060: result: yes
configure:7060: checking for inttypes.h
configure:7060: powerpc64-ps3-elf-gcc -c -g -O3 -O2 -Wall -mcpu=cell -I/media/ps3dev/ps3dev/libpsl1ght/ppu/include -I/media/ps3dev/ps3dev/portlibs/ppu/include -mminimal-toc  -I/media/ps3dev/ps3dev/libpsl1ght/ppu/include -I/media/ps3dev/ps3dev/portlibs/ppu/include conftest.c >&5
configure:7060: $? = 0
configure:7060: result: yes
configure:7060: checking for stdint.h
configure:7060: powerpc64-ps3-elf-gcc -c -g -O3 -O2 -Wall -mcpu=cell -I/media/ps3dev/ps3dev/libpsl1ght/ppu/include -I/media/ps3dev/ps3dev/portlibs/ppu/include -mminimal-toc  -I/media/ps3dev/ps3dev/libpsl1ght/ppu/include -I/media/ps3dev/ps3dev/portlibs/ppu/include conftest.c >&5
configure:7060: $? = 0
configure:7060: result: yes
configure:7060: checking for unistd.h
configure:7060: powerpc64-ps3-elf-gcc -c -g -O3 -O2 -Wall -mcpu=cell -I/media/ps3dev/ps3dev/libpsl1ght/ppu/include -I/media/ps3dev/ps3dev/portlibs/ppu/include -mminimal-toc  -I/media/ps3dev/ps3dev/libpsl1ght/ppu/include -I/media/ps3dev/ps3dev/portlibs/ppu/include conftest.c >&5
configure:7060: $? = 0
configure:7060: result: yes
configure:7074: checking for dlfcn.h
configure:7074: powerpc64-ps3-elf-gcc -c -g -O3 -O2 -Wall -mcpu=cell -I/media/ps3dev/ps3dev/libpsl1ght/ppu/include -I/media/ps3dev/ps3dev/portlibs/ppu/include -mminimal-toc  -I/media/ps3dev/ps3dev/libpsl1ght/ppu/include -I/media/ps3dev/ps3dev/portlibs/ppu/include conftest.c >&5
conftest.c:54:19: fatal error: dlfcn.h: No such file or directory
compilation terminated.
configure:7074: $? = 1
configure: failed program was:
| /* confdefs.h */
| #define PACKAGE_NAME "embryo"
| #define PACKAGE_TARNAME "embryo"
| #define PACKAGE_VERSION "1.1.99.esportato"
| #define PACKAGE_STRING "embryo 1.1.99.esportato"
| #define PACKAGE_BUGREPORT "enlightenment-devel@lists.sourceforge.net"
| #define PACKAGE_URL ""
| #define PACKAGE "embryo"
| #define VERSION "1.1.99.esportato"
| #define STDC_HEADERS 1
| #define HAVE_SYS_TYPES_H 1
| #define HAVE_SYS_STAT_H 1
| #define HAVE_STDLIB_H 1
| #define HAVE_STRING_H 1
| #define HAVE_STRINGS_H 1
| #define HAVE_INTTYPES_H 1
| #define HAVE_STDINT_H 1
| #define HAVE_UNISTD_H 1
| /* end confdefs.h.  */
| #include <stdio.h>
| #ifdef HAVE_SYS_TYPES_H
| # include <sys/types.h>
| #endif
| #ifdef HAVE_SYS_STAT_H
| # include <sys/stat.h>
| #endif
| #ifdef STDC_HEADERS
| # include <stdlib.h>
| # include <stddef.h>
| #else
| # ifdef HAVE_STDLIB_H
| #  include <stdlib.h>
| # endif
| #endif
| #ifdef HAVE_STRING_H
| # if !defined STDC_HEADERS && defined HAVE_MEMORY_H
| #  include <memory.h>
| # endif
| # include <string.h>
| #endif
| #ifdef HAVE_STRINGS_H
| # include <strings.h>
| #endif
| #ifdef HAVE_INTTYPES_H
| # include <inttypes.h>
| #endif
| #ifdef HAVE_STDINT_H
| # include <stdint.h>
| #endif
| #ifdef HAVE_UNISTD_H
| # include <unistd.h>
| #endif
| 
| #include <dlfcn.h>
configure:7074: result: no
configure:7256: checking for objdir
configure:7271: result: .libs
configure:7567: checking if powerpc64-ps3-elf-gcc supports -fno-rtti -fno-exceptions
configure:7585: powerpc64-ps3-elf-gcc -c -g -O3 -O2 -Wall -mcpu=cell -I/media/ps3dev/ps3dev/libpsl1ght/ppu/include -I/media/ps3dev/ps3dev/portlibs/ppu/include -mminimal-toc  -I/media/ps3dev/ps3dev/libpsl1ght/ppu/include -I/media/ps3dev/ps3dev/portlibs/ppu/include -fno-rtti -fno-exceptions conftest.c >&5
cc1: warning: command line option "-fno-rtti" is valid for C++/ObjC++ but not for C
configure:7589: $? = 0
configure:7602: result: no
configure:7622: checking for powerpc64-ps3-elf-gcc option to produce PIC
configure:7894: result: -fPIC -DPIC
configure:7906: checking if powerpc64-ps3-elf-gcc PIC flag -fPIC -DPIC works
configure:7924: powerpc64-ps3-elf-gcc -c -g -O3 -O2 -Wall -mcpu=cell -I/media/ps3dev/ps3dev/libpsl1ght/ppu/include -I/media/ps3dev/ps3dev/portlibs/ppu/include -mminimal-toc  -I/media/ps3dev/ps3dev/libpsl1ght/ppu/include -I/media/ps3dev/ps3dev/portlibs/ppu/include -fPIC -DPIC -DPIC conftest.c >&5
configure:7928: $? = 0
configure:7941: result: yes
configure:7965: checking if powerpc64-ps3-elf-gcc static flag -static works
configure:7993: result: yes
configure:8008: checking if powerpc64-ps3-elf-gcc supports -c -o file.o
configure:8029: powerpc64-ps3-elf-gcc -c -g -O3 -O2 -Wall -mcpu=cell -I/media/ps3dev/ps3dev/libpsl1ght/ppu/include -I/media/ps3dev/ps3dev/portlibs/ppu/include -mminimal-toc  -I/media/ps3dev/ps3dev/libpsl1ght/ppu/include -I/media/ps3dev/ps3dev/portlibs/ppu/include -o out/conftest2.o conftest.c >&5
configure:8033: $? = 0
configure:8055: result: yes
configure:8063: checking if powerpc64-ps3-elf-gcc supports -c -o file.o
configure:8110: result: yes
configure:8143: checking whether the powerpc64-ps3-elf-gcc linker (/media/ps3dev/ps3dev/ppu/powerpc64-ps3-elf/bin/ld) supports shared libraries
configure:9134: result: yes
configure:9171: checking whether -lc should be explicitly linked in
configure:9176: powerpc64-ps3-elf-gcc -c -g -O3 -O2 -Wall -mcpu=cell -I/media/ps3dev/ps3dev/libpsl1ght/ppu/include -I/media/ps3dev/ps3dev/portlibs/ppu/include -mminimal-toc  -I/media/ps3dev/ps3dev/libpsl1ght/ppu/include -I/media/ps3dev/ps3dev/portlibs/ppu/include conftest.c >&5
configure:9179: $? = 0
configure:9194: powerpc64-ps3-elf-gcc -shared conftest.o  -v -Wl,-soname -Wl,conftest -o conftest 2\>\&1 \| /bin/grep  -lc  \>/dev/null 2\>\&1
configure:9197: $? = 0
configure:9209: result: no
configure:9373: checking dynamic linker characteristics
configure:10036: result: no
configure:10138: checking how to hardcode library paths into programs
configure:10163: result: immediate
configure:10683: checking whether stripping libraries is possible
configure:10688: result: yes
configure:10723: checking if libtool supports shared libraries
configure:10725: result: no
configure:10728: checking whether to build shared libraries
configure:10749: result: no
configure:10752: checking whether to build static libraries
configure:10756: result: yes
configure:10854: checking whether to build embryo_cc binary
configure:10856: result: yes
configure:10890: checking for powerpc64-ps3-elf-gcc
configure:10917: result: powerpc64-ps3-elf-gcc
configure:11186: checking for C compiler version
configure:11195: powerpc64-ps3-elf-gcc --version >&5
powerpc64-ps3-elf-gcc (GCC) 4.5.2
Copyright (C) 2010 Free Software Foundation, Inc.
This is free software; see the source for copying conditions.  There is NO
warranty; not even for MERCHANTABILITY or FITNESS FOR A PARTICULAR PURPOSE.

configure:11206: $? = 0
configure:11195: powerpc64-ps3-elf-gcc -v >&5
Using built-in specs.
COLLECT_GCC=powerpc64-ps3-elf-gcc
COLLECT_LTO_WRAPPER=/media/ps3dev/ps3dev/ppu/bin/../libexec/gcc/powerpc64-ps3-elf/4.5.2/lto-wrapper
Target: powerpc64-ps3-elf
Configured with: ../configure --prefix=/media/20GB/usr/local/ps3dev/ppu --target=powerpc64-ps3-elf --disable-dependency-tracking --disable-libstdcxx-pch --disable-multilib --disable-nls --disable-shared --disable-win32-registry --enable-languages=c,c++,objc,obj-c++ --enable-long-double-128 --enable-lto --enable-threads --with-cpu=cell --with-newlib : (reconfigured) ../configure --prefix=/media/20GB/usr/local/ps3dev/ppu --target=powerpc64-ps3-elf --disable-dependency-tracking --disable-libstdcxx-pch --disable-multilib --disable-nls --disable-shared --disable-win32-registry --enable-languages=c,c++,objc,obj-c++ --enable-long-double-128 --enable-lto --enable-threads --with-cpu=cell --with-newlib
Thread model: single
gcc version 4.5.2 (GCC) 
configure:11206: $? = 0
configure:11195: powerpc64-ps3-elf-gcc -V >&5
powerpc64-ps3-elf-gcc: '-V' option must have argument
configure:11206: $? = 1
configure:11195: powerpc64-ps3-elf-gcc -qversion >&5
powerpc64-ps3-elf-gcc: unrecognized option '-qversion'
powerpc64-ps3-elf-gcc: no input files
configure:11206: $? = 1
configure:11210: checking whether we are using the GNU C compiler
configure:11238: result: yes
configure:11247: checking whether powerpc64-ps3-elf-gcc accepts -g
configure:11308: result: yes
configure:11325: checking for powerpc64-ps3-elf-gcc option to accept ISO C89
configure:11402: result: none needed
configure:11424: checking dependency style of powerpc64-ps3-elf-gcc
configure:11534: result: gcc3
configure:11568: checking whether to build documentation
configure:11570: result: yes
configure:11634: checking for doxygen
configure:11662: result: no
configure:11679: WARNING: no doxygen detected. Documentation will not be built
configure:11820: checking pkg-config is at least version 0.9.0
configure:11823: result: yes
configure:11949: checking for EINA
configure:11956: $PKG_CONFIG --exists --print-errors "eina >= 1.1.0"
configure:11959: $? = 0
configure:11972: $PKG_CONFIG --exists --print-errors "eina >= 1.1.0"
configure:11975: $? = 0
configure:12032: result: yes
configure:12041: checking for unistd.h
configure:12041: result: yes
configure:12061: checking for PATH_MAX in limits.h
configure:12078: powerpc64-ps3-elf-gcc -c -g -O3 -O2 -Wall -mcpu=cell -I/media/ps3dev/ps3dev/libpsl1ght/ppu/include -I/media/ps3dev/ps3dev/portlibs/ppu/include -mminimal-toc  -I/media/ps3dev/ps3dev/libpsl1ght/ppu/include -I/media/ps3dev/ps3dev/portlibs/ppu/include conftest.c >&5
conftest.c: In function 'main':
conftest.c:33:9: error: 'PATH_MAX' undeclared (first use in this function)
conftest.c:33:9: note: each undeclared identifier is reported only once for each function it appears in
conftest.c:33:5: warning: unused variable 'i'
configure:12078: $? = 1
configure: failed program was:
| /* confdefs.h */
| #define PACKAGE_NAME "embryo"
| #define PACKAGE_TARNAME "embryo"
| #define PACKAGE_VERSION "1.1.99.esportato"
| #define PACKAGE_STRING "embryo 1.1.99.esportato"
| #define PACKAGE_BUGREPORT "enlightenment-devel@lists.sourceforge.net"
| #define PACKAGE_URL ""
| #define PACKAGE "embryo"
| #define VERSION "1.1.99.esportato"
| #define STDC_HEADERS 1
| #define HAVE_SYS_TYPES_H 1
| #define HAVE_SYS_STAT_H 1
| #define HAVE_STDLIB_H 1
| #define HAVE_STRING_H 1
| #define HAVE_STRINGS_H 1
| #define HAVE_INTTYPES_H 1
| #define HAVE_STDINT_H 1
| #define HAVE_UNISTD_H 1
| #define LT_OBJDIR ".libs/"
| #define VMAJ 1
| #define VMIN 1
| #define VMIC 99
| #define VREV esportato
| #define HAVE_UNISTD_H 1
| /* end confdefs.h.  */
| 
| #include <limits.h>
| 
| int
| main ()
| {
| 
| int i = PATH_MAX;
| 
|   ;
|   return 0;
| }
configure:12088: result: no: using 4096
configure:12111: checking whether byte ordering is bigendian
configure:12126: powerpc64-ps3-elf-gcc -c -g -O3 -O2 -Wall -mcpu=cell -I/media/ps3dev/ps3dev/libpsl1ght/ppu/include -I/media/ps3dev/ps3dev/portlibs/ppu/include -mminimal-toc  -I/media/ps3dev/ps3dev/libpsl1ght/ppu/include -I/media/ps3dev/ps3dev/portlibs/ppu/include conftest.c >&5
conftest.c:28:13: error: expected '=', ',', ';', 'asm' or '__attribute__' before 'a'
configure:12126: $? = 1
configure: failed program was:
| /* confdefs.h */
| #define PACKAGE_NAME "embryo"
| #define PACKAGE_TARNAME "embryo"
| #define PACKAGE_VERSION "1.1.99.esportato"
| #define PACKAGE_STRING "embryo 1.1.99.esportato"
| #define PACKAGE_BUGREPORT "enlightenment-devel@lists.sourceforge.net"
| #define PACKAGE_URL ""
| #define PACKAGE "embryo"
| #define VERSION "1.1.99.esportato"
| #define STDC_HEADERS 1
| #define HAVE_SYS_TYPES_H 1
| #define HAVE_SYS_STAT_H 1
| #define HAVE_STDLIB_H 1
| #define HAVE_STRING_H 1
| #define HAVE_STRINGS_H 1
| #define HAVE_INTTYPES_H 1
| #define HAVE_STDINT_H 1
| #define HAVE_UNISTD_H 1
| #define LT_OBJDIR ".libs/"
| #define VMAJ 1
| #define VMIN 1
| #define VMIC 99
| #define VREV esportato
| #define HAVE_UNISTD_H 1
| #define PATH_MAX 4096
| /* end confdefs.h.  */
| #ifndef __APPLE_CC__
| 	       not a universal capable compiler
| 	     #endif
| 	     typedef int dummy;
| 
configure:12171: powerpc64-ps3-elf-gcc -c -g -O3 -O2 -Wall -mcpu=cell -I/media/ps3dev/ps3dev/libpsl1ght/ppu/include -I/media/ps3dev/ps3dev/portlibs/ppu/include -mminimal-toc  -I/media/ps3dev/ps3dev/libpsl1ght/ppu/include -I/media/ps3dev/ps3dev/portlibs/ppu/include conftest.c >&5
configure:12171: $? = 0
configure:12189: powerpc64-ps3-elf-gcc -c -g -O3 -O2 -Wall -mcpu=cell -I/media/ps3dev/ps3dev/libpsl1ght/ppu/include -I/media/ps3dev/ps3dev/portlibs/ppu/include -mminimal-toc  -I/media/ps3dev/ps3dev/libpsl1ght/ppu/include -I/media/ps3dev/ps3dev/portlibs/ppu/include conftest.c >&5
configure:12189: $? = 0
configure:12317: result: yes
configure:12336: checking whether powerpc64-ps3-elf-gcc and cc understand -c and -o together
configure:12367: powerpc64-ps3-elf-gcc -c conftest.c -o conftest2.o >&5
configure:12371: $? = 0
configure:12377: powerpc64-ps3-elf-gcc -c conftest.c -o conftest2.o >&5
configure:12381: $? = 0
configure:12392: cc -c conftest.c >&5
configure:12396: $? = 0
configure:12404: cc -c conftest.c -o conftest2.o >&5
configure:12408: $? = 0
configure:12414: cc -c conftest.c -o conftest2.o >&5
configure:12418: $? = 0
configure:12436: result: yes
configure:12461: checking for an ANSI C-conforming const
configure:12526: powerpc64-ps3-elf-gcc -c -g -O3 -O2 -Wall -mcpu=cell -I/media/ps3dev/ps3dev/libpsl1ght/ppu/include -I/media/ps3dev/ps3dev/portlibs/ppu/include -mminimal-toc  -I/media/ps3dev/ps3dev/libpsl1ght/ppu/include -I/media/ps3dev/ps3dev/portlibs/ppu/include conftest.c >&5
conftest.c: In function 'main':
conftest.c:57:10: warning: 't' is used uninitialized in this function
conftest.c:73:23: warning: 'b' is used uninitialized in this function
configure:12526: $? = 0
configure:12533: result: yes
configure:12541: checking for inline
configure:12557: powerpc64-ps3-elf-gcc -c -g -O3 -O2 -Wall -mcpu=cell -I/media/ps3dev/ps3dev/libpsl1ght/ppu/include -I/media/ps3dev/ps3dev/portlibs/ppu/include -mminimal-toc  -I/media/ps3dev/ps3dev/libpsl1ght/ppu/include -I/media/ps3dev/ps3dev/portlibs/ppu/include conftest.c >&5
configure:12557: $? = 0
configure:12565: result: inline
configure:12587: checking for powerpc64-ps3-elf-gcc option to accept ISO C99
configure:12736: powerpc64-ps3-elf-gcc  -c -g -O3 -O2 -Wall -mcpu=cell -I/media/ps3dev/ps3dev/libpsl1ght/ppu/include -I/media/ps3dev/ps3dev/portlibs/ppu/include -mminimal-toc  -I/media/ps3dev/ps3dev/libpsl1ght/ppu/include -I/media/ps3dev/ps3dev/portlibs/ppu/include conftest.c >&5
conftest.c:78:29: error: expected ';', ',' or ')' before 'text'
conftest.c: In function 'main':
conftest.c:130:3: warning: implicit declaration of function 'test_restrict'
conftest.c:132:18: error: expected '=', ',', ';', 'asm' or '__attribute__' before 'newvar'
conftest.c:132:18: error: 'newvar' undeclared (first use in this function)
conftest.c:132:18: note: each undeclared identifier is reported only once for each function it appears in
conftest.c:142:3: error: 'for' loop initial declarations are only allowed in C99 mode
conftest.c:142:3: note: use option -std=c99 or -std=gnu99 to compile your code
configure:12736: $? = 1
configure: failed program was:
| /* confdefs.h */
| #define PACKAGE_NAME "embryo"
| #define PACKAGE_TARNAME "embryo"
| #define PACKAGE_VERSION "1.1.99.esportato"
| #define PACKAGE_STRING "embryo 1.1.99.esportato"
| #define PACKAGE_BUGREPORT "enlightenment-devel@lists.sourceforge.net"
| #define PACKAGE_URL ""
| #define PACKAGE "embryo"
| #define VERSION "1.1.99.esportato"
| #define STDC_HEADERS 1
| #define HAVE_SYS_TYPES_H 1
| #define HAVE_SYS_STAT_H 1
| #define HAVE_STDLIB_H 1
| #define HAVE_STRING_H 1
| #define HAVE_STRINGS_H 1
| #define HAVE_INTTYPES_H 1
| #define HAVE_STDINT_H 1
| #define HAVE_UNISTD_H 1
| #define LT_OBJDIR ".libs/"
| #define VMAJ 1
| #define VMIN 1
| #define VMIC 99
| #define VREV esportato
| #define HAVE_UNISTD_H 1
| #define PATH_MAX 4096
| #define WORDS_BIGENDIAN 1
| /* end confdefs.h.  */
| #include <stdarg.h>
| #include <stdbool.h>
| #include <stdlib.h>
| #include <wchar.h>
| #include <stdio.h>
| 
| // Check varargs macros.  These examples are taken from C99 6.10.3.5.
| #define debug(...) fprintf (stderr, __VA_ARGS__)
| #define showlist(...) puts (#__VA_ARGS__)
| #define report(test,...) ((test) ? puts (#test) : printf (__VA_ARGS__))
| static void
| test_varargs_macros (void)
| {
|   int x = 1234;
|   int y = 5678;
|   debug ("Flag");
|   debug ("X = %d\n", x);
|   showlist (The first, second, and third items.);
|   report (x>y, "x is %d but y is %d", x, y);
| }
| 
| // Check long long types.
| #define BIG64 18446744073709551615ull
| #define BIG32 4294967295ul
| #define BIG_OK (BIG64 / BIG32 == 4294967297ull && BIG64 % BIG32 == 0)
| #if !BIG_OK
|   your preprocessor is broken;
| #endif
| #if BIG_OK
| #else
|   your preprocessor is broken;
| #endif
| static long long int bignum = -9223372036854775807LL;
| static unsigned long long int ubignum = BIG64;
| 
| struct incomplete_array
| {
|   int datasize;
|   double data[];
| };
| 
| struct named_init {
|   int number;
|   const wchar_t *name;
|   double average;
| };
| 
| typedef const char *ccp;
| 
| static inline int
| test_restrict (ccp restrict text)
| {
|   // See if C++-style comments work.
|   // Iterate through items via the restricted pointer.
|   // Also check for declarations in for loops.
|   for (unsigned int i = 0; *(text+i) != '\0'; ++i)
|     continue;
|   return 0;
| }
| 
| // Check varargs and va_copy.
| static void
| test_varargs (const char *format, ...)
| {
|   va_list args;
|   va_start (args, format);
|   va_list args_copy;
|   va_copy (args_copy, args);
| 
|   const char *str;
|   int number;
|   float fnumber;
| 
|   while (*format)
|     {
|       switch (*format++)
| 	{
| 	case 's': // string
| 	  str = va_arg (args_copy, const char *);
| 	  break;
| 	case 'd': // int
| 	  number = va_arg (args_copy, int);
| 	  break;
| 	case 'f': // float
| 	  fnumber = va_arg (args_copy, double);
| 	  break;
| 	default:
| 	  break;
| 	}
|     }
|   va_end (args_copy);
|   va_end (args);
| }
| 
| int
| main ()
| {
| 
|   // Check bool.
|   _Bool success = false;
| 
|   // Check restrict.
|   if (test_restrict ("String literal") == 0)
|     success = true;
|   char *restrict newvar = "Another string";
| 
|   // Check varargs.
|   test_varargs ("s, d' f .", "string", 65, 34.234);
|   test_varargs_macros ();
| 
|   // Check flexible array members.
|   struct incomplete_array *ia =
|     malloc (sizeof (struct incomplete_array) + (sizeof (double) * 10));
|   ia->datasize = 10;
|   for (int i = 0; i < ia->datasize; ++i)
|     ia->data[i] = i * 1.234;
| 
|   // Check named initializers.
|   struct named_init ni = {
|     .number = 34,
|     .name = L"Test wide string",
|     .average = 543.34343,
|   };
| 
|   ni.number = 58;
| 
|   int dynamic_array[ni.number];
|   dynamic_array[ni.number - 1] = 543;
| 
|   // work around unused variable warnings
|   return (!success || bignum == 0LL || ubignum == 0uLL || newvar[0] == 'x'
| 	  || dynamic_array[ni.number - 1] != 543);
| 
|   ;
|   return 0;
| }
configure:12736: powerpc64-ps3-elf-gcc -std=gnu99 -c -g -O3 -O2 -Wall -mcpu=cell -I/media/ps3dev/ps3dev/libpsl1ght/ppu/include -I/media/ps3dev/ps3dev/portlibs/ppu/include -mminimal-toc  -I/media/ps3dev/ps3dev/libpsl1ght/ppu/include -I/media/ps3dev/ps3dev/portlibs/ppu/include conftest.c >&5
configure:12736: $? = 0
configure:12756: result: -std=gnu99
configure:12858: checking for powerpc64-ps3-elf-gcc -std=gnu99 option to accept ISO Standard C
configure:12872: result: -std=gnu99
configure:12876: checking for ANSI C header files
configure:12980: result: yes
configure:12990: checking for __attribute__
configure:13015: powerpc64-ps3-elf-gcc -std=gnu99 -c -g -O3 -O2 -Wall -mcpu=cell -I/media/ps3dev/ps3dev/libpsl1ght/ppu/include -I/media/ps3dev/ps3dev/portlibs/ppu/include -mminimal-toc  -I/media/ps3dev/ps3dev/libpsl1ght/ppu/include -I/media/ps3dev/ps3dev/portlibs/ppu/include conftest.c >&5
configure:13015: $? = 0
configure:13025: result: yes
configure:13067: checking for library containing strerror
configure:13098: powerpc64-ps3-elf-gcc -std=gnu99 -o conftest -g -O3 -O2 -Wall -mcpu=cell -I/media/ps3dev/ps3dev/libpsl1ght/ppu/include -I/media/ps3dev/ps3dev/portlibs/ppu/include -mminimal-toc  -I/media/ps3dev/ps3dev/libpsl1ght/ppu/include -I/media/ps3dev/ps3dev/portlibs/ppu/include -L/media/ps3dev/ps3dev/libpsl1ght/ppu/lib -L/media/ps3dev/ps3dev/portlibs/ppu/lib conftest.c  >&5
configure:13098: $? = 0
configure:13115: result: none required
configure:13127: checking for working alloca.h
configure:13144: powerpc64-ps3-elf-gcc -std=gnu99 -o conftest -g -O3 -O2 -Wall -mcpu=cell -I/media/ps3dev/ps3dev/libpsl1ght/ppu/include -I/media/ps3dev/ps3dev/portlibs/ppu/include -mminimal-toc  -I/media/ps3dev/ps3dev/libpsl1ght/ppu/include -I/media/ps3dev/ps3dev/portlibs/ppu/include -L/media/ps3dev/ps3dev/libpsl1ght/ppu/lib -L/media/ps3dev/ps3dev/portlibs/ppu/lib conftest.c  >&5
configure:13144: $? = 0
configure:13152: result: yes
configure:13160: checking for alloca
configure:13197: powerpc64-ps3-elf-gcc -std=gnu99 -o conftest -g -O3 -O2 -Wall -mcpu=cell -I/media/ps3dev/ps3dev/libpsl1ght/ppu/include -I/media/ps3dev/ps3dev/portlibs/ppu/include -mminimal-toc  -I/media/ps3dev/ps3dev/libpsl1ght/ppu/include -I/media/ps3dev/ps3dev/portlibs/ppu/include -L/media/ps3dev/ps3dev/libpsl1ght/ppu/lib -L/media/ps3dev/ps3dev/portlibs/ppu/lib conftest.c  >&5
configure:13197: $? = 0
configure:13205: result: yes
configure:13318: checking fnmatch.h usability
configure:13318: powerpc64-ps3-elf-gcc -std=gnu99 -c -g -O3 -O2 -Wall -mcpu=cell -I/media/ps3dev/ps3dev/libpsl1ght/ppu/include -I/media/ps3dev/ps3dev/portlibs/ppu/include -mminimal-toc  -I/media/ps3dev/ps3dev/libpsl1ght/ppu/include -I/media/ps3dev/ps3dev/portlibs/ppu/include conftest.c >&5
configure:13318: $? = 0
configure:13318: result: yes
configure:13318: checking fnmatch.h presence
configure:13318: powerpc64-ps3-elf-gcc -E -I/media/ps3dev/ps3dev/libpsl1ght/ppu/include -I/media/ps3dev/ps3dev/portlibs/ppu/include conftest.c
configure:13318: $? = 0
configure:13318: result: yes
configure:13318: checking for fnmatch.h
configure:13318: result: yes
configure:13328: checking for library containing fnmatch
configure:13359: powerpc64-ps3-elf-gcc -std=gnu99 -o conftest -g -O3 -O2 -Wall -mcpu=cell -I/media/ps3dev/ps3dev/libpsl1ght/ppu/include -I/media/ps3dev/ps3dev/portlibs/ppu/include -mminimal-toc  -I/media/ps3dev/ps3dev/libpsl1ght/ppu/include -I/media/ps3dev/ps3dev/portlibs/ppu/include -L/media/ps3dev/ps3dev/libpsl1ght/ppu/lib -L/media/ps3dev/ps3dev/portlibs/ppu/lib conftest.c  >&5
/tmp/ccTpUFcw.o: In function `main':
/home/wargio/efl/embryo/conftest.c:44: undefined reference to `.fnmatch'
collect2: ld returned 1 exit status
configure:13359: $? = 1
configure: failed program was:
| /* confdefs.h */
| #define PACKAGE_NAME "embryo"
| #define PACKAGE_TARNAME "embryo"
| #define PACKAGE_VERSION "1.1.99.esportato"
| #define PACKAGE_STRING "embryo 1.1.99.esportato"
| #define PACKAGE_BUGREPORT "enlightenment-devel@lists.sourceforge.net"
| #define PACKAGE_URL ""
| #define PACKAGE "embryo"
| #define VERSION "1.1.99.esportato"
| #define STDC_HEADERS 1
| #define HAVE_SYS_TYPES_H 1
| #define HAVE_SYS_STAT_H 1
| #define HAVE_STDLIB_H 1
| #define HAVE_STRING_H 1
| #define HAVE_STRINGS_H 1
| #define HAVE_INTTYPES_H 1
| #define HAVE_STDINT_H 1
| #define HAVE_UNISTD_H 1
| #define LT_OBJDIR ".libs/"
| #define VMAJ 1
| #define VMIN 1
| #define VMIC 99
| #define VREV esportato
| #define HAVE_UNISTD_H 1
| #define PATH_MAX 4096
| #define WORDS_BIGENDIAN 1
| #define STDC_HEADERS 1
| #define HAVE___ATTRIBUTE__ 1
| #define __UNUSED__ __attribute__((unused))
| #define HAVE_ALLOCA_H 1
| #define HAVE_ALLOCA 1
| /* end confdefs.h.  */
| 
| /* Override any GCC internal prototype to avoid an error.
|    Use char because int might match the return type of a GCC
|    builtin and then its argument prototype would still apply.  */
| #ifdef __cplusplus
| extern "C"
| #endif
| char fnmatch ();
| int
| main ()
| {
| return fnmatch ();
|   ;
|   return 0;
| }
configure:13359: powerpc64-ps3-elf-gcc -std=gnu99 -o conftest -g -O3 -O2 -Wall -mcpu=cell -I/media/ps3dev/ps3dev/libpsl1ght/ppu/include -I/media/ps3dev/ps3dev/portlibs/ppu/include -mminimal-toc  -I/media/ps3dev/ps3dev/libpsl1ght/ppu/include -I/media/ps3dev/ps3dev/portlibs/ppu/include -L/media/ps3dev/ps3dev/libpsl1ght/ppu/lib -L/media/ps3dev/ps3dev/portlibs/ppu/lib conftest.c -lfnmatch   >&5
/media/ps3dev/ps3dev/ppu/bin/../lib/gcc/powerpc64-ps3-elf/4.5.2/../../../../powerpc64-ps3-elf/bin/ld: cannot find -lfnmatch
collect2: ld returned 1 exit status
configure:13359: $? = 1
configure: failed program was:
| /* confdefs.h */
| #define PACKAGE_NAME "embryo"
| #define PACKAGE_TARNAME "embryo"
| #define PACKAGE_VERSION "1.1.99.esportato"
| #define PACKAGE_STRING "embryo 1.1.99.esportato"
| #define PACKAGE_BUGREPORT "enlightenment-devel@lists.sourceforge.net"
| #define PACKAGE_URL ""
| #define PACKAGE "embryo"
| #define VERSION "1.1.99.esportato"
| #define STDC_HEADERS 1
| #define HAVE_SYS_TYPES_H 1
| #define HAVE_SYS_STAT_H 1
| #define HAVE_STDLIB_H 1
| #define HAVE_STRING_H 1
| #define HAVE_STRINGS_H 1
| #define HAVE_INTTYPES_H 1
| #define HAVE_STDINT_H 1
| #define HAVE_UNISTD_H 1
| #define LT_OBJDIR ".libs/"
| #define VMAJ 1
| #define VMIN 1
| #define VMIC 99
| #define VREV esportato
| #define HAVE_UNISTD_H 1
| #define PATH_MAX 4096
| #define WORDS_BIGENDIAN 1
| #define STDC_HEADERS 1
| #define HAVE___ATTRIBUTE__ 1
| #define __UNUSED__ __attribute__((unused))
| #define HAVE_ALLOCA_H 1
| #define HAVE_ALLOCA 1
| /* end confdefs.h.  */
| 
| /* Override any GCC internal prototype to avoid an error.
|    Use char because int might match the return type of a GCC
|    builtin and then its argument prototype would still apply.  */
| #ifdef __cplusplus
| extern "C"
| #endif
| char fnmatch ();
| int
| main ()
| {
| return fnmatch ();
|   ;
|   return 0;
| }
configure:13359: powerpc64-ps3-elf-gcc -std=gnu99 -o conftest -g -O3 -O2 -Wall -mcpu=cell -I/media/ps3dev/ps3dev/libpsl1ght/ppu/include -I/media/ps3dev/ps3dev/portlibs/ppu/include -mminimal-toc  -I/media/ps3dev/ps3dev/libpsl1ght/ppu/include -I/media/ps3dev/ps3dev/portlibs/ppu/include -L/media/ps3dev/ps3dev/libpsl1ght/ppu/lib -L/media/ps3dev/ps3dev/portlibs/ppu/lib conftest.c -levil   >&5
/media/ps3dev/ps3dev/ppu/bin/../lib/gcc/powerpc64-ps3-elf/4.5.2/../../../../powerpc64-ps3-elf/bin/ld: cannot find -levil
collect2: ld returned 1 exit status
configure:13359: $? = 1
configure: failed program was:
| /* confdefs.h */
| #define PACKAGE_NAME "embryo"
| #define PACKAGE_TARNAME "embryo"
| #define PACKAGE_VERSION "1.1.99.esportato"
| #define PACKAGE_STRING "embryo 1.1.99.esportato"
| #define PACKAGE_BUGREPORT "enlightenment-devel@lists.sourceforge.net"
| #define PACKAGE_URL ""
| #define PACKAGE "embryo"
| #define VERSION "1.1.99.esportato"
| #define STDC_HEADERS 1
| #define HAVE_SYS_TYPES_H 1
| #define HAVE_SYS_STAT_H 1
| #define HAVE_STDLIB_H 1
| #define HAVE_STRING_H 1
| #define HAVE_STRINGS_H 1
| #define HAVE_INTTYPES_H 1
| #define HAVE_STDINT_H 1
| #define HAVE_UNISTD_H 1
| #define LT_OBJDIR ".libs/"
| #define VMAJ 1
| #define VMIN 1
| #define VMIC 99
| #define VREV esportato
| #define HAVE_UNISTD_H 1
| #define PATH_MAX 4096
| #define WORDS_BIGENDIAN 1
| #define STDC_HEADERS 1
| #define HAVE___ATTRIBUTE__ 1
| #define __UNUSED__ __attribute__((unused))
| #define HAVE_ALLOCA_H 1
| #define HAVE_ALLOCA 1
| /* end confdefs.h.  */
| 
| /* Override any GCC internal prototype to avoid an error.
|    Use char because int might match the return type of a GCC
|    builtin and then its argument prototype would still apply.  */
| #ifdef __cplusplus
| extern "C"
| #endif
| char fnmatch ();
| int
| main ()
| {
| return fnmatch ();
|   ;
|   return 0;
| }
configure:13359: powerpc64-ps3-elf-gcc -std=gnu99 -o conftest -g -O3 -O2 -Wall -mcpu=cell -I/media/ps3dev/ps3dev/libpsl1ght/ppu/include -I/media/ps3dev/ps3dev/portlibs/ppu/include -mminimal-toc  -I/media/ps3dev/ps3dev/libpsl1ght/ppu/include -I/media/ps3dev/ps3dev/portlibs/ppu/include -L/media/ps3dev/ps3dev/libpsl1ght/ppu/lib -L/media/ps3dev/ps3dev/portlibs/ppu/lib conftest.c -liberty   >&5
configure:13359: $? = 0
configure:13376: result: -liberty
configure:13413: checking for gettimeofday
configure:13413: powerpc64-ps3-elf-gcc -std=gnu99 -o conftest -g -O3 -O2 -Wall -mcpu=cell -I/media/ps3dev/ps3dev/libpsl1ght/ppu/include -I/media/ps3dev/ps3dev/portlibs/ppu/include -mminimal-toc  -I/media/ps3dev/ps3dev/libpsl1ght/ppu/include -I/media/ps3dev/ps3dev/portlibs/ppu/include -L/media/ps3dev/ps3dev/libpsl1ght/ppu/lib -L/media/ps3dev/ps3dev/portlibs/ppu/lib conftest.c -liberty  >&5
configure:13413: $? = 0
configure:13413: result: yes
configure:13563: creating ./config.status

## ---------------------- ##
## Running config.status. ##
## ---------------------- ##

This file was extended by embryo config.status 1.1.99.esportato, which was
generated by GNU Autoconf 2.67.  Invocation command line was

  CONFIG_FILES    = 
  CONFIG_HEADERS  = 
  CONFIG_LINKS    = 
  CONFIG_COMMANDS = 
  $ ./config.status 

on Linux

config.status:1118: creating Makefile
config.status:1118: creating doc/Makefile
config.status:1118: creating doc/Doxyfile
config.status:1118: creating doc/embryo.dox
config.status:1118: creating embryo.pc
config.status:1118: creating include/Makefile
config.status:1118: creating src/Makefile
config.status:1118: creating src/lib/Makefile
config.status:1118: creating src/bin/Makefile
config.status:1118: creating embryo.spec
config.status:1118: creating config.h
config.status:1298: config.h is unchanged
config.status:1346: executing depfiles commands
config.status:1346: executing libtool commands

## ---------------- ##
## Cache variables. ##
## ---------------- ##

ac_cv___attribute__=yes
ac_cv_build=i686-pc-linux-gnu
ac_cv_c_bigendian=yes
ac_cv_c_compiler_gnu=yes
ac_cv_c_const=yes
ac_cv_c_inline=inline
ac_cv_env_CC_set=set
ac_cv_env_CC_value=powerpc64-ps3-elf-gcc
ac_cv_env_CFLAGS_set=set
ac_cv_env_CFLAGS_value='-g -O3 -O2 -Wall -mcpu=cell -I/media/ps3dev/ps3dev/libpsl1ght/ppu/include -I/media/ps3dev/ps3dev/portlibs/ppu/include -mminimal-toc '
ac_cv_env_CPPFLAGS_set=set
ac_cv_env_CPPFLAGS_value='-I/media/ps3dev/ps3dev/libpsl1ght/ppu/include -I/media/ps3dev/ps3dev/portlibs/ppu/include'
ac_cv_env_CPP_set=
ac_cv_env_CPP_value=
ac_cv_env_EINA_CFLAGS_set=
ac_cv_env_EINA_CFLAGS_value=
ac_cv_env_EINA_LIBS_set=
ac_cv_env_EINA_LIBS_value=
ac_cv_env_EVIL_CFLAGS_set=
ac_cv_env_EVIL_CFLAGS_value=
ac_cv_env_EVIL_LIBS_set=
ac_cv_env_EVIL_LIBS_value=
ac_cv_env_LDFLAGS_set=set
ac_cv_env_LDFLAGS_value='-L/media/ps3dev/ps3dev/libpsl1ght/ppu/lib -L/media/ps3dev/ps3dev/portlibs/ppu/lib'
ac_cv_env_LIBS_set=
ac_cv_env_LIBS_value=
ac_cv_env_PKG_CONFIG_LIBDIR_set=set
ac_cv_env_PKG_CONFIG_LIBDIR_value=/media/ps3dev/ps3dev/libpsl1ght/ppu/lib/pkgconfig
ac_cv_env_PKG_CONFIG_PATH_set=set
ac_cv_env_PKG_CONFIG_PATH_value=/media/ps3dev/ps3dev/portlibs/ppu/lib/pkgconfig
ac_cv_env_PKG_CONFIG_set=set
ac_cv_env_PKG_CONFIG_value='pkg-config --static'
ac_cv_env_build_alias_set=
ac_cv_env_build_alias_value=
ac_cv_env_host_alias_set=set
ac_cv_env_host_alias_value=powerpc64-ps3-elf
ac_cv_env_target_alias_set=
ac_cv_env_target_alias_value=
ac_cv_func_alloca_works=yes
ac_cv_func_gettimeofday=yes
ac_cv_header_dlfcn_h=no
ac_cv_header_fnmatch_h=yes
ac_cv_header_inttypes_h=yes
ac_cv_header_memory_h=no
ac_cv_header_stdc=yes
ac_cv_header_stdint_h=yes
ac_cv_header_stdlib_h=yes
ac_cv_header_string_h=yes
ac_cv_header_strings_h=yes
ac_cv_header_sys_stat_h=yes
ac_cv_header_sys_types_h=yes
ac_cv_header_unistd_h=yes
ac_cv_host=powerpc64-ps3-elf
ac_cv_objext=o
ac_cv_path_EGREP='/bin/grep -E'
ac_cv_path_FGREP='/bin/grep -F'
ac_cv_path_GREP=/bin/grep
ac_cv_path_SED=/bin/sed
ac_cv_path_install='/usr/bin/install -c'
ac_cv_path_mkdir=/bin/mkdir
ac_cv_prog_AR=powerpc64-ps3-elf-ar
ac_cv_prog_AWK=mawk
ac_cv_prog_CC=powerpc64-ps3-elf-gcc
ac_cv_prog_CPP='powerpc64-ps3-elf-gcc -E'
ac_cv_prog_OBJDUMP=objdump
ac_cv_prog_RANLIB=powerpc64-ps3-elf-ranlib
ac_cv_prog_STRIP=powerpc64-ps3-elf-strip
ac_cv_prog_cc_c89=
ac_cv_prog_cc_c99=-std=gnu99
ac_cv_prog_cc_g=yes
ac_cv_prog_cc_powerpc64_ps3_elf_gcc_c_o=yes
ac_cv_prog_cc_stdc=-std=gnu99
ac_cv_prog_efl_have_doxygen=no
ac_cv_prog_make_make_set=yes
ac_cv_search_fnmatch=-liberty
ac_cv_search_strerror='none required'
ac_cv_working_alloca_h=yes
am_cv_CC_dependencies_compiler_type=gcc3
lt_cv_deplibs_check_method=unknown
lt_cv_file_magic_cmd='$MAGIC_CMD'
lt_cv_file_magic_test_file=
lt_cv_ld_reload_flag=-r
lt_cv_nm_interface='BSD nm'
lt_cv_objdir=.libs
lt_cv_path_LD=/media/ps3dev/ps3dev/ppu/powerpc64-ps3-elf/bin/ld
lt_cv_path_NM='/media/ps3dev/ps3dev/ppu/bin/powerpc64-ps3-elf-nm -B'
lt_cv_prog_compiler_c_o=yes
lt_cv_prog_compiler_pic_works=yes
lt_cv_prog_compiler_rtti_exceptions=no
lt_cv_prog_compiler_static_works=yes
lt_cv_prog_gnu_ld=yes
lt_cv_sys_global_symbol_pipe='sed -n -e '\''s/^.*[	 ]\([ABCDGIRSTW][ABCDGIRSTW]*\)[	 ][	 ]*\([_A-Za-z][_A-Za-z0-9]*\)$/\1 \2 \2/p'\'''
lt_cv_sys_global_symbol_to_c_name_address='sed -n -e '\''s/^: \([^ ]*\) $/  {\"\1\", (void *) 0},/p'\'' -e '\''s/^[ABCDGIRSTW]* \([^ ]*\) \([^ ]*\)$/  {"\2", (void *) \&\2},/p'\'''
lt_cv_sys_global_symbol_to_c_name_address_lib_prefix='sed -n -e '\''s/^: \([^ ]*\) $/  {\"\1\", (void *) 0},/p'\'' -e '\''s/^[ABCDGIRSTW]* \([^ ]*\) \(lib[^ ]*\)$/  {"\2", (void *) \&\2},/p'\'' -e '\''s/^[ABCDGIRSTW]* \([^ ]*\) \([^ ]*\)$/  {"lib\2", (void *) \&\2},/p'\'''
lt_cv_sys_global_symbol_to_cdecl='sed -n -e '\''s/^T .* \(.*\)$/extern int \1();/p'\'' -e '\''s/^[ABCDGIRSTW]* .* \(.*\)$/extern char \1;/p'\'''
lt_cv_sys_max_cmd_len=1572864
pkg_cv_EINA_CFLAGS='-I/media/ps3dev/ps3dev/portlibs/ppu/include/eina-1 -I/media/ps3dev/ps3dev/portlibs/ppu/include/eina-1/eina -I/media/ps3dev/ps3dev/portlibs/ppu/include/escape-0  '
pkg_cv_EINA_LIBS='-L/media/ps3dev/ps3dev/portlibs/ppu/lib -leina -lescape -lm -lnet -lsysmodule -liberty  '

## ----------------- ##
## Output variables. ##
## ----------------- ##

ACLOCAL='${SHELL} /home/wargio/efl/embryo/missing --run aclocal-1.11'
ALLOCA=''
AMDEPBACKSLASH='\'
AMDEP_FALSE='#'
AMDEP_TRUE=''
AMTAR='${SHELL} /home/wargio/efl/embryo/missing --run tar'
AM_BACKSLASH='\'
AM_DEFAULT_VERBOSITY='0'
AR='powerpc64-ps3-elf-ar'
AS='as'
AUTOCONF='${SHELL} /home/wargio/efl/embryo/missing --run autoconf'
AUTOHEADER='${SHELL} /home/wargio/efl/embryo/missing --run autoheader'
AUTOMAKE='${SHELL} /home/wargio/efl/embryo/missing --run automake-1.11'
AWK='mawk'
BUILD_EMBRYO_CC_FALSE='#'
BUILD_EMBRYO_CC_TRUE=''
CC='powerpc64-ps3-elf-gcc -std=gnu99'
CCDEPMODE='depmode=gcc3'
CFLAGS='-g -O3 -O2 -Wall -mcpu=cell -I/media/ps3dev/ps3dev/libpsl1ght/ppu/include -I/media/ps3dev/ps3dev/portlibs/ppu/include -mminimal-toc '
CPP='powerpc64-ps3-elf-gcc -E'
CPPFLAGS='-I/media/ps3dev/ps3dev/libpsl1ght/ppu/include -I/media/ps3dev/ps3dev/portlibs/ppu/include'
CYGPATH_W='echo'
DEFS='-DHAVE_CONFIG_H'
DEPDIR='.deps'
DLLTOOL='dlltool'
DSYMUTIL=''
DUMPBIN=''
ECHO_C=''
ECHO_N='-n'
ECHO_T=''
EFL_BUILD_DOC_FALSE=''
EFL_BUILD_DOC_TRUE='#'
EFL_EMBRYO_BUILD=''
EFL_FNMATCH_LIBS='-liberty'
EGREP='/bin/grep -E'
EINA_CFLAGS='-I/media/ps3dev/ps3dev/portlibs/ppu/include/eina-1 -I/media/ps3dev/ps3dev/portlibs/ppu/include/eina-1/eina -I/media/ps3dev/ps3dev/portlibs/ppu/include/escape-0  '
EINA_LIBS='-L/media/ps3dev/ps3dev/portlibs/ppu/lib -leina -lescape -lm -lnet -lsysmodule -liberty  '
EMBRYO_CC_PRG='embryo_cc'
EMBRYO_CFLAGS=''
EMBRYO_CPPFLAGS=''
EVIL_CFLAGS=''
EVIL_LIBS=''
EXEEXT=''
FGREP='/bin/grep -F'
GREP='/bin/grep'
INSTALL_DATA='${INSTALL} -m 644'
INSTALL_PROGRAM='${INSTALL}'
INSTALL_SCRIPT='${INSTALL}'
INSTALL_STRIP_PROGRAM='$(install_sh) -c -s'
LD='/media/ps3dev/ps3dev/ppu/powerpc64-ps3-elf/bin/ld'
LDFLAGS='-L/media/ps3dev/ps3dev/libpsl1ght/ppu/lib -L/media/ps3dev/ps3dev/portlibs/ppu/lib'
LIBOBJS=''
LIBS='-liberty '
LIBTOOL='$(SHELL) $(top_builddir)/libtool'
LIPO=''
LN_S='ln -s'
LTLIBOBJS=''
MAKEINFO='${SHELL} /home/wargio/efl/embryo/missing --run makeinfo'
MKDIR_P='/bin/mkdir -p'
NM='/media/ps3dev/ps3dev/ppu/bin/powerpc64-ps3-elf-nm -B'
NMEDIT=''
OBJDUMP='objdump'
OBJEXT='o'
OTOOL64=''
OTOOL=''
PACKAGE='embryo'
PACKAGE_BUGREPORT='enlightenment-devel@lists.sourceforge.net'
PACKAGE_NAME='embryo'
PACKAGE_STRING='embryo 1.1.99.esportato'
PACKAGE_TARNAME='embryo'
PACKAGE_URL=''
PACKAGE_VERSION='1.1.99.esportato'
PATH_SEPARATOR=':'
PKG_CONFIG='pkg-config --static'
PKG_CONFIG_LIBDIR='/media/ps3dev/ps3dev/libpsl1ght/ppu/lib/pkgconfig'
PKG_CONFIG_PATH='/media/ps3dev/ps3dev/portlibs/ppu/lib/pkgconfig'
RANLIB='powerpc64-ps3-elf-ranlib'
SED='/bin/sed'
SET_MAKE=''
SHELL='/bin/bash'
STRIP='powerpc64-ps3-elf-strip'
VERSION='1.1.99.esportato'
VMAJ='1'
ac_ct_CC=''
ac_ct_DUMPBIN=''
am__EXEEXT_FALSE=''
am__EXEEXT_TRUE='#'
am__fastdepCC_FALSE='#'
am__fastdepCC_TRUE=''
am__include='include'
am__isrc=''
am__leading_dot='.'
am__quote=''
am__tar='${AMTAR} chof - "$$tardir"'
am__untar='${AMTAR} xf -'
bindir='${exec_prefix}/bin'
build='i686-pc-linux-gnu'
build_alias=''
build_cpu='i686'
build_os='linux-gnu'
build_vendor='pc'
datadir='${datarootdir}'
datarootdir='${prefix}/share'
docdir='${datarootdir}/doc/${PACKAGE_TARNAME}'
dvidir='${docdir}'
efl_doxygen='doxygen'
efl_have_doxygen='no'
embryoincludedir='${datarootdir}/include'
exec_prefix='${prefix}'
host='powerpc64-ps3-elf'
host_alias='powerpc64-ps3-elf'
host_cpu='powerpc64'
host_os='elf'
host_vendor='ps3'
htmldir='${docdir}'
includedir='/media/ps3dev/ps3dev/portlibs/ppu/include'
infodir='${datarootdir}/info'
install_sh='${SHELL} /home/wargio/efl/embryo/install-sh'
libdir='/media/ps3dev/ps3dev/portlibs/ppu/lib'
libexecdir='${exec_prefix}/libexec'
localedir='${datarootdir}/locale'
localstatedir='${prefix}/var'
lt_ECHO='echo'
lt_enable_auto_import=''
mandir='${datarootdir}/man'
mkdir_p='/bin/mkdir -p'
oldincludedir='/usr/include'
pdfdir='${docdir}'
pkgconfig_requires_private='Requires.private'
prefix='/media/ps3dev/ps3dev/portlibs/ppu'
program_transform_name='s,x,x,'
psdir='${docdir}'
release_info=''
requirement_embryo=''
sbindir='${exec_prefix}/sbin'
sharedstatedir='${prefix}/com'
sysconfdir='${prefix}/etc'
target_alias=''
version_info='2:99:1'

## ----------- ##
## confdefs.h. ##
## ----------- ##

/* confdefs.h */
#define PACKAGE_NAME "embryo"
#define PACKAGE_TARNAME "embryo"
#define PACKAGE_VERSION "1.1.99.esportato"
#define PACKAGE_STRING "embryo 1.1.99.esportato"
#define PACKAGE_BUGREPORT "enlightenment-devel@lists.sourceforge.net"
#define PACKAGE_URL ""
#define PACKAGE "embryo"
#define VERSION "1.1.99.esportato"
#define STDC_HEADERS 1
#define HAVE_SYS_TYPES_H 1
#define HAVE_SYS_STAT_H 1
#define HAVE_STDLIB_H 1
#define HAVE_STRING_H 1
#define HAVE_STRINGS_H 1
#define HAVE_INTTYPES_H 1
#define HAVE_STDINT_H 1
#define HAVE_UNISTD_H 1
#define LT_OBJDIR ".libs/"
#define VMAJ 1
#define VMIN 1
#define VMIC 99
#define VREV esportato
#define HAVE_UNISTD_H 1
#define PATH_MAX 4096
#define WORDS_BIGENDIAN 1
#define STDC_HEADERS 1
#define HAVE___ATTRIBUTE__ 1
#define __UNUSED__ __attribute__((unused))
#define HAVE_ALLOCA_H 1
#define HAVE_ALLOCA 1
#define HAVE_GETTIMEOFDAY 1

configure: exit 0
