This file contains any messages produced by compilers while
running configure, to aid debugging if configure makes a mistake.

It was created by edje configure 1.1.99.esportato, which was
generated by GNU Autoconf 2.67.  Invocation command line was

  $ ./configure --prefix=/media/ps3dev/ps3dev/portlibs/ppu --host=powerpc64-ps3-elf --includedir=/media/ps3dev/ps3dev/portlibs/ppu/include --libdir=/media/ps3dev/ps3dev/portlibs/ppu/lib --disable-edje-player --disable-edje-inspector --disable-edje-external-inspector --disable-edje-decc --disable-edje-recc

## --------- ##
## Platform. ##
## --------- ##

hostname = Linux
uname -m = i686
uname -r = 2.6.35-32-generic
uname -s = Linux
uname -v = #67-Ubuntu SMP Mon Mar 5 19:35:26 UTC 2012

/usr/bin/uname -p = unknown
/bin/uname -X     = unknown

/bin/arch              = unknown
/usr/bin/arch -k       = unknown
/usr/convex/getsysinfo = unknown
/usr/bin/hostinfo      = unknown
/bin/machine           = unknown
/usr/bin/oslevel       = unknown
/bin/universe          = unknown

PATH: /usr/local/sbin
PATH: /usr/local/bin
PATH: /usr/sbin
PATH: /usr/bin
PATH: /sbin
PATH: /bin
PATH: /usr/games
PATH: /media/ps3dev/ps3dev/bin
PATH: /media/ps3dev/ps3dev/ppu/bin
PATH: /media/ps3dev/ps3dev/spu/bin


## ----------- ##
## Core tests. ##
## ----------- ##

configure:2621: checking for a BSD-compatible install
configure:2689: result: /usr/bin/install -c
configure:2700: checking whether build environment is sane
configure:2750: result: yes
configure:2799: checking for powerpc64-ps3-elf-strip
configure:2815: found /media/ps3dev/ps3dev/ppu/bin/powerpc64-ps3-elf-strip
configure:2826: result: powerpc64-ps3-elf-strip
configure:2891: checking for a thread-safe mkdir -p
configure:2930: result: /bin/mkdir -p
configure:2943: checking for gawk
configure:2973: result: no
configure:2943: checking for mawk
configure:2959: found /usr/bin/mawk
configure:2970: result: mawk
configure:2981: checking whether make sets $(MAKE)
configure:3003: result: yes
configure:3100: checking build system type
configure:3114: result: i686-pc-linux-gnu
configure:3134: checking host system type
configure:3147: result: powerpc64-ps3-elf
configure:3507: checking for style of include used by make
configure:3535: result: GNU
configure:3565: checking for powerpc64-ps3-elf-gcc
configure:3592: result: powerpc64-ps3-elf-gcc
configure:3861: checking for C compiler version
configure:3870: powerpc64-ps3-elf-gcc --version >&5
powerpc64-ps3-elf-gcc (GCC) 4.5.2
Copyright (C) 2010 Free Software Foundation, Inc.
This is free software; see the source for copying conditions.  There is NO
warranty; not even for MERCHANTABILITY or FITNESS FOR A PARTICULAR PURPOSE.

configure:3881: $? = 0
configure:3870: powerpc64-ps3-elf-gcc -v >&5
Using built-in specs.
COLLECT_GCC=powerpc64-ps3-elf-gcc
COLLECT_LTO_WRAPPER=/media/ps3dev/ps3dev/ppu/bin/../libexec/gcc/powerpc64-ps3-elf/4.5.2/lto-wrapper
Target: powerpc64-ps3-elf
Configured with: ../configure --prefix=/media/20GB/usr/local/ps3dev/ppu --target=powerpc64-ps3-elf --disable-dependency-tracking --disable-libstdcxx-pch --disable-multilib --disable-nls --disable-shared --disable-win32-registry --enable-languages=c,c++,objc,obj-c++ --enable-long-double-128 --enable-lto --enable-threads --with-cpu=cell --with-newlib : (reconfigured) ../configure --prefix=/media/20GB/usr/local/ps3dev/ppu --target=powerpc64-ps3-elf --disable-dependency-tracking --disable-libstdcxx-pch --disable-multilib --disable-nls --disable-shared --disable-win32-registry --enable-languages=c,c++,objc,obj-c++ --enable-long-double-128 --enable-lto --enable-threads --with-cpu=cell --with-newlib
Thread model: single
gcc version 4.5.2 (GCC) 
configure:3881: $? = 0
configure:3870: powerpc64-ps3-elf-gcc -V >&5
powerpc64-ps3-elf-gcc: '-V' option must have argument
configure:3881: $? = 1
configure:3870: powerpc64-ps3-elf-gcc -qversion >&5
powerpc64-ps3-elf-gcc: unrecognized option '-qversion'
powerpc64-ps3-elf-gcc: no input files
configure:3881: $? = 1
configure:3901: checking whether the C compiler works
configure:3923: powerpc64-ps3-elf-gcc -g -O3 -O2 -Wall -mcpu=cell -I/media/ps3dev/ps3dev/libpsl1ght/ppu/include -I/media/ps3dev/ps3dev/portlibs/ppu/include -mminimal-toc  -I/media/ps3dev/ps3dev/libpsl1ght/ppu/include -I/media/ps3dev/ps3dev/portlibs/ppu/include -L/media/ps3dev/ps3dev/libpsl1ght/ppu/lib -L/media/ps3dev/ps3dev/portlibs/ppu/lib conftest.c  >&5
configure:3927: $? = 0
configure:3975: result: yes
configure:3978: checking for C compiler default output file name
configure:3980: result: a.out
configure:3986: checking for suffix of executables
configure:3993: powerpc64-ps3-elf-gcc -o conftest -g -O3 -O2 -Wall -mcpu=cell -I/media/ps3dev/ps3dev/libpsl1ght/ppu/include -I/media/ps3dev/ps3dev/portlibs/ppu/include -mminimal-toc  -I/media/ps3dev/ps3dev/libpsl1ght/ppu/include -I/media/ps3dev/ps3dev/portlibs/ppu/include -L/media/ps3dev/ps3dev/libpsl1ght/ppu/lib -L/media/ps3dev/ps3dev/portlibs/ppu/lib conftest.c  >&5
configure:3997: $? = 0
configure:4019: result: 
configure:4041: checking whether we are cross compiling
configure:4049: powerpc64-ps3-elf-gcc -o conftest -g -O3 -O2 -Wall -mcpu=cell -I/media/ps3dev/ps3dev/libpsl1ght/ppu/include -I/media/ps3dev/ps3dev/portlibs/ppu/include -mminimal-toc  -I/media/ps3dev/ps3dev/libpsl1ght/ppu/include -I/media/ps3dev/ps3dev/portlibs/ppu/include -L/media/ps3dev/ps3dev/libpsl1ght/ppu/lib -L/media/ps3dev/ps3dev/portlibs/ppu/lib conftest.c  >&5
configure:4053: $? = 0
configure:4060: ./conftest
./configure: line 4062: ./conftest: cannot execute binary file
configure:4064: $? = 126
configure:4079: result: yes
configure:4084: checking for suffix of object files
configure:4106: powerpc64-ps3-elf-gcc -c -g -O3 -O2 -Wall -mcpu=cell -I/media/ps3dev/ps3dev/libpsl1ght/ppu/include -I/media/ps3dev/ps3dev/portlibs/ppu/include -mminimal-toc  -I/media/ps3dev/ps3dev/libpsl1ght/ppu/include -I/media/ps3dev/ps3dev/portlibs/ppu/include conftest.c >&5
configure:4110: $? = 0
configure:4131: result: o
configure:4135: checking whether we are using the GNU C compiler
configure:4154: powerpc64-ps3-elf-gcc -c -g -O3 -O2 -Wall -mcpu=cell -I/media/ps3dev/ps3dev/libpsl1ght/ppu/include -I/media/ps3dev/ps3dev/portlibs/ppu/include -mminimal-toc  -I/media/ps3dev/ps3dev/libpsl1ght/ppu/include -I/media/ps3dev/ps3dev/portlibs/ppu/include conftest.c >&5
configure:4154: $? = 0
configure:4163: result: yes
configure:4172: checking whether powerpc64-ps3-elf-gcc accepts -g
configure:4192: powerpc64-ps3-elf-gcc -c -g -I/media/ps3dev/ps3dev/libpsl1ght/ppu/include -I/media/ps3dev/ps3dev/portlibs/ppu/include conftest.c >&5
configure:4192: $? = 0
configure:4233: result: yes
configure:4250: checking for powerpc64-ps3-elf-gcc option to accept ISO C89
configure:4314: powerpc64-ps3-elf-gcc  -c -g -O3 -O2 -Wall -mcpu=cell -I/media/ps3dev/ps3dev/libpsl1ght/ppu/include -I/media/ps3dev/ps3dev/portlibs/ppu/include -mminimal-toc  -I/media/ps3dev/ps3dev/libpsl1ght/ppu/include -I/media/ps3dev/ps3dev/portlibs/ppu/include conftest.c >&5
configure:4314: $? = 0
configure:4327: result: none needed
configure:4349: checking dependency style of powerpc64-ps3-elf-gcc
configure:4459: result: gcc3
configure:4474: checking for a sed that does not truncate output
configure:4538: result: /bin/sed
configure:4556: checking for grep that handles long lines and -e
configure:4614: result: /bin/grep
configure:4619: checking for egrep
configure:4681: result: /bin/grep -E
configure:4686: checking for fgrep
configure:4748: result: /bin/grep -F
configure:4783: checking for ld used by powerpc64-ps3-elf-gcc
configure:4850: result: /media/ps3dev/ps3dev/ppu/powerpc64-ps3-elf/bin/ld
configure:4857: checking if the linker (/media/ps3dev/ps3dev/ppu/powerpc64-ps3-elf/bin/ld) is GNU ld
configure:4872: result: yes
configure:4884: checking for BSD- or MS-compatible name lister (nm)
configure:4933: result: /media/ps3dev/ps3dev/ppu/bin/powerpc64-ps3-elf-nm -B
configure:5051: checking the name lister (/media/ps3dev/ps3dev/ppu/bin/powerpc64-ps3-elf-nm -B) interface
configure:5058: powerpc64-ps3-elf-gcc -c -g -O3 -O2 -Wall -mcpu=cell -I/media/ps3dev/ps3dev/libpsl1ght/ppu/include -I/media/ps3dev/ps3dev/portlibs/ppu/include -mminimal-toc  -I/media/ps3dev/ps3dev/libpsl1ght/ppu/include -I/media/ps3dev/ps3dev/portlibs/ppu/include conftest.c >&5
configure:5061: /media/ps3dev/ps3dev/ppu/bin/powerpc64-ps3-elf-nm -B "conftest.o"
configure:5064: output
0000000000000000 B some_variable
configure:5071: result: BSD nm
configure:5074: checking whether ln -s works
configure:5078: result: yes
configure:5086: checking the maximum length of command line arguments
configure:5206: result: 1572864
configure:5223: checking whether the shell understands some XSI constructs
configure:5233: result: yes
configure:5237: checking whether the shell understands "+="
configure:5243: result: yes
configure:5278: checking for /media/ps3dev/ps3dev/ppu/powerpc64-ps3-elf/bin/ld option to reload object files
configure:5285: result: -r
configure:5314: checking for powerpc64-ps3-elf-objdump
configure:5341: result: objdump
configure:5410: checking how to recognize dependent libraries
configure:5606: result: unknown
configure:5626: checking for powerpc64-ps3-elf-ar
configure:5653: result: powerpc64-ps3-elf-ar
configure:5731: checking for powerpc64-ps3-elf-strip
configure:5758: result: powerpc64-ps3-elf-strip
configure:5830: checking for powerpc64-ps3-elf-ranlib
configure:5857: result: powerpc64-ps3-elf-ranlib
configure:5987: checking command to parse /media/ps3dev/ps3dev/ppu/bin/powerpc64-ps3-elf-nm -B output from powerpc64-ps3-elf-gcc object
configure:6105: powerpc64-ps3-elf-gcc -c -g -O3 -O2 -Wall -mcpu=cell -I/media/ps3dev/ps3dev/libpsl1ght/ppu/include -I/media/ps3dev/ps3dev/portlibs/ppu/include -mminimal-toc  -I/media/ps3dev/ps3dev/libpsl1ght/ppu/include -I/media/ps3dev/ps3dev/portlibs/ppu/include conftest.c >&5
configure:6108: $? = 0
configure:6112: /media/ps3dev/ps3dev/ppu/bin/powerpc64-ps3-elf-nm -B conftest.o \| sed -n -e 's/^.*[	 ]\([ABCDGIRSTW][ABCDGIRSTW]*\)[	 ][	 ]*\([_A-Za-z][_A-Za-z0-9]*\)$/\1 \2 \2/p' \> conftest.nm
configure:6115: $? = 0
configure:6169: powerpc64-ps3-elf-gcc -o conftest -g -O3 -O2 -Wall -mcpu=cell -I/media/ps3dev/ps3dev/libpsl1ght/ppu/include -I/media/ps3dev/ps3dev/portlibs/ppu/include -mminimal-toc  -I/media/ps3dev/ps3dev/libpsl1ght/ppu/include -I/media/ps3dev/ps3dev/portlibs/ppu/include -L/media/ps3dev/ps3dev/libpsl1ght/ppu/lib -L/media/ps3dev/ps3dev/portlibs/ppu/lib conftest.c conftstm.o >&5
configure:6172: $? = 0
configure:6210: result: ok
configure:7019: checking how to run the C preprocessor
configure:7050: powerpc64-ps3-elf-gcc -E -I/media/ps3dev/ps3dev/libpsl1ght/ppu/include -I/media/ps3dev/ps3dev/portlibs/ppu/include conftest.c
configure:7050: $? = 0
configure:7064: powerpc64-ps3-elf-gcc -E -I/media/ps3dev/ps3dev/libpsl1ght/ppu/include -I/media/ps3dev/ps3dev/portlibs/ppu/include conftest.c
conftest.c:11:28: fatal error: ac_nonexistent.h: No such file or directory
compilation terminated.
configure:7064: $? = 1
configure: failed program was:
| /* confdefs.h */
| #define PACKAGE_NAME "edje"
| #define PACKAGE_TARNAME "edje"
| #define PACKAGE_VERSION "1.1.99.esportato"
| #define PACKAGE_STRING "edje 1.1.99.esportato"
| #define PACKAGE_BUGREPORT "enlightenment-devel@lists.sourceforge.net"
| #define PACKAGE_URL ""
| #define PACKAGE "edje"
| #define VERSION "1.1.99.esportato"
| /* end confdefs.h.  */
| #include <ac_nonexistent.h>
configure:7089: result: powerpc64-ps3-elf-gcc -E
configure:7109: powerpc64-ps3-elf-gcc -E -I/media/ps3dev/ps3dev/libpsl1ght/ppu/include -I/media/ps3dev/ps3dev/portlibs/ppu/include conftest.c
configure:7109: $? = 0
configure:7123: powerpc64-ps3-elf-gcc -E -I/media/ps3dev/ps3dev/libpsl1ght/ppu/include -I/media/ps3dev/ps3dev/portlibs/ppu/include conftest.c
conftest.c:11:28: fatal error: ac_nonexistent.h: No such file or directory
compilation terminated.
configure:7123: $? = 1
configure: failed program was:
| /* confdefs.h */
| #define PACKAGE_NAME "edje"
| #define PACKAGE_TARNAME "edje"
| #define PACKAGE_VERSION "1.1.99.esportato"
| #define PACKAGE_STRING "edje 1.1.99.esportato"
| #define PACKAGE_BUGREPORT "enlightenment-devel@lists.sourceforge.net"
| #define PACKAGE_URL ""
| #define PACKAGE "edje"
| #define VERSION "1.1.99.esportato"
| /* end confdefs.h.  */
| #include <ac_nonexistent.h>
configure:7152: checking for ANSI C header files
configure:7172: powerpc64-ps3-elf-gcc -c -g -O3 -O2 -Wall -mcpu=cell -I/media/ps3dev/ps3dev/libpsl1ght/ppu/include -I/media/ps3dev/ps3dev/portlibs/ppu/include -mminimal-toc  -I/media/ps3dev/ps3dev/libpsl1ght/ppu/include -I/media/ps3dev/ps3dev/portlibs/ppu/include conftest.c >&5
configure:7172: $? = 0
configure:7256: result: yes
configure:7269: checking for sys/types.h
configure:7269: powerpc64-ps3-elf-gcc -c -g -O3 -O2 -Wall -mcpu=cell -I/media/ps3dev/ps3dev/libpsl1ght/ppu/include -I/media/ps3dev/ps3dev/portlibs/ppu/include -mminimal-toc  -I/media/ps3dev/ps3dev/libpsl1ght/ppu/include -I/media/ps3dev/ps3dev/portlibs/ppu/include conftest.c >&5
configure:7269: $? = 0
configure:7269: result: yes
configure:7269: checking for sys/stat.h
configure:7269: powerpc64-ps3-elf-gcc -c -g -O3 -O2 -Wall -mcpu=cell -I/media/ps3dev/ps3dev/libpsl1ght/ppu/include -I/media/ps3dev/ps3dev/portlibs/ppu/include -mminimal-toc  -I/media/ps3dev/ps3dev/libpsl1ght/ppu/include -I/media/ps3dev/ps3dev/portlibs/ppu/include conftest.c >&5
configure:7269: $? = 0
configure:7269: result: yes
configure:7269: checking for stdlib.h
configure:7269: powerpc64-ps3-elf-gcc -c -g -O3 -O2 -Wall -mcpu=cell -I/media/ps3dev/ps3dev/libpsl1ght/ppu/include -I/media/ps3dev/ps3dev/portlibs/ppu/include -mminimal-toc  -I/media/ps3dev/ps3dev/libpsl1ght/ppu/include -I/media/ps3dev/ps3dev/portlibs/ppu/include conftest.c >&5
configure:7269: $? = 0
configure:7269: result: yes
configure:7269: checking for string.h
configure:7269: powerpc64-ps3-elf-gcc -c -g -O3 -O2 -Wall -mcpu=cell -I/media/ps3dev/ps3dev/libpsl1ght/ppu/include -I/media/ps3dev/ps3dev/portlibs/ppu/include -mminimal-toc  -I/media/ps3dev/ps3dev/libpsl1ght/ppu/include -I/media/ps3dev/ps3dev/portlibs/ppu/include conftest.c >&5
configure:7269: $? = 0
configure:7269: result: yes
configure:7269: checking for memory.h
configure:7269: powerpc64-ps3-elf-gcc -c -g -O3 -O2 -Wall -mcpu=cell -I/media/ps3dev/ps3dev/libpsl1ght/ppu/include -I/media/ps3dev/ps3dev/portlibs/ppu/include -mminimal-toc  -I/media/ps3dev/ps3dev/libpsl1ght/ppu/include -I/media/ps3dev/ps3dev/portlibs/ppu/include conftest.c >&5
conftest.c:50:20: fatal error: memory.h: No such file or directory
compilation terminated.
configure:7269: $? = 1
configure: failed program was:
| /* confdefs.h */
| #define PACKAGE_NAME "edje"
| #define PACKAGE_TARNAME "edje"
| #define PACKAGE_VERSION "1.1.99.esportato"
| #define PACKAGE_STRING "edje 1.1.99.esportato"
| #define PACKAGE_BUGREPORT "enlightenment-devel@lists.sourceforge.net"
| #define PACKAGE_URL ""
| #define PACKAGE "edje"
| #define VERSION "1.1.99.esportato"
| #define STDC_HEADERS 1
| #define HAVE_SYS_TYPES_H 1
| #define HAVE_SYS_STAT_H 1
| #define HAVE_STDLIB_H 1
| #define HAVE_STRING_H 1
| /* end confdefs.h.  */
| #include <stdio.h>
| #ifdef HAVE_SYS_TYPES_H
| # include <sys/types.h>
| #endif
| #ifdef HAVE_SYS_STAT_H
| # include <sys/stat.h>
| #endif
| #ifdef STDC_HEADERS
| # include <stdlib.h>
| # include <stddef.h>
| #else
| # ifdef HAVE_STDLIB_H
| #  include <stdlib.h>
| # endif
| #endif
| #ifdef HAVE_STRING_H
| # if !defined STDC_HEADERS && defined HAVE_MEMORY_H
| #  include <memory.h>
| # endif
| # include <string.h>
| #endif
| #ifdef HAVE_STRINGS_H
| # include <strings.h>
| #endif
| #ifdef HAVE_INTTYPES_H
| # include <inttypes.h>
| #endif
| #ifdef HAVE_STDINT_H
| # include <stdint.h>
| #endif
| #ifdef HAVE_UNISTD_H
| # include <unistd.h>
| #endif
| 
| #include <memory.h>
configure:7269: result: no
configure:7269: checking for strings.h
configure:7269: powerpc64-ps3-elf-gcc -c -g -O3 -O2 -Wall -mcpu=cell -I/media/ps3dev/ps3dev/libpsl1ght/ppu/include -I/media/ps3dev/ps3dev/portlibs/ppu/include -mminimal-toc  -I/media/ps3dev/ps3dev/libpsl1ght/ppu/include -I/media/ps3dev/ps3dev/portlibs/ppu/include conftest.c >&5
configure:7269: $? = 0
configure:7269: result: yes
configure:7269: checking for inttypes.h
configure:7269: powerpc64-ps3-elf-gcc -c -g -O3 -O2 -Wall -mcpu=cell -I/media/ps3dev/ps3dev/libpsl1ght/ppu/include -I/media/ps3dev/ps3dev/portlibs/ppu/include -mminimal-toc  -I/media/ps3dev/ps3dev/libpsl1ght/ppu/include -I/media/ps3dev/ps3dev/portlibs/ppu/include conftest.c >&5
configure:7269: $? = 0
configure:7269: result: yes
configure:7269: checking for stdint.h
configure:7269: powerpc64-ps3-elf-gcc -c -g -O3 -O2 -Wall -mcpu=cell -I/media/ps3dev/ps3dev/libpsl1ght/ppu/include -I/media/ps3dev/ps3dev/portlibs/ppu/include -mminimal-toc  -I/media/ps3dev/ps3dev/libpsl1ght/ppu/include -I/media/ps3dev/ps3dev/portlibs/ppu/include conftest.c >&5
configure:7269: $? = 0
configure:7269: result: yes
configure:7269: checking for unistd.h
configure:7269: powerpc64-ps3-elf-gcc -c -g -O3 -O2 -Wall -mcpu=cell -I/media/ps3dev/ps3dev/libpsl1ght/ppu/include -I/media/ps3dev/ps3dev/portlibs/ppu/include -mminimal-toc  -I/media/ps3dev/ps3dev/libpsl1ght/ppu/include -I/media/ps3dev/ps3dev/portlibs/ppu/include conftest.c >&5
configure:7269: $? = 0
configure:7269: result: yes
configure:7283: checking for dlfcn.h
configure:7283: powerpc64-ps3-elf-gcc -c -g -O3 -O2 -Wall -mcpu=cell -I/media/ps3dev/ps3dev/libpsl1ght/ppu/include -I/media/ps3dev/ps3dev/portlibs/ppu/include -mminimal-toc  -I/media/ps3dev/ps3dev/libpsl1ght/ppu/include -I/media/ps3dev/ps3dev/portlibs/ppu/include conftest.c >&5
conftest.c:54:19: fatal error: dlfcn.h: No such file or directory
compilation terminated.
configure:7283: $? = 1
configure: failed program was:
| /* confdefs.h */
| #define PACKAGE_NAME "edje"
| #define PACKAGE_TARNAME "edje"
| #define PACKAGE_VERSION "1.1.99.esportato"
| #define PACKAGE_STRING "edje 1.1.99.esportato"
| #define PACKAGE_BUGREPORT "enlightenment-devel@lists.sourceforge.net"
| #define PACKAGE_URL ""
| #define PACKAGE "edje"
| #define VERSION "1.1.99.esportato"
| #define STDC_HEADERS 1
| #define HAVE_SYS_TYPES_H 1
| #define HAVE_SYS_STAT_H 1
| #define HAVE_STDLIB_H 1
| #define HAVE_STRING_H 1
| #define HAVE_STRINGS_H 1
| #define HAVE_INTTYPES_H 1
| #define HAVE_STDINT_H 1
| #define HAVE_UNISTD_H 1
| /* end confdefs.h.  */
| #include <stdio.h>
| #ifdef HAVE_SYS_TYPES_H
| # include <sys/types.h>
| #endif
| #ifdef HAVE_SYS_STAT_H
| # include <sys/stat.h>
| #endif
| #ifdef STDC_HEADERS
| # include <stdlib.h>
| # include <stddef.h>
| #else
| # ifdef HAVE_STDLIB_H
| #  include <stdlib.h>
| # endif
| #endif
| #ifdef HAVE_STRING_H
| # if !defined STDC_HEADERS && defined HAVE_MEMORY_H
| #  include <memory.h>
| # endif
| # include <string.h>
| #endif
| #ifdef HAVE_STRINGS_H
| # include <strings.h>
| #endif
| #ifdef HAVE_INTTYPES_H
| # include <inttypes.h>
| #endif
| #ifdef HAVE_STDINT_H
| # include <stdint.h>
| #endif
| #ifdef HAVE_UNISTD_H
| # include <unistd.h>
| #endif
| 
| #include <dlfcn.h>
configure:7283: result: no
configure:7465: checking for objdir
configure:7480: result: .libs
configure:7776: checking if powerpc64-ps3-elf-gcc supports -fno-rtti -fno-exceptions
configure:7794: powerpc64-ps3-elf-gcc -c -g -O3 -O2 -Wall -mcpu=cell -I/media/ps3dev/ps3dev/libpsl1ght/ppu/include -I/media/ps3dev/ps3dev/portlibs/ppu/include -mminimal-toc  -I/media/ps3dev/ps3dev/libpsl1ght/ppu/include -I/media/ps3dev/ps3dev/portlibs/ppu/include -fno-rtti -fno-exceptions conftest.c >&5
cc1: warning: command line option "-fno-rtti" is valid for C++/ObjC++ but not for C
configure:7798: $? = 0
configure:7811: result: no
configure:7831: checking for powerpc64-ps3-elf-gcc option to produce PIC
configure:8103: result: -fPIC -DPIC
configure:8115: checking if powerpc64-ps3-elf-gcc PIC flag -fPIC -DPIC works
configure:8133: powerpc64-ps3-elf-gcc -c -g -O3 -O2 -Wall -mcpu=cell -I/media/ps3dev/ps3dev/libpsl1ght/ppu/include -I/media/ps3dev/ps3dev/portlibs/ppu/include -mminimal-toc  -I/media/ps3dev/ps3dev/libpsl1ght/ppu/include -I/media/ps3dev/ps3dev/portlibs/ppu/include -fPIC -DPIC -DPIC conftest.c >&5
configure:8137: $? = 0
configure:8150: result: yes
configure:8174: checking if powerpc64-ps3-elf-gcc static flag -static works
configure:8202: result: yes
configure:8217: checking if powerpc64-ps3-elf-gcc supports -c -o file.o
configure:8238: powerpc64-ps3-elf-gcc -c -g -O3 -O2 -Wall -mcpu=cell -I/media/ps3dev/ps3dev/libpsl1ght/ppu/include -I/media/ps3dev/ps3dev/portlibs/ppu/include -mminimal-toc  -I/media/ps3dev/ps3dev/libpsl1ght/ppu/include -I/media/ps3dev/ps3dev/portlibs/ppu/include -o out/conftest2.o conftest.c >&5
configure:8242: $? = 0
configure:8264: result: yes
configure:8272: checking if powerpc64-ps3-elf-gcc supports -c -o file.o
configure:8319: result: yes
configure:8352: checking whether the powerpc64-ps3-elf-gcc linker (/media/ps3dev/ps3dev/ppu/powerpc64-ps3-elf/bin/ld) supports shared libraries
configure:9343: result: yes
configure:9380: checking whether -lc should be explicitly linked in
configure:9385: powerpc64-ps3-elf-gcc -c -g -O3 -O2 -Wall -mcpu=cell -I/media/ps3dev/ps3dev/libpsl1ght/ppu/include -I/media/ps3dev/ps3dev/portlibs/ppu/include -mminimal-toc  -I/media/ps3dev/ps3dev/libpsl1ght/ppu/include -I/media/ps3dev/ps3dev/portlibs/ppu/include conftest.c >&5
configure:9388: $? = 0
configure:9403: powerpc64-ps3-elf-gcc -shared conftest.o  -v -Wl,-soname -Wl,conftest -o conftest 2\>\&1 \| /bin/grep  -lc  \>/dev/null 2\>\&1
configure:9406: $? = 0
configure:9418: result: no
configure:9582: checking dynamic linker characteristics
configure:10245: result: no
configure:10347: checking how to hardcode library paths into programs
configure:10372: result: immediate
configure:10892: checking whether stripping libraries is possible
configure:10897: result: yes
configure:10932: checking if libtool supports shared libraries
configure:10934: result: no
configure:10937: checking whether to build shared libraries
configure:10958: result: no
configure:10961: checking whether to build static libraries
configure:10965: result: yes
configure:11109: checking whether to build edje_cc binary
configure:11111: result: yes
configure:11152: checking whether to build edje_decc binary
configure:11154: result: no
configure:11195: checking whether to build edje_recc binary
configure:11197: result: no
configure:11238: checking whether to build edje_player binary
configure:11240: result: no
configure:11281: checking whether to build edje_inspector binary
configure:11283: result: no
configure:11324: checking whether to build edje_external_inspector binary
configure:11326: result: no
configure:11449: checking for location of Vim data files
configure:11453: result: /usr/share/vim
configure:11471: checking for powerpc64-ps3-elf-gcc
configure:11498: result: powerpc64-ps3-elf-gcc
configure:11767: checking for C compiler version
configure:11776: powerpc64-ps3-elf-gcc --version >&5
powerpc64-ps3-elf-gcc (GCC) 4.5.2
Copyright (C) 2010 Free Software Foundation, Inc.
This is free software; see the source for copying conditions.  There is NO
warranty; not even for MERCHANTABILITY or FITNESS FOR A PARTICULAR PURPOSE.

configure:11787: $? = 0
configure:11776: powerpc64-ps3-elf-gcc -v >&5
Using built-in specs.
COLLECT_GCC=powerpc64-ps3-elf-gcc
COLLECT_LTO_WRAPPER=/media/ps3dev/ps3dev/ppu/bin/../libexec/gcc/powerpc64-ps3-elf/4.5.2/lto-wrapper
Target: powerpc64-ps3-elf
Configured with: ../configure --prefix=/media/20GB/usr/local/ps3dev/ppu --target=powerpc64-ps3-elf --disable-dependency-tracking --disable-libstdcxx-pch --disable-multilib --disable-nls --disable-shared --disable-win32-registry --enable-languages=c,c++,objc,obj-c++ --enable-long-double-128 --enable-lto --enable-threads --with-cpu=cell --with-newlib : (reconfigured) ../configure --prefix=/media/20GB/usr/local/ps3dev/ppu --target=powerpc64-ps3-elf --disable-dependency-tracking --disable-libstdcxx-pch --disable-multilib --disable-nls --disable-shared --disable-win32-registry --enable-languages=c,c++,objc,obj-c++ --enable-long-double-128 --enable-lto --enable-threads --with-cpu=cell --with-newlib
Thread model: single
gcc version 4.5.2 (GCC) 
configure:11787: $? = 0
configure:11776: powerpc64-ps3-elf-gcc -V >&5
powerpc64-ps3-elf-gcc: '-V' option must have argument
configure:11787: $? = 1
configure:11776: powerpc64-ps3-elf-gcc -qversion >&5
powerpc64-ps3-elf-gcc: unrecognized option '-qversion'
powerpc64-ps3-elf-gcc: no input files
configure:11787: $? = 1
configure:11791: checking whether we are using the GNU C compiler
configure:11819: result: yes
configure:11828: checking whether powerpc64-ps3-elf-gcc accepts -g
configure:11889: result: yes
configure:11906: checking for powerpc64-ps3-elf-gcc option to accept ISO C89
configure:11983: result: none needed
configure:12005: checking dependency style of powerpc64-ps3-elf-gcc
configure:12115: result: gcc3
configure:12149: checking whether to build documentation
configure:12151: result: yes
configure:12215: checking for doxygen
configure:12243: result: no
configure:12260: WARNING: no doxygen detected. Documentation will not be built
configure:12324: checking for a Python interpreter with version >= 2.5
configure:12341: python -c import sys # split strings by '.' and convert to numeric. Append some zeros # because we need at least 4 digits for the hex conversion. # map returns an iterator in Python 3.0 and a list in 2.x minver = list(map(int, '2.5'.split('.'))) + [0, 0, 0] minverhex = 0 # xrange is not present in Python 3.0 and range returns an iterator for i in list(range(0, 4)): minverhex = (minverhex << 8) + minver[i] sys.exit(sys.hexversion < minverhex)
configure:12344: $? = 0
configure:12350: result: python
configure:12358: checking for python
configure:12376: found /usr/bin/python
configure:12388: result: /usr/bin/python
configure:12406: checking for python version
configure:12413: result: 2.6
configure:12425: checking for python platform
configure:12432: result: linux2
configure:12439: checking for python script directory
configure:12468: result: ${prefix}/lib/python2.6/site-packages
configure:12477: checking for python extension module directory
configure:12506: result: ${exec_prefix}/lib/python2.6/site-packages
configure:12638: checking pkg-config is at least version 0.9.0
configure:12641: result: yes
configure:12773: checking for LUA
configure:12780: $PKG_CONFIG --exists --print-errors "lua >= 5.1.0"
configure:12783: $? = 0
configure:12796: $PKG_CONFIG --exists --print-errors "lua >= 5.1.0"
configure:12799: $? = 0
configure:13788: result: yes
configure:13852: checking for MINIMAL
configure:13862: $PKG_CONFIG --exists --print-errors "
    eina >= 1.1.0
    eet >= 1.5.0
   "
configure:13868: $? = 0
configure:13887: $PKG_CONFIG --exists --print-errors "
    eina >= 1.1.0
    eet >= 1.5.0
   "
configure:13893: $? = 0
configure:13962: result: yes
configure:13969: checking for EDJE
configure:13984: $PKG_CONFIG --exists --print-errors "
    eina >= 1.1.0
    eet >= 1.5.0
    evas >= 1.1.0
    ecore >= 1.1.0
    ecore-evas >= 1.1.0
    ecore-file >= 1.1.0
    embryo >= 1.1.0
   "
configure:13995: $? = 0
configure:14024: $PKG_CONFIG --exists --print-errors "
    eina >= 1.1.0
    eet >= 1.5.0
    evas >= 1.1.0
    ecore >= 1.1.0
    ecore-evas >= 1.1.0
    ecore-file >= 1.1.0
    embryo >= 1.1.0
   "
configure:14035: $? = 0
configure:14124: result: yes
configure:14138: checking for ECORE_IMF
configure:14148: $PKG_CONFIG --exists --print-errors "
    ecore-imf >= 1.1.0
    ecore-imf-evas >= 1.1.0
   "
configure:14154: $? = 0
configure:14173: $PKG_CONFIG --exists --print-errors "
    ecore-imf >= 1.1.0
    ecore-imf-evas >= 1.1.0
   "
configure:14179: $? = 0
configure:14225: result: yes
configure:14266: checking for SNDFILE
configure:14273: $PKG_CONFIG --exists --print-errors "sndfile >= 1.0.21"
Package sndfile was not found in the pkg-config search path.
Perhaps you should add the directory containing `sndfile.pc'
to the PKG_CONFIG_PATH environment variable
No package 'sndfile' found
configure:14276: $? = 1
configure:14289: $PKG_CONFIG --exists --print-errors "sndfile >= 1.0.21"
Package sndfile was not found in the pkg-config search path.
Perhaps you should add the directory containing `sndfile.pc'
to the PKG_CONFIG_PATH environment variable
No package 'sndfile' found
configure:14292: $? = 1
configure:14305: result: no
No package 'sndfile' found
configure:14832: checking for EDJE_CC
configure:14839: $PKG_CONFIG --exists --print-errors "ecore-file >= 1.1.0 ecore-evas >= 1.1.0 ecore >= 1.1.0 evas >= 1.1.0 eet >= 1.5.0 eina >= 1.1.0"
configure:14842: $? = 0
configure:14855: $PKG_CONFIG --exists --print-errors "ecore-file >= 1.1.0 ecore-evas >= 1.1.0 ecore >= 1.1.0 evas >= 1.1.0 eet >= 1.5.0 eina >= 1.1.0"
configure:14858: $? = 0
configure:14915: result: yes
configure:15304: checking locale.h usability
configure:15304: powerpc64-ps3-elf-gcc -c -g -O3 -O2 -Wall -mcpu=cell -I/media/ps3dev/ps3dev/libpsl1ght/ppu/include -I/media/ps3dev/ps3dev/portlibs/ppu/include -mminimal-toc  -I/media/ps3dev/ps3dev/libpsl1ght/ppu/include -I/media/ps3dev/ps3dev/portlibs/ppu/include conftest.c >&5
configure:15304: $? = 0
configure:15304: result: yes
configure:15304: checking locale.h presence
configure:15304: powerpc64-ps3-elf-gcc -E -I/media/ps3dev/ps3dev/libpsl1ght/ppu/include -I/media/ps3dev/ps3dev/portlibs/ppu/include conftest.c
configure:15304: $? = 0
configure:15304: result: yes
configure:15304: checking for locale.h
configure:15304: result: yes
configure:15304: checking sys/resource.h usability
configure:15304: powerpc64-ps3-elf-gcc -c -g -O3 -O2 -Wall -mcpu=cell -I/media/ps3dev/ps3dev/libpsl1ght/ppu/include -I/media/ps3dev/ps3dev/portlibs/ppu/include -mminimal-toc  -I/media/ps3dev/ps3dev/libpsl1ght/ppu/include -I/media/ps3dev/ps3dev/portlibs/ppu/include conftest.c >&5
configure:15304: $? = 0
configure:15304: result: yes
configure:15304: checking sys/resource.h presence
configure:15304: powerpc64-ps3-elf-gcc -E -I/media/ps3dev/ps3dev/libpsl1ght/ppu/include -I/media/ps3dev/ps3dev/portlibs/ppu/include conftest.c
configure:15304: $? = 0
configure:15304: result: yes
configure:15304: checking for sys/resource.h
configure:15304: result: yes
configure:15325: checking for PATH_MAX in limits.h
configure:15342: powerpc64-ps3-elf-gcc -c -g -O3 -O2 -Wall -mcpu=cell -I/media/ps3dev/ps3dev/libpsl1ght/ppu/include -I/media/ps3dev/ps3dev/portlibs/ppu/include -mminimal-toc  -I/media/ps3dev/ps3dev/libpsl1ght/ppu/include -I/media/ps3dev/ps3dev/portlibs/ppu/include conftest.c >&5
conftest.c: In function 'main':
conftest.c:38:9: error: 'PATH_MAX' undeclared (first use in this function)
conftest.c:38:9: note: each undeclared identifier is reported only once for each function it appears in
conftest.c:38:5: warning: unused variable 'i'
configure:15342: $? = 1
configure: failed program was:
| /* confdefs.h */
| #define PACKAGE_NAME "edje"
| #define PACKAGE_TARNAME "edje"
| #define PACKAGE_VERSION "1.1.99.esportato"
| #define PACKAGE_STRING "edje 1.1.99.esportato"
| #define PACKAGE_BUGREPORT "enlightenment-devel@lists.sourceforge.net"
| #define PACKAGE_URL ""
| #define PACKAGE "edje"
| #define VERSION "1.1.99.esportato"
| #define STDC_HEADERS 1
| #define HAVE_SYS_TYPES_H 1
| #define HAVE_SYS_STAT_H 1
| #define HAVE_STDLIB_H 1
| #define HAVE_STRING_H 1
| #define HAVE_STRINGS_H 1
| #define HAVE_INTTYPES_H 1
| #define HAVE_STDINT_H 1
| #define HAVE_UNISTD_H 1
| #define LT_OBJDIR ".libs/"
| #define VMAJ 1
| #define VMIN 1
| #define VMIC 99
| #define VREV esportato
| #define SHARED_LIB_SUFFIX ".so"
| #define MODULE_ARCH "elf-powerpc64-1.0.0"
| #define EDJE_CALC_CACHE 1
| #define HAVE_ECORE_IMF 1
| #define HAVE_LOCALE_H 1
| #define HAVE_SYS_RESOURCE_H 1
| /* end confdefs.h.  */
| 
| #include <limits.h>
| 
| int
| main ()
| {
| 
| int i = PATH_MAX;
| 
|   ;
|   return 0;
| }
configure:15352: result: no: using 4096
configure:15376: checking whether powerpc64-ps3-elf-gcc and cc understand -c and -o together
configure:15407: powerpc64-ps3-elf-gcc -c conftest.c -o conftest2.o >&5
configure:15411: $? = 0
configure:15417: powerpc64-ps3-elf-gcc -c conftest.c -o conftest2.o >&5
configure:15421: $? = 0
configure:15432: cc -c conftest.c >&5
configure:15436: $? = 0
configure:15444: cc -c conftest.c -o conftest2.o >&5
configure:15448: $? = 0
configure:15454: cc -c conftest.c -o conftest2.o >&5
configure:15458: $? = 0
configure:15476: result: yes
configure:15501: checking for an ANSI C-conforming const
configure:15566: powerpc64-ps3-elf-gcc -c -g -O3 -O2 -Wall -mcpu=cell -I/media/ps3dev/ps3dev/libpsl1ght/ppu/include -I/media/ps3dev/ps3dev/portlibs/ppu/include -mminimal-toc  -I/media/ps3dev/ps3dev/libpsl1ght/ppu/include -I/media/ps3dev/ps3dev/portlibs/ppu/include conftest.c >&5
conftest.c: In function 'main':
conftest.c:61:10: warning: 't' is used uninitialized in this function
conftest.c:77:23: warning: 'b' is used uninitialized in this function
configure:15566: $? = 0
configure:15573: result: yes
configure:15585: checking for powerpc64-ps3-elf-gcc option to accept ISO C99
configure:15734: powerpc64-ps3-elf-gcc  -c -g -O3 -O2 -Wall -mcpu=cell -I/media/ps3dev/ps3dev/libpsl1ght/ppu/include -I/media/ps3dev/ps3dev/portlibs/ppu/include -mminimal-toc  -I/media/ps3dev/ps3dev/libpsl1ght/ppu/include -I/media/ps3dev/ps3dev/portlibs/ppu/include conftest.c >&5
conftest.c:82:29: error: expected ';', ',' or ')' before 'text'
conftest.c: In function 'main':
conftest.c:134:3: warning: implicit declaration of function 'test_restrict'
conftest.c:136:18: error: expected '=', ',', ';', 'asm' or '__attribute__' before 'newvar'
conftest.c:136:18: error: 'newvar' undeclared (first use in this function)
conftest.c:136:18: note: each undeclared identifier is reported only once for each function it appears in
conftest.c:146:3: error: 'for' loop initial declarations are only allowed in C99 mode
conftest.c:146:3: note: use option -std=c99 or -std=gnu99 to compile your code
configure:15734: $? = 1
configure: failed program was:
| /* confdefs.h */
| #define PACKAGE_NAME "edje"
| #define PACKAGE_TARNAME "edje"
| #define PACKAGE_VERSION "1.1.99.esportato"
| #define PACKAGE_STRING "edje 1.1.99.esportato"
| #define PACKAGE_BUGREPORT "enlightenment-devel@lists.sourceforge.net"
| #define PACKAGE_URL ""
| #define PACKAGE "edje"
| #define VERSION "1.1.99.esportato"
| #define STDC_HEADERS 1
| #define HAVE_SYS_TYPES_H 1
| #define HAVE_SYS_STAT_H 1
| #define HAVE_STDLIB_H 1
| #define HAVE_STRING_H 1
| #define HAVE_STRINGS_H 1
| #define HAVE_INTTYPES_H 1
| #define HAVE_STDINT_H 1
| #define HAVE_UNISTD_H 1
| #define LT_OBJDIR ".libs/"
| #define VMAJ 1
| #define VMIN 1
| #define VMIC 99
| #define VREV esportato
| #define SHARED_LIB_SUFFIX ".so"
| #define MODULE_ARCH "elf-powerpc64-1.0.0"
| #define EDJE_CALC_CACHE 1
| #define HAVE_ECORE_IMF 1
| #define HAVE_LOCALE_H 1
| #define HAVE_SYS_RESOURCE_H 1
| #define PATH_MAX 4096
| /* end confdefs.h.  */
| #include <stdarg.h>
| #include <stdbool.h>
| #include <stdlib.h>
| #include <wchar.h>
| #include <stdio.h>
| 
| // Check varargs macros.  These examples are taken from C99 6.10.3.5.
| #define debug(...) fprintf (stderr, __VA_ARGS__)
| #define showlist(...) puts (#__VA_ARGS__)
| #define report(test,...) ((test) ? puts (#test) : printf (__VA_ARGS__))
| static void
| test_varargs_macros (void)
| {
|   int x = 1234;
|   int y = 5678;
|   debug ("Flag");
|   debug ("X = %d\n", x);
|   showlist (The first, second, and third items.);
|   report (x>y, "x is %d but y is %d", x, y);
| }
| 
| // Check long long types.
| #define BIG64 18446744073709551615ull
| #define BIG32 4294967295ul
| #define BIG_OK (BIG64 / BIG32 == 4294967297ull && BIG64 % BIG32 == 0)
| #if !BIG_OK
|   your preprocessor is broken;
| #endif
| #if BIG_OK
| #else
|   your preprocessor is broken;
| #endif
| static long long int bignum = -9223372036854775807LL;
| static unsigned long long int ubignum = BIG64;
| 
| struct incomplete_array
| {
|   int datasize;
|   double data[];
| };
| 
| struct named_init {
|   int number;
|   const wchar_t *name;
|   double average;
| };
| 
| typedef const char *ccp;
| 
| static inline int
| test_restrict (ccp restrict text)
| {
|   // See if C++-style comments work.
|   // Iterate through items via the restricted pointer.
|   // Also check for declarations in for loops.
|   for (unsigned int i = 0; *(text+i) != '\0'; ++i)
|     continue;
|   return 0;
| }
| 
| // Check varargs and va_copy.
| static void
| test_varargs (const char *format, ...)
| {
|   va_list args;
|   va_start (args, format);
|   va_list args_copy;
|   va_copy (args_copy, args);
| 
|   const char *str;
|   int number;
|   float fnumber;
| 
|   while (*format)
|     {
|       switch (*format++)
| 	{
| 	case 's': // string
| 	  str = va_arg (args_copy, const char *);
| 	  break;
| 	case 'd': // int
| 	  number = va_arg (args_copy, int);
| 	  break;
| 	case 'f': // float
| 	  fnumber = va_arg (args_copy, double);
| 	  break;
| 	default:
| 	  break;
| 	}
|     }
|   va_end (args_copy);
|   va_end (args);
| }
| 
| int
| main ()
| {
| 
|   // Check bool.
|   _Bool success = false;
| 
|   // Check restrict.
|   if (test_restrict ("String literal") == 0)
|     success = true;
|   char *restrict newvar = "Another string";
| 
|   // Check varargs.
|   test_varargs ("s, d' f .", "string", 65, 34.234);
|   test_varargs_macros ();
| 
|   // Check flexible array members.
|   struct incomplete_array *ia =
|     malloc (sizeof (struct incomplete_array) + (sizeof (double) * 10));
|   ia->datasize = 10;
|   for (int i = 0; i < ia->datasize; ++i)
|     ia->data[i] = i * 1.234;
| 
|   // Check named initializers.
|   struct named_init ni = {
|     .number = 34,
|     .name = L"Test wide string",
|     .average = 543.34343,
|   };
| 
|   ni.number = 58;
| 
|   int dynamic_array[ni.number];
|   dynamic_array[ni.number - 1] = 543;
| 
|   // work around unused variable warnings
|   return (!success || bignum == 0LL || ubignum == 0uLL || newvar[0] == 'x'
| 	  || dynamic_array[ni.number - 1] != 543);
| 
|   ;
|   return 0;
| }
configure:15734: powerpc64-ps3-elf-gcc -std=gnu99 -c -g -O3 -O2 -Wall -mcpu=cell -I/media/ps3dev/ps3dev/libpsl1ght/ppu/include -I/media/ps3dev/ps3dev/portlibs/ppu/include -mminimal-toc  -I/media/ps3dev/ps3dev/libpsl1ght/ppu/include -I/media/ps3dev/ps3dev/portlibs/ppu/include conftest.c >&5
configure:15734: $? = 0
configure:15754: result: -std=gnu99
configure:15856: checking for powerpc64-ps3-elf-gcc -std=gnu99 option to accept ISO Standard C
configure:15870: result: -std=gnu99
configure:15874: checking for ANSI C header files
configure:15978: result: yes
configure:15988: checking for __attribute__
configure:16013: powerpc64-ps3-elf-gcc -std=gnu99 -c -g -O3 -O2 -Wall -mcpu=cell -I/media/ps3dev/ps3dev/libpsl1ght/ppu/include -I/media/ps3dev/ps3dev/portlibs/ppu/include -mminimal-toc  -I/media/ps3dev/ps3dev/libpsl1ght/ppu/include -I/media/ps3dev/ps3dev/portlibs/ppu/include conftest.c >&5
configure:16013: $? = 0
configure:16023: result: yes
configure:16064: checking for library containing strerror
configure:16095: powerpc64-ps3-elf-gcc -std=gnu99 -o conftest -g -O3 -O2 -Wall -mcpu=cell -I/media/ps3dev/ps3dev/libpsl1ght/ppu/include -I/media/ps3dev/ps3dev/portlibs/ppu/include -mminimal-toc  -I/media/ps3dev/ps3dev/libpsl1ght/ppu/include -I/media/ps3dev/ps3dev/portlibs/ppu/include -L/media/ps3dev/ps3dev/libpsl1ght/ppu/lib -L/media/ps3dev/ps3dev/portlibs/ppu/lib conftest.c  >&5
configure:16095: $? = 0
configure:16112: result: none required
configure:16123: checking for working alloca.h
configure:16140: powerpc64-ps3-elf-gcc -std=gnu99 -o conftest -g -O3 -O2 -Wall -mcpu=cell -I/media/ps3dev/ps3dev/libpsl1ght/ppu/include -I/media/ps3dev/ps3dev/portlibs/ppu/include -mminimal-toc  -I/media/ps3dev/ps3dev/libpsl1ght/ppu/include -I/media/ps3dev/ps3dev/portlibs/ppu/include -L/media/ps3dev/ps3dev/libpsl1ght/ppu/lib -L/media/ps3dev/ps3dev/portlibs/ppu/lib conftest.c  >&5
configure:16140: $? = 0
configure:16148: result: yes
configure:16156: checking for alloca
configure:16193: powerpc64-ps3-elf-gcc -std=gnu99 -o conftest -g -O3 -O2 -Wall -mcpu=cell -I/media/ps3dev/ps3dev/libpsl1ght/ppu/include -I/media/ps3dev/ps3dev/portlibs/ppu/include -mminimal-toc  -I/media/ps3dev/ps3dev/libpsl1ght/ppu/include -I/media/ps3dev/ps3dev/portlibs/ppu/include -L/media/ps3dev/ps3dev/libpsl1ght/ppu/lib -L/media/ps3dev/ps3dev/portlibs/ppu/lib conftest.c  >&5
configure:16193: $? = 0
configure:16201: result: yes
configure:16320: checking for realpath
configure:16320: powerpc64-ps3-elf-gcc -std=gnu99 -o conftest -g -O3 -O2 -Wall -mcpu=cell -I/media/ps3dev/ps3dev/libpsl1ght/ppu/include -I/media/ps3dev/ps3dev/portlibs/ppu/include -mminimal-toc  -I/media/ps3dev/ps3dev/libpsl1ght/ppu/include -I/media/ps3dev/ps3dev/portlibs/ppu/include -L/media/ps3dev/ps3dev/libpsl1ght/ppu/lib -L/media/ps3dev/ps3dev/portlibs/ppu/lib conftest.c  >&5
/tmp/ccTV4Nu1.o: In function `main':
/home/wargio/efl/edje/conftest.c:71: undefined reference to `.realpath'
collect2: ld returned 1 exit status
configure:16320: $? = 1
configure: failed program was:
| /* confdefs.h */
| #define PACKAGE_NAME "edje"
| #define PACKAGE_TARNAME "edje"
| #define PACKAGE_VERSION "1.1.99.esportato"
| #define PACKAGE_STRING "edje 1.1.99.esportato"
| #define PACKAGE_BUGREPORT "enlightenment-devel@lists.sourceforge.net"
| #define PACKAGE_URL ""
| #define PACKAGE "edje"
| #define VERSION "1.1.99.esportato"
| #define STDC_HEADERS 1
| #define HAVE_SYS_TYPES_H 1
| #define HAVE_SYS_STAT_H 1
| #define HAVE_STDLIB_H 1
| #define HAVE_STRING_H 1
| #define HAVE_STRINGS_H 1
| #define HAVE_INTTYPES_H 1
| #define HAVE_STDINT_H 1
| #define HAVE_UNISTD_H 1
| #define LT_OBJDIR ".libs/"
| #define VMAJ 1
| #define VMIN 1
| #define VMIC 99
| #define VREV esportato
| #define SHARED_LIB_SUFFIX ".so"
| #define MODULE_ARCH "elf-powerpc64-1.0.0"
| #define EDJE_CALC_CACHE 1
| #define HAVE_ECORE_IMF 1
| #define HAVE_LOCALE_H 1
| #define HAVE_SYS_RESOURCE_H 1
| #define PATH_MAX 4096
| #define STDC_HEADERS 1
| #define HAVE___ATTRIBUTE__ 1
| #define __UNUSED__ __attribute__((unused))
| #define HAVE_ALLOCA_H 1
| #define HAVE_ALLOCA 1
| /* end confdefs.h.  */
| /* Define realpath to an innocuous variant, in case <limits.h> declares realpath.
|    For example, HP-UX 11i <limits.h> declares gettimeofday.  */
| #define realpath innocuous_realpath
| 
| /* System header to define __stub macros and hopefully few prototypes,
|     which can conflict with char realpath (); below.
|     Prefer <limits.h> to <assert.h> if __STDC__ is defined, since
|     <limits.h> exists even on freestanding compilers.  */
| 
| #ifdef __STDC__
| # include <limits.h>
| #else
| # include <assert.h>
| #endif
| 
| #undef realpath
| 
| /* Override any GCC internal prototype to avoid an error.
|    Use char because int might match the return type of a GCC
|    builtin and then its argument prototype would still apply.  */
| #ifdef __cplusplus
| extern "C"
| #endif
| char realpath ();
| /* The GNU C library defines this for functions which it implements
|     to always fail with ENOSYS.  Some functions are actually named
|     something starting with __ and the normal name is an alias.  */
| #if defined __stub_realpath || defined __stub___realpath
| choke me
| #endif
| 
| int
| main ()
| {
| return realpath ();
|   ;
|   return 0;
| }
configure:16320: result: no
configure:16351: checking whether tests are built
configure:16353: result: no
configure:16463: checking whether to use profiling instrumentation
configure:16465: result: no
configure:16789: creating ./config.status

## ---------------------- ##
## Running config.status. ##
## ---------------------- ##

This file was extended by edje config.status 1.1.99.esportato, which was
generated by GNU Autoconf 2.67.  Invocation command line was

  CONFIG_FILES    = 
  CONFIG_HEADERS  = 
  CONFIG_LINKS    = 
  CONFIG_COMMANDS = 
  $ ./config.status 

on Linux

config.status:1228: creating edje.pc
config.status:1228: creating edje.spec
config.status:1228: creating Makefile
config.status:1228: creating data/Makefile
config.status:1228: creating data/include/Makefile
config.status:1228: creating doc/Makefile
config.status:1228: creating doc/Doxyfile
config.status:1228: creating src/Makefile
config.status:1228: creating src/lib/Makefile
config.status:1228: creating src/bin/Makefile
config.status:1228: creating src/bin/epp/Makefile
config.status:1228: creating src/modules/Makefile
config.status:1228: creating src/modules/alsa_snd_player/Makefile
config.status:1228: creating src/modules/eet_snd_reader/Makefile
config.status:1228: creating src/modules/multisense_factory/Makefile
config.status:1228: creating src/tests/Makefile
config.status:1228: creating utils/Makefile
config.status:1228: creating src/examples/Makefile
config.status:1228: creating config.h
config.status:1408: config.h is unchanged
config.status:1456: executing depfiles commands
config.status:1456: executing libtool commands

## ---------------- ##
## Cache variables. ##
## ---------------- ##

ac_cv___attribute__=yes
ac_cv_build=i686-pc-linux-gnu
ac_cv_c_compiler_gnu=yes
ac_cv_c_const=yes
ac_cv_env_ALSA_CFLAGS_set=
ac_cv_env_ALSA_CFLAGS_value=
ac_cv_env_ALSA_LIBS_set=
ac_cv_env_ALSA_LIBS_value=
ac_cv_env_CC_set=set
ac_cv_env_CC_value=powerpc64-ps3-elf-gcc
ac_cv_env_CFLAGS_set=set
ac_cv_env_CFLAGS_value='-g -O3 -O2 -Wall -mcpu=cell -I/media/ps3dev/ps3dev/libpsl1ght/ppu/include -I/media/ps3dev/ps3dev/portlibs/ppu/include -mminimal-toc '
ac_cv_env_CHECK_CFLAGS_set=
ac_cv_env_CHECK_CFLAGS_value=
ac_cv_env_CHECK_LIBS_set=
ac_cv_env_CHECK_LIBS_value=
ac_cv_env_CPPFLAGS_set=set
ac_cv_env_CPPFLAGS_value='-I/media/ps3dev/ps3dev/libpsl1ght/ppu/include -I/media/ps3dev/ps3dev/portlibs/ppu/include'
ac_cv_env_CPP_set=
ac_cv_env_CPP_value=
ac_cv_env_ECORE_IMF_CFLAGS_set=
ac_cv_env_ECORE_IMF_CFLAGS_value=
ac_cv_env_ECORE_IMF_LIBS_set=
ac_cv_env_ECORE_IMF_LIBS_value=
ac_cv_env_EDJE_CC_CFLAGS_set=
ac_cv_env_EDJE_CC_CFLAGS_value=
ac_cv_env_EDJE_CC_LIBS_set=
ac_cv_env_EDJE_CC_LIBS_value=
ac_cv_env_EDJE_CFLAGS_set=
ac_cv_env_EDJE_CFLAGS_value=
ac_cv_env_EDJE_DECC_CFLAGS_set=
ac_cv_env_EDJE_DECC_CFLAGS_value=
ac_cv_env_EDJE_DECC_LIBS_set=
ac_cv_env_EDJE_DECC_LIBS_value=
ac_cv_env_EDJE_EXTERNAL_INSPECTOR_CFLAGS_set=
ac_cv_env_EDJE_EXTERNAL_INSPECTOR_CFLAGS_value=
ac_cv_env_EDJE_EXTERNAL_INSPECTOR_LIBS_set=
ac_cv_env_EDJE_EXTERNAL_INSPECTOR_LIBS_value=
ac_cv_env_EDJE_INSPECTOR_CFLAGS_set=
ac_cv_env_EDJE_INSPECTOR_CFLAGS_value=
ac_cv_env_EDJE_INSPECTOR_LIBS_set=
ac_cv_env_EDJE_INSPECTOR_LIBS_value=
ac_cv_env_EDJE_LIBS_set=
ac_cv_env_EDJE_LIBS_value=
ac_cv_env_EDJE_PLAYER_CFLAGS_set=
ac_cv_env_EDJE_PLAYER_CFLAGS_value=
ac_cv_env_EDJE_PLAYER_LIBS_set=
ac_cv_env_EDJE_PLAYER_LIBS_value=
ac_cv_env_EVIL_CFLAGS_set=
ac_cv_env_EVIL_CFLAGS_value=
ac_cv_env_EVIL_LIBS_set=
ac_cv_env_EVIL_LIBS_value=
ac_cv_env_FLAC_CFLAGS_set=
ac_cv_env_FLAC_CFLAGS_value=
ac_cv_env_FLAC_LIBS_set=
ac_cv_env_FLAC_LIBS_value=
ac_cv_env_LDFLAGS_set=set
ac_cv_env_LDFLAGS_value='-L/media/ps3dev/ps3dev/libpsl1ght/ppu/lib -L/media/ps3dev/ps3dev/portlibs/ppu/lib'
ac_cv_env_LIBS_set=
ac_cv_env_LIBS_value=
ac_cv_env_LUA_CFLAGS_set=
ac_cv_env_LUA_CFLAGS_value=
ac_cv_env_LUA_LIBS_set=
ac_cv_env_LUA_LIBS_value=
ac_cv_env_MINIMAL_CFLAGS_set=
ac_cv_env_MINIMAL_CFLAGS_value=
ac_cv_env_MINIMAL_LIBS_set=
ac_cv_env_MINIMAL_LIBS_value=
ac_cv_env_PKG_CONFIG_LIBDIR_set=set
ac_cv_env_PKG_CONFIG_LIBDIR_value=/media/ps3dev/ps3dev/libpsl1ght/ppu/lib/pkgconfig
ac_cv_env_PKG_CONFIG_PATH_set=set
ac_cv_env_PKG_CONFIG_PATH_value=/media/ps3dev/ps3dev/portlibs/ppu/lib/pkgconfig
ac_cv_env_PKG_CONFIG_set=set
ac_cv_env_PKG_CONFIG_value='pkg-config --static'
ac_cv_env_REMIX_CFLAGS_set=
ac_cv_env_REMIX_CFLAGS_value=
ac_cv_env_REMIX_LIBS_set=
ac_cv_env_REMIX_LIBS_value=
ac_cv_env_SNDFILE_CFLAGS_set=
ac_cv_env_SNDFILE_CFLAGS_value=
ac_cv_env_SNDFILE_LIBS_set=
ac_cv_env_SNDFILE_LIBS_value=
ac_cv_env_VORBISENC_CFLAGS_set=
ac_cv_env_VORBISENC_CFLAGS_value=
ac_cv_env_VORBISENC_LIBS_set=
ac_cv_env_VORBISENC_LIBS_value=
ac_cv_env_build_alias_set=
ac_cv_env_build_alias_value=
ac_cv_env_host_alias_set=set
ac_cv_env_host_alias_value=powerpc64-ps3-elf
ac_cv_env_target_alias_set=
ac_cv_env_target_alias_value=
ac_cv_func_alloca_works=yes
ac_cv_func_realpath=no
ac_cv_header_dlfcn_h=no
ac_cv_header_inttypes_h=yes
ac_cv_header_locale_h=yes
ac_cv_header_memory_h=no
ac_cv_header_stdc=yes
ac_cv_header_stdint_h=yes
ac_cv_header_stdlib_h=yes
ac_cv_header_string_h=yes
ac_cv_header_strings_h=yes
ac_cv_header_sys_resource_h=yes
ac_cv_header_sys_stat_h=yes
ac_cv_header_sys_types_h=yes
ac_cv_header_unistd_h=yes
ac_cv_host=powerpc64-ps3-elf
ac_cv_objext=o
ac_cv_path_EGREP='/bin/grep -E'
ac_cv_path_FGREP='/bin/grep -F'
ac_cv_path_GREP=/bin/grep
ac_cv_path_PYTHON=/usr/bin/python
ac_cv_path_SED=/bin/sed
ac_cv_path_install='/usr/bin/install -c'
ac_cv_path_mkdir=/bin/mkdir
ac_cv_prog_AR=powerpc64-ps3-elf-ar
ac_cv_prog_AWK=mawk
ac_cv_prog_CC=powerpc64-ps3-elf-gcc
ac_cv_prog_CPP='powerpc64-ps3-elf-gcc -E'
ac_cv_prog_OBJDUMP=objdump
ac_cv_prog_RANLIB=powerpc64-ps3-elf-ranlib
ac_cv_prog_STRIP=powerpc64-ps3-elf-strip
ac_cv_prog_cc_c89=
ac_cv_prog_cc_c99=-std=gnu99
ac_cv_prog_cc_g=yes
ac_cv_prog_cc_powerpc64_ps3_elf_gcc_c_o=yes
ac_cv_prog_cc_stdc=-std=gnu99
ac_cv_prog_efl_have_doxygen=no
ac_cv_prog_make_make_set=yes
ac_cv_search_strerror='none required'
ac_cv_working_alloca_h=yes
am_cv_CC_dependencies_compiler_type=gcc3
am_cv_pathless_PYTHON=python
am_cv_python_platform=linux2
am_cv_python_pyexecdir='${exec_prefix}/lib/python2.6/site-packages'
am_cv_python_pythondir='${prefix}/lib/python2.6/site-packages'
am_cv_python_version=2.6
lt_cv_deplibs_check_method=unknown
lt_cv_file_magic_cmd='$MAGIC_CMD'
lt_cv_file_magic_test_file=
lt_cv_ld_reload_flag=-r
lt_cv_nm_interface='BSD nm'
lt_cv_objdir=.libs
lt_cv_path_LD=/media/ps3dev/ps3dev/ppu/powerpc64-ps3-elf/bin/ld
lt_cv_path_NM='/media/ps3dev/ps3dev/ppu/bin/powerpc64-ps3-elf-nm -B'
lt_cv_prog_compiler_c_o=yes
lt_cv_prog_compiler_pic_works=yes
lt_cv_prog_compiler_rtti_exceptions=no
lt_cv_prog_compiler_static_works=yes
lt_cv_prog_gnu_ld=yes
lt_cv_sys_global_symbol_pipe='sed -n -e '\''s/^.*[	 ]\([ABCDGIRSTW][ABCDGIRSTW]*\)[	 ][	 ]*\([_A-Za-z][_A-Za-z0-9]*\)$/\1 \2 \2/p'\'''
lt_cv_sys_global_symbol_to_c_name_address='sed -n -e '\''s/^: \([^ ]*\) $/  {\"\1\", (void *) 0},/p'\'' -e '\''s/^[ABCDGIRSTW]* \([^ ]*\) \([^ ]*\)$/  {"\2", (void *) \&\2},/p'\'''
lt_cv_sys_global_symbol_to_c_name_address_lib_prefix='sed -n -e '\''s/^: \([^ ]*\) $/  {\"\1\", (void *) 0},/p'\'' -e '\''s/^[ABCDGIRSTW]* \([^ ]*\) \(lib[^ ]*\)$/  {"\2", (void *) \&\2},/p'\'' -e '\''s/^[ABCDGIRSTW]* \([^ ]*\) \([^ ]*\)$/  {"lib\2", (void *) \&\2},/p'\'''
lt_cv_sys_global_symbol_to_cdecl='sed -n -e '\''s/^T .* \(.*\)$/extern int \1();/p'\'' -e '\''s/^[ABCDGIRSTW]* .* \(.*\)$/extern char \1;/p'\'''
lt_cv_sys_max_cmd_len=1572864
pkg_cv_ECORE_IMF_CFLAGS='-I/media/ps3dev/ps3dev/portlibs/ppu/include/ecore-1 -I/media/ps3dev/ps3dev/portlibs/ppu/include/eina-1 -I/media/ps3dev/ps3dev/portlibs/ppu/include/eina-1/eina -I/media/ps3dev/ps3dev/portlibs/ppu/include/escape-0 -I/media/ps3dev/ps3dev/portlibs/ppu/include/evas-1 -I/media/20GB/usr/local/ps3dev/portlibs/ppu/include/libpng14 -I/media/ps3dev/ps3dev/portlibs/ppu/include/eet-1 -I/media/20GB/usr/local/ps3dev/portlibs/ppu/include/SDL -I/media/ps3dev/ps3dev/portlibs/ppu/include -I/media/20GB/usr/local/ps3dev/portlibs/ppu/include/freetype2 -I/media/20GB/usr/local/ps3dev/portlibs/ppu/include  '
pkg_cv_ECORE_IMF_LIBS='-L/media/ps3dev/ps3dev/portlibs/ppu/lib -L/media/20GB/usr/local/ps3dev/portlibs/ppu/lib -lecore_imf_evas -lecore_imf -levas -lecore -lpng14 -leet -ljpeg -lSDL -lgcm_sys -lrsx -lsysutil -lrt -llv2 -lio -laudio -lfontconfig -lexpat -lfreetype -lz -leina -lescape -lm -lnet -lsysmodule -liberty  '
pkg_cv_EDJE_CC_CFLAGS='-I/media/ps3dev/ps3dev/portlibs/ppu/include/ecore-1 -I/media/ps3dev/ps3dev/portlibs/ppu/include/eina-1 -I/media/ps3dev/ps3dev/portlibs/ppu/include/eina-1/eina -I/media/ps3dev/ps3dev/portlibs/ppu/include/escape-0 -I/media/ps3dev/ps3dev/portlibs/ppu/include -I/media/20GB/usr/local/ps3dev/portlibs/ppu/include -I/media/ps3dev/ps3dev/portlibs/ppu/include/evas-1 -I/media/20GB/usr/local/ps3dev/portlibs/ppu/include/libpng14 -I/media/ps3dev/ps3dev/portlibs/ppu/include/eet-1 -I/media/20GB/usr/local/ps3dev/portlibs/ppu/include/SDL -I/media/20GB/usr/local/ps3dev/portlibs/ppu/include/freetype2  '
pkg_cv_EDJE_CC_LIBS='-L/media/ps3dev/ps3dev/portlibs/ppu/lib -L/media/20GB/usr/local/ps3dev/portlibs/ppu/lib -lecore_file -lecore_con -lcares -lcurl -lecore_evas -lecore_psl1ght -lgem -lcamera -lspurs -lecore_sdl -lecore_input_evas -lecore_input -lecore -levas -lpng14 -lSDL -lgcm_sys -lrsx -lsysutil -lrt -llv2 -lio -laudio -lfontconfig -lexpat -lfreetype -leet -ljpeg -lz -leina -lescape -lm -lnet -lsysmodule -liberty  '
pkg_cv_EDJE_CFLAGS='-I/media/ps3dev/ps3dev/portlibs/ppu/include/eina-1 -I/media/ps3dev/ps3dev/portlibs/ppu/include/eina-1/eina -I/media/ps3dev/ps3dev/portlibs/ppu/include/escape-0 -I/media/ps3dev/ps3dev/portlibs/ppu/include/eet-1 -I/media/ps3dev/ps3dev/portlibs/ppu/include/evas-1 -I/media/20GB/usr/local/ps3dev/portlibs/ppu/include/libpng14 -I/media/20GB/usr/local/ps3dev/portlibs/ppu/include/SDL -I/media/ps3dev/ps3dev/portlibs/ppu/include -I/media/20GB/usr/local/ps3dev/portlibs/ppu/include/freetype2 -I/media/20GB/usr/local/ps3dev/portlibs/ppu/include -I/media/ps3dev/ps3dev/portlibs/ppu/include/ecore-1 -I/media/ps3dev/ps3dev/portlibs/ppu/include/embryo-1  '
pkg_cv_EDJE_LIBS='-L/media/ps3dev/ps3dev/portlibs/ppu/lib -L/media/20GB/usr/local/ps3dev/portlibs/ppu/lib -lecore_evas -lecore_psl1ght -lgem -lcamera -lspurs -lecore_sdl -lecore_input_evas -lecore_input -levas -lpng14 -leet -ljpeg -lSDL -lgcm_sys -lrsx -lrt -llv2 -lio -laudio -lfontconfig -lexpat -lfreetype -lecore_file -lecore_con -lcares -lcurl -lz -lsysutil -lecore -leina -lescape -lnet -lsysmodule -lembryo -liberty -lm  '
pkg_cv_LUA_CFLAGS='-I/media/ps3dev/ps3dev/portlibs/ppu/include  '
pkg_cv_LUA_LIBS='-L/media/ps3dev/ps3dev/portlibs/ppu/lib -llua -lm  '
pkg_cv_MINIMAL_CFLAGS='-I/media/ps3dev/ps3dev/portlibs/ppu/include/eina-1 -I/media/ps3dev/ps3dev/portlibs/ppu/include/eina-1/eina -I/media/ps3dev/ps3dev/portlibs/ppu/include/escape-0 -I/media/ps3dev/ps3dev/portlibs/ppu/include/eet-1  '
pkg_cv_MINIMAL_LIBS='-L/media/ps3dev/ps3dev/portlibs/ppu/lib -leet -ljpeg -lz -leina -lescape -lm -lnet -lsysmodule -liberty  '

## ----------------- ##
## Output variables. ##
## ----------------- ##

ACLOCAL='${SHELL} /home/wargio/efl/edje/missing --run aclocal-1.11'
ALLOCA=''
ALSA_CFLAGS=''
ALSA_LIBS=''
AMDEPBACKSLASH='\'
AMDEP_FALSE='#'
AMDEP_TRUE=''
AMTAR='${SHELL} /home/wargio/efl/edje/missing --run tar'
AM_BACKSLASH='\'
AM_DEFAULT_VERBOSITY='0'
AR='powerpc64-ps3-elf-ar'
AS='as'
AUTOCONF='${SHELL} /home/wargio/efl/edje/missing --run autoconf'
AUTOHEADER='${SHELL} /home/wargio/efl/edje/missing --run autoheader'
AUTOMAKE='${SHELL} /home/wargio/efl/edje/missing --run automake-1.11'
AWK='mawk'
BUILD_EDJE_CC_FALSE='#'
BUILD_EDJE_CC_TRUE=''
BUILD_EDJE_DECC_FALSE=''
BUILD_EDJE_DECC_TRUE='#'
BUILD_EDJE_EXTERNAL_INSPECTOR_FALSE=''
BUILD_EDJE_EXTERNAL_INSPECTOR_TRUE='#'
BUILD_EDJE_FP_FALSE=''
BUILD_EDJE_FP_TRUE='#'
BUILD_EDJE_INSPECTOR_FALSE=''
BUILD_EDJE_INSPECTOR_TRUE='#'
BUILD_EDJE_PLAYER_FALSE=''
BUILD_EDJE_PLAYER_TRUE='#'
BUILD_EDJE_RECC_FALSE=''
BUILD_EDJE_RECC_TRUE='#'
BUILD_EPP_FALSE='#'
BUILD_EPP_TRUE=''
BUILD_EXAMPLES_FALSE=''
BUILD_EXAMPLES_TRUE='#'
CC='powerpc64-ps3-elf-gcc -std=gnu99'
CCDEPMODE='depmode=gcc3'
CFLAGS='-g -O3 -O2 -Wall -mcpu=cell -I/media/ps3dev/ps3dev/libpsl1ght/ppu/include -I/media/ps3dev/ps3dev/portlibs/ppu/include -mminimal-toc '
CHECK_CFLAGS=''
CHECK_LIBS=''
CPP='powerpc64-ps3-elf-gcc -E'
CPPFLAGS='-I/media/ps3dev/ps3dev/libpsl1ght/ppu/include -I/media/ps3dev/ps3dev/portlibs/ppu/include'
CYGPATH_W='echo'
DEFS='-DHAVE_CONFIG_H'
DEPDIR='.deps'
DLLTOOL='dlltool'
DSYMUTIL=''
DUMPBIN=''
ECHO_C=''
ECHO_N='-n'
ECHO_T=''
ECORE_IMF_CFLAGS='-I/media/ps3dev/ps3dev/portlibs/ppu/include/ecore-1 -I/media/ps3dev/ps3dev/portlibs/ppu/include/eina-1 -I/media/ps3dev/ps3dev/portlibs/ppu/include/eina-1/eina -I/media/ps3dev/ps3dev/portlibs/ppu/include/escape-0 -I/media/ps3dev/ps3dev/portlibs/ppu/include/evas-1 -I/media/20GB/usr/local/ps3dev/portlibs/ppu/include/libpng14 -I/media/ps3dev/ps3dev/portlibs/ppu/include/eet-1 -I/media/20GB/usr/local/ps3dev/portlibs/ppu/include/SDL -I/media/ps3dev/ps3dev/portlibs/ppu/include -I/media/20GB/usr/local/ps3dev/portlibs/ppu/include/freetype2 -I/media/20GB/usr/local/ps3dev/portlibs/ppu/include  '
ECORE_IMF_LIBS='-L/media/ps3dev/ps3dev/portlibs/ppu/lib -L/media/20GB/usr/local/ps3dev/portlibs/ppu/lib -lecore_imf_evas -lecore_imf -levas -lecore -lpng14 -leet -ljpeg -lSDL -lgcm_sys -lrsx -lsysutil -lrt -llv2 -lio -laudio -lfontconfig -lexpat -lfreetype -lz -leina -lescape -lm -lnet -lsysmodule -liberty  '
EDJE_AMALGAMATION_FALSE=''
EDJE_AMALGAMATION_TRUE='#'
EDJE_CALC_CACHE_FALSE='#'
EDJE_CALC_CACHE_TRUE=''
EDJE_CC_CFLAGS='-I/media/ps3dev/ps3dev/portlibs/ppu/include/ecore-1 -I/media/ps3dev/ps3dev/portlibs/ppu/include/eina-1 -I/media/ps3dev/ps3dev/portlibs/ppu/include/eina-1/eina -I/media/ps3dev/ps3dev/portlibs/ppu/include/escape-0 -I/media/ps3dev/ps3dev/portlibs/ppu/include -I/media/20GB/usr/local/ps3dev/portlibs/ppu/include -I/media/ps3dev/ps3dev/portlibs/ppu/include/evas-1 -I/media/20GB/usr/local/ps3dev/portlibs/ppu/include/libpng14 -I/media/ps3dev/ps3dev/portlibs/ppu/include/eet-1 -I/media/20GB/usr/local/ps3dev/portlibs/ppu/include/SDL -I/media/20GB/usr/local/ps3dev/portlibs/ppu/include/freetype2  '
EDJE_CC_LIBS='-L/media/ps3dev/ps3dev/portlibs/ppu/lib -L/media/20GB/usr/local/ps3dev/portlibs/ppu/lib -lecore_file -lecore_con -lcares -lcurl -lecore_evas -lecore_psl1ght -lgem -lcamera -lspurs -lecore_sdl -lecore_input_evas -lecore_input -lecore -levas -lpng14 -lSDL -lgcm_sys -lrsx -lsysutil -lrt -llv2 -lio -laudio -lfontconfig -lexpat -lfreetype -leet -ljpeg -lz -leina -lescape -lm -lnet -lsysmodule -liberty   -L/media/ps3dev/ps3dev/portlibs/ppu/lib -llua -lm   '
EDJE_CC_PRG='edje_cc'
EDJE_CFLAGS='-I/media/ps3dev/ps3dev/portlibs/ppu/include/eina-1 -I/media/ps3dev/ps3dev/portlibs/ppu/include/eina-1/eina -I/media/ps3dev/ps3dev/portlibs/ppu/include/escape-0 -I/media/ps3dev/ps3dev/portlibs/ppu/include/eet-1 -I/media/ps3dev/ps3dev/portlibs/ppu/include/evas-1 -I/media/20GB/usr/local/ps3dev/portlibs/ppu/include/libpng14 -I/media/20GB/usr/local/ps3dev/portlibs/ppu/include/SDL -I/media/ps3dev/ps3dev/portlibs/ppu/include -I/media/20GB/usr/local/ps3dev/portlibs/ppu/include/freetype2 -I/media/20GB/usr/local/ps3dev/portlibs/ppu/include -I/media/ps3dev/ps3dev/portlibs/ppu/include/ecore-1 -I/media/ps3dev/ps3dev/portlibs/ppu/include/embryo-1   -I/media/ps3dev/ps3dev/portlibs/ppu/include   '
EDJE_DECC_CFLAGS=''
EDJE_DECC_LIBS=''
EDJE_DECC_PRG=''
EDJE_EXTERNAL_INSPECTOR_CFLAGS=''
EDJE_EXTERNAL_INSPECTOR_LIBS=''
EDJE_EXTERNAL_INSPECTOR_PRG=''
EDJE_INSPECTOR_CFLAGS=''
EDJE_INSPECTOR_LIBS=''
EDJE_INSPECTOR_PRG=''
EDJE_LIBS='-L/media/ps3dev/ps3dev/portlibs/ppu/lib -L/media/20GB/usr/local/ps3dev/portlibs/ppu/lib -lecore_evas -lecore_psl1ght -lgem -lcamera -lspurs -lecore_sdl -lecore_input_evas -lecore_input -levas -lpng14 -leet -ljpeg -lSDL -lgcm_sys -lrsx -lrt -llv2 -lio -laudio -lfontconfig -lexpat -lfreetype -lecore_file -lecore_con -lcares -lcurl -lz -lsysutil -lecore -leina -lescape -lnet -lsysmodule -lembryo -liberty -lm   -L/media/ps3dev/ps3dev/portlibs/ppu/lib -llua -lm    '
EDJE_PLAYER_CFLAGS=''
EDJE_PLAYER_LIBS=''
EDJE_PLAYER_PRG=''
EDJE_PROGRAM_CACHE_FALSE=''
EDJE_PROGRAM_CACHE_TRUE='#'
EDJE_RECC_PRG=''
EFL_BUILD_DOC_FALSE=''
EFL_BUILD_DOC_TRUE='#'
EFL_COVERAGE_CFLAGS=''
EFL_COVERAGE_LIBS=''
EFL_EDJE_BUILD=''
EFL_ENABLE_COVERAGE_FALSE=''
EFL_ENABLE_COVERAGE_TRUE='#'
EFL_ENABLE_TESTS_FALSE=''
EFL_ENABLE_TESTS_TRUE='#'
EGREP='/bin/grep -E'
ENABLE_MULTISENSE_FALSE='#'
ENABLE_MULTISENSE_TRUE=''
EVIL_CFLAGS=''
EVIL_LIBS=''
EXEEXT=''
FGREP='/bin/grep -F'
FLAC_CFLAGS=''
FLAC_LIBS=''
GREP='/bin/grep'
HAVE_LIBALSA_FALSE=''
HAVE_LIBALSA_TRUE='#'
HAVE_LIBREMIX_FALSE=''
HAVE_LIBREMIX_TRUE='#'
HAVE_LIBSNDFILE_FALSE=''
HAVE_LIBSNDFILE_TRUE='#'
HAVE_PYTHON_FALSE='#'
HAVE_PYTHON_TRUE=''
INSTALL_DATA='${INSTALL} -m 644'
INSTALL_PROGRAM='${INSTALL}'
INSTALL_SCRIPT='${INSTALL}'
INSTALL_STRIP_PROGRAM='$(install_sh) -c -s'
LD='/media/ps3dev/ps3dev/ppu/powerpc64-ps3-elf/bin/ld'
LDFLAGS='-L/media/ps3dev/ps3dev/libpsl1ght/ppu/lib -L/media/ps3dev/ps3dev/portlibs/ppu/lib'
LIBOBJS=''
LIBS=''
LIBTOOL='$(SHELL) $(top_builddir)/libtool'
LIPO=''
LN_S='ln -s'
LTLIBOBJS=''
LUA_CFLAGS='-I/media/ps3dev/ps3dev/portlibs/ppu/include  '
LUA_LIBS='-L/media/ps3dev/ps3dev/portlibs/ppu/lib -llua -lm  '
MAKEINFO='${SHELL} /home/wargio/efl/edje/missing --run makeinfo'
MINIMAL_CFLAGS='-I/media/ps3dev/ps3dev/portlibs/ppu/include/eina-1 -I/media/ps3dev/ps3dev/portlibs/ppu/include/eina-1/eina -I/media/ps3dev/ps3dev/portlibs/ppu/include/escape-0 -I/media/ps3dev/ps3dev/portlibs/ppu/include/eet-1  '
MINIMAL_LIBS='-L/media/ps3dev/ps3dev/portlibs/ppu/lib -leet -ljpeg -lz -leina -lescape -lm -lnet -lsysmodule -liberty  '
MKDIR_P='/bin/mkdir -p'
MODULE_ARCH='elf-powerpc64-1.0.0'
NM='/media/ps3dev/ps3dev/ppu/bin/powerpc64-ps3-elf-nm -B'
NMEDIT=''
OBJDUMP='objdump'
OBJEXT='o'
OTOOL64=''
OTOOL=''
PACKAGE='edje'
PACKAGE_BUGREPORT='enlightenment-devel@lists.sourceforge.net'
PACKAGE_NAME='edje'
PACKAGE_STRING='edje 1.1.99.esportato'
PACKAGE_TARNAME='edje'
PACKAGE_URL=''
PACKAGE_VERSION='1.1.99.esportato'
PATH_SEPARATOR=':'
PKG_CONFIG='pkg-config --static'
PKG_CONFIG_LIBDIR='/media/ps3dev/ps3dev/libpsl1ght/ppu/lib/pkgconfig'
PKG_CONFIG_PATH='/media/ps3dev/ps3dev/portlibs/ppu/lib/pkgconfig'
PYTHON='/usr/bin/python'
PYTHON_EXEC_PREFIX='${exec_prefix}'
PYTHON_PLATFORM='linux2'
PYTHON_PREFIX='${prefix}'
PYTHON_VERSION='2.6'
RANLIB='powerpc64-ps3-elf-ranlib'
REMIX_CFLAGS=''
REMIX_LIBS=''
REMIX_PLUGIN_DIR=''
SED='/bin/sed'
SET_MAKE=''
SHELL='/bin/bash'
SNDFILE_CFLAGS=''
SNDFILE_LIBS=''
STRIP='powerpc64-ps3-elf-strip'
VERSION='1.1.99.esportato'
VMAJ='1'
VORBISENC_CFLAGS=''
VORBISENC_LIBS=''
ac_ct_CC=''
ac_ct_DUMPBIN=''
am__EXEEXT_FALSE=''
am__EXEEXT_TRUE='#'
am__fastdepCC_FALSE='#'
am__fastdepCC_TRUE=''
am__include='include'
am__isrc=''
am__leading_dot='.'
am__quote=''
am__tar='${AMTAR} chof - "$$tardir"'
am__untar='${AMTAR} xf -'
bindir='${exec_prefix}/bin'
build='i686-pc-linux-gnu'
build_alias=''
build_cpu='i686'
build_os='linux-gnu'
build_vendor='pc'
datadir='${datarootdir}'
datarootdir='${prefix}/share'
docdir='${datarootdir}/doc/${PACKAGE_TARNAME}'
dvidir='${docdir}'
edje_cc=''
efl_doxygen='doxygen'
efl_have_doxygen='no'
exec_prefix='${prefix}'
have_lcov=''
host='powerpc64-ps3-elf'
host_alias='powerpc64-ps3-elf'
host_cpu='powerpc64'
host_os='elf'
host_vendor='ps3'
htmldir='${docdir}'
includedir='/media/ps3dev/ps3dev/portlibs/ppu/include'
infodir='${datarootdir}/info'
install_sh='${SHELL} /home/wargio/efl/edje/install-sh'
libdir='/media/ps3dev/ps3dev/portlibs/ppu/lib'
libexecdir='${exec_prefix}/libexec'
localedir='${datarootdir}/locale'
localstatedir='${prefix}/var'
lt_ECHO='echo'
lt_enable_auto_import=''
lua_libs=''
mandir='${datarootdir}/man'
mkdir_p='/bin/mkdir -p'
oldincludedir='/usr/include'
pdfdir='${docdir}'
pkgconfig_requires_private='Requires.private'
pkgpyexecdir='${pyexecdir}/edje'
pkgpythondir='${pythondir}/edje'
prefix='/media/ps3dev/ps3dev/portlibs/ppu'
program_transform_name='s,x,x,'
psdir='${docdir}'
pyexecdir='${exec_prefix}/lib/python2.6/site-packages'
pythondir='${prefix}/lib/python2.6/site-packages'
release_info=''
requirement_edje='ecore-imf-evas >= 1.1.0 ecore-imf >= 1.1.0 lua embryo >= 1.1.0 ecore-evas >= 1.1.0 ecore >= 1.1.0 evas >= 1.1.0 eet >= 1.5.0 eina >= 1.1.0 '
sbindir='${exec_prefix}/sbin'
sharedstatedir='${prefix}/com'
sysconfdir='${prefix}/etc'
target_alias=''
version_info='2:99:1'
vimdir='/usr/share/vim'

## ----------- ##
## confdefs.h. ##
## ----------- ##

/* confdefs.h */
#define PACKAGE_NAME "edje"
#define PACKAGE_TARNAME "edje"
#define PACKAGE_VERSION "1.1.99.esportato"
#define PACKAGE_STRING "edje 1.1.99.esportato"
#define PACKAGE_BUGREPORT "enlightenment-devel@lists.sourceforge.net"
#define PACKAGE_URL ""
#define PACKAGE "edje"
#define VERSION "1.1.99.esportato"
#define STDC_HEADERS 1
#define HAVE_SYS_TYPES_H 1
#define HAVE_SYS_STAT_H 1
#define HAVE_STDLIB_H 1
#define HAVE_STRING_H 1
#define HAVE_STRINGS_H 1
#define HAVE_INTTYPES_H 1
#define HAVE_STDINT_H 1
#define HAVE_UNISTD_H 1
#define LT_OBJDIR ".libs/"
#define VMAJ 1
#define VMIN 1
#define VMIC 99
#define VREV esportato
#define SHARED_LIB_SUFFIX ".so"
#define MODULE_ARCH "elf-powerpc64-1.0.0"
#define EDJE_CALC_CACHE 1
#define HAVE_ECORE_IMF 1
#define HAVE_LOCALE_H 1
#define HAVE_SYS_RESOURCE_H 1
#define PATH_MAX 4096
#define STDC_HEADERS 1
#define HAVE___ATTRIBUTE__ 1
#define __UNUSED__ __attribute__((unused))
#define HAVE_ALLOCA_H 1
#define HAVE_ALLOCA 1

configure: exit 0
