This file contains any messages produced by compilers while
running configure, to aid debugging if configure makes a mistake.

It was created by eskiss configure 0.0.2.v_rev, which was
generated by GNU Autoconf 2.67.  Invocation command line was

  $ ./configure --prefix=/media/ps3dev/ps3dev/portlibs/ppu --host=powerpc64-ps3-elf --includedir=/media/ps3dev/ps3dev/portlibs/ppu/include --libdir=/media/ps3dev/ps3dev/portlibs/ppu/lib --datadir=/dev_hdd0/game/ESKISS_00/USRDIR/

## --------- ##
## Platform. ##
## --------- ##

hostname = Linux
uname -m = i686
uname -r = 2.6.35-32-generic
uname -s = Linux
uname -v = #67-Ubuntu SMP Mon Mar 5 19:35:26 UTC 2012

/usr/bin/uname -p = unknown
/bin/uname -X     = unknown

/bin/arch              = unknown
/usr/bin/arch -k       = unknown
/usr/convex/getsysinfo = unknown
/usr/bin/hostinfo      = unknown
/bin/machine           = unknown
/usr/bin/oslevel       = unknown
/bin/universe          = unknown

PATH: /usr/local/sbin
PATH: /usr/local/bin
PATH: /usr/sbin
PATH: /usr/bin
PATH: /sbin
PATH: /bin
PATH: /usr/games
PATH: /media/ps3dev/ps3dev/bin
PATH: /media/ps3dev/ps3dev/ppu/bin
PATH: /media/ps3dev/ps3dev/spu/bin


## ----------- ##
## Core tests. ##
## ----------- ##

configure:2138: checking build system type
configure:2152: result: i686-pc-linux-gnu
configure:2172: checking host system type
configure:2185: result: powerpc64-ps3-elf
configure:2213: checking for powerpc64-ps3-elf-gcc
configure:2240: result: powerpc64-ps3-elf-gcc
configure:2509: checking for C compiler version
configure:2518: powerpc64-ps3-elf-gcc --version >&5
powerpc64-ps3-elf-gcc (GCC) 4.5.2
Copyright (C) 2010 Free Software Foundation, Inc.
This is free software; see the source for copying conditions.  There is NO
warranty; not even for MERCHANTABILITY or FITNESS FOR A PARTICULAR PURPOSE.

configure:2529: $? = 0
configure:2518: powerpc64-ps3-elf-gcc -v >&5
Using built-in specs.
COLLECT_GCC=powerpc64-ps3-elf-gcc
COLLECT_LTO_WRAPPER=/media/ps3dev/ps3dev/ppu/bin/../libexec/gcc/powerpc64-ps3-elf/4.5.2/lto-wrapper
Target: powerpc64-ps3-elf
Configured with: ../configure --prefix=/media/20GB/usr/local/ps3dev/ppu --target=powerpc64-ps3-elf --disable-dependency-tracking --disable-libstdcxx-pch --disable-multilib --disable-nls --disable-shared --disable-win32-registry --enable-languages=c,c++,objc,obj-c++ --enable-long-double-128 --enable-lto --enable-threads --with-cpu=cell --with-newlib : (reconfigured) ../configure --prefix=/media/20GB/usr/local/ps3dev/ppu --target=powerpc64-ps3-elf --disable-dependency-tracking --disable-libstdcxx-pch --disable-multilib --disable-nls --disable-shared --disable-win32-registry --enable-languages=c,c++,objc,obj-c++ --enable-long-double-128 --enable-lto --enable-threads --with-cpu=cell --with-newlib
Thread model: single
gcc version 4.5.2 (GCC) 
configure:2529: $? = 0
configure:2518: powerpc64-ps3-elf-gcc -V >&5
powerpc64-ps3-elf-gcc: '-V' option must have argument
configure:2529: $? = 1
configure:2518: powerpc64-ps3-elf-gcc -qversion >&5
powerpc64-ps3-elf-gcc: unrecognized option '-qversion'
powerpc64-ps3-elf-gcc: no input files
configure:2529: $? = 1
configure:2549: checking whether the C compiler works
configure:2571: powerpc64-ps3-elf-gcc -g -O3 -O2 -Wall -mcpu=cell -I/media/ps3dev/ps3dev/libpsl1ght/ppu/include -I/media/ps3dev/ps3dev/portlibs/ppu/include -mminimal-toc  -I/media/ps3dev/ps3dev/libpsl1ght/ppu/include -I/media/ps3dev/ps3dev/portlibs/ppu/include -L/media/ps3dev/ps3dev/libpsl1ght/ppu/lib -L/media/ps3dev/ps3dev/portlibs/ppu/lib conftest.c  >&5
configure:2575: $? = 0
configure:2623: result: yes
configure:2626: checking for C compiler default output file name
configure:2628: result: a.out
configure:2634: checking for suffix of executables
configure:2641: powerpc64-ps3-elf-gcc -o conftest -g -O3 -O2 -Wall -mcpu=cell -I/media/ps3dev/ps3dev/libpsl1ght/ppu/include -I/media/ps3dev/ps3dev/portlibs/ppu/include -mminimal-toc  -I/media/ps3dev/ps3dev/libpsl1ght/ppu/include -I/media/ps3dev/ps3dev/portlibs/ppu/include -L/media/ps3dev/ps3dev/libpsl1ght/ppu/lib -L/media/ps3dev/ps3dev/portlibs/ppu/lib conftest.c  >&5
configure:2645: $? = 0
configure:2667: result: 
configure:2689: checking whether we are cross compiling
configure:2697: powerpc64-ps3-elf-gcc -o conftest -g -O3 -O2 -Wall -mcpu=cell -I/media/ps3dev/ps3dev/libpsl1ght/ppu/include -I/media/ps3dev/ps3dev/portlibs/ppu/include -mminimal-toc  -I/media/ps3dev/ps3dev/libpsl1ght/ppu/include -I/media/ps3dev/ps3dev/portlibs/ppu/include -L/media/ps3dev/ps3dev/libpsl1ght/ppu/lib -L/media/ps3dev/ps3dev/portlibs/ppu/lib conftest.c  >&5
configure:2701: $? = 0
configure:2708: ./conftest
./configure: line 2710: ./conftest: cannot execute binary file
configure:2712: $? = 126
configure:2727: result: yes
configure:2732: checking for suffix of object files
configure:2754: powerpc64-ps3-elf-gcc -c -g -O3 -O2 -Wall -mcpu=cell -I/media/ps3dev/ps3dev/libpsl1ght/ppu/include -I/media/ps3dev/ps3dev/portlibs/ppu/include -mminimal-toc  -I/media/ps3dev/ps3dev/libpsl1ght/ppu/include -I/media/ps3dev/ps3dev/portlibs/ppu/include conftest.c >&5
configure:2758: $? = 0
configure:2779: result: o
configure:2783: checking whether we are using the GNU C compiler
configure:2802: powerpc64-ps3-elf-gcc -c -g -O3 -O2 -Wall -mcpu=cell -I/media/ps3dev/ps3dev/libpsl1ght/ppu/include -I/media/ps3dev/ps3dev/portlibs/ppu/include -mminimal-toc  -I/media/ps3dev/ps3dev/libpsl1ght/ppu/include -I/media/ps3dev/ps3dev/portlibs/ppu/include conftest.c >&5
configure:2802: $? = 0
configure:2811: result: yes
configure:2820: checking whether powerpc64-ps3-elf-gcc accepts -g
configure:2840: powerpc64-ps3-elf-gcc -c -g -I/media/ps3dev/ps3dev/libpsl1ght/ppu/include -I/media/ps3dev/ps3dev/portlibs/ppu/include conftest.c >&5
configure:2840: $? = 0
configure:2881: result: yes
configure:2898: checking for powerpc64-ps3-elf-gcc option to accept ISO C89
configure:2962: powerpc64-ps3-elf-gcc  -c -g -O3 -O2 -Wall -mcpu=cell -I/media/ps3dev/ps3dev/libpsl1ght/ppu/include -I/media/ps3dev/ps3dev/portlibs/ppu/include -mminimal-toc  -I/media/ps3dev/ps3dev/libpsl1ght/ppu/include -I/media/ps3dev/ps3dev/portlibs/ppu/include conftest.c >&5
configure:2962: $? = 0
configure:2975: result: none needed
configure:2996: checking for library containing strerror
configure:3027: powerpc64-ps3-elf-gcc -o conftest -g -O3 -O2 -Wall -mcpu=cell -I/media/ps3dev/ps3dev/libpsl1ght/ppu/include -I/media/ps3dev/ps3dev/portlibs/ppu/include -mminimal-toc  -I/media/ps3dev/ps3dev/libpsl1ght/ppu/include -I/media/ps3dev/ps3dev/portlibs/ppu/include -L/media/ps3dev/ps3dev/libpsl1ght/ppu/lib -L/media/ps3dev/ps3dev/portlibs/ppu/lib conftest.c  >&5
configure:3027: $? = 0
configure:3044: result: none required
configure:3069: checking for a BSD-compatible install
configure:3137: result: /usr/bin/install -c
configure:3148: checking whether build environment is sane
configure:3198: result: yes
configure:3247: checking for powerpc64-ps3-elf-strip
configure:3263: found /media/ps3dev/ps3dev/ppu/bin/powerpc64-ps3-elf-strip
configure:3274: result: powerpc64-ps3-elf-strip
configure:3339: checking for a thread-safe mkdir -p
configure:3378: result: /bin/mkdir -p
configure:3391: checking for gawk
configure:3421: result: no
configure:3391: checking for mawk
configure:3407: found /usr/bin/mawk
configure:3418: result: mawk
configure:3429: checking whether make sets $(MAKE)
configure:3451: result: yes
configure:3481: checking for style of include used by make
configure:3509: result: GNU
configure:3594: checking dependency style of powerpc64-ps3-elf-gcc
configure:3704: result: gcc3
configure:3773: checking for powerpc64-ps3-elf-gcc
configure:3800: result: powerpc64-ps3-elf-gcc
configure:4069: checking for C compiler version
configure:4078: powerpc64-ps3-elf-gcc --version >&5
powerpc64-ps3-elf-gcc (GCC) 4.5.2
Copyright (C) 2010 Free Software Foundation, Inc.
This is free software; see the source for copying conditions.  There is NO
warranty; not even for MERCHANTABILITY or FITNESS FOR A PARTICULAR PURPOSE.

configure:4089: $? = 0
configure:4078: powerpc64-ps3-elf-gcc -v >&5
Using built-in specs.
COLLECT_GCC=powerpc64-ps3-elf-gcc
COLLECT_LTO_WRAPPER=/media/ps3dev/ps3dev/ppu/bin/../libexec/gcc/powerpc64-ps3-elf/4.5.2/lto-wrapper
Target: powerpc64-ps3-elf
Configured with: ../configure --prefix=/media/20GB/usr/local/ps3dev/ppu --target=powerpc64-ps3-elf --disable-dependency-tracking --disable-libstdcxx-pch --disable-multilib --disable-nls --disable-shared --disable-win32-registry --enable-languages=c,c++,objc,obj-c++ --enable-long-double-128 --enable-lto --enable-threads --with-cpu=cell --with-newlib : (reconfigured) ../configure --prefix=/media/20GB/usr/local/ps3dev/ppu --target=powerpc64-ps3-elf --disable-dependency-tracking --disable-libstdcxx-pch --disable-multilib --disable-nls --disable-shared --disable-win32-registry --enable-languages=c,c++,objc,obj-c++ --enable-long-double-128 --enable-lto --enable-threads --with-cpu=cell --with-newlib
Thread model: single
gcc version 4.5.2 (GCC) 
configure:4089: $? = 0
configure:4078: powerpc64-ps3-elf-gcc -V >&5
powerpc64-ps3-elf-gcc: '-V' option must have argument
configure:4089: $? = 1
configure:4078: powerpc64-ps3-elf-gcc -qversion >&5
powerpc64-ps3-elf-gcc: unrecognized option '-qversion'
powerpc64-ps3-elf-gcc: no input files
configure:4089: $? = 1
configure:4093: checking whether we are using the GNU C compiler
configure:4121: result: yes
configure:4130: checking whether powerpc64-ps3-elf-gcc accepts -g
configure:4191: result: yes
configure:4208: checking for powerpc64-ps3-elf-gcc option to accept ISO C89
configure:4285: result: none needed
configure:4415: checking pkg-config is at least version 0.9.0
configure:4418: result: yes
configure:4445: checking whether to build documentation
configure:4447: result: yes
configure:4511: checking for doxygen
configure:4539: result: no
configure:4556: WARNING: no doxygen detected. Documentation will not be built
configure:4594: checking for ESKISS
configure:4601: $PKG_CONFIG --exists --print-errors "edje ecore ecore-evas ecore-file ecore evas eet eina"
configure:4604: $? = 0
configure:4617: $PKG_CONFIG --exists --print-errors "edje ecore ecore-evas ecore-file ecore evas eet eina"
configure:4620: $? = 0
configure:4677: result: yes
configure:4683: checking for ECORE_X
configure:4690: $PKG_CONFIG --exists --print-errors "ecore-x"
Package ecore-x was not found in the pkg-config search path.
Perhaps you should add the directory containing `ecore-x.pc'
to the PKG_CONFIG_PATH environment variable
No package 'ecore-x' found
configure:4693: $? = 1
configure:4706: $PKG_CONFIG --exists --print-errors "ecore-x"
Package ecore-x was not found in the pkg-config search path.
Perhaps you should add the directory containing `ecore-x.pc'
to the PKG_CONFIG_PATH environment variable
No package 'ecore-x' found
configure:4709: $? = 1
configure:4722: result: no
No package 'ecore-x' found
configure:4772: checking how to run the C preprocessor
configure:4803: powerpc64-ps3-elf-gcc -E -I/media/ps3dev/ps3dev/libpsl1ght/ppu/include -I/media/ps3dev/ps3dev/portlibs/ppu/include conftest.c
configure:4803: $? = 0
configure:4817: powerpc64-ps3-elf-gcc -E -I/media/ps3dev/ps3dev/libpsl1ght/ppu/include -I/media/ps3dev/ps3dev/portlibs/ppu/include conftest.c
conftest.c:11:28: fatal error: ac_nonexistent.h: No such file or directory
compilation terminated.
configure:4817: $? = 1
configure: failed program was:
| /* confdefs.h */
| #define PACKAGE_NAME "eskiss"
| #define PACKAGE_TARNAME "eskiss"
| #define PACKAGE_VERSION "0.0.2.v_rev"
| #define PACKAGE_STRING "eskiss 0.0.2.v_rev"
| #define PACKAGE_BUGREPORT "enlightenment-devel@lists.sourceforge.net"
| #define PACKAGE_URL ""
| #define PACKAGE "eskiss"
| #define VERSION "0.0.2.v_rev"
| /* end confdefs.h.  */
| #include <ac_nonexistent.h>
configure:4842: result: powerpc64-ps3-elf-gcc -E
configure:4862: powerpc64-ps3-elf-gcc -E -I/media/ps3dev/ps3dev/libpsl1ght/ppu/include -I/media/ps3dev/ps3dev/portlibs/ppu/include conftest.c
configure:4862: $? = 0
configure:4876: powerpc64-ps3-elf-gcc -E -I/media/ps3dev/ps3dev/libpsl1ght/ppu/include -I/media/ps3dev/ps3dev/portlibs/ppu/include conftest.c
conftest.c:11:28: fatal error: ac_nonexistent.h: No such file or directory
compilation terminated.
configure:4876: $? = 1
configure: failed program was:
| /* confdefs.h */
| #define PACKAGE_NAME "eskiss"
| #define PACKAGE_TARNAME "eskiss"
| #define PACKAGE_VERSION "0.0.2.v_rev"
| #define PACKAGE_STRING "eskiss 0.0.2.v_rev"
| #define PACKAGE_BUGREPORT "enlightenment-devel@lists.sourceforge.net"
| #define PACKAGE_URL ""
| #define PACKAGE "eskiss"
| #define VERSION "0.0.2.v_rev"
| /* end confdefs.h.  */
| #include <ac_nonexistent.h>
configure:4905: checking for grep that handles long lines and -e
configure:4963: result: /bin/grep
configure:4968: checking for egrep
configure:5030: result: /bin/grep -E
configure:5035: checking for ANSI C header files
configure:5055: powerpc64-ps3-elf-gcc -c -g -O3 -O2 -Wall -mcpu=cell -I/media/ps3dev/ps3dev/libpsl1ght/ppu/include -I/media/ps3dev/ps3dev/portlibs/ppu/include -mminimal-toc  -I/media/ps3dev/ps3dev/libpsl1ght/ppu/include -I/media/ps3dev/ps3dev/portlibs/ppu/include conftest.c >&5
configure:5055: $? = 0
configure:5139: result: yes
configure:5152: checking for sys/types.h
configure:5152: powerpc64-ps3-elf-gcc -c -g -O3 -O2 -Wall -mcpu=cell -I/media/ps3dev/ps3dev/libpsl1ght/ppu/include -I/media/ps3dev/ps3dev/portlibs/ppu/include -mminimal-toc  -I/media/ps3dev/ps3dev/libpsl1ght/ppu/include -I/media/ps3dev/ps3dev/portlibs/ppu/include conftest.c >&5
configure:5152: $? = 0
configure:5152: result: yes
configure:5152: checking for sys/stat.h
configure:5152: powerpc64-ps3-elf-gcc -c -g -O3 -O2 -Wall -mcpu=cell -I/media/ps3dev/ps3dev/libpsl1ght/ppu/include -I/media/ps3dev/ps3dev/portlibs/ppu/include -mminimal-toc  -I/media/ps3dev/ps3dev/libpsl1ght/ppu/include -I/media/ps3dev/ps3dev/portlibs/ppu/include conftest.c >&5
configure:5152: $? = 0
configure:5152: result: yes
configure:5152: checking for stdlib.h
configure:5152: powerpc64-ps3-elf-gcc -c -g -O3 -O2 -Wall -mcpu=cell -I/media/ps3dev/ps3dev/libpsl1ght/ppu/include -I/media/ps3dev/ps3dev/portlibs/ppu/include -mminimal-toc  -I/media/ps3dev/ps3dev/libpsl1ght/ppu/include -I/media/ps3dev/ps3dev/portlibs/ppu/include conftest.c >&5
configure:5152: $? = 0
configure:5152: result: yes
configure:5152: checking for string.h
configure:5152: powerpc64-ps3-elf-gcc -c -g -O3 -O2 -Wall -mcpu=cell -I/media/ps3dev/ps3dev/libpsl1ght/ppu/include -I/media/ps3dev/ps3dev/portlibs/ppu/include -mminimal-toc  -I/media/ps3dev/ps3dev/libpsl1ght/ppu/include -I/media/ps3dev/ps3dev/portlibs/ppu/include conftest.c >&5
configure:5152: $? = 0
configure:5152: result: yes
configure:5152: checking for memory.h
configure:5152: powerpc64-ps3-elf-gcc -c -g -O3 -O2 -Wall -mcpu=cell -I/media/ps3dev/ps3dev/libpsl1ght/ppu/include -I/media/ps3dev/ps3dev/portlibs/ppu/include -mminimal-toc  -I/media/ps3dev/ps3dev/libpsl1ght/ppu/include -I/media/ps3dev/ps3dev/portlibs/ppu/include conftest.c >&5
conftest.c:50:20: fatal error: memory.h: No such file or directory
compilation terminated.
configure:5152: $? = 1
configure: failed program was:
| /* confdefs.h */
| #define PACKAGE_NAME "eskiss"
| #define PACKAGE_TARNAME "eskiss"
| #define PACKAGE_VERSION "0.0.2.v_rev"
| #define PACKAGE_STRING "eskiss 0.0.2.v_rev"
| #define PACKAGE_BUGREPORT "enlightenment-devel@lists.sourceforge.net"
| #define PACKAGE_URL ""
| #define PACKAGE "eskiss"
| #define VERSION "0.0.2.v_rev"
| #define STDC_HEADERS 1
| #define HAVE_SYS_TYPES_H 1
| #define HAVE_SYS_STAT_H 1
| #define HAVE_STDLIB_H 1
| #define HAVE_STRING_H 1
| /* end confdefs.h.  */
| #include <stdio.h>
| #ifdef HAVE_SYS_TYPES_H
| # include <sys/types.h>
| #endif
| #ifdef HAVE_SYS_STAT_H
| # include <sys/stat.h>
| #endif
| #ifdef STDC_HEADERS
| # include <stdlib.h>
| # include <stddef.h>
| #else
| # ifdef HAVE_STDLIB_H
| #  include <stdlib.h>
| # endif
| #endif
| #ifdef HAVE_STRING_H
| # if !defined STDC_HEADERS && defined HAVE_MEMORY_H
| #  include <memory.h>
| # endif
| # include <string.h>
| #endif
| #ifdef HAVE_STRINGS_H
| # include <strings.h>
| #endif
| #ifdef HAVE_INTTYPES_H
| # include <inttypes.h>
| #endif
| #ifdef HAVE_STDINT_H
| # include <stdint.h>
| #endif
| #ifdef HAVE_UNISTD_H
| # include <unistd.h>
| #endif
| 
| #include <memory.h>
configure:5152: result: no
configure:5152: checking for strings.h
configure:5152: powerpc64-ps3-elf-gcc -c -g -O3 -O2 -Wall -mcpu=cell -I/media/ps3dev/ps3dev/libpsl1ght/ppu/include -I/media/ps3dev/ps3dev/portlibs/ppu/include -mminimal-toc  -I/media/ps3dev/ps3dev/libpsl1ght/ppu/include -I/media/ps3dev/ps3dev/portlibs/ppu/include conftest.c >&5
configure:5152: $? = 0
configure:5152: result: yes
configure:5152: checking for inttypes.h
configure:5152: powerpc64-ps3-elf-gcc -c -g -O3 -O2 -Wall -mcpu=cell -I/media/ps3dev/ps3dev/libpsl1ght/ppu/include -I/media/ps3dev/ps3dev/portlibs/ppu/include -mminimal-toc  -I/media/ps3dev/ps3dev/libpsl1ght/ppu/include -I/media/ps3dev/ps3dev/portlibs/ppu/include conftest.c >&5
configure:5152: $? = 0
configure:5152: result: yes
configure:5152: checking for stdint.h
configure:5152: powerpc64-ps3-elf-gcc -c -g -O3 -O2 -Wall -mcpu=cell -I/media/ps3dev/ps3dev/libpsl1ght/ppu/include -I/media/ps3dev/ps3dev/portlibs/ppu/include -mminimal-toc  -I/media/ps3dev/ps3dev/libpsl1ght/ppu/include -I/media/ps3dev/ps3dev/portlibs/ppu/include conftest.c >&5
configure:5152: $? = 0
configure:5152: result: yes
configure:5152: checking for unistd.h
configure:5152: powerpc64-ps3-elf-gcc -c -g -O3 -O2 -Wall -mcpu=cell -I/media/ps3dev/ps3dev/libpsl1ght/ppu/include -I/media/ps3dev/ps3dev/portlibs/ppu/include -mminimal-toc  -I/media/ps3dev/ps3dev/libpsl1ght/ppu/include -I/media/ps3dev/ps3dev/portlibs/ppu/include conftest.c >&5
configure:5152: $? = 0
configure:5152: result: yes
configure:5164: checking chipmunk/chipmunk.h usability
configure:5164: powerpc64-ps3-elf-gcc -c -g -O3 -O2 -Wall -mcpu=cell -I/media/ps3dev/ps3dev/libpsl1ght/ppu/include -I/media/ps3dev/ps3dev/portlibs/ppu/include -mminimal-toc  -I/media/ps3dev/ps3dev/libpsl1ght/ppu/include -I/media/ps3dev/ps3dev/portlibs/ppu/include conftest.c >&5
configure:5164: $? = 0
configure:5164: result: yes
configure:5164: checking chipmunk/chipmunk.h presence
configure:5164: powerpc64-ps3-elf-gcc -E -I/media/ps3dev/ps3dev/libpsl1ght/ppu/include -I/media/ps3dev/ps3dev/portlibs/ppu/include conftest.c
configure:5164: $? = 0
configure:5164: result: yes
configure:5164: checking for chipmunk/chipmunk.h
configure:5164: result: yes
configure:5182: checking whether powerpc64-ps3-elf-gcc and cc understand -c and -o together
configure:5213: powerpc64-ps3-elf-gcc -c conftest.c -o conftest2.o >&5
configure:5217: $? = 0
configure:5223: powerpc64-ps3-elf-gcc -c conftest.c -o conftest2.o >&5
configure:5227: $? = 0
configure:5238: cc -c conftest.c >&5
configure:5242: $? = 0
configure:5250: cc -c conftest.c -o conftest2.o >&5
configure:5254: $? = 0
configure:5260: cc -c conftest.c -o conftest2.o >&5
configure:5264: $? = 0
configure:5282: result: yes
configure:5307: checking for an ANSI C-conforming const
configure:5372: powerpc64-ps3-elf-gcc -c -g -O3 -O2 -Wall -mcpu=cell -I/media/ps3dev/ps3dev/libpsl1ght/ppu/include -I/media/ps3dev/ps3dev/portlibs/ppu/include -mminimal-toc  -I/media/ps3dev/ps3dev/libpsl1ght/ppu/include -I/media/ps3dev/ps3dev/portlibs/ppu/include conftest.c >&5
conftest.c: In function 'main':
conftest.c:49:10: warning: 't' is used uninitialized in this function
conftest.c:65:23: warning: 'b' is used uninitialized in this function
configure:5372: $? = 0
configure:5379: result: yes
configure:5387: checking for inline
configure:5403: powerpc64-ps3-elf-gcc -c -g -O3 -O2 -Wall -mcpu=cell -I/media/ps3dev/ps3dev/libpsl1ght/ppu/include -I/media/ps3dev/ps3dev/portlibs/ppu/include -mminimal-toc  -I/media/ps3dev/ps3dev/libpsl1ght/ppu/include -I/media/ps3dev/ps3dev/portlibs/ppu/include conftest.c >&5
configure:5403: $? = 0
configure:5411: result: inline
configure:5433: checking for powerpc64-ps3-elf-gcc option to accept ISO C99
configure:5582: powerpc64-ps3-elf-gcc  -c -g -O3 -O2 -Wall -mcpu=cell -I/media/ps3dev/ps3dev/libpsl1ght/ppu/include -I/media/ps3dev/ps3dev/portlibs/ppu/include -mminimal-toc  -I/media/ps3dev/ps3dev/libpsl1ght/ppu/include -I/media/ps3dev/ps3dev/portlibs/ppu/include conftest.c >&5
conftest.c:70:29: error: expected ';', ',' or ')' before 'text'
conftest.c: In function 'main':
conftest.c:122:3: warning: implicit declaration of function 'test_restrict'
conftest.c:124:18: error: expected '=', ',', ';', 'asm' or '__attribute__' before 'newvar'
conftest.c:124:18: error: 'newvar' undeclared (first use in this function)
conftest.c:124:18: note: each undeclared identifier is reported only once for each function it appears in
conftest.c:134:3: error: 'for' loop initial declarations are only allowed in C99 mode
conftest.c:134:3: note: use option -std=c99 or -std=gnu99 to compile your code
configure:5582: $? = 1
configure: failed program was:
| /* confdefs.h */
| #define PACKAGE_NAME "eskiss"
| #define PACKAGE_TARNAME "eskiss"
| #define PACKAGE_VERSION "0.0.2.v_rev"
| #define PACKAGE_STRING "eskiss 0.0.2.v_rev"
| #define PACKAGE_BUGREPORT "enlightenment-devel@lists.sourceforge.net"
| #define PACKAGE_URL ""
| #define PACKAGE "eskiss"
| #define VERSION "0.0.2.v_rev"
| #define STDC_HEADERS 1
| #define HAVE_SYS_TYPES_H 1
| #define HAVE_SYS_STAT_H 1
| #define HAVE_STDLIB_H 1
| #define HAVE_STRING_H 1
| #define HAVE_STRINGS_H 1
| #define HAVE_INTTYPES_H 1
| #define HAVE_STDINT_H 1
| #define HAVE_UNISTD_H 1
| /* end confdefs.h.  */
| #include <stdarg.h>
| #include <stdbool.h>
| #include <stdlib.h>
| #include <wchar.h>
| #include <stdio.h>
| 
| // Check varargs macros.  These examples are taken from C99 6.10.3.5.
| #define debug(...) fprintf (stderr, __VA_ARGS__)
| #define showlist(...) puts (#__VA_ARGS__)
| #define report(test,...) ((test) ? puts (#test) : printf (__VA_ARGS__))
| static void
| test_varargs_macros (void)
| {
|   int x = 1234;
|   int y = 5678;
|   debug ("Flag");
|   debug ("X = %d\n", x);
|   showlist (The first, second, and third items.);
|   report (x>y, "x is %d but y is %d", x, y);
| }
| 
| // Check long long types.
| #define BIG64 18446744073709551615ull
| #define BIG32 4294967295ul
| #define BIG_OK (BIG64 / BIG32 == 4294967297ull && BIG64 % BIG32 == 0)
| #if !BIG_OK
|   your preprocessor is broken;
| #endif
| #if BIG_OK
| #else
|   your preprocessor is broken;
| #endif
| static long long int bignum = -9223372036854775807LL;
| static unsigned long long int ubignum = BIG64;
| 
| struct incomplete_array
| {
|   int datasize;
|   double data[];
| };
| 
| struct named_init {
|   int number;
|   const wchar_t *name;
|   double average;
| };
| 
| typedef const char *ccp;
| 
| static inline int
| test_restrict (ccp restrict text)
| {
|   // See if C++-style comments work.
|   // Iterate through items via the restricted pointer.
|   // Also check for declarations in for loops.
|   for (unsigned int i = 0; *(text+i) != '\0'; ++i)
|     continue;
|   return 0;
| }
| 
| // Check varargs and va_copy.
| static void
| test_varargs (const char *format, ...)
| {
|   va_list args;
|   va_start (args, format);
|   va_list args_copy;
|   va_copy (args_copy, args);
| 
|   const char *str;
|   int number;
|   float fnumber;
| 
|   while (*format)
|     {
|       switch (*format++)
| 	{
| 	case 's': // string
| 	  str = va_arg (args_copy, const char *);
| 	  break;
| 	case 'd': // int
| 	  number = va_arg (args_copy, int);
| 	  break;
| 	case 'f': // float
| 	  fnumber = va_arg (args_copy, double);
| 	  break;
| 	default:
| 	  break;
| 	}
|     }
|   va_end (args_copy);
|   va_end (args);
| }
| 
| int
| main ()
| {
| 
|   // Check bool.
|   _Bool success = false;
| 
|   // Check restrict.
|   if (test_restrict ("String literal") == 0)
|     success = true;
|   char *restrict newvar = "Another string";
| 
|   // Check varargs.
|   test_varargs ("s, d' f .", "string", 65, 34.234);
|   test_varargs_macros ();
| 
|   // Check flexible array members.
|   struct incomplete_array *ia =
|     malloc (sizeof (struct incomplete_array) + (sizeof (double) * 10));
|   ia->datasize = 10;
|   for (int i = 0; i < ia->datasize; ++i)
|     ia->data[i] = i * 1.234;
| 
|   // Check named initializers.
|   struct named_init ni = {
|     .number = 34,
|     .name = L"Test wide string",
|     .average = 543.34343,
|   };
| 
|   ni.number = 58;
| 
|   int dynamic_array[ni.number];
|   dynamic_array[ni.number - 1] = 543;
| 
|   // work around unused variable warnings
|   return (!success || bignum == 0LL || ubignum == 0uLL || newvar[0] == 'x'
| 	  || dynamic_array[ni.number - 1] != 543);
| 
|   ;
|   return 0;
| }
configure:5582: powerpc64-ps3-elf-gcc -std=gnu99 -c -g -O3 -O2 -Wall -mcpu=cell -I/media/ps3dev/ps3dev/libpsl1ght/ppu/include -I/media/ps3dev/ps3dev/portlibs/ppu/include -mminimal-toc  -I/media/ps3dev/ps3dev/libpsl1ght/ppu/include -I/media/ps3dev/ps3dev/portlibs/ppu/include conftest.c >&5
configure:5582: $? = 0
configure:5602: result: -std=gnu99
configure:5704: checking for powerpc64-ps3-elf-gcc -std=gnu99 option to accept ISO Standard C
configure:5718: result: -std=gnu99
configure:5732: checking for PATH_MAX in limits.h
configure:5749: powerpc64-ps3-elf-gcc -std=gnu99 -c -g -O3 -O2 -Wall -mcpu=cell -I/media/ps3dev/ps3dev/libpsl1ght/ppu/include -I/media/ps3dev/ps3dev/portlibs/ppu/include -mminimal-toc  -I/media/ps3dev/ps3dev/libpsl1ght/ppu/include -I/media/ps3dev/ps3dev/portlibs/ppu/include conftest.c >&5
conftest.c: In function 'main':
conftest.c:27:9: error: 'PATH_MAX' undeclared (first use in this function)
conftest.c:27:9: note: each undeclared identifier is reported only once for each function it appears in
conftest.c:27:5: warning: unused variable 'i'
configure:5749: $? = 1
configure: failed program was:
| /* confdefs.h */
| #define PACKAGE_NAME "eskiss"
| #define PACKAGE_TARNAME "eskiss"
| #define PACKAGE_VERSION "0.0.2.v_rev"
| #define PACKAGE_STRING "eskiss 0.0.2.v_rev"
| #define PACKAGE_BUGREPORT "enlightenment-devel@lists.sourceforge.net"
| #define PACKAGE_URL ""
| #define PACKAGE "eskiss"
| #define VERSION "0.0.2.v_rev"
| #define STDC_HEADERS 1
| #define HAVE_SYS_TYPES_H 1
| #define HAVE_SYS_STAT_H 1
| #define HAVE_STDLIB_H 1
| #define HAVE_STRING_H 1
| #define HAVE_STRINGS_H 1
| #define HAVE_INTTYPES_H 1
| #define HAVE_STDINT_H 1
| #define HAVE_UNISTD_H 1
| /* end confdefs.h.  */
| 
| #include <limits.h>
| 
| int
| main ()
| {
| 
| int i = PATH_MAX;
| 
|   ;
|   return 0;
| }
configure:5759: result: no: using 4096
configure:5802: powerpc64-ps3-elf-gcc -std=gnu99 -o conftest -g -O3 -O2 -Wall -mcpu=cell -I/media/ps3dev/ps3dev/libpsl1ght/ppu/include -I/media/ps3dev/ps3dev/portlibs/ppu/include -mminimal-toc  -I/media/ps3dev/ps3dev/libpsl1ght/ppu/include -I/media/ps3dev/ps3dev/portlibs/ppu/include -L/media/ps3dev/ps3dev/libpsl1ght/ppu/lib -L/media/ps3dev/ps3dev/portlibs/ppu/lib -Wl,--as-needed conftest.c  >&5
configure:5802: $? = 0
configure:5817: checking for cpInitChipmunk in -lchipmunk
configure:5842: powerpc64-ps3-elf-gcc -std=gnu99 -o conftest -g -O3 -O2 -Wall -mcpu=cell -I/media/ps3dev/ps3dev/libpsl1ght/ppu/include -I/media/ps3dev/ps3dev/portlibs/ppu/include -mminimal-toc  -I/media/ps3dev/ps3dev/libpsl1ght/ppu/include -I/media/ps3dev/ps3dev/portlibs/ppu/include -L/media/ps3dev/ps3dev/libpsl1ght/ppu/lib -L/media/ps3dev/ps3dev/portlibs/ppu/lib conftest.c -lchipmunk -lm  >&5
configure:5842: $? = 0
configure:5851: result: yes
configure:5989: creating ./config.status

## ---------------------- ##
## Running config.status. ##
## ---------------------- ##

This file was extended by eskiss config.status 0.0.2.v_rev, which was
generated by GNU Autoconf 2.67.  Invocation command line was

  CONFIG_FILES    = 
  CONFIG_HEADERS  = 
  CONFIG_LINKS    = 
  CONFIG_COMMANDS = 
  $ ./config.status 

on Linux

config.status:894: creating Makefile
config.status:894: creating data/Makefile
config.status:894: creating data/levels/Makefile
config.status:894: creating data/edje/Makefile
config.status:894: creating src/Makefile
config.status:894: creating src/bin/Makefile
config.status:894: creating config.h
config.status:1074: config.h is unchanged
config.status:1122: executing depfiles commands

## ---------------- ##
## Cache variables. ##
## ---------------- ##

ac_cv_build=i686-pc-linux-gnu
ac_cv_c_compiler_gnu=yes
ac_cv_c_const=yes
ac_cv_c_inline=inline
ac_cv_env_CC_set=set
ac_cv_env_CC_value=powerpc64-ps3-elf-gcc
ac_cv_env_CFLAGS_set=set
ac_cv_env_CFLAGS_value='-g -O3 -O2 -Wall -mcpu=cell -I/media/ps3dev/ps3dev/libpsl1ght/ppu/include -I/media/ps3dev/ps3dev/portlibs/ppu/include -mminimal-toc '
ac_cv_env_CPPFLAGS_set=set
ac_cv_env_CPPFLAGS_value='-I/media/ps3dev/ps3dev/libpsl1ght/ppu/include -I/media/ps3dev/ps3dev/portlibs/ppu/include'
ac_cv_env_CPP_set=
ac_cv_env_CPP_value=
ac_cv_env_ECORE_X_CFLAGS_set=
ac_cv_env_ECORE_X_CFLAGS_value=
ac_cv_env_ECORE_X_LIBS_set=
ac_cv_env_ECORE_X_LIBS_value=
ac_cv_env_ESKISS_CFLAGS_set=
ac_cv_env_ESKISS_CFLAGS_value=
ac_cv_env_ESKISS_LIBS_set=
ac_cv_env_ESKISS_LIBS_value=
ac_cv_env_LDFLAGS_set=set
ac_cv_env_LDFLAGS_value='-L/media/ps3dev/ps3dev/libpsl1ght/ppu/lib -L/media/ps3dev/ps3dev/portlibs/ppu/lib'
ac_cv_env_LIBS_set=
ac_cv_env_LIBS_value=
ac_cv_env_PKG_CONFIG_LIBDIR_set=set
ac_cv_env_PKG_CONFIG_LIBDIR_value=/media/ps3dev/ps3dev/libpsl1ght/ppu/lib/pkgconfig
ac_cv_env_PKG_CONFIG_PATH_set=set
ac_cv_env_PKG_CONFIG_PATH_value=/media/ps3dev/ps3dev/portlibs/ppu/lib/pkgconfig
ac_cv_env_PKG_CONFIG_set=set
ac_cv_env_PKG_CONFIG_value='pkg-config --static'
ac_cv_env_build_alias_set=
ac_cv_env_build_alias_value=
ac_cv_env_host_alias_set=set
ac_cv_env_host_alias_value=powerpc64-ps3-elf
ac_cv_env_target_alias_set=
ac_cv_env_target_alias_value=
ac_cv_header_chipmunk_chipmunk_h=yes
ac_cv_header_inttypes_h=yes
ac_cv_header_memory_h=no
ac_cv_header_stdc=yes
ac_cv_header_stdint_h=yes
ac_cv_header_stdlib_h=yes
ac_cv_header_string_h=yes
ac_cv_header_strings_h=yes
ac_cv_header_sys_stat_h=yes
ac_cv_header_sys_types_h=yes
ac_cv_header_unistd_h=yes
ac_cv_host=powerpc64-ps3-elf
ac_cv_lib_chipmunk_cpInitChipmunk=yes
ac_cv_objext=o
ac_cv_path_EGREP='/bin/grep -E'
ac_cv_path_GREP=/bin/grep
ac_cv_path_install='/usr/bin/install -c'
ac_cv_path_mkdir=/bin/mkdir
ac_cv_prog_AWK=mawk
ac_cv_prog_CC=powerpc64-ps3-elf-gcc
ac_cv_prog_CPP='powerpc64-ps3-elf-gcc -E'
ac_cv_prog_STRIP=powerpc64-ps3-elf-strip
ac_cv_prog_cc_c89=
ac_cv_prog_cc_c99=-std=gnu99
ac_cv_prog_cc_g=yes
ac_cv_prog_cc_powerpc64_ps3_elf_gcc_c_o=yes
ac_cv_prog_cc_stdc=-std=gnu99
ac_cv_prog_efl_have_doxygen=no
ac_cv_prog_make_make_set=yes
ac_cv_search_strerror='none required'
am_cv_CC_dependencies_compiler_type=gcc3
pkg_cv_ESKISS_CFLAGS='-I/media/ps3dev/ps3dev/portlibs/ppu/include/edje-1 -I/media/ps3dev/ps3dev/portlibs/ppu/include/ecore-1 -I/media/ps3dev/ps3dev/portlibs/ppu/include -I/media/ps3dev/ps3dev/portlibs/ppu/include/embryo-1 -I/media/ps3dev/ps3dev/portlibs/ppu/include/evas-1 -I/media/ps3dev/ps3dev/portlibs/ppu/include/eet-1 -I/media/ps3dev/ps3dev/portlibs/ppu/include/eina-1 -I/media/ps3dev/ps3dev/portlibs/ppu/include/eina-1/eina -I/media/ps3dev/ps3dev/portlibs/ppu/include/escape-0 -I/media/20GB/usr/local/ps3dev/portlibs/ppu/include/libpng14 -I/media/20GB/usr/local/ps3dev/portlibs/ppu/include/SDL -I/media/20GB/usr/local/ps3dev/portlibs/ppu/include/freetype2 -I/media/20GB/usr/local/ps3dev/portlibs/ppu/include  '
pkg_cv_ESKISS_LIBS='-L/media/ps3dev/ps3dev/portlibs/ppu/lib -L/media/20GB/usr/local/ps3dev/portlibs/ppu/lib -ledje -lecore_imf_evas -llua -lembryo -lecore_imf -lecore_evas -lecore_psl1ght -lgem -lcamera -lspurs -lecore_sdl -lecore_input_evas -lecore_input -lecore_file -lecore_con -lcares -lcurl -lecore -levas -lpng14 -lSDL -lgcm_sys -lrsx -lsysutil -lrt -llv2 -lio -laudio -lfontconfig -lexpat -lfreetype -leet -ljpeg -lz -leina -lescape -lm -lnet -lsysmodule -liberty  '

## ----------------- ##
## Output variables. ##
## ----------------- ##

ACLOCAL='${SHELL} /home/wargio/efl/eskiss/missing --run aclocal-1.11'
AMDEPBACKSLASH='\'
AMDEP_FALSE='#'
AMDEP_TRUE=''
AMTAR='${SHELL} /home/wargio/efl/eskiss/missing --run tar'
AM_BACKSLASH='\'
AM_DEFAULT_VERBOSITY='0'
AUTOCONF='${SHELL} /home/wargio/efl/eskiss/missing --run autoconf'
AUTOHEADER='${SHELL} /home/wargio/efl/eskiss/missing --run autoheader'
AUTOMAKE='${SHELL} /home/wargio/efl/eskiss/missing --run automake-1.11'
AWK='mawk'
CC='powerpc64-ps3-elf-gcc -std=gnu99'
CCDEPMODE='depmode=gcc3'
CFLAGS='-g -O3 -O2 -Wall -mcpu=cell -I/media/ps3dev/ps3dev/libpsl1ght/ppu/include -I/media/ps3dev/ps3dev/portlibs/ppu/include -mminimal-toc '
CPP='powerpc64-ps3-elf-gcc -E'
CPPFLAGS='-I/media/ps3dev/ps3dev/libpsl1ght/ppu/include -I/media/ps3dev/ps3dev/portlibs/ppu/include'
CYGPATH_W='echo'
DEFS='-DHAVE_CONFIG_H'
DEPDIR='.deps'
ECHO_C=''
ECHO_N='-n'
ECHO_T=''
ECORE_X_CFLAGS=''
ECORE_X_LIBS=''
EFL_BUILD_DOC_FALSE=''
EFL_BUILD_DOC_TRUE='#'
EGREP='/bin/grep -E'
ESKISS_CFLAGS='-I/media/ps3dev/ps3dev/portlibs/ppu/include/edje-1 -I/media/ps3dev/ps3dev/portlibs/ppu/include/ecore-1 -I/media/ps3dev/ps3dev/portlibs/ppu/include -I/media/ps3dev/ps3dev/portlibs/ppu/include/embryo-1 -I/media/ps3dev/ps3dev/portlibs/ppu/include/evas-1 -I/media/ps3dev/ps3dev/portlibs/ppu/include/eet-1 -I/media/ps3dev/ps3dev/portlibs/ppu/include/eina-1 -I/media/ps3dev/ps3dev/portlibs/ppu/include/eina-1/eina -I/media/ps3dev/ps3dev/portlibs/ppu/include/escape-0 -I/media/20GB/usr/local/ps3dev/portlibs/ppu/include/libpng14 -I/media/20GB/usr/local/ps3dev/portlibs/ppu/include/SDL -I/media/20GB/usr/local/ps3dev/portlibs/ppu/include/freetype2 -I/media/20GB/usr/local/ps3dev/portlibs/ppu/include  '
ESKISS_LIBS='-L/media/ps3dev/ps3dev/portlibs/ppu/lib -L/media/20GB/usr/local/ps3dev/portlibs/ppu/lib -ledje -lecore_imf_evas -llua -lembryo -lecore_imf -lecore_evas -lecore_psl1ght -lgem -lcamera -lspurs -lecore_sdl -lecore_input_evas -lecore_input -lecore_file -lecore_con -lcares -lcurl -lecore -levas -lpng14 -lSDL -lgcm_sys -lrsx -lsysutil -lrt -llv2 -lio -laudio -lfontconfig -lexpat -lfreetype -leet -ljpeg -lz -leina -lescape -lm -lnet -lsysmodule -liberty   -lchipmunk'
EXEEXT=''
GREP='/bin/grep'
HAVE_ECORE_X_FALSE=''
HAVE_ECORE_X_TRUE='#'
INSTALL_DATA='${INSTALL} -m 644'
INSTALL_PROGRAM='${INSTALL}'
INSTALL_SCRIPT='${INSTALL}'
INSTALL_STRIP_PROGRAM='$(install_sh) -c -s'
LDFLAGS='-L/media/ps3dev/ps3dev/libpsl1ght/ppu/lib -L/media/ps3dev/ps3dev/portlibs/ppu/lib'
LIBOBJS=''
LIBS=''
LTLIBOBJS=''
MAKEINFO='${SHELL} /home/wargio/efl/eskiss/missing --run makeinfo'
MKDIR_P='/bin/mkdir -p'
OBJEXT='o'
PACKAGE='eskiss'
PACKAGE_BUGREPORT='enlightenment-devel@lists.sourceforge.net'
PACKAGE_NAME='eskiss'
PACKAGE_STRING='eskiss 0.0.2.v_rev'
PACKAGE_TARNAME='eskiss'
PACKAGE_URL=''
PACKAGE_VERSION='0.0.2.v_rev'
PATH_SEPARATOR=':'
PKG_CONFIG='pkg-config --static'
PKG_CONFIG_LIBDIR='/media/ps3dev/ps3dev/libpsl1ght/ppu/lib/pkgconfig'
PKG_CONFIG_PATH='/media/ps3dev/ps3dev/portlibs/ppu/lib/pkgconfig'
SET_MAKE=''
SHELL='/bin/bash'
STRIP='powerpc64-ps3-elf-strip'
VERSION='0.0.2.v_rev'
ac_ct_CC=''
am__EXEEXT_FALSE=''
am__EXEEXT_TRUE='#'
am__fastdepCC_FALSE='#'
am__fastdepCC_TRUE=''
am__include='include'
am__isrc=''
am__leading_dot='.'
am__quote=''
am__tar='${AMTAR} chof - "$$tardir"'
am__untar='${AMTAR} xf -'
bindir='${exec_prefix}/bin'
build='i686-pc-linux-gnu'
build_alias=''
build_cpu='i686'
build_os='linux-gnu'
build_vendor='pc'
datadir='/dev_hdd0/game/ESKISS_00/USRDIR'
datarootdir='${prefix}/share'
docdir='${datarootdir}/doc/${PACKAGE_TARNAME}'
dvidir='${docdir}'
edje_cc='/media/ps3dev/ps3dev/portlibs/ppu/bin/edje_cc'
efl_doxygen='doxygen'
efl_have_doxygen='no'
exec_prefix='${prefix}'
host='powerpc64-ps3-elf'
host_alias='powerpc64-ps3-elf'
host_cpu='powerpc64'
host_os='elf'
host_vendor='ps3'
htmldir='${docdir}'
includedir='/media/ps3dev/ps3dev/portlibs/ppu/include'
infodir='${datarootdir}/info'
install_sh='${SHELL} /home/wargio/efl/eskiss/install-sh'
ld_as_needed='-Wl,--as-needed'
libdir='/media/ps3dev/ps3dev/portlibs/ppu/lib'
libexecdir='${exec_prefix}/libexec'
localedir='${datarootdir}/locale'
localstatedir='${prefix}/var'
lt_enable_auto_import=''
mandir='${datarootdir}/man'
mkdir_p='/bin/mkdir -p'
oldincludedir='/usr/include'
pdfdir='${docdir}'
prefix='/media/ps3dev/ps3dev/portlibs/ppu'
program_transform_name='s,x,x,'
psdir='${docdir}'
sbindir='${exec_prefix}/sbin'
sharedstatedir='${prefix}/com'
sysconfdir='${prefix}/etc'
target_alias=''

## ----------- ##
## confdefs.h. ##
## ----------- ##

/* confdefs.h */
#define PACKAGE_NAME "eskiss"
#define PACKAGE_TARNAME "eskiss"
#define PACKAGE_VERSION "0.0.2.v_rev"
#define PACKAGE_STRING "eskiss 0.0.2.v_rev"
#define PACKAGE_BUGREPORT "enlightenment-devel@lists.sourceforge.net"
#define PACKAGE_URL ""
#define PACKAGE "eskiss"
#define VERSION "0.0.2.v_rev"
#define STDC_HEADERS 1
#define HAVE_SYS_TYPES_H 1
#define HAVE_SYS_STAT_H 1
#define HAVE_STDLIB_H 1
#define HAVE_STRING_H 1
#define HAVE_STRINGS_H 1
#define HAVE_INTTYPES_H 1
#define HAVE_STDINT_H 1
#define HAVE_UNISTD_H 1
#define PATH_MAX 4096

configure: exit 0
