This file contains any messages produced by compilers while
running configure, to aid debugging if configure makes a mistake.

It was created by expedite configure 1.1.1, which was
generated by GNU Autoconf 2.67.  Invocation command line was

  $ ./configure --prefix=/media/ps3dev/ps3dev/portlibs/ppu --host=powerpc64-ps3-elf --includedir=/media/ps3dev/ps3dev/portlibs/ppu/include --libdir=/media/ps3dev/ps3dev/portlibs/ppu/lib --datadir=/dev_hdd0/game/EXPEDITE_/USRDIR/

## --------- ##
## Platform. ##
## --------- ##

hostname = Linux
uname -m = i686
uname -r = 2.6.35-32-generic
uname -s = Linux
uname -v = #67-Ubuntu SMP Mon Mar 5 19:35:26 UTC 2012

/usr/bin/uname -p = unknown
/bin/uname -X     = unknown

/bin/arch              = unknown
/usr/bin/arch -k       = unknown
/usr/convex/getsysinfo = unknown
/usr/bin/hostinfo      = unknown
/bin/machine           = unknown
/usr/bin/oslevel       = unknown
/bin/universe          = unknown

PATH: /usr/local/sbin
PATH: /usr/local/bin
PATH: /usr/sbin
PATH: /usr/bin
PATH: /sbin
PATH: /bin
PATH: /usr/games
PATH: /media/ps3dev/ps3dev/bin
PATH: /media/ps3dev/ps3dev/ppu/bin
PATH: /media/ps3dev/ps3dev/spu/bin


## ----------- ##
## Core tests. ##
## ----------- ##

configure:2461: checking build system type
configure:2475: result: i686-pc-linux-gnu
configure:2495: checking host system type
configure:2508: result: powerpc64-ps3-elf
configure:2545: checking for a BSD-compatible install
configure:2613: result: /usr/bin/install -c
configure:2624: checking whether build environment is sane
configure:2674: result: yes
configure:2723: checking for powerpc64-ps3-elf-strip
configure:2739: found /media/ps3dev/ps3dev/ppu/bin/powerpc64-ps3-elf-strip
configure:2750: result: powerpc64-ps3-elf-strip
configure:2815: checking for a thread-safe mkdir -p
configure:2854: result: /bin/mkdir -p
configure:2867: checking for gawk
configure:2897: result: no
configure:2867: checking for mawk
configure:2883: found /usr/bin/mawk
configure:2894: result: mawk
configure:2905: checking whether make sets $(MAKE)
configure:2927: result: yes
configure:3128: checking pkg-config is at least version 0.9.0
configure:3131: result: yes
configure:3169: checking whether Software X11 engine is to be built
configure:3171: result: yes
configure:3176: $PKG_CONFIG --exists --print-errors "evas-software-x11 >= 1.0.0"
Package evas-software-x11 was not found in the pkg-config search path.
Perhaps you should add the directory containing `evas-software-x11.pc'
to the PKG_CONFIG_PATH environment variable
No package 'evas-software-x11' found
configure:3179: $? = 1
configure:3193: checking whether Software X11 engine is available
configure:3195: result: no
configure:3268: checking whether XRender X11 engine is to be built
configure:3270: result: yes
configure:3275: $PKG_CONFIG --exists --print-errors "evas-xrender-x11 >= 1.0.0"
Package evas-xrender-x11 was not found in the pkg-config search path.
Perhaps you should add the directory containing `evas-xrender-x11.pc'
to the PKG_CONFIG_PATH environment variable
No package 'evas-xrender-x11' found
configure:3278: $? = 1
configure:3292: checking whether XRender X11 engine is available
configure:3294: result: no
configure:3329: checking whether OpenGL X11 engine is to be built
configure:3331: result: yes
configure:3336: $PKG_CONFIG --exists --print-errors "evas-opengl-x11 >= 1.0.0"
Package evas-opengl-x11 was not found in the pkg-config search path.
Perhaps you should add the directory containing `evas-opengl-x11.pc'
to the PKG_CONFIG_PATH environment variable
No package 'evas-opengl-x11' found
configure:3339: $? = 1
configure:3353: checking whether OpenGL X11 engine is available
configure:3355: result: no
configure:3390: checking whether XRender XCB engine is to be built
configure:3392: result: yes
configure:3397: $PKG_CONFIG --exists --print-errors "evas-xrender-xcb >= 1.0.0"
Package evas-xrender-xcb was not found in the pkg-config search path.
Perhaps you should add the directory containing `evas-xrender-xcb.pc'
to the PKG_CONFIG_PATH environment variable
No package 'evas-xrender-xcb' found
configure:3400: $? = 1
configure:3414: checking whether XRender XCB engine is available
configure:3416: result: no
configure:3451: checking whether Software GDI engine is to be built
configure:3453: result: yes
configure:3458: $PKG_CONFIG --exists --print-errors "evas-software-gdi >= 1.0.0"
Package evas-software-gdi was not found in the pkg-config search path.
Perhaps you should add the directory containing `evas-software-gdi.pc'
to the PKG_CONFIG_PATH environment variable
No package 'evas-software-gdi' found
configure:3461: $? = 1
configure:3475: checking whether Software GDI engine is available
configure:3477: result: no
configure:3513: checking whether Software DirectDraw engine is to be built
configure:3515: result: yes
configure:3520: $PKG_CONFIG --exists --print-errors "evas-software-ddraw >= 1.0.0"
Package evas-software-ddraw was not found in the pkg-config search path.
Perhaps you should add the directory containing `evas-software-ddraw.pc'
to the PKG_CONFIG_PATH environment variable
No package 'evas-software-ddraw' found
configure:3523: $? = 1
configure:3537: checking whether Software DirectDraw engine is available
configure:3539: result: no
configure:3575: checking whether Direct3D engine is to be built
configure:3577: result: yes
configure:3582: $PKG_CONFIG --exists --print-errors "evas-direct3d >= 1.0.0"
Package evas-direct3d was not found in the pkg-config search path.
Perhaps you should add the directory containing `evas-direct3d.pc'
to the PKG_CONFIG_PATH environment variable
No package 'evas-direct3d' found
configure:3585: $? = 1
configure:3599: checking whether Direct3D engine is available
configure:3601: result: no
configure:3637: checking whether Software SDL engine is to be built
configure:3639: result: yes
configure:3644: $PKG_CONFIG --exists --print-errors "evas-software-sdl >= 1.0.0"
configure:3647: $? = 0
configure:3661: checking whether Software SDL engine is available
configure:3663: result: yes
configure:3698: checking whether PSL1GHT engine is to be built
configure:3700: result: yes
configure:3705: $PKG_CONFIG --exists --print-errors "evas-psl1ght >= 1.0.0"
configure:3708: $? = 0
configure:3722: checking whether PSL1GHT engine is available
configure:3724: result: yes
configure:3759: checking whether OpenGL SDL engine is to be built
configure:3761: result: yes
configure:3766: $PKG_CONFIG --exists --print-errors "evas-opengl-sdl >= 1.0.0"
Package evas-opengl-sdl was not found in the pkg-config search path.
Perhaps you should add the directory containing `evas-opengl-sdl.pc'
to the PKG_CONFIG_PATH environment variable
No package 'evas-opengl-sdl' found
configure:3769: $? = 1
configure:3783: checking whether OpenGL SDL engine is available
configure:3785: result: no
configure:3820: checking whether Framebuffer engine is to be built
configure:3822: result: yes
configure:3827: $PKG_CONFIG --exists --print-errors "evas-fb >= 1.0.0"
Package evas-fb was not found in the pkg-config search path.
Perhaps you should add the directory containing `evas-fb.pc'
to the PKG_CONFIG_PATH environment variable
No package 'evas-fb' found
configure:3830: $? = 1
configure:3844: checking whether Framebuffer engine is available
configure:3846: result: no
configure:3881: checking whether DirectFB engine is to be built
configure:3883: result: yes
configure:3888: $PKG_CONFIG --exists --print-errors "evas-directfb >= 1.0.0"
Package evas-directfb was not found in the pkg-config search path.
Perhaps you should add the directory containing `evas-directfb.pc'
to the PKG_CONFIG_PATH environment variable
No package 'evas-directfb' found
configure:3891: $? = 1
configure:3905: checking whether DirectFB engine is available
configure:3907: result: no
configure:3942: checking whether OpenGL Cocoa engine is to be built
configure:3944: result: yes
configure:3949: $PKG_CONFIG --exists --print-errors "evas-opengl-cocoa >= 1.0.0"
Package evas-opengl-cocoa was not found in the pkg-config search path.
Perhaps you should add the directory containing `evas-opengl-cocoa.pc'
to the PKG_CONFIG_PATH environment variable
No package 'evas-opengl-cocoa' found
configure:3952: $? = 1
configure:3966: checking whether OpenGL Cocoa engine is available
configure:3968: result: no
configure:4004: checking whether Software 16 bits X11 engine is to be built
configure:4006: result: yes
configure:4011: $PKG_CONFIG --exists --print-errors "evas-software-16-x11 >= 1.0.0"
Package evas-software-16-x11 was not found in the pkg-config search path.
Perhaps you should add the directory containing `evas-software-16-x11.pc'
to the PKG_CONFIG_PATH environment variable
No package 'evas-software-16-x11' found
configure:4014: $? = 1
configure:4028: checking whether Software 16 bits X11 engine is available
configure:4030: result: no
configure:4065: checking whether Software 16 bits DirectDraw engine is to be built
configure:4067: result: yes
configure:4072: $PKG_CONFIG --exists --print-errors "evas-software-16-ddraw >= 1.0.0"
Package evas-software-16-ddraw was not found in the pkg-config search path.
Perhaps you should add the directory containing `evas-software-16-ddraw.pc'
to the PKG_CONFIG_PATH environment variable
No package 'evas-software-16-ddraw' found
configure:4075: $? = 1
configure:4089: checking whether Software 16 bits DirectDraw engine is available
configure:4091: result: no
configure:4127: checking whether Software 16 bits WinCE engine is to be built
configure:4129: result: yes
configure:4134: $PKG_CONFIG --exists --print-errors "evas-software-16-wince >= 1.0.0"
Package evas-software-16-wince was not found in the pkg-config search path.
Perhaps you should add the directory containing `evas-software-16-wince.pc'
to the PKG_CONFIG_PATH environment variable
No package 'evas-software-16-wince' found
configure:4137: $? = 1
configure:4151: checking whether Software 16 bits WinCE engine is available
configure:4153: result: no
configure:4190: checking for style of include used by make
configure:4218: result: GNU
configure:4248: checking for powerpc64-ps3-elf-gcc
configure:4275: result: powerpc64-ps3-elf-gcc
configure:4544: checking for C compiler version
configure:4553: powerpc64-ps3-elf-gcc --version >&5
powerpc64-ps3-elf-gcc (GCC) 4.5.2
Copyright (C) 2010 Free Software Foundation, Inc.
This is free software; see the source for copying conditions.  There is NO
warranty; not even for MERCHANTABILITY or FITNESS FOR A PARTICULAR PURPOSE.

configure:4564: $? = 0
configure:4553: powerpc64-ps3-elf-gcc -v >&5
Using built-in specs.
COLLECT_GCC=powerpc64-ps3-elf-gcc
COLLECT_LTO_WRAPPER=/media/ps3dev/ps3dev/ppu/bin/../libexec/gcc/powerpc64-ps3-elf/4.5.2/lto-wrapper
Target: powerpc64-ps3-elf
Configured with: ../configure --prefix=/media/20GB/usr/local/ps3dev/ppu --target=powerpc64-ps3-elf --disable-dependency-tracking --disable-libstdcxx-pch --disable-multilib --disable-nls --disable-shared --disable-win32-registry --enable-languages=c,c++,objc,obj-c++ --enable-long-double-128 --enable-lto --enable-threads --with-cpu=cell --with-newlib : (reconfigured) ../configure --prefix=/media/20GB/usr/local/ps3dev/ppu --target=powerpc64-ps3-elf --disable-dependency-tracking --disable-libstdcxx-pch --disable-multilib --disable-nls --disable-shared --disable-win32-registry --enable-languages=c,c++,objc,obj-c++ --enable-long-double-128 --enable-lto --enable-threads --with-cpu=cell --with-newlib
Thread model: single
gcc version 4.5.2 (GCC) 
configure:4564: $? = 0
configure:4553: powerpc64-ps3-elf-gcc -V >&5
powerpc64-ps3-elf-gcc: '-V' option must have argument
configure:4564: $? = 1
configure:4553: powerpc64-ps3-elf-gcc -qversion >&5
powerpc64-ps3-elf-gcc: unrecognized option '-qversion'
powerpc64-ps3-elf-gcc: no input files
configure:4564: $? = 1
configure:4584: checking whether the C compiler works
configure:4606: powerpc64-ps3-elf-gcc -g -O3 -O2 -Wall -mcpu=cell -I/media/ps3dev/ps3dev/libpsl1ght/ppu/include -I/media/ps3dev/ps3dev/portlibs/ppu/include -mminimal-toc  -I/media/ps3dev/ps3dev/libpsl1ght/ppu/include -I/media/ps3dev/ps3dev/portlibs/ppu/include -L/media/ps3dev/ps3dev/libpsl1ght/ppu/lib -L/media/ps3dev/ps3dev/portlibs/ppu/lib conftest.c  >&5
configure:4610: $? = 0
configure:4658: result: yes
configure:4661: checking for C compiler default output file name
configure:4663: result: a.out
configure:4669: checking for suffix of executables
configure:4676: powerpc64-ps3-elf-gcc -o conftest -g -O3 -O2 -Wall -mcpu=cell -I/media/ps3dev/ps3dev/libpsl1ght/ppu/include -I/media/ps3dev/ps3dev/portlibs/ppu/include -mminimal-toc  -I/media/ps3dev/ps3dev/libpsl1ght/ppu/include -I/media/ps3dev/ps3dev/portlibs/ppu/include -L/media/ps3dev/ps3dev/libpsl1ght/ppu/lib -L/media/ps3dev/ps3dev/portlibs/ppu/lib conftest.c  >&5
configure:4680: $? = 0
configure:4702: result: 
configure:4724: checking whether we are cross compiling
configure:4732: powerpc64-ps3-elf-gcc -o conftest -g -O3 -O2 -Wall -mcpu=cell -I/media/ps3dev/ps3dev/libpsl1ght/ppu/include -I/media/ps3dev/ps3dev/portlibs/ppu/include -mminimal-toc  -I/media/ps3dev/ps3dev/libpsl1ght/ppu/include -I/media/ps3dev/ps3dev/portlibs/ppu/include -L/media/ps3dev/ps3dev/libpsl1ght/ppu/lib -L/media/ps3dev/ps3dev/portlibs/ppu/lib conftest.c  >&5
configure:4736: $? = 0
configure:4743: ./conftest
./configure: line 4745: ./conftest: cannot execute binary file
configure:4747: $? = 126
configure:4762: result: yes
configure:4767: checking for suffix of object files
configure:4789: powerpc64-ps3-elf-gcc -c -g -O3 -O2 -Wall -mcpu=cell -I/media/ps3dev/ps3dev/libpsl1ght/ppu/include -I/media/ps3dev/ps3dev/portlibs/ppu/include -mminimal-toc  -I/media/ps3dev/ps3dev/libpsl1ght/ppu/include -I/media/ps3dev/ps3dev/portlibs/ppu/include conftest.c >&5
configure:4793: $? = 0
configure:4814: result: o
configure:4818: checking whether we are using the GNU C compiler
configure:4837: powerpc64-ps3-elf-gcc -c -g -O3 -O2 -Wall -mcpu=cell -I/media/ps3dev/ps3dev/libpsl1ght/ppu/include -I/media/ps3dev/ps3dev/portlibs/ppu/include -mminimal-toc  -I/media/ps3dev/ps3dev/libpsl1ght/ppu/include -I/media/ps3dev/ps3dev/portlibs/ppu/include conftest.c >&5
configure:4837: $? = 0
configure:4846: result: yes
configure:4855: checking whether powerpc64-ps3-elf-gcc accepts -g
configure:4875: powerpc64-ps3-elf-gcc -c -g -I/media/ps3dev/ps3dev/libpsl1ght/ppu/include -I/media/ps3dev/ps3dev/portlibs/ppu/include conftest.c >&5
configure:4875: $? = 0
configure:4916: result: yes
configure:4933: checking for powerpc64-ps3-elf-gcc option to accept ISO C89
configure:4997: powerpc64-ps3-elf-gcc  -c -g -O3 -O2 -Wall -mcpu=cell -I/media/ps3dev/ps3dev/libpsl1ght/ppu/include -I/media/ps3dev/ps3dev/portlibs/ppu/include -mminimal-toc  -I/media/ps3dev/ps3dev/libpsl1ght/ppu/include -I/media/ps3dev/ps3dev/portlibs/ppu/include conftest.c >&5
configure:4997: $? = 0
configure:5010: result: none needed
configure:5032: checking dependency style of powerpc64-ps3-elf-gcc
configure:5142: result: gcc3
configure:5158: checking for library containing strerror
configure:5189: powerpc64-ps3-elf-gcc -o conftest -g -O3 -O2 -Wall -mcpu=cell -I/media/ps3dev/ps3dev/libpsl1ght/ppu/include -I/media/ps3dev/ps3dev/portlibs/ppu/include -mminimal-toc  -I/media/ps3dev/ps3dev/libpsl1ght/ppu/include -I/media/ps3dev/ps3dev/portlibs/ppu/include -L/media/ps3dev/ps3dev/libpsl1ght/ppu/lib -L/media/ps3dev/ps3dev/portlibs/ppu/lib conftest.c  >&5
configure:5189: $? = 0
configure:5206: result: none required
configure:5225: checking for powerpc64-ps3-elf-gcc
configure:5241: found /media/ps3dev/ps3dev/ppu/bin/powerpc64-ps3-elf-gcc
configure:5252: result: powerpc64-ps3-elf-gcc
configure:5321: checking for Objective C compiler version
configure:5330: powerpc64-ps3-elf-gcc --version >&5
powerpc64-ps3-elf-gcc (GCC) 4.5.2
Copyright (C) 2010 Free Software Foundation, Inc.
This is free software; see the source for copying conditions.  There is NO
warranty; not even for MERCHANTABILITY or FITNESS FOR A PARTICULAR PURPOSE.

configure:5341: $? = 0
configure:5330: powerpc64-ps3-elf-gcc -v >&5
Using built-in specs.
COLLECT_GCC=powerpc64-ps3-elf-gcc
COLLECT_LTO_WRAPPER=/media/ps3dev/ps3dev/ppu/bin/../libexec/gcc/powerpc64-ps3-elf/4.5.2/lto-wrapper
Target: powerpc64-ps3-elf
Configured with: ../configure --prefix=/media/20GB/usr/local/ps3dev/ppu --target=powerpc64-ps3-elf --disable-dependency-tracking --disable-libstdcxx-pch --disable-multilib --disable-nls --disable-shared --disable-win32-registry --enable-languages=c,c++,objc,obj-c++ --enable-long-double-128 --enable-lto --enable-threads --with-cpu=cell --with-newlib : (reconfigured) ../configure --prefix=/media/20GB/usr/local/ps3dev/ppu --target=powerpc64-ps3-elf --disable-dependency-tracking --disable-libstdcxx-pch --disable-multilib --disable-nls --disable-shared --disable-win32-registry --enable-languages=c,c++,objc,obj-c++ --enable-long-double-128 --enable-lto --enable-threads --with-cpu=cell --with-newlib
Thread model: single
gcc version 4.5.2 (GCC) 
configure:5341: $? = 0
configure:5330: powerpc64-ps3-elf-gcc -V >&5
powerpc64-ps3-elf-gcc: '-V' option must have argument
configure:5341: $? = 1
configure:5330: powerpc64-ps3-elf-gcc -qversion >&5
powerpc64-ps3-elf-gcc: unrecognized option '-qversion'
powerpc64-ps3-elf-gcc: no input files
configure:5341: $? = 1
configure:5345: checking whether we are using the GNU Objective C compiler
configure:5364: powerpc64-ps3-elf-gcc -c  -I/media/ps3dev/ps3dev/libpsl1ght/ppu/include -I/media/ps3dev/ps3dev/portlibs/ppu/include conftest.m >&5
configure:5364: $? = 0
configure:5373: result: yes
configure:5382: checking whether powerpc64-ps3-elf-gcc accepts -g
configure:5402: powerpc64-ps3-elf-gcc -c -g -I/media/ps3dev/ps3dev/libpsl1ght/ppu/include -I/media/ps3dev/ps3dev/portlibs/ppu/include conftest.m >&5
configure:5402: $? = 0
configure:5443: result: yes
configure:5468: checking dependency style of powerpc64-ps3-elf-gcc
configure:5576: result: gcc3
configure:5594: checking dependency style of powerpc64-ps3-elf-gcc
configure:5702: result: gcc3
configure:5732: checking for powerpc64-ps3-elf-g++
configure:5748: found /media/ps3dev/ps3dev/ppu/bin/powerpc64-ps3-elf-g++
configure:5759: result: powerpc64-ps3-elf-g++
configure:5830: checking for C++ compiler version
configure:5839: powerpc64-ps3-elf-g++ --version >&5
powerpc64-ps3-elf-g++ (GCC) 4.5.2
Copyright (C) 2010 Free Software Foundation, Inc.
This is free software; see the source for copying conditions.  There is NO
warranty; not even for MERCHANTABILITY or FITNESS FOR A PARTICULAR PURPOSE.

configure:5850: $? = 0
configure:5839: powerpc64-ps3-elf-g++ -v >&5
Using built-in specs.
COLLECT_GCC=powerpc64-ps3-elf-g++
COLLECT_LTO_WRAPPER=/media/ps3dev/ps3dev/ppu/bin/../libexec/gcc/powerpc64-ps3-elf/4.5.2/lto-wrapper
Target: powerpc64-ps3-elf
Configured with: ../configure --prefix=/media/20GB/usr/local/ps3dev/ppu --target=powerpc64-ps3-elf --disable-dependency-tracking --disable-libstdcxx-pch --disable-multilib --disable-nls --disable-shared --disable-win32-registry --enable-languages=c,c++,objc,obj-c++ --enable-long-double-128 --enable-lto --enable-threads --with-cpu=cell --with-newlib : (reconfigured) ../configure --prefix=/media/20GB/usr/local/ps3dev/ppu --target=powerpc64-ps3-elf --disable-dependency-tracking --disable-libstdcxx-pch --disable-multilib --disable-nls --disable-shared --disable-win32-registry --enable-languages=c,c++,objc,obj-c++ --enable-long-double-128 --enable-lto --enable-threads --with-cpu=cell --with-newlib
Thread model: single
gcc version 4.5.2 (GCC) 
configure:5850: $? = 0
configure:5839: powerpc64-ps3-elf-g++ -V >&5
powerpc64-ps3-elf-g++: '-V' option must have argument
configure:5850: $? = 1
configure:5839: powerpc64-ps3-elf-g++ -qversion >&5
powerpc64-ps3-elf-g++: unrecognized option '-qversion'
powerpc64-ps3-elf-g++: no input files
configure:5850: $? = 1
configure:5854: checking whether we are using the GNU C++ compiler
configure:5873: powerpc64-ps3-elf-g++ -c -I/media/ps3dev/ps3dev/libpsl1ght/ppu/include -I/media/ps3dev/ps3dev/portlibs/ppu/include -I/media/ps3dev/ps3dev/libpsl1ght/ppu/include -I/media/ps3dev/ps3dev/portlibs/ppu/include conftest.cpp >&5
configure:5873: $? = 0
configure:5882: result: yes
configure:5891: checking whether powerpc64-ps3-elf-g++ accepts -g
configure:5911: powerpc64-ps3-elf-g++ -c -g -I/media/ps3dev/ps3dev/libpsl1ght/ppu/include -I/media/ps3dev/ps3dev/portlibs/ppu/include conftest.cpp >&5
configure:5911: $? = 0
configure:5952: result: yes
configure:5977: checking dependency style of powerpc64-ps3-elf-g++
configure:6087: result: gcc3
configure:6110: checking for powerpc64-ps3-elf-gcc
configure:6137: result: powerpc64-ps3-elf-gcc
configure:6406: checking for C compiler version
configure:6415: powerpc64-ps3-elf-gcc --version >&5
powerpc64-ps3-elf-gcc (GCC) 4.5.2
Copyright (C) 2010 Free Software Foundation, Inc.
This is free software; see the source for copying conditions.  There is NO
warranty; not even for MERCHANTABILITY or FITNESS FOR A PARTICULAR PURPOSE.

configure:6426: $? = 0
configure:6415: powerpc64-ps3-elf-gcc -v >&5
Using built-in specs.
COLLECT_GCC=powerpc64-ps3-elf-gcc
COLLECT_LTO_WRAPPER=/media/ps3dev/ps3dev/ppu/bin/../libexec/gcc/powerpc64-ps3-elf/4.5.2/lto-wrapper
Target: powerpc64-ps3-elf
Configured with: ../configure --prefix=/media/20GB/usr/local/ps3dev/ppu --target=powerpc64-ps3-elf --disable-dependency-tracking --disable-libstdcxx-pch --disable-multilib --disable-nls --disable-shared --disable-win32-registry --enable-languages=c,c++,objc,obj-c++ --enable-long-double-128 --enable-lto --enable-threads --with-cpu=cell --with-newlib : (reconfigured) ../configure --prefix=/media/20GB/usr/local/ps3dev/ppu --target=powerpc64-ps3-elf --disable-dependency-tracking --disable-libstdcxx-pch --disable-multilib --disable-nls --disable-shared --disable-win32-registry --enable-languages=c,c++,objc,obj-c++ --enable-long-double-128 --enable-lto --enable-threads --with-cpu=cell --with-newlib
Thread model: single
gcc version 4.5.2 (GCC) 
configure:6426: $? = 0
configure:6415: powerpc64-ps3-elf-gcc -V >&5
powerpc64-ps3-elf-gcc: '-V' option must have argument
configure:6426: $? = 1
configure:6415: powerpc64-ps3-elf-gcc -qversion >&5
powerpc64-ps3-elf-gcc: unrecognized option '-qversion'
powerpc64-ps3-elf-gcc: no input files
configure:6426: $? = 1
configure:6430: checking whether we are using the GNU C compiler
configure:6458: result: yes
configure:6467: checking whether powerpc64-ps3-elf-gcc accepts -g
configure:6528: result: yes
configure:6545: checking for powerpc64-ps3-elf-gcc option to accept ISO C89
configure:6622: result: none needed
configure:6644: checking dependency style of powerpc64-ps3-elf-gcc
configure:6754: result: gcc3
configure:6773: checking for powerpc64-ps3-elf-windres
configure:6803: result: no
configure:6813: checking for windres
configure:6843: result: no
configure:6971: checking for EINA
configure:6978: $PKG_CONFIG --exists --print-errors "eina >= 1.1.0"
configure:6981: $? = 0
configure:6994: $PKG_CONFIG --exists --print-errors "eina >= 1.1.0"
configure:6997: $? = 0
configure:7054: result: yes
configure:7063: checking for EVAS
configure:7070: $PKG_CONFIG --exists --print-errors "evas >= 1.1.0 eet >= 1.5.0"
configure:7073: $? = 0
configure:7086: $PKG_CONFIG --exists --print-errors "evas >= 1.1.0 eet >= 1.5.0"
configure:7089: $? = 0
configure:7146: result: yes
configure:8361: checking for SDL
configure:8368: $PKG_CONFIG --exists --print-errors "sdl"
configure:8371: $? = 0
configure:8384: $PKG_CONFIG --exists --print-errors "sdl"
configure:8387: $? = 0
configure:8424: result: yes
configure:8550: checking for powerpc64-ps3-elf-gcc
configure:8577: result: powerpc64-ps3-elf-gcc
configure:8846: checking for C compiler version
configure:8855: powerpc64-ps3-elf-gcc --version >&5
powerpc64-ps3-elf-gcc (GCC) 4.5.2
Copyright (C) 2010 Free Software Foundation, Inc.
This is free software; see the source for copying conditions.  There is NO
warranty; not even for MERCHANTABILITY or FITNESS FOR A PARTICULAR PURPOSE.

configure:8866: $? = 0
configure:8855: powerpc64-ps3-elf-gcc -v >&5
Using built-in specs.
COLLECT_GCC=powerpc64-ps3-elf-gcc
COLLECT_LTO_WRAPPER=/media/ps3dev/ps3dev/ppu/bin/../libexec/gcc/powerpc64-ps3-elf/4.5.2/lto-wrapper
Target: powerpc64-ps3-elf
Configured with: ../configure --prefix=/media/20GB/usr/local/ps3dev/ppu --target=powerpc64-ps3-elf --disable-dependency-tracking --disable-libstdcxx-pch --disable-multilib --disable-nls --disable-shared --disable-win32-registry --enable-languages=c,c++,objc,obj-c++ --enable-long-double-128 --enable-lto --enable-threads --with-cpu=cell --with-newlib : (reconfigured) ../configure --prefix=/media/20GB/usr/local/ps3dev/ppu --target=powerpc64-ps3-elf --disable-dependency-tracking --disable-libstdcxx-pch --disable-multilib --disable-nls --disable-shared --disable-win32-registry --enable-languages=c,c++,objc,obj-c++ --enable-long-double-128 --enable-lto --enable-threads --with-cpu=cell --with-newlib
Thread model: single
gcc version 4.5.2 (GCC) 
configure:8866: $? = 0
configure:8855: powerpc64-ps3-elf-gcc -V >&5
powerpc64-ps3-elf-gcc: '-V' option must have argument
configure:8866: $? = 1
configure:8855: powerpc64-ps3-elf-gcc -qversion >&5
powerpc64-ps3-elf-gcc: unrecognized option '-qversion'
powerpc64-ps3-elf-gcc: no input files
configure:8866: $? = 1
configure:8870: checking whether we are using the GNU C compiler
configure:8898: result: yes
configure:8907: checking whether powerpc64-ps3-elf-gcc accepts -g
configure:8968: result: yes
configure:8985: checking for powerpc64-ps3-elf-gcc option to accept ISO C89
configure:9062: result: none needed
configure:9084: checking dependency style of powerpc64-ps3-elf-gcc
configure:9194: result: gcc3
configure:9212: checking for ANSI C header files
configure:9232: powerpc64-ps3-elf-gcc -c -g -O3 -O2 -Wall -mcpu=cell -I/media/ps3dev/ps3dev/libpsl1ght/ppu/include -I/media/ps3dev/ps3dev/portlibs/ppu/include -mminimal-toc  -I/media/ps3dev/ps3dev/libpsl1ght/ppu/include -I/media/ps3dev/ps3dev/portlibs/ppu/include conftest.c >&5
configure:9232: $? = 0
./configure: line 9246: -I/media/ps3dev/ps3dev/libpsl1ght/ppu/include: No such file or directory
configure:9316: result: no
configure:9324: checking for an ANSI C-conforming const
configure:9389: powerpc64-ps3-elf-gcc -c -g -O3 -O2 -Wall -mcpu=cell -I/media/ps3dev/ps3dev/libpsl1ght/ppu/include -I/media/ps3dev/ps3dev/portlibs/ppu/include -mminimal-toc  -I/media/ps3dev/ps3dev/libpsl1ght/ppu/include -I/media/ps3dev/ps3dev/portlibs/ppu/include conftest.c >&5
conftest.c: In function 'main':
conftest.c:42:10: warning: 't' is used uninitialized in this function
conftest.c:58:23: warning: 'b' is used uninitialized in this function
configure:9389: $? = 0
configure:9396: result: yes
configure:9405: checking whether powerpc64-ps3-elf-gcc and cc understand -c and -o together
configure:9436: powerpc64-ps3-elf-gcc -c conftest.c -o conftest2.o >&5
configure:9440: $? = 0
configure:9446: powerpc64-ps3-elf-gcc -c conftest.c -o conftest2.o >&5
configure:9450: $? = 0
configure:9461: cc -c conftest.c >&5
configure:9465: $? = 0
configure:9473: cc -c conftest.c -o conftest2.o >&5
configure:9477: $? = 0
configure:9483: cc -c conftest.c -o conftest2.o >&5
configure:9487: $? = 0
configure:9505: result: yes
configure:9532: checking for __attribute__
configure:9557: powerpc64-ps3-elf-gcc -c -g -O3 -O2 -Wall -mcpu=cell -I/media/ps3dev/ps3dev/libpsl1ght/ppu/include -I/media/ps3dev/ps3dev/portlibs/ppu/include -mminimal-toc  -I/media/ps3dev/ps3dev/libpsl1ght/ppu/include -I/media/ps3dev/ps3dev/portlibs/ppu/include conftest.c >&5
configure:9557: $? = 0
configure:9567: result: yes
configure:9614: powerpc64-ps3-elf-g++ -o conftest -I/media/ps3dev/ps3dev/libpsl1ght/ppu/include -I/media/ps3dev/ps3dev/portlibs/ppu/include -fno-rtti -fno-exceptions -I/media/ps3dev/ps3dev/libpsl1ght/ppu/include -I/media/ps3dev/ps3dev/portlibs/ppu/include -L/media/ps3dev/ps3dev/libpsl1ght/ppu/lib -L/media/ps3dev/ps3dev/portlibs/ppu/lib conftest.cpp  >&5
configure:9614: $? = 0
configure:9621: checking whether the compiler supports -fno-rtti -fno-exceptions
configure:9623: result: yes
configure:9653: checking for sync
configure:9653: powerpc64-ps3-elf-gcc -o conftest -g -O3 -O2 -Wall -mcpu=cell -I/media/ps3dev/ps3dev/libpsl1ght/ppu/include -I/media/ps3dev/ps3dev/portlibs/ppu/include -mminimal-toc  -I/media/ps3dev/ps3dev/libpsl1ght/ppu/include -I/media/ps3dev/ps3dev/portlibs/ppu/include -L/media/ps3dev/ps3dev/libpsl1ght/ppu/lib -L/media/ps3dev/ps3dev/portlibs/ppu/lib conftest.c  >&5
/tmp/cc5enAyC.o: In function `main':
/home/wargio/efl/expedite/conftest.c:49: undefined reference to `.sync'
collect2: ld returned 1 exit status
configure:9653: $? = 1
configure: failed program was:
| /* confdefs.h */
| #define PACKAGE_NAME "expedite"
| #define PACKAGE_TARNAME "expedite"
| #define PACKAGE_VERSION "1.1.1"
| #define PACKAGE_STRING "expedite 1.1.1"
| #define PACKAGE_BUGREPORT "enlightenment-devel@lists.sourceforge.net"
| #define PACKAGE_URL ""
| #define PACKAGE "expedite"
| #define VERSION "1.1.1"
| #define HAVE_EVAS_SOFTWARE_SDL 1
| #define HAVE_EVAS_PSL1GHT 1
| #define HAVE___ATTRIBUTE__ 1
| #define __UNUSED__ __attribute__((unused))
| /* end confdefs.h.  */
| /* Define sync to an innocuous variant, in case <limits.h> declares sync.
|    For example, HP-UX 11i <limits.h> declares gettimeofday.  */
| #define sync innocuous_sync
| 
| /* System header to define __stub macros and hopefully few prototypes,
|     which can conflict with char sync (); below.
|     Prefer <limits.h> to <assert.h> if __STDC__ is defined, since
|     <limits.h> exists even on freestanding compilers.  */
| 
| #ifdef __STDC__
| # include <limits.h>
| #else
| # include <assert.h>
| #endif
| 
| #undef sync
| 
| /* Override any GCC internal prototype to avoid an error.
|    Use char because int might match the return type of a GCC
|    builtin and then its argument prototype would still apply.  */
| #ifdef __cplusplus
| extern "C"
| #endif
| char sync ();
| /* The GNU C library defines this for functions which it implements
|     to always fail with ENOSYS.  Some functions are actually named
|     something starting with __ and the normal name is an alias.  */
| #if defined __stub_sync || defined __stub___sync
| choke me
| #endif
| 
| int
| main ()
| {
| return sync ();
|   ;
|   return 0;
| }
configure:9653: result: no
configure:9897: creating ./config.status

## ---------------------- ##
## Running config.status. ##
## ---------------------- ##

This file was extended by expedite config.status 1.1.1, which was
generated by GNU Autoconf 2.67.  Invocation command line was

  CONFIG_FILES    = 
  CONFIG_HEADERS  = 
  CONFIG_LINKS    = 
  CONFIG_COMMANDS = 
  $ ./config.status 

on Linux

config.status:954: creating Makefile
config.status:954: creating src/Makefile
config.status:954: creating src/bin/Makefile
config.status:954: creating data/Makefile
config.status:954: creating config.h
config.status:1134: config.h is unchanged
config.status:1182: executing depfiles commands

## ---------------- ##
## Cache variables. ##
## ---------------- ##

ac_cv___attribute__=yes
ac_cv_build=i686-pc-linux-gnu
ac_cv_c_compiler_gnu=yes
ac_cv_c_const=yes
ac_cv_cxx_compiler_gnu=yes
ac_cv_env_CCC_set=
ac_cv_env_CCC_value=
ac_cv_env_CC_set=set
ac_cv_env_CC_value=powerpc64-ps3-elf-gcc
ac_cv_env_CFLAGS_set=set
ac_cv_env_CFLAGS_value='-g -O3 -O2 -Wall -mcpu=cell -I/media/ps3dev/ps3dev/libpsl1ght/ppu/include -I/media/ps3dev/ps3dev/portlibs/ppu/include -mminimal-toc '
ac_cv_env_CPPFLAGS_set=set
ac_cv_env_CPPFLAGS_value='-I/media/ps3dev/ps3dev/libpsl1ght/ppu/include -I/media/ps3dev/ps3dev/portlibs/ppu/include'
ac_cv_env_CPP_set=
ac_cv_env_CPP_value=
ac_cv_env_CXXFLAGS_set=set
ac_cv_env_CXXFLAGS_value='-I/media/ps3dev/ps3dev/libpsl1ght/ppu/include -I/media/ps3dev/ps3dev/portlibs/ppu/include'
ac_cv_env_CXX_set=
ac_cv_env_CXX_value=
ac_cv_env_DIRECTFB_CFLAGS_set=
ac_cv_env_DIRECTFB_CFLAGS_value=
ac_cv_env_DIRECTFB_LIBS_set=
ac_cv_env_DIRECTFB_LIBS_value=
ac_cv_env_EINA_CFLAGS_set=
ac_cv_env_EINA_CFLAGS_value=
ac_cv_env_EINA_LIBS_set=
ac_cv_env_EINA_LIBS_value=
ac_cv_env_EVAS_CFLAGS_set=
ac_cv_env_EVAS_CFLAGS_value=
ac_cv_env_EVAS_LIBS_set=
ac_cv_env_EVAS_LIBS_value=
ac_cv_env_EVIL_CFLAGS_set=
ac_cv_env_EVIL_CFLAGS_value=
ac_cv_env_EVIL_LIBS_set=
ac_cv_env_EVIL_LIBS_value=
ac_cv_env_LDFLAGS_set=set
ac_cv_env_LDFLAGS_value='-L/media/ps3dev/ps3dev/libpsl1ght/ppu/lib -L/media/ps3dev/ps3dev/portlibs/ppu/lib'
ac_cv_env_LIBS_set=
ac_cv_env_LIBS_value=
ac_cv_env_OBJCFLAGS_set=
ac_cv_env_OBJCFLAGS_value=
ac_cv_env_OBJC_set=
ac_cv_env_OBJC_value=
ac_cv_env_PKG_CONFIG_LIBDIR_set=set
ac_cv_env_PKG_CONFIG_LIBDIR_value=/media/ps3dev/ps3dev/libpsl1ght/ppu/lib/pkgconfig
ac_cv_env_PKG_CONFIG_PATH_set=set
ac_cv_env_PKG_CONFIG_PATH_value=/media/ps3dev/ps3dev/portlibs/ppu/lib/pkgconfig
ac_cv_env_PKG_CONFIG_set=set
ac_cv_env_PKG_CONFIG_value='pkg-config --static'
ac_cv_env_SDL_CFLAGS_set=
ac_cv_env_SDL_CFLAGS_value=
ac_cv_env_SDL_LIBS_set=
ac_cv_env_SDL_LIBS_value=
ac_cv_env_XCB_CFLAGS_set=
ac_cv_env_XCB_CFLAGS_value=
ac_cv_env_XCB_LIBS_set=
ac_cv_env_XCB_LIBS_value=
ac_cv_env_XMKMF_set=
ac_cv_env_XMKMF_value=
ac_cv_env_build_alias_set=
ac_cv_env_build_alias_value=
ac_cv_env_host_alias_set=set
ac_cv_env_host_alias_value=powerpc64-ps3-elf
ac_cv_env_target_alias_set=
ac_cv_env_target_alias_value=
ac_cv_func_sync=no
ac_cv_header_stdc=no
ac_cv_host=powerpc64-ps3-elf
ac_cv_objc_compiler_gnu=yes
ac_cv_objext=o
ac_cv_path_install='/usr/bin/install -c'
ac_cv_path_mkdir=/bin/mkdir
ac_cv_prog_AWK=mawk
ac_cv_prog_CC=powerpc64-ps3-elf-gcc
ac_cv_prog_CXX=powerpc64-ps3-elf-g++
ac_cv_prog_OBJC=powerpc64-ps3-elf-gcc
ac_cv_prog_STRIP=powerpc64-ps3-elf-strip
ac_cv_prog_cc_c89=
ac_cv_prog_cc_g=yes
ac_cv_prog_cc_powerpc64_ps3_elf_gcc_c_o=yes
ac_cv_prog_cxx_g=yes
ac_cv_prog_make_make_set=yes
ac_cv_prog_objc_g=yes
ac_cv_search_strerror='none required'
am_cv_CC_dependencies_compiler_type=gcc3
am_cv_CXX_dependencies_compiler_type=gcc3
am_cv_OBJC_dependencies_compiler_type=gcc3
am_cv_prog_cc_stdc=
pkg_cv_EINA_CFLAGS='-I/media/ps3dev/ps3dev/portlibs/ppu/include/eina-1 -I/media/ps3dev/ps3dev/portlibs/ppu/include/eina-1/eina -I/media/ps3dev/ps3dev/portlibs/ppu/include/escape-0  '
pkg_cv_EINA_LIBS='-L/media/ps3dev/ps3dev/portlibs/ppu/lib -leina -lescape -lm -lnet -lsysmodule -liberty  '
pkg_cv_EVAS_CFLAGS='-I/media/ps3dev/ps3dev/portlibs/ppu/include/evas-1 -I/media/20GB/usr/local/ps3dev/portlibs/ppu/include/libpng14 -I/media/ps3dev/ps3dev/portlibs/ppu/include/eet-1 -I/media/20GB/usr/local/ps3dev/portlibs/ppu/include/SDL -I/media/ps3dev/ps3dev/portlibs/ppu/include -I/media/20GB/usr/local/ps3dev/portlibs/ppu/include/freetype2 -I/media/20GB/usr/local/ps3dev/portlibs/ppu/include -I/media/ps3dev/ps3dev/portlibs/ppu/include/eina-1 -I/media/ps3dev/ps3dev/portlibs/ppu/include/eina-1/eina -I/media/ps3dev/ps3dev/portlibs/ppu/include/escape-0  '
pkg_cv_EVAS_LIBS='-L/media/ps3dev/ps3dev/portlibs/ppu/lib -L/media/20GB/usr/local/ps3dev/portlibs/ppu/lib -levas -lpng14 -lSDL -lgcm_sys -lrsx -lsysutil -lrt -llv2 -lio -laudio -lfontconfig -lexpat -lfreetype -leet -ljpeg -lz -leina -lescape -lm -lnet -lsysmodule -liberty  '
pkg_cv_SDL_CFLAGS='-I/media/20GB/usr/local/ps3dev/portlibs/ppu/include/SDL  '
pkg_cv_SDL_LIBS='-L/media/20GB/usr/local/ps3dev/portlibs/ppu/lib -lSDL -lm -lgcm_sys -lrsx -lsysutil -lrt -llv2 -lio -laudio  '

## ----------------- ##
## Output variables. ##
## ----------------- ##

ACLOCAL='${SHELL} /home/wargio/efl/expedite/missing --run aclocal-1.11'
AMDEPBACKSLASH='\'
AMDEP_FALSE='#'
AMDEP_TRUE=''
AMTAR='${SHELL} /home/wargio/efl/expedite/missing --run tar'
AM_BACKSLASH='\'
AM_DEFAULT_VERBOSITY='0'
AUTOCONF='${SHELL} /home/wargio/efl/expedite/missing --run autoconf'
AUTOHEADER='${SHELL} /home/wargio/efl/expedite/missing --run autoheader'
AUTOMAKE='${SHELL} /home/wargio/efl/expedite/missing --run automake-1.11'
AWK='mawk'
BUILD_DIRECT3D_FALSE=''
BUILD_DIRECT3D_TRUE='#'
BUILD_DIRECTFB_FALSE=''
BUILD_DIRECTFB_TRUE='#'
BUILD_FB_FALSE=''
BUILD_FB_TRUE='#'
BUILD_OPENGL_COCOA_FALSE=''
BUILD_OPENGL_COCOA_TRUE='#'
BUILD_OPENGL_SDL_FALSE=''
BUILD_OPENGL_SDL_TRUE='#'
BUILD_OPENGL_X11_FALSE=''
BUILD_OPENGL_X11_TRUE='#'
BUILD_PSL1GHT_FALSE='#'
BUILD_PSL1GHT_TRUE=''
BUILD_SDL_FALSE='#'
BUILD_SDL_TRUE=''
BUILD_SOFTWARE_16_DDRAW_FALSE=''
BUILD_SOFTWARE_16_DDRAW_TRUE='#'
BUILD_SOFTWARE_16_WINCE_FALSE=''
BUILD_SOFTWARE_16_WINCE_TRUE='#'
BUILD_SOFTWARE_16_X11_FALSE=''
BUILD_SOFTWARE_16_X11_TRUE='#'
BUILD_SOFTWARE_DDRAW_FALSE=''
BUILD_SOFTWARE_DDRAW_TRUE='#'
BUILD_SOFTWARE_GDI_FALSE=''
BUILD_SOFTWARE_GDI_TRUE='#'
BUILD_SOFTWARE_SDL_FALSE='#'
BUILD_SOFTWARE_SDL_TRUE=''
BUILD_SOFTWARE_X11_FALSE=''
BUILD_SOFTWARE_X11_TRUE='#'
BUILD_SOFTWARE_XCB_FALSE=''
BUILD_SOFTWARE_XCB_TRUE='#'
BUILD_SOFTWARE_XLIB_FALSE=''
BUILD_SOFTWARE_XLIB_TRUE='#'
BUILD_X11_FALSE=''
BUILD_X11_TRUE='#'
BUILD_XCB_FALSE=''
BUILD_XCB_TRUE='#'
BUILD_XRENDER_X11_FALSE=''
BUILD_XRENDER_X11_TRUE='#'
BUILD_XRENDER_XCB_FALSE=''
BUILD_XRENDER_XCB_TRUE='#'
CC='powerpc64-ps3-elf-gcc'
CCDEPMODE='depmode=gcc3'
CFLAGS='-g -O3 -O2 -Wall -mcpu=cell -I/media/ps3dev/ps3dev/libpsl1ght/ppu/include -I/media/ps3dev/ps3dev/portlibs/ppu/include -mminimal-toc '
CPP=''
CPPFLAGS='-I/media/ps3dev/ps3dev/libpsl1ght/ppu/include -I/media/ps3dev/ps3dev/portlibs/ppu/include'
CXX='powerpc64-ps3-elf-g++'
CXXDEPMODE='depmode=gcc3'
CXXFLAGS='-I/media/ps3dev/ps3dev/libpsl1ght/ppu/include -I/media/ps3dev/ps3dev/portlibs/ppu/include'
CYGPATH_W='echo'
DEFS='-DHAVE_CONFIG_H'
DEPDIR='.deps'
DIRECTFB_CFLAGS=''
DIRECTFB_LIBS=''
ECHO_C=''
ECHO_N='-n'
ECHO_T=''
EGREP=''
EINA_CFLAGS='-I/media/ps3dev/ps3dev/portlibs/ppu/include/eina-1 -I/media/ps3dev/ps3dev/portlibs/ppu/include/eina-1/eina -I/media/ps3dev/ps3dev/portlibs/ppu/include/escape-0  '
EINA_LIBS='-L/media/ps3dev/ps3dev/portlibs/ppu/lib -leina -lescape -lm -lnet -lsysmodule -liberty  '
EVAS_CFLAGS='-I/media/ps3dev/ps3dev/portlibs/ppu/include/evas-1 -I/media/20GB/usr/local/ps3dev/portlibs/ppu/include/libpng14 -I/media/ps3dev/ps3dev/portlibs/ppu/include/eet-1 -I/media/20GB/usr/local/ps3dev/portlibs/ppu/include/SDL -I/media/ps3dev/ps3dev/portlibs/ppu/include -I/media/20GB/usr/local/ps3dev/portlibs/ppu/include/freetype2 -I/media/20GB/usr/local/ps3dev/portlibs/ppu/include -I/media/ps3dev/ps3dev/portlibs/ppu/include/eina-1 -I/media/ps3dev/ps3dev/portlibs/ppu/include/eina-1/eina -I/media/ps3dev/ps3dev/portlibs/ppu/include/escape-0  '
EVAS_LIBS='-L/media/ps3dev/ps3dev/portlibs/ppu/lib -L/media/20GB/usr/local/ps3dev/portlibs/ppu/lib -levas -lpng14 -lSDL -lgcm_sys -lrsx -lsysutil -lrt -llv2 -lio -laudio -lfontconfig -lexpat -lfreetype -leet -ljpeg -lz -leina -lescape -lm -lnet -lsysmodule -liberty  '
EVIL_CFLAGS=''
EVIL_LIBS=''
EXEEXT=''
EXPEDITE_CXXFLAGS='-fno-rtti -fno-exceptions'
GREP=''
INSTALL_DATA='${INSTALL} -m 644'
INSTALL_PROGRAM='${INSTALL}'
INSTALL_SCRIPT='${INSTALL}'
INSTALL_STRIP_PROGRAM='$(install_sh) -c -s'
LDFLAGS='-L/media/ps3dev/ps3dev/libpsl1ght/ppu/lib -L/media/ps3dev/ps3dev/portlibs/ppu/lib'
LIBOBJS=''
LIBS=''
LTLIBOBJS=''
MAKEINFO='${SHELL} /home/wargio/efl/expedite/missing --run makeinfo'
MKDIR_P='/bin/mkdir -p'
OBJC='powerpc64-ps3-elf-gcc'
OBJCDEPMODE='depmode=gcc3'
OBJCFLAGS='-g -O2'
OBJEXT='o'
PACKAGE='expedite'
PACKAGE_BUGREPORT='enlightenment-devel@lists.sourceforge.net'
PACKAGE_NAME='expedite'
PACKAGE_STRING='expedite 1.1.1'
PACKAGE_TARNAME='expedite'
PACKAGE_URL=''
PACKAGE_VERSION='1.1.1'
PATH_SEPARATOR=':'
PKG_CONFIG='pkg-config --static'
PKG_CONFIG_LIBDIR='/media/ps3dev/ps3dev/libpsl1ght/ppu/lib/pkgconfig'
PKG_CONFIG_PATH='/media/ps3dev/ps3dev/portlibs/ppu/lib/pkgconfig'
RC=''
SDL_CFLAGS='-I/media/20GB/usr/local/ps3dev/portlibs/ppu/include/SDL  '
SDL_LIBS='-L/media/20GB/usr/local/ps3dev/portlibs/ppu/lib -lSDL -lm -lgcm_sys -lrsx -lsysutil -lrt -llv2 -lio -laudio  '
SET_MAKE=''
SHELL='/bin/bash'
STRIP='powerpc64-ps3-elf-strip'
VERSION='1.1.1'
WIN32_CFLAGS=''
XCB_CFLAGS=''
XCB_LIBS=''
XMKMF=''
X_CFLAGS=''
X_EXTRA_LIBS=''
X_LIBS=''
X_PRE_LIBS=''
ac_ct_CC=''
ac_ct_CXX=''
ac_ct_OBJC=''
am__EXEEXT_FALSE=''
am__EXEEXT_TRUE='#'
am__fastdepCC_FALSE='#'
am__fastdepCC_TRUE=''
am__fastdepCXX_FALSE='#'
am__fastdepCXX_TRUE=''
am__fastdepOBJC_FALSE='#'
am__fastdepOBJC_TRUE=''
am__include='include'
am__isrc=''
am__leading_dot='.'
am__quote=''
am__tar='${AMTAR} chof - "$$tardir"'
am__untar='${AMTAR} xf -'
bindir='${exec_prefix}/bin'
build='i686-pc-linux-gnu'
build_alias=''
build_cpu='i686'
build_os='linux-gnu'
build_vendor='pc'
d3d_libs=''
datadir='/dev_hdd0/game/EXPEDITE_/USRDIR'
datarootdir='${prefix}/share'
ddraw_16_libs=''
ddraw_libs=''
docdir='${datarootdir}/doc/${PACKAGE_TARNAME}'
dvidir='${docdir}'
exec_prefix='${prefix}'
gdi_libs=''
gl_cocoa_libs=''
host='powerpc64-ps3-elf'
host_alias='powerpc64-ps3-elf'
host_cpu='powerpc64'
host_os='elf'
host_vendor='ps3'
htmldir='${docdir}'
includedir='/media/ps3dev/ps3dev/portlibs/ppu/include'
infodir='${datarootdir}/info'
install_sh='${SHELL} /home/wargio/efl/expedite/install-sh'
libdir='/media/ps3dev/ps3dev/portlibs/ppu/lib'
libexecdir='${exec_prefix}/libexec'
localedir='${datarootdir}/locale'
localstatedir='${prefix}/var'
lt_enable_auto_import=''
mandir='${datarootdir}/man'
mkdir_p='/bin/mkdir -p'
oldincludedir='/usr/include'
pdfdir='${docdir}'
prefix='/media/ps3dev/ps3dev/portlibs/ppu'
program_transform_name='s,x,x,'
psdir='${docdir}'
sbindir='${exec_prefix}/sbin'
sharedstatedir='${prefix}/com'
sysconfdir='${prefix}/etc'
target_alias=''
wince_16_libs=''
x_cflags=''
x_libs=''

## ----------- ##
## confdefs.h. ##
## ----------- ##

/* confdefs.h */
#define PACKAGE_NAME "expedite"
#define PACKAGE_TARNAME "expedite"
#define PACKAGE_VERSION "1.1.1"
#define PACKAGE_STRING "expedite 1.1.1"
#define PACKAGE_BUGREPORT "enlightenment-devel@lists.sourceforge.net"
#define PACKAGE_URL ""
#define PACKAGE "expedite"
#define VERSION "1.1.1"
#define HAVE_EVAS_SOFTWARE_SDL 1
#define HAVE_EVAS_PSL1GHT 1
#define HAVE___ATTRIBUTE__ 1
#define __UNUSED__ __attribute__((unused))

configure: exit 0
